<?xml version="1.0" encoding="UTF-8"?>
<testsuites name="jest tests" tests="64" failures="39" errors="0" time="2.647">
  <testsuite name="PPTX Parse API" errors="0" failures="13" skipped="0" timestamp="2025-05-16T21:29:04" time="0.524" tests="14">
    <testcase classname="PPTX Parse API › POST /api/pptx/parse" name="認証されていない場合はエラーを返す" time="0.004">
      <failure>ReferenceError: FormData is not defined
    at Object.&lt;anonymous&gt; (/Users/yusuketsunoda/Documents/cursor/ppttranslatorapp/worktrees/feature-test-coverage-improvement/tests/api/pptx-parse.test.ts:131:24)
    at Promise.then.completed (/Users/yusuketsunoda/Documents/cursor/ppttranslatorapp/worktrees/feature-test-coverage-improvement/node_modules/jest-circus/build/utils.js:298:28)
    at new Promise (&lt;anonymous&gt;)
    at callAsyncCircusFn (/Users/yusuketsunoda/Documents/cursor/ppttranslatorapp/worktrees/feature-test-coverage-improvement/node_modules/jest-circus/build/utils.js:231:10)
    at _callCircusTest (/Users/yusuketsunoda/Documents/cursor/ppttranslatorapp/worktrees/feature-test-coverage-improvement/node_modules/jest-circus/build/run.js:316:40)
    at processTicksAndRejections (node:internal/process/task_queues:105:5)
    at _runTest (/Users/yusuketsunoda/Documents/cursor/ppttranslatorapp/worktrees/feature-test-coverage-improvement/node_modules/jest-circus/build/run.js:252:3)
    at _runTestsForDescribeBlock (/Users/yusuketsunoda/Documents/cursor/ppttranslatorapp/worktrees/feature-test-coverage-improvement/node_modules/jest-circus/build/run.js:126:9)
    at _runTestsForDescribeBlock (/Users/yusuketsunoda/Documents/cursor/ppttranslatorapp/worktrees/feature-test-coverage-improvement/node_modules/jest-circus/build/run.js:121:9)
    at _runTestsForDescribeBlock (/Users/yusuketsunoda/Documents/cursor/ppttranslatorapp/worktrees/feature-test-coverage-improvement/node_modules/jest-circus/build/run.js:121:9)
    at run (/Users/yusuketsunoda/Documents/cursor/ppttranslatorapp/worktrees/feature-test-coverage-improvement/node_modules/jest-circus/build/run.js:71:3)
    at runAndTransformResultsToJestFormat (/Users/yusuketsunoda/Documents/cursor/ppttranslatorapp/worktrees/feature-test-coverage-improvement/node_modules/jest-circus/build/legacy-code-todo-rewrite/jestAdapterInit.js:122:21)
    at jestAdapter (/Users/yusuketsunoda/Documents/cursor/ppttranslatorapp/worktrees/feature-test-coverage-improvement/node_modules/jest-circus/build/legacy-code-todo-rewrite/jestAdapter.js:79:19)
    at runTestInternal (/Users/yusuketsunoda/Documents/cursor/ppttranslatorapp/worktrees/feature-test-coverage-improvement/node_modules/jest-runner/build/runTest.js:367:16)
    at runTest (/Users/yusuketsunoda/Documents/cursor/ppttranslatorapp/worktrees/feature-test-coverage-improvement/node_modules/jest-runner/build/runTest.js:444:34)
    at Object.worker (/Users/yusuketsunoda/Documents/cursor/ppttranslatorapp/worktrees/feature-test-coverage-improvement/node_modules/jest-runner/build/testWorker.js:106:12)</failure>
    </testcase>
    <testcase classname="PPTX Parse API › POST /api/pptx/parse" name="ファイルサイズが制限を超える場合はエラーを返す" time="0.004">
      <failure>ReferenceError: FormData is not defined
    at Object.&lt;anonymous&gt; (/Users/yusuketsunoda/Documents/cursor/ppttranslatorapp/worktrees/feature-test-coverage-improvement/tests/api/pptx-parse.test.ts:152:24)
    at Promise.then.completed (/Users/yusuketsunoda/Documents/cursor/ppttranslatorapp/worktrees/feature-test-coverage-improvement/node_modules/jest-circus/build/utils.js:298:28)
    at new Promise (&lt;anonymous&gt;)
    at callAsyncCircusFn (/Users/yusuketsunoda/Documents/cursor/ppttranslatorapp/worktrees/feature-test-coverage-improvement/node_modules/jest-circus/build/utils.js:231:10)
    at _callCircusTest (/Users/yusuketsunoda/Documents/cursor/ppttranslatorapp/worktrees/feature-test-coverage-improvement/node_modules/jest-circus/build/run.js:316:40)
    at processTicksAndRejections (node:internal/process/task_queues:105:5)
    at _runTest (/Users/yusuketsunoda/Documents/cursor/ppttranslatorapp/worktrees/feature-test-coverage-improvement/node_modules/jest-circus/build/run.js:252:3)
    at _runTestsForDescribeBlock (/Users/yusuketsunoda/Documents/cursor/ppttranslatorapp/worktrees/feature-test-coverage-improvement/node_modules/jest-circus/build/run.js:126:9)
    at _runTestsForDescribeBlock (/Users/yusuketsunoda/Documents/cursor/ppttranslatorapp/worktrees/feature-test-coverage-improvement/node_modules/jest-circus/build/run.js:121:9)
    at _runTestsForDescribeBlock (/Users/yusuketsunoda/Documents/cursor/ppttranslatorapp/worktrees/feature-test-coverage-improvement/node_modules/jest-circus/build/run.js:121:9)
    at run (/Users/yusuketsunoda/Documents/cursor/ppttranslatorapp/worktrees/feature-test-coverage-improvement/node_modules/jest-circus/build/run.js:71:3)
    at runAndTransformResultsToJestFormat (/Users/yusuketsunoda/Documents/cursor/ppttranslatorapp/worktrees/feature-test-coverage-improvement/node_modules/jest-circus/build/legacy-code-todo-rewrite/jestAdapterInit.js:122:21)
    at jestAdapter (/Users/yusuketsunoda/Documents/cursor/ppttranslatorapp/worktrees/feature-test-coverage-improvement/node_modules/jest-circus/build/legacy-code-todo-rewrite/jestAdapter.js:79:19)
    at runTestInternal (/Users/yusuketsunoda/Documents/cursor/ppttranslatorapp/worktrees/feature-test-coverage-improvement/node_modules/jest-runner/build/runTest.js:367:16)
    at runTest (/Users/yusuketsunoda/Documents/cursor/ppttranslatorapp/worktrees/feature-test-coverage-improvement/node_modules/jest-runner/build/runTest.js:444:34)
    at Object.worker (/Users/yusuketsunoda/Documents/cursor/ppttranslatorapp/worktrees/feature-test-coverage-improvement/node_modules/jest-runner/build/testWorker.js:106:12)</failure>
    </testcase>
    <testcase classname="PPTX Parse API › POST /api/pptx/parse" name="一時ファイル作成に失敗した場合はエラーを返す" time="0">
      <failure>ReferenceError: FormData is not defined
    at Object.&lt;anonymous&gt; (/Users/yusuketsunoda/Documents/cursor/ppttranslatorapp/worktrees/feature-test-coverage-improvement/tests/api/pptx-parse.test.ts:171:24)
    at Promise.then.completed (/Users/yusuketsunoda/Documents/cursor/ppttranslatorapp/worktrees/feature-test-coverage-improvement/node_modules/jest-circus/build/utils.js:298:28)
    at new Promise (&lt;anonymous&gt;)
    at callAsyncCircusFn (/Users/yusuketsunoda/Documents/cursor/ppttranslatorapp/worktrees/feature-test-coverage-improvement/node_modules/jest-circus/build/utils.js:231:10)
    at _callCircusTest (/Users/yusuketsunoda/Documents/cursor/ppttranslatorapp/worktrees/feature-test-coverage-improvement/node_modules/jest-circus/build/run.js:316:40)
    at processTicksAndRejections (node:internal/process/task_queues:105:5)
    at _runTest (/Users/yusuketsunoda/Documents/cursor/ppttranslatorapp/worktrees/feature-test-coverage-improvement/node_modules/jest-circus/build/run.js:252:3)
    at _runTestsForDescribeBlock (/Users/yusuketsunoda/Documents/cursor/ppttranslatorapp/worktrees/feature-test-coverage-improvement/node_modules/jest-circus/build/run.js:126:9)
    at _runTestsForDescribeBlock (/Users/yusuketsunoda/Documents/cursor/ppttranslatorapp/worktrees/feature-test-coverage-improvement/node_modules/jest-circus/build/run.js:121:9)
    at _runTestsForDescribeBlock (/Users/yusuketsunoda/Documents/cursor/ppttranslatorapp/worktrees/feature-test-coverage-improvement/node_modules/jest-circus/build/run.js:121:9)
    at run (/Users/yusuketsunoda/Documents/cursor/ppttranslatorapp/worktrees/feature-test-coverage-improvement/node_modules/jest-circus/build/run.js:71:3)
    at runAndTransformResultsToJestFormat (/Users/yusuketsunoda/Documents/cursor/ppttranslatorapp/worktrees/feature-test-coverage-improvement/node_modules/jest-circus/build/legacy-code-todo-rewrite/jestAdapterInit.js:122:21)
    at jestAdapter (/Users/yusuketsunoda/Documents/cursor/ppttranslatorapp/worktrees/feature-test-coverage-improvement/node_modules/jest-circus/build/legacy-code-todo-rewrite/jestAdapter.js:79:19)
    at runTestInternal (/Users/yusuketsunoda/Documents/cursor/ppttranslatorapp/worktrees/feature-test-coverage-improvement/node_modules/jest-runner/build/runTest.js:367:16)
    at runTest (/Users/yusuketsunoda/Documents/cursor/ppttranslatorapp/worktrees/feature-test-coverage-improvement/node_modules/jest-runner/build/runTest.js:444:34)
    at Object.worker (/Users/yusuketsunoda/Documents/cursor/ppttranslatorapp/worktrees/feature-test-coverage-improvement/node_modules/jest-runner/build/testWorker.js:106:12)</failure>
    </testcase>
    <testcase classname="PPTX Parse API › POST /api/pptx/parse" name="パース処理に失敗した場合はエラーを返す" time="0">
      <failure>ReferenceError: FormData is not defined
    at Object.&lt;anonymous&gt; (/Users/yusuketsunoda/Documents/cursor/ppttranslatorapp/worktrees/feature-test-coverage-improvement/tests/api/pptx-parse.test.ts:193:24)
    at Promise.then.completed (/Users/yusuketsunoda/Documents/cursor/ppttranslatorapp/worktrees/feature-test-coverage-improvement/node_modules/jest-circus/build/utils.js:298:28)
    at new Promise (&lt;anonymous&gt;)
    at callAsyncCircusFn (/Users/yusuketsunoda/Documents/cursor/ppttranslatorapp/worktrees/feature-test-coverage-improvement/node_modules/jest-circus/build/utils.js:231:10)
    at _callCircusTest (/Users/yusuketsunoda/Documents/cursor/ppttranslatorapp/worktrees/feature-test-coverage-improvement/node_modules/jest-circus/build/run.js:316:40)
    at processTicksAndRejections (node:internal/process/task_queues:105:5)
    at _runTest (/Users/yusuketsunoda/Documents/cursor/ppttranslatorapp/worktrees/feature-test-coverage-improvement/node_modules/jest-circus/build/run.js:252:3)
    at _runTestsForDescribeBlock (/Users/yusuketsunoda/Documents/cursor/ppttranslatorapp/worktrees/feature-test-coverage-improvement/node_modules/jest-circus/build/run.js:126:9)
    at _runTestsForDescribeBlock (/Users/yusuketsunoda/Documents/cursor/ppttranslatorapp/worktrees/feature-test-coverage-improvement/node_modules/jest-circus/build/run.js:121:9)
    at _runTestsForDescribeBlock (/Users/yusuketsunoda/Documents/cursor/ppttranslatorapp/worktrees/feature-test-coverage-improvement/node_modules/jest-circus/build/run.js:121:9)
    at run (/Users/yusuketsunoda/Documents/cursor/ppttranslatorapp/worktrees/feature-test-coverage-improvement/node_modules/jest-circus/build/run.js:71:3)
    at runAndTransformResultsToJestFormat (/Users/yusuketsunoda/Documents/cursor/ppttranslatorapp/worktrees/feature-test-coverage-improvement/node_modules/jest-circus/build/legacy-code-todo-rewrite/jestAdapterInit.js:122:21)
    at jestAdapter (/Users/yusuketsunoda/Documents/cursor/ppttranslatorapp/worktrees/feature-test-coverage-improvement/node_modules/jest-circus/build/legacy-code-todo-rewrite/jestAdapter.js:79:19)
    at runTestInternal (/Users/yusuketsunoda/Documents/cursor/ppttranslatorapp/worktrees/feature-test-coverage-improvement/node_modules/jest-runner/build/runTest.js:367:16)
    at runTest (/Users/yusuketsunoda/Documents/cursor/ppttranslatorapp/worktrees/feature-test-coverage-improvement/node_modules/jest-runner/build/runTest.js:444:34)
    at Object.worker (/Users/yusuketsunoda/Documents/cursor/ppttranslatorapp/worktrees/feature-test-coverage-improvement/node_modules/jest-runner/build/testWorker.js:106:12)</failure>
    </testcase>
    <testcase classname="PPTX Parse API › POST /api/pptx/parse" name="一時ファイルが正しくクリーンアップされる" time="0.001">
      <failure>ReferenceError: FormData is not defined
    at Object.&lt;anonymous&gt; (/Users/yusuketsunoda/Documents/cursor/ppttranslatorapp/worktrees/feature-test-coverage-improvement/tests/api/pptx-parse.test.ts:215:24)
    at Promise.then.completed (/Users/yusuketsunoda/Documents/cursor/ppttranslatorapp/worktrees/feature-test-coverage-improvement/node_modules/jest-circus/build/utils.js:298:28)
    at new Promise (&lt;anonymous&gt;)
    at callAsyncCircusFn (/Users/yusuketsunoda/Documents/cursor/ppttranslatorapp/worktrees/feature-test-coverage-improvement/node_modules/jest-circus/build/utils.js:231:10)
    at _callCircusTest (/Users/yusuketsunoda/Documents/cursor/ppttranslatorapp/worktrees/feature-test-coverage-improvement/node_modules/jest-circus/build/run.js:316:40)
    at processTicksAndRejections (node:internal/process/task_queues:105:5)
    at _runTest (/Users/yusuketsunoda/Documents/cursor/ppttranslatorapp/worktrees/feature-test-coverage-improvement/node_modules/jest-circus/build/run.js:252:3)
    at _runTestsForDescribeBlock (/Users/yusuketsunoda/Documents/cursor/ppttranslatorapp/worktrees/feature-test-coverage-improvement/node_modules/jest-circus/build/run.js:126:9)
    at _runTestsForDescribeBlock (/Users/yusuketsunoda/Documents/cursor/ppttranslatorapp/worktrees/feature-test-coverage-improvement/node_modules/jest-circus/build/run.js:121:9)
    at _runTestsForDescribeBlock (/Users/yusuketsunoda/Documents/cursor/ppttranslatorapp/worktrees/feature-test-coverage-improvement/node_modules/jest-circus/build/run.js:121:9)
    at run (/Users/yusuketsunoda/Documents/cursor/ppttranslatorapp/worktrees/feature-test-coverage-improvement/node_modules/jest-circus/build/run.js:71:3)
    at runAndTransformResultsToJestFormat (/Users/yusuketsunoda/Documents/cursor/ppttranslatorapp/worktrees/feature-test-coverage-improvement/node_modules/jest-circus/build/legacy-code-todo-rewrite/jestAdapterInit.js:122:21)
    at jestAdapter (/Users/yusuketsunoda/Documents/cursor/ppttranslatorapp/worktrees/feature-test-coverage-improvement/node_modules/jest-circus/build/legacy-code-todo-rewrite/jestAdapter.js:79:19)
    at runTestInternal (/Users/yusuketsunoda/Documents/cursor/ppttranslatorapp/worktrees/feature-test-coverage-improvement/node_modules/jest-runner/build/runTest.js:367:16)
    at runTest (/Users/yusuketsunoda/Documents/cursor/ppttranslatorapp/worktrees/feature-test-coverage-improvement/node_modules/jest-runner/build/runTest.js:444:34)
    at Object.worker (/Users/yusuketsunoda/Documents/cursor/ppttranslatorapp/worktrees/feature-test-coverage-improvement/node_modules/jest-runner/build/testWorker.js:106:12)</failure>
    </testcase>
    <testcase classname="PPTX Parse API › POST /api/pptx/parse" name="有効なPPTXファイルをパースする" time="0">
      <failure>ReferenceError: FormData is not defined
    at Object.&lt;anonymous&gt; (/Users/yusuketsunoda/Documents/cursor/ppttranslatorapp/worktrees/feature-test-coverage-improvement/tests/api/pptx-parse.test.ts:235:24)
    at Promise.then.completed (/Users/yusuketsunoda/Documents/cursor/ppttranslatorapp/worktrees/feature-test-coverage-improvement/node_modules/jest-circus/build/utils.js:298:28)
    at new Promise (&lt;anonymous&gt;)
    at callAsyncCircusFn (/Users/yusuketsunoda/Documents/cursor/ppttranslatorapp/worktrees/feature-test-coverage-improvement/node_modules/jest-circus/build/utils.js:231:10)
    at _callCircusTest (/Users/yusuketsunoda/Documents/cursor/ppttranslatorapp/worktrees/feature-test-coverage-improvement/node_modules/jest-circus/build/run.js:316:40)
    at processTicksAndRejections (node:internal/process/task_queues:105:5)
    at _runTest (/Users/yusuketsunoda/Documents/cursor/ppttranslatorapp/worktrees/feature-test-coverage-improvement/node_modules/jest-circus/build/run.js:252:3)
    at _runTestsForDescribeBlock (/Users/yusuketsunoda/Documents/cursor/ppttranslatorapp/worktrees/feature-test-coverage-improvement/node_modules/jest-circus/build/run.js:126:9)
    at _runTestsForDescribeBlock (/Users/yusuketsunoda/Documents/cursor/ppttranslatorapp/worktrees/feature-test-coverage-improvement/node_modules/jest-circus/build/run.js:121:9)
    at _runTestsForDescribeBlock (/Users/yusuketsunoda/Documents/cursor/ppttranslatorapp/worktrees/feature-test-coverage-improvement/node_modules/jest-circus/build/run.js:121:9)
    at run (/Users/yusuketsunoda/Documents/cursor/ppttranslatorapp/worktrees/feature-test-coverage-improvement/node_modules/jest-circus/build/run.js:71:3)
    at runAndTransformResultsToJestFormat (/Users/yusuketsunoda/Documents/cursor/ppttranslatorapp/worktrees/feature-test-coverage-improvement/node_modules/jest-circus/build/legacy-code-todo-rewrite/jestAdapterInit.js:122:21)
    at jestAdapter (/Users/yusuketsunoda/Documents/cursor/ppttranslatorapp/worktrees/feature-test-coverage-improvement/node_modules/jest-circus/build/legacy-code-todo-rewrite/jestAdapter.js:79:19)
    at runTestInternal (/Users/yusuketsunoda/Documents/cursor/ppttranslatorapp/worktrees/feature-test-coverage-improvement/node_modules/jest-runner/build/runTest.js:367:16)
    at runTest (/Users/yusuketsunoda/Documents/cursor/ppttranslatorapp/worktrees/feature-test-coverage-improvement/node_modules/jest-runner/build/runTest.js:444:34)
    at Object.worker (/Users/yusuketsunoda/Documents/cursor/ppttranslatorapp/worktrees/feature-test-coverage-improvement/node_modules/jest-runner/build/testWorker.js:106:12)</failure>
    </testcase>
    <testcase classname="PPTX Parse API › POST /api/pptx/parse" name="ファイルが指定されていない場合はエラーを返す" time="0">
      <failure>ReferenceError: FormData is not defined
    at Object.&lt;anonymous&gt; (/Users/yusuketsunoda/Documents/cursor/ppttranslatorapp/worktrees/feature-test-coverage-improvement/tests/api/pptx-parse.test.ts:262:24)
    at Promise.then.completed (/Users/yusuketsunoda/Documents/cursor/ppttranslatorapp/worktrees/feature-test-coverage-improvement/node_modules/jest-circus/build/utils.js:298:28)
    at new Promise (&lt;anonymous&gt;)
    at callAsyncCircusFn (/Users/yusuketsunoda/Documents/cursor/ppttranslatorapp/worktrees/feature-test-coverage-improvement/node_modules/jest-circus/build/utils.js:231:10)
    at _callCircusTest (/Users/yusuketsunoda/Documents/cursor/ppttranslatorapp/worktrees/feature-test-coverage-improvement/node_modules/jest-circus/build/run.js:316:40)
    at processTicksAndRejections (node:internal/process/task_queues:105:5)
    at _runTest (/Users/yusuketsunoda/Documents/cursor/ppttranslatorapp/worktrees/feature-test-coverage-improvement/node_modules/jest-circus/build/run.js:252:3)
    at _runTestsForDescribeBlock (/Users/yusuketsunoda/Documents/cursor/ppttranslatorapp/worktrees/feature-test-coverage-improvement/node_modules/jest-circus/build/run.js:126:9)
    at _runTestsForDescribeBlock (/Users/yusuketsunoda/Documents/cursor/ppttranslatorapp/worktrees/feature-test-coverage-improvement/node_modules/jest-circus/build/run.js:121:9)
    at _runTestsForDescribeBlock (/Users/yusuketsunoda/Documents/cursor/ppttranslatorapp/worktrees/feature-test-coverage-improvement/node_modules/jest-circus/build/run.js:121:9)
    at run (/Users/yusuketsunoda/Documents/cursor/ppttranslatorapp/worktrees/feature-test-coverage-improvement/node_modules/jest-circus/build/run.js:71:3)
    at runAndTransformResultsToJestFormat (/Users/yusuketsunoda/Documents/cursor/ppttranslatorapp/worktrees/feature-test-coverage-improvement/node_modules/jest-circus/build/legacy-code-todo-rewrite/jestAdapterInit.js:122:21)
    at jestAdapter (/Users/yusuketsunoda/Documents/cursor/ppttranslatorapp/worktrees/feature-test-coverage-improvement/node_modules/jest-circus/build/legacy-code-todo-rewrite/jestAdapter.js:79:19)
    at runTestInternal (/Users/yusuketsunoda/Documents/cursor/ppttranslatorapp/worktrees/feature-test-coverage-improvement/node_modules/jest-runner/build/runTest.js:367:16)
    at runTest (/Users/yusuketsunoda/Documents/cursor/ppttranslatorapp/worktrees/feature-test-coverage-improvement/node_modules/jest-runner/build/runTest.js:444:34)
    at Object.worker (/Users/yusuketsunoda/Documents/cursor/ppttranslatorapp/worktrees/feature-test-coverage-improvement/node_modules/jest-runner/build/testWorker.js:106:12)</failure>
    </testcase>
    <testcase classname="PPTX Parse API › POST /api/pptx/parse" name="無効なファイルタイプの場合はエラーを返す" time="0">
      <failure>ReferenceError: FormData is not defined
    at Object.&lt;anonymous&gt; (/Users/yusuketsunoda/Documents/cursor/ppttranslatorapp/worktrees/feature-test-coverage-improvement/tests/api/pptx-parse.test.ts:289:24)
    at Promise.then.completed (/Users/yusuketsunoda/Documents/cursor/ppttranslatorapp/worktrees/feature-test-coverage-improvement/node_modules/jest-circus/build/utils.js:298:28)
    at new Promise (&lt;anonymous&gt;)
    at callAsyncCircusFn (/Users/yusuketsunoda/Documents/cursor/ppttranslatorapp/worktrees/feature-test-coverage-improvement/node_modules/jest-circus/build/utils.js:231:10)
    at _callCircusTest (/Users/yusuketsunoda/Documents/cursor/ppttranslatorapp/worktrees/feature-test-coverage-improvement/node_modules/jest-circus/build/run.js:316:40)
    at processTicksAndRejections (node:internal/process/task_queues:105:5)
    at _runTest (/Users/yusuketsunoda/Documents/cursor/ppttranslatorapp/worktrees/feature-test-coverage-improvement/node_modules/jest-circus/build/run.js:252:3)
    at _runTestsForDescribeBlock (/Users/yusuketsunoda/Documents/cursor/ppttranslatorapp/worktrees/feature-test-coverage-improvement/node_modules/jest-circus/build/run.js:126:9)
    at _runTestsForDescribeBlock (/Users/yusuketsunoda/Documents/cursor/ppttranslatorapp/worktrees/feature-test-coverage-improvement/node_modules/jest-circus/build/run.js:121:9)
    at _runTestsForDescribeBlock (/Users/yusuketsunoda/Documents/cursor/ppttranslatorapp/worktrees/feature-test-coverage-improvement/node_modules/jest-circus/build/run.js:121:9)
    at run (/Users/yusuketsunoda/Documents/cursor/ppttranslatorapp/worktrees/feature-test-coverage-improvement/node_modules/jest-circus/build/run.js:71:3)
    at runAndTransformResultsToJestFormat (/Users/yusuketsunoda/Documents/cursor/ppttranslatorapp/worktrees/feature-test-coverage-improvement/node_modules/jest-circus/build/legacy-code-todo-rewrite/jestAdapterInit.js:122:21)
    at jestAdapter (/Users/yusuketsunoda/Documents/cursor/ppttranslatorapp/worktrees/feature-test-coverage-improvement/node_modules/jest-circus/build/legacy-code-todo-rewrite/jestAdapter.js:79:19)
    at runTestInternal (/Users/yusuketsunoda/Documents/cursor/ppttranslatorapp/worktrees/feature-test-coverage-improvement/node_modules/jest-runner/build/runTest.js:367:16)
    at runTest (/Users/yusuketsunoda/Documents/cursor/ppttranslatorapp/worktrees/feature-test-coverage-improvement/node_modules/jest-runner/build/runTest.js:444:34)
    at Object.worker (/Users/yusuketsunoda/Documents/cursor/ppttranslatorapp/worktrees/feature-test-coverage-improvement/node_modules/jest-runner/build/testWorker.js:106:12)</failure>
    </testcase>
    <testcase classname="PPTX Parse API › POST /api/pptx/parse" name="メタデータの詳細な検証を行う" time="0">
      <failure>ReferenceError: FormData is not defined
    at Object.&lt;anonymous&gt; (/Users/yusuketsunoda/Documents/cursor/ppttranslatorapp/worktrees/feature-test-coverage-improvement/tests/api/pptx-parse.test.ts:315:24)
    at Promise.then.completed (/Users/yusuketsunoda/Documents/cursor/ppttranslatorapp/worktrees/feature-test-coverage-improvement/node_modules/jest-circus/build/utils.js:298:28)
    at new Promise (&lt;anonymous&gt;)
    at callAsyncCircusFn (/Users/yusuketsunoda/Documents/cursor/ppttranslatorapp/worktrees/feature-test-coverage-improvement/node_modules/jest-circus/build/utils.js:231:10)
    at _callCircusTest (/Users/yusuketsunoda/Documents/cursor/ppttranslatorapp/worktrees/feature-test-coverage-improvement/node_modules/jest-circus/build/run.js:316:40)
    at processTicksAndRejections (node:internal/process/task_queues:105:5)
    at _runTest (/Users/yusuketsunoda/Documents/cursor/ppttranslatorapp/worktrees/feature-test-coverage-improvement/node_modules/jest-circus/build/run.js:252:3)
    at _runTestsForDescribeBlock (/Users/yusuketsunoda/Documents/cursor/ppttranslatorapp/worktrees/feature-test-coverage-improvement/node_modules/jest-circus/build/run.js:126:9)
    at _runTestsForDescribeBlock (/Users/yusuketsunoda/Documents/cursor/ppttranslatorapp/worktrees/feature-test-coverage-improvement/node_modules/jest-circus/build/run.js:121:9)
    at _runTestsForDescribeBlock (/Users/yusuketsunoda/Documents/cursor/ppttranslatorapp/worktrees/feature-test-coverage-improvement/node_modules/jest-circus/build/run.js:121:9)
    at run (/Users/yusuketsunoda/Documents/cursor/ppttranslatorapp/worktrees/feature-test-coverage-improvement/node_modules/jest-circus/build/run.js:71:3)
    at runAndTransformResultsToJestFormat (/Users/yusuketsunoda/Documents/cursor/ppttranslatorapp/worktrees/feature-test-coverage-improvement/node_modules/jest-circus/build/legacy-code-todo-rewrite/jestAdapterInit.js:122:21)
    at jestAdapter (/Users/yusuketsunoda/Documents/cursor/ppttranslatorapp/worktrees/feature-test-coverage-improvement/node_modules/jest-circus/build/legacy-code-todo-rewrite/jestAdapter.js:79:19)
    at runTestInternal (/Users/yusuketsunoda/Documents/cursor/ppttranslatorapp/worktrees/feature-test-coverage-improvement/node_modules/jest-runner/build/runTest.js:367:16)
    at runTest (/Users/yusuketsunoda/Documents/cursor/ppttranslatorapp/worktrees/feature-test-coverage-improvement/node_modules/jest-runner/build/runTest.js:444:34)
    at Object.worker (/Users/yusuketsunoda/Documents/cursor/ppttranslatorapp/worktrees/feature-test-coverage-improvement/node_modules/jest-runner/build/testWorker.js:106:12)</failure>
    </testcase>
    <testcase classname="PPTX Parse API › POST /api/pptx/parse" name="スライドの構造の詳細な検証を行う" time="0">
      <failure>ReferenceError: FormData is not defined
    at Object.&lt;anonymous&gt; (/Users/yusuketsunoda/Documents/cursor/ppttranslatorapp/worktrees/feature-test-coverage-improvement/tests/api/pptx-parse.test.ts:343:24)
    at Promise.then.completed (/Users/yusuketsunoda/Documents/cursor/ppttranslatorapp/worktrees/feature-test-coverage-improvement/node_modules/jest-circus/build/utils.js:298:28)
    at new Promise (&lt;anonymous&gt;)
    at callAsyncCircusFn (/Users/yusuketsunoda/Documents/cursor/ppttranslatorapp/worktrees/feature-test-coverage-improvement/node_modules/jest-circus/build/utils.js:231:10)
    at _callCircusTest (/Users/yusuketsunoda/Documents/cursor/ppttranslatorapp/worktrees/feature-test-coverage-improvement/node_modules/jest-circus/build/run.js:316:40)
    at processTicksAndRejections (node:internal/process/task_queues:105:5)
    at _runTest (/Users/yusuketsunoda/Documents/cursor/ppttranslatorapp/worktrees/feature-test-coverage-improvement/node_modules/jest-circus/build/run.js:252:3)
    at _runTestsForDescribeBlock (/Users/yusuketsunoda/Documents/cursor/ppttranslatorapp/worktrees/feature-test-coverage-improvement/node_modules/jest-circus/build/run.js:126:9)
    at _runTestsForDescribeBlock (/Users/yusuketsunoda/Documents/cursor/ppttranslatorapp/worktrees/feature-test-coverage-improvement/node_modules/jest-circus/build/run.js:121:9)
    at _runTestsForDescribeBlock (/Users/yusuketsunoda/Documents/cursor/ppttranslatorapp/worktrees/feature-test-coverage-improvement/node_modules/jest-circus/build/run.js:121:9)
    at run (/Users/yusuketsunoda/Documents/cursor/ppttranslatorapp/worktrees/feature-test-coverage-improvement/node_modules/jest-circus/build/run.js:71:3)
    at runAndTransformResultsToJestFormat (/Users/yusuketsunoda/Documents/cursor/ppttranslatorapp/worktrees/feature-test-coverage-improvement/node_modules/jest-circus/build/legacy-code-todo-rewrite/jestAdapterInit.js:122:21)
    at jestAdapter (/Users/yusuketsunoda/Documents/cursor/ppttranslatorapp/worktrees/feature-test-coverage-improvement/node_modules/jest-circus/build/legacy-code-todo-rewrite/jestAdapter.js:79:19)
    at runTestInternal (/Users/yusuketsunoda/Documents/cursor/ppttranslatorapp/worktrees/feature-test-coverage-improvement/node_modules/jest-runner/build/runTest.js:367:16)
    at runTest (/Users/yusuketsunoda/Documents/cursor/ppttranslatorapp/worktrees/feature-test-coverage-improvement/node_modules/jest-runner/build/runTest.js:444:34)
    at Object.worker (/Users/yusuketsunoda/Documents/cursor/ppttranslatorapp/worktrees/feature-test-coverage-improvement/node_modules/jest-runner/build/testWorker.js:106:12)</failure>
    </testcase>
    <testcase classname="PPTX Parse API › POST /api/pptx/parse" name="空のスライドを含むPPTXファイルを処理する" time="0">
      <failure>ReferenceError: FormData is not defined
    at Object.&lt;anonymous&gt; (/Users/yusuketsunoda/Documents/cursor/ppttranslatorapp/worktrees/feature-test-coverage-improvement/tests/api/pptx-parse.test.ts:391:24)
    at Promise.then.completed (/Users/yusuketsunoda/Documents/cursor/ppttranslatorapp/worktrees/feature-test-coverage-improvement/node_modules/jest-circus/build/utils.js:298:28)
    at new Promise (&lt;anonymous&gt;)
    at callAsyncCircusFn (/Users/yusuketsunoda/Documents/cursor/ppttranslatorapp/worktrees/feature-test-coverage-improvement/node_modules/jest-circus/build/utils.js:231:10)
    at _callCircusTest (/Users/yusuketsunoda/Documents/cursor/ppttranslatorapp/worktrees/feature-test-coverage-improvement/node_modules/jest-circus/build/run.js:316:40)
    at processTicksAndRejections (node:internal/process/task_queues:105:5)
    at _runTest (/Users/yusuketsunoda/Documents/cursor/ppttranslatorapp/worktrees/feature-test-coverage-improvement/node_modules/jest-circus/build/run.js:252:3)
    at _runTestsForDescribeBlock (/Users/yusuketsunoda/Documents/cursor/ppttranslatorapp/worktrees/feature-test-coverage-improvement/node_modules/jest-circus/build/run.js:126:9)
    at _runTestsForDescribeBlock (/Users/yusuketsunoda/Documents/cursor/ppttranslatorapp/worktrees/feature-test-coverage-improvement/node_modules/jest-circus/build/run.js:121:9)
    at _runTestsForDescribeBlock (/Users/yusuketsunoda/Documents/cursor/ppttranslatorapp/worktrees/feature-test-coverage-improvement/node_modules/jest-circus/build/run.js:121:9)
    at run (/Users/yusuketsunoda/Documents/cursor/ppttranslatorapp/worktrees/feature-test-coverage-improvement/node_modules/jest-circus/build/run.js:71:3)
    at runAndTransformResultsToJestFormat (/Users/yusuketsunoda/Documents/cursor/ppttranslatorapp/worktrees/feature-test-coverage-improvement/node_modules/jest-circus/build/legacy-code-todo-rewrite/jestAdapterInit.js:122:21)
    at jestAdapter (/Users/yusuketsunoda/Documents/cursor/ppttranslatorapp/worktrees/feature-test-coverage-improvement/node_modules/jest-circus/build/legacy-code-todo-rewrite/jestAdapter.js:79:19)
    at runTestInternal (/Users/yusuketsunoda/Documents/cursor/ppttranslatorapp/worktrees/feature-test-coverage-improvement/node_modules/jest-runner/build/runTest.js:367:16)
    at runTest (/Users/yusuketsunoda/Documents/cursor/ppttranslatorapp/worktrees/feature-test-coverage-improvement/node_modules/jest-runner/build/runTest.js:444:34)
    at Object.worker (/Users/yusuketsunoda/Documents/cursor/ppttranslatorapp/worktrees/feature-test-coverage-improvement/node_modules/jest-runner/build/testWorker.js:106:12)</failure>
    </testcase>
    <testcase classname="PPTX Parse API › POST /api/pptx/parse" name="特殊文字を含むスライドを処理する" time="0">
      <failure>ReferenceError: FormData is not defined
    at Object.&lt;anonymous&gt; (/Users/yusuketsunoda/Documents/cursor/ppttranslatorapp/worktrees/feature-test-coverage-improvement/tests/api/pptx-parse.test.ts:429:24)
    at Promise.then.completed (/Users/yusuketsunoda/Documents/cursor/ppttranslatorapp/worktrees/feature-test-coverage-improvement/node_modules/jest-circus/build/utils.js:298:28)
    at new Promise (&lt;anonymous&gt;)
    at callAsyncCircusFn (/Users/yusuketsunoda/Documents/cursor/ppttranslatorapp/worktrees/feature-test-coverage-improvement/node_modules/jest-circus/build/utils.js:231:10)
    at _callCircusTest (/Users/yusuketsunoda/Documents/cursor/ppttranslatorapp/worktrees/feature-test-coverage-improvement/node_modules/jest-circus/build/run.js:316:40)
    at processTicksAndRejections (node:internal/process/task_queues:105:5)
    at _runTest (/Users/yusuketsunoda/Documents/cursor/ppttranslatorapp/worktrees/feature-test-coverage-improvement/node_modules/jest-circus/build/run.js:252:3)
    at _runTestsForDescribeBlock (/Users/yusuketsunoda/Documents/cursor/ppttranslatorapp/worktrees/feature-test-coverage-improvement/node_modules/jest-circus/build/run.js:126:9)
    at _runTestsForDescribeBlock (/Users/yusuketsunoda/Documents/cursor/ppttranslatorapp/worktrees/feature-test-coverage-improvement/node_modules/jest-circus/build/run.js:121:9)
    at _runTestsForDescribeBlock (/Users/yusuketsunoda/Documents/cursor/ppttranslatorapp/worktrees/feature-test-coverage-improvement/node_modules/jest-circus/build/run.js:121:9)
    at run (/Users/yusuketsunoda/Documents/cursor/ppttranslatorapp/worktrees/feature-test-coverage-improvement/node_modules/jest-circus/build/run.js:71:3)
    at runAndTransformResultsToJestFormat (/Users/yusuketsunoda/Documents/cursor/ppttranslatorapp/worktrees/feature-test-coverage-improvement/node_modules/jest-circus/build/legacy-code-todo-rewrite/jestAdapterInit.js:122:21)
    at jestAdapter (/Users/yusuketsunoda/Documents/cursor/ppttranslatorapp/worktrees/feature-test-coverage-improvement/node_modules/jest-circus/build/legacy-code-todo-rewrite/jestAdapter.js:79:19)
    at runTestInternal (/Users/yusuketsunoda/Documents/cursor/ppttranslatorapp/worktrees/feature-test-coverage-improvement/node_modules/jest-runner/build/runTest.js:367:16)
    at runTest (/Users/yusuketsunoda/Documents/cursor/ppttranslatorapp/worktrees/feature-test-coverage-improvement/node_modules/jest-runner/build/runTest.js:444:34)
    at Object.worker (/Users/yusuketsunoda/Documents/cursor/ppttranslatorapp/worktrees/feature-test-coverage-improvement/node_modules/jest-runner/build/testWorker.js:106:12)</failure>
    </testcase>
    <testcase classname="PPTX Parse API › GET /api/pptx/parse" name="GETリクエストは許可されていない" time="0.001">
      <failure>Error: expect(received).toBe(expected) // Object.is equality

Expected: 405
Received: 200
    at Object.toBe (/Users/yusuketsunoda/Documents/cursor/ppttranslatorapp/worktrees/feature-test-coverage-improvement/tests/api/pptx-parse.test.ts:450:31)
    at processTicksAndRejections (node:internal/process/task_queues:105:5)</failure>
    </testcase>
    <testcase classname="PPTX Parse API › GET /api/pptx/parse" name="ヘルスチェックエンドポイントが正常に応答する" time="0.001">
    </testcase>
  </testsuite>
  <testsuite name="PreviewSection" errors="0" failures="5" skipped="0" timestamp="2025-05-16T21:29:04" time="1.212" tests="5">
    <testcase classname="PreviewSection" name="スライドプレビューを表示する" time="0.009">
      <failure>ReferenceError: document is not defined
    at render (/Users/yusuketsunoda/Documents/cursor/ppttranslatorapp/worktrees/feature-test-coverage-improvement/node_modules/@testing-library/react/dist/pure.js:239:5)
    at Object.&lt;anonymous&gt; (/Users/yusuketsunoda/Documents/cursor/ppttranslatorapp/worktrees/feature-test-coverage-improvement/tests/app/translate/components/PreviewSection.test.tsx:125:11)
    at Promise.then.completed (/Users/yusuketsunoda/Documents/cursor/ppttranslatorapp/worktrees/feature-test-coverage-improvement/node_modules/jest-circus/build/utils.js:298:28)
    at new Promise (&lt;anonymous&gt;)
    at callAsyncCircusFn (/Users/yusuketsunoda/Documents/cursor/ppttranslatorapp/worktrees/feature-test-coverage-improvement/node_modules/jest-circus/build/utils.js:231:10)
    at _callCircusTest (/Users/yusuketsunoda/Documents/cursor/ppttranslatorapp/worktrees/feature-test-coverage-improvement/node_modules/jest-circus/build/run.js:316:40)
    at processTicksAndRejections (node:internal/process/task_queues:105:5)
    at _runTest (/Users/yusuketsunoda/Documents/cursor/ppttranslatorapp/worktrees/feature-test-coverage-improvement/node_modules/jest-circus/build/run.js:252:3)
    at _runTestsForDescribeBlock (/Users/yusuketsunoda/Documents/cursor/ppttranslatorapp/worktrees/feature-test-coverage-improvement/node_modules/jest-circus/build/run.js:126:9)
    at _runTestsForDescribeBlock (/Users/yusuketsunoda/Documents/cursor/ppttranslatorapp/worktrees/feature-test-coverage-improvement/node_modules/jest-circus/build/run.js:121:9)
    at run (/Users/yusuketsunoda/Documents/cursor/ppttranslatorapp/worktrees/feature-test-coverage-improvement/node_modules/jest-circus/build/run.js:71:3)
    at runAndTransformResultsToJestFormat (/Users/yusuketsunoda/Documents/cursor/ppttranslatorapp/worktrees/feature-test-coverage-improvement/node_modules/jest-circus/build/legacy-code-todo-rewrite/jestAdapterInit.js:122:21)
    at jestAdapter (/Users/yusuketsunoda/Documents/cursor/ppttranslatorapp/worktrees/feature-test-coverage-improvement/node_modules/jest-circus/build/legacy-code-todo-rewrite/jestAdapter.js:79:19)
    at runTestInternal (/Users/yusuketsunoda/Documents/cursor/ppttranslatorapp/worktrees/feature-test-coverage-improvement/node_modules/jest-runner/build/runTest.js:367:16)
    at runTest (/Users/yusuketsunoda/Documents/cursor/ppttranslatorapp/worktrees/feature-test-coverage-improvement/node_modules/jest-runner/build/runTest.js:444:34)
    at Object.worker (/Users/yusuketsunoda/Documents/cursor/ppttranslatorapp/worktrees/feature-test-coverage-improvement/node_modules/jest-runner/build/testWorker.js:106:12)</failure>
    </testcase>
    <testcase classname="PreviewSection" name="スライド切り替えボタンが機能する" time="0.001">
      <failure>ReferenceError: document is not defined
    at render (/Users/yusuketsunoda/Documents/cursor/ppttranslatorapp/worktrees/feature-test-coverage-improvement/node_modules/@testing-library/react/dist/pure.js:239:5)
    at Object.&lt;anonymous&gt; (/Users/yusuketsunoda/Documents/cursor/ppttranslatorapp/worktrees/feature-test-coverage-improvement/tests/app/translate/components/PreviewSection.test.tsx:135:11)
    at Promise.then.completed (/Users/yusuketsunoda/Documents/cursor/ppttranslatorapp/worktrees/feature-test-coverage-improvement/node_modules/jest-circus/build/utils.js:298:28)
    at new Promise (&lt;anonymous&gt;)
    at callAsyncCircusFn (/Users/yusuketsunoda/Documents/cursor/ppttranslatorapp/worktrees/feature-test-coverage-improvement/node_modules/jest-circus/build/utils.js:231:10)
    at _callCircusTest (/Users/yusuketsunoda/Documents/cursor/ppttranslatorapp/worktrees/feature-test-coverage-improvement/node_modules/jest-circus/build/run.js:316:40)
    at processTicksAndRejections (node:internal/process/task_queues:105:5)
    at _runTest (/Users/yusuketsunoda/Documents/cursor/ppttranslatorapp/worktrees/feature-test-coverage-improvement/node_modules/jest-circus/build/run.js:252:3)
    at _runTestsForDescribeBlock (/Users/yusuketsunoda/Documents/cursor/ppttranslatorapp/worktrees/feature-test-coverage-improvement/node_modules/jest-circus/build/run.js:126:9)
    at _runTestsForDescribeBlock (/Users/yusuketsunoda/Documents/cursor/ppttranslatorapp/worktrees/feature-test-coverage-improvement/node_modules/jest-circus/build/run.js:121:9)
    at run (/Users/yusuketsunoda/Documents/cursor/ppttranslatorapp/worktrees/feature-test-coverage-improvement/node_modules/jest-circus/build/run.js:71:3)
    at runAndTransformResultsToJestFormat (/Users/yusuketsunoda/Documents/cursor/ppttranslatorapp/worktrees/feature-test-coverage-improvement/node_modules/jest-circus/build/legacy-code-todo-rewrite/jestAdapterInit.js:122:21)
    at jestAdapter (/Users/yusuketsunoda/Documents/cursor/ppttranslatorapp/worktrees/feature-test-coverage-improvement/node_modules/jest-circus/build/legacy-code-todo-rewrite/jestAdapter.js:79:19)
    at runTestInternal (/Users/yusuketsunoda/Documents/cursor/ppttranslatorapp/worktrees/feature-test-coverage-improvement/node_modules/jest-runner/build/runTest.js:367:16)
    at runTest (/Users/yusuketsunoda/Documents/cursor/ppttranslatorapp/worktrees/feature-test-coverage-improvement/node_modules/jest-runner/build/runTest.js:444:34)
    at Object.worker (/Users/yusuketsunoda/Documents/cursor/ppttranslatorapp/worktrees/feature-test-coverage-improvement/node_modules/jest-runner/build/testWorker.js:106:12)</failure>
    </testcase>
    <testcase classname="PreviewSection" name="最初のスライドで前へボタンが無効化される" time="0">
      <failure>ReferenceError: document is not defined
    at render (/Users/yusuketsunoda/Documents/cursor/ppttranslatorapp/worktrees/feature-test-coverage-improvement/node_modules/@testing-library/react/dist/pure.js:239:5)
    at Object.&lt;anonymous&gt; (/Users/yusuketsunoda/Documents/cursor/ppttranslatorapp/worktrees/feature-test-coverage-improvement/tests/app/translate/components/PreviewSection.test.tsx:144:11)
    at Promise.then.completed (/Users/yusuketsunoda/Documents/cursor/ppttranslatorapp/worktrees/feature-test-coverage-improvement/node_modules/jest-circus/build/utils.js:298:28)
    at new Promise (&lt;anonymous&gt;)
    at callAsyncCircusFn (/Users/yusuketsunoda/Documents/cursor/ppttranslatorapp/worktrees/feature-test-coverage-improvement/node_modules/jest-circus/build/utils.js:231:10)
    at _callCircusTest (/Users/yusuketsunoda/Documents/cursor/ppttranslatorapp/worktrees/feature-test-coverage-improvement/node_modules/jest-circus/build/run.js:316:40)
    at processTicksAndRejections (node:internal/process/task_queues:105:5)
    at _runTest (/Users/yusuketsunoda/Documents/cursor/ppttranslatorapp/worktrees/feature-test-coverage-improvement/node_modules/jest-circus/build/run.js:252:3)
    at _runTestsForDescribeBlock (/Users/yusuketsunoda/Documents/cursor/ppttranslatorapp/worktrees/feature-test-coverage-improvement/node_modules/jest-circus/build/run.js:126:9)
    at _runTestsForDescribeBlock (/Users/yusuketsunoda/Documents/cursor/ppttranslatorapp/worktrees/feature-test-coverage-improvement/node_modules/jest-circus/build/run.js:121:9)
    at run (/Users/yusuketsunoda/Documents/cursor/ppttranslatorapp/worktrees/feature-test-coverage-improvement/node_modules/jest-circus/build/run.js:71:3)
    at runAndTransformResultsToJestFormat (/Users/yusuketsunoda/Documents/cursor/ppttranslatorapp/worktrees/feature-test-coverage-improvement/node_modules/jest-circus/build/legacy-code-todo-rewrite/jestAdapterInit.js:122:21)
    at jestAdapter (/Users/yusuketsunoda/Documents/cursor/ppttranslatorapp/worktrees/feature-test-coverage-improvement/node_modules/jest-circus/build/legacy-code-todo-rewrite/jestAdapter.js:79:19)
    at runTestInternal (/Users/yusuketsunoda/Documents/cursor/ppttranslatorapp/worktrees/feature-test-coverage-improvement/node_modules/jest-runner/build/runTest.js:367:16)
    at runTest (/Users/yusuketsunoda/Documents/cursor/ppttranslatorapp/worktrees/feature-test-coverage-improvement/node_modules/jest-runner/build/runTest.js:444:34)
    at Object.worker (/Users/yusuketsunoda/Documents/cursor/ppttranslatorapp/worktrees/feature-test-coverage-improvement/node_modules/jest-runner/build/testWorker.js:106:12)</failure>
    </testcase>
    <testcase classname="PreviewSection" name="最後のスライドで次へボタンが無効化される" time="0">
      <failure>ReferenceError: document is not defined
    at render (/Users/yusuketsunoda/Documents/cursor/ppttranslatorapp/worktrees/feature-test-coverage-improvement/node_modules/@testing-library/react/dist/pure.js:239:5)
    at Object.&lt;anonymous&gt; (/Users/yusuketsunoda/Documents/cursor/ppttranslatorapp/worktrees/feature-test-coverage-improvement/tests/app/translate/components/PreviewSection.test.tsx:151:11)
    at Promise.then.completed (/Users/yusuketsunoda/Documents/cursor/ppttranslatorapp/worktrees/feature-test-coverage-improvement/node_modules/jest-circus/build/utils.js:298:28)
    at new Promise (&lt;anonymous&gt;)
    at callAsyncCircusFn (/Users/yusuketsunoda/Documents/cursor/ppttranslatorapp/worktrees/feature-test-coverage-improvement/node_modules/jest-circus/build/utils.js:231:10)
    at _callCircusTest (/Users/yusuketsunoda/Documents/cursor/ppttranslatorapp/worktrees/feature-test-coverage-improvement/node_modules/jest-circus/build/run.js:316:40)
    at processTicksAndRejections (node:internal/process/task_queues:105:5)
    at _runTest (/Users/yusuketsunoda/Documents/cursor/ppttranslatorapp/worktrees/feature-test-coverage-improvement/node_modules/jest-circus/build/run.js:252:3)
    at _runTestsForDescribeBlock (/Users/yusuketsunoda/Documents/cursor/ppttranslatorapp/worktrees/feature-test-coverage-improvement/node_modules/jest-circus/build/run.js:126:9)
    at _runTestsForDescribeBlock (/Users/yusuketsunoda/Documents/cursor/ppttranslatorapp/worktrees/feature-test-coverage-improvement/node_modules/jest-circus/build/run.js:121:9)
    at run (/Users/yusuketsunoda/Documents/cursor/ppttranslatorapp/worktrees/feature-test-coverage-improvement/node_modules/jest-circus/build/run.js:71:3)
    at runAndTransformResultsToJestFormat (/Users/yusuketsunoda/Documents/cursor/ppttranslatorapp/worktrees/feature-test-coverage-improvement/node_modules/jest-circus/build/legacy-code-todo-rewrite/jestAdapterInit.js:122:21)
    at jestAdapter (/Users/yusuketsunoda/Documents/cursor/ppttranslatorapp/worktrees/feature-test-coverage-improvement/node_modules/jest-circus/build/legacy-code-todo-rewrite/jestAdapter.js:79:19)
    at runTestInternal (/Users/yusuketsunoda/Documents/cursor/ppttranslatorapp/worktrees/feature-test-coverage-improvement/node_modules/jest-runner/build/runTest.js:367:16)
    at runTest (/Users/yusuketsunoda/Documents/cursor/ppttranslatorapp/worktrees/feature-test-coverage-improvement/node_modules/jest-runner/build/runTest.js:444:34)
    at Object.worker (/Users/yusuketsunoda/Documents/cursor/ppttranslatorapp/worktrees/feature-test-coverage-improvement/node_modules/jest-runner/build/testWorker.js:106:12)</failure>
    </testcase>
    <testcase classname="PreviewSection" name="テキスト要素がハイライト表示される" time="0">
      <failure>ReferenceError: document is not defined
    at render (/Users/yusuketsunoda/Documents/cursor/ppttranslatorapp/worktrees/feature-test-coverage-improvement/node_modules/@testing-library/react/dist/pure.js:239:5)
    at Object.&lt;anonymous&gt; (/Users/yusuketsunoda/Documents/cursor/ppttranslatorapp/worktrees/feature-test-coverage-improvement/tests/app/translate/components/PreviewSection.test.tsx:158:11)
    at Promise.then.completed (/Users/yusuketsunoda/Documents/cursor/ppttranslatorapp/worktrees/feature-test-coverage-improvement/node_modules/jest-circus/build/utils.js:298:28)
    at new Promise (&lt;anonymous&gt;)
    at callAsyncCircusFn (/Users/yusuketsunoda/Documents/cursor/ppttranslatorapp/worktrees/feature-test-coverage-improvement/node_modules/jest-circus/build/utils.js:231:10)
    at _callCircusTest (/Users/yusuketsunoda/Documents/cursor/ppttranslatorapp/worktrees/feature-test-coverage-improvement/node_modules/jest-circus/build/run.js:316:40)
    at processTicksAndRejections (node:internal/process/task_queues:105:5)
    at _runTest (/Users/yusuketsunoda/Documents/cursor/ppttranslatorapp/worktrees/feature-test-coverage-improvement/node_modules/jest-circus/build/run.js:252:3)
    at _runTestsForDescribeBlock (/Users/yusuketsunoda/Documents/cursor/ppttranslatorapp/worktrees/feature-test-coverage-improvement/node_modules/jest-circus/build/run.js:126:9)
    at _runTestsForDescribeBlock (/Users/yusuketsunoda/Documents/cursor/ppttranslatorapp/worktrees/feature-test-coverage-improvement/node_modules/jest-circus/build/run.js:121:9)
    at run (/Users/yusuketsunoda/Documents/cursor/ppttranslatorapp/worktrees/feature-test-coverage-improvement/node_modules/jest-circus/build/run.js:71:3)
    at runAndTransformResultsToJestFormat (/Users/yusuketsunoda/Documents/cursor/ppttranslatorapp/worktrees/feature-test-coverage-improvement/node_modules/jest-circus/build/legacy-code-todo-rewrite/jestAdapterInit.js:122:21)
    at jestAdapter (/Users/yusuketsunoda/Documents/cursor/ppttranslatorapp/worktrees/feature-test-coverage-improvement/node_modules/jest-circus/build/legacy-code-todo-rewrite/jestAdapter.js:79:19)
    at runTestInternal (/Users/yusuketsunoda/Documents/cursor/ppttranslatorapp/worktrees/feature-test-coverage-improvement/node_modules/jest-runner/build/runTest.js:367:16)
    at runTest (/Users/yusuketsunoda/Documents/cursor/ppttranslatorapp/worktrees/feature-test-coverage-improvement/node_modules/jest-runner/build/runTest.js:444:34)
    at Object.worker (/Users/yusuketsunoda/Documents/cursor/ppttranslatorapp/worktrees/feature-test-coverage-improvement/node_modules/jest-runner/build/testWorker.js:106:12)</failure>
    </testcase>
  </testsuite>
  <testsuite name="Translation" errors="0" failures="6" skipped="0" timestamp="2025-05-16T21:29:04" time="1.214" tests="6">
    <testcase classname="Translation" name="テキスト項目と翻訳フォームを表示する" time="0.004">
      <failure>ReferenceError: document is not defined
    at render (/Users/yusuketsunoda/Documents/cursor/ppttranslatorapp/worktrees/feature-test-coverage-improvement/node_modules/@testing-library/react/dist/pure.js:239:5)
    at Object.&lt;anonymous&gt; (/Users/yusuketsunoda/Documents/cursor/ppttranslatorapp/worktrees/feature-test-coverage-improvement/tests/app/translate/components/Translation.test.tsx:125:11)
    at Promise.then.completed (/Users/yusuketsunoda/Documents/cursor/ppttranslatorapp/worktrees/feature-test-coverage-improvement/node_modules/jest-circus/build/utils.js:298:28)
    at new Promise (&lt;anonymous&gt;)
    at callAsyncCircusFn (/Users/yusuketsunoda/Documents/cursor/ppttranslatorapp/worktrees/feature-test-coverage-improvement/node_modules/jest-circus/build/utils.js:231:10)
    at _callCircusTest (/Users/yusuketsunoda/Documents/cursor/ppttranslatorapp/worktrees/feature-test-coverage-improvement/node_modules/jest-circus/build/run.js:316:40)
    at processTicksAndRejections (node:internal/process/task_queues:105:5)
    at _runTest (/Users/yusuketsunoda/Documents/cursor/ppttranslatorapp/worktrees/feature-test-coverage-improvement/node_modules/jest-circus/build/run.js:252:3)
    at _runTestsForDescribeBlock (/Users/yusuketsunoda/Documents/cursor/ppttranslatorapp/worktrees/feature-test-coverage-improvement/node_modules/jest-circus/build/run.js:126:9)
    at _runTestsForDescribeBlock (/Users/yusuketsunoda/Documents/cursor/ppttranslatorapp/worktrees/feature-test-coverage-improvement/node_modules/jest-circus/build/run.js:121:9)
    at run (/Users/yusuketsunoda/Documents/cursor/ppttranslatorapp/worktrees/feature-test-coverage-improvement/node_modules/jest-circus/build/run.js:71:3)
    at runAndTransformResultsToJestFormat (/Users/yusuketsunoda/Documents/cursor/ppttranslatorapp/worktrees/feature-test-coverage-improvement/node_modules/jest-circus/build/legacy-code-todo-rewrite/jestAdapterInit.js:122:21)
    at jestAdapter (/Users/yusuketsunoda/Documents/cursor/ppttranslatorapp/worktrees/feature-test-coverage-improvement/node_modules/jest-circus/build/legacy-code-todo-rewrite/jestAdapter.js:79:19)
    at runTestInternal (/Users/yusuketsunoda/Documents/cursor/ppttranslatorapp/worktrees/feature-test-coverage-improvement/node_modules/jest-runner/build/runTest.js:367:16)
    at runTest (/Users/yusuketsunoda/Documents/cursor/ppttranslatorapp/worktrees/feature-test-coverage-improvement/node_modules/jest-runner/build/runTest.js:444:34)
    at Object.worker (/Users/yusuketsunoda/Documents/cursor/ppttranslatorapp/worktrees/feature-test-coverage-improvement/node_modules/jest-runner/build/testWorker.js:106:12)</failure>
    </testcase>
    <testcase classname="Translation" name="翻訳文を編集して保存できる" time="0.001">
      <failure>ReferenceError: document is not defined
    at render (/Users/yusuketsunoda/Documents/cursor/ppttranslatorapp/worktrees/feature-test-coverage-improvement/node_modules/@testing-library/react/dist/pure.js:239:5)
    at Object.&lt;anonymous&gt; (/Users/yusuketsunoda/Documents/cursor/ppttranslatorapp/worktrees/feature-test-coverage-improvement/tests/app/translate/components/Translation.test.tsx:154:11)
    at Promise.then.completed (/Users/yusuketsunoda/Documents/cursor/ppttranslatorapp/worktrees/feature-test-coverage-improvement/node_modules/jest-circus/build/utils.js:298:28)
    at new Promise (&lt;anonymous&gt;)
    at callAsyncCircusFn (/Users/yusuketsunoda/Documents/cursor/ppttranslatorapp/worktrees/feature-test-coverage-improvement/node_modules/jest-circus/build/utils.js:231:10)
    at _callCircusTest (/Users/yusuketsunoda/Documents/cursor/ppttranslatorapp/worktrees/feature-test-coverage-improvement/node_modules/jest-circus/build/run.js:316:40)
    at processTicksAndRejections (node:internal/process/task_queues:105:5)
    at _runTest (/Users/yusuketsunoda/Documents/cursor/ppttranslatorapp/worktrees/feature-test-coverage-improvement/node_modules/jest-circus/build/run.js:252:3)
    at _runTestsForDescribeBlock (/Users/yusuketsunoda/Documents/cursor/ppttranslatorapp/worktrees/feature-test-coverage-improvement/node_modules/jest-circus/build/run.js:126:9)
    at _runTestsForDescribeBlock (/Users/yusuketsunoda/Documents/cursor/ppttranslatorapp/worktrees/feature-test-coverage-improvement/node_modules/jest-circus/build/run.js:121:9)
    at run (/Users/yusuketsunoda/Documents/cursor/ppttranslatorapp/worktrees/feature-test-coverage-improvement/node_modules/jest-circus/build/run.js:71:3)
    at runAndTransformResultsToJestFormat (/Users/yusuketsunoda/Documents/cursor/ppttranslatorapp/worktrees/feature-test-coverage-improvement/node_modules/jest-circus/build/legacy-code-todo-rewrite/jestAdapterInit.js:122:21)
    at jestAdapter (/Users/yusuketsunoda/Documents/cursor/ppttranslatorapp/worktrees/feature-test-coverage-improvement/node_modules/jest-circus/build/legacy-code-todo-rewrite/jestAdapter.js:79:19)
    at runTestInternal (/Users/yusuketsunoda/Documents/cursor/ppttranslatorapp/worktrees/feature-test-coverage-improvement/node_modules/jest-runner/build/runTest.js:367:16)
    at runTest (/Users/yusuketsunoda/Documents/cursor/ppttranslatorapp/worktrees/feature-test-coverage-improvement/node_modules/jest-runner/build/runTest.js:444:34)
    at Object.worker (/Users/yusuketsunoda/Documents/cursor/ppttranslatorapp/worktrees/feature-test-coverage-improvement/node_modules/jest-runner/build/testWorker.js:106:12)</failure>
    </testcase>
    <testcase classname="Translation" name="キャンセルボタンをクリックするとonCancelが呼び出される" time="0.001">
      <failure>ReferenceError: document is not defined
    at render (/Users/yusuketsunoda/Documents/cursor/ppttranslatorapp/worktrees/feature-test-coverage-improvement/node_modules/@testing-library/react/dist/pure.js:239:5)
    at Object.&lt;anonymous&gt; (/Users/yusuketsunoda/Documents/cursor/ppttranslatorapp/worktrees/feature-test-coverage-improvement/tests/app/translate/components/Translation.test.tsx:183:11)
    at Promise.then.completed (/Users/yusuketsunoda/Documents/cursor/ppttranslatorapp/worktrees/feature-test-coverage-improvement/node_modules/jest-circus/build/utils.js:298:28)
    at new Promise (&lt;anonymous&gt;)
    at callAsyncCircusFn (/Users/yusuketsunoda/Documents/cursor/ppttranslatorapp/worktrees/feature-test-coverage-improvement/node_modules/jest-circus/build/utils.js:231:10)
    at _callCircusTest (/Users/yusuketsunoda/Documents/cursor/ppttranslatorapp/worktrees/feature-test-coverage-improvement/node_modules/jest-circus/build/run.js:316:40)
    at processTicksAndRejections (node:internal/process/task_queues:105:5)
    at _runTest (/Users/yusuketsunoda/Documents/cursor/ppttranslatorapp/worktrees/feature-test-coverage-improvement/node_modules/jest-circus/build/run.js:252:3)
    at _runTestsForDescribeBlock (/Users/yusuketsunoda/Documents/cursor/ppttranslatorapp/worktrees/feature-test-coverage-improvement/node_modules/jest-circus/build/run.js:126:9)
    at _runTestsForDescribeBlock (/Users/yusuketsunoda/Documents/cursor/ppttranslatorapp/worktrees/feature-test-coverage-improvement/node_modules/jest-circus/build/run.js:121:9)
    at run (/Users/yusuketsunoda/Documents/cursor/ppttranslatorapp/worktrees/feature-test-coverage-improvement/node_modules/jest-circus/build/run.js:71:3)
    at runAndTransformResultsToJestFormat (/Users/yusuketsunoda/Documents/cursor/ppttranslatorapp/worktrees/feature-test-coverage-improvement/node_modules/jest-circus/build/legacy-code-todo-rewrite/jestAdapterInit.js:122:21)
    at jestAdapter (/Users/yusuketsunoda/Documents/cursor/ppttranslatorapp/worktrees/feature-test-coverage-improvement/node_modules/jest-circus/build/legacy-code-todo-rewrite/jestAdapter.js:79:19)
    at runTestInternal (/Users/yusuketsunoda/Documents/cursor/ppttranslatorapp/worktrees/feature-test-coverage-improvement/node_modules/jest-runner/build/runTest.js:367:16)
    at runTest (/Users/yusuketsunoda/Documents/cursor/ppttranslatorapp/worktrees/feature-test-coverage-improvement/node_modules/jest-runner/build/runTest.js:444:34)
    at Object.worker (/Users/yusuketsunoda/Documents/cursor/ppttranslatorapp/worktrees/feature-test-coverage-improvement/node_modules/jest-runner/build/testWorker.js:106:12)</failure>
    </testcase>
    <testcase classname="Translation" name="自動翻訳ボタンが機能する" time="0">
      <failure>ReferenceError: document is not defined
    at render (/Users/yusuketsunoda/Documents/cursor/ppttranslatorapp/worktrees/feature-test-coverage-improvement/node_modules/@testing-library/react/dist/pure.js:239:5)
    at Object.&lt;anonymous&gt; (/Users/yusuketsunoda/Documents/cursor/ppttranslatorapp/worktrees/feature-test-coverage-improvement/tests/app/translate/components/Translation.test.tsx:205:11)
    at Promise.then.completed (/Users/yusuketsunoda/Documents/cursor/ppttranslatorapp/worktrees/feature-test-coverage-improvement/node_modules/jest-circus/build/utils.js:298:28)
    at new Promise (&lt;anonymous&gt;)
    at callAsyncCircusFn (/Users/yusuketsunoda/Documents/cursor/ppttranslatorapp/worktrees/feature-test-coverage-improvement/node_modules/jest-circus/build/utils.js:231:10)
    at _callCircusTest (/Users/yusuketsunoda/Documents/cursor/ppttranslatorapp/worktrees/feature-test-coverage-improvement/node_modules/jest-circus/build/run.js:316:40)
    at processTicksAndRejections (node:internal/process/task_queues:105:5)
    at _runTest (/Users/yusuketsunoda/Documents/cursor/ppttranslatorapp/worktrees/feature-test-coverage-improvement/node_modules/jest-circus/build/run.js:252:3)
    at _runTestsForDescribeBlock (/Users/yusuketsunoda/Documents/cursor/ppttranslatorapp/worktrees/feature-test-coverage-improvement/node_modules/jest-circus/build/run.js:126:9)
    at _runTestsForDescribeBlock (/Users/yusuketsunoda/Documents/cursor/ppttranslatorapp/worktrees/feature-test-coverage-improvement/node_modules/jest-circus/build/run.js:121:9)
    at run (/Users/yusuketsunoda/Documents/cursor/ppttranslatorapp/worktrees/feature-test-coverage-improvement/node_modules/jest-circus/build/run.js:71:3)
    at runAndTransformResultsToJestFormat (/Users/yusuketsunoda/Documents/cursor/ppttranslatorapp/worktrees/feature-test-coverage-improvement/node_modules/jest-circus/build/legacy-code-todo-rewrite/jestAdapterInit.js:122:21)
    at jestAdapter (/Users/yusuketsunoda/Documents/cursor/ppttranslatorapp/worktrees/feature-test-coverage-improvement/node_modules/jest-circus/build/legacy-code-todo-rewrite/jestAdapter.js:79:19)
    at runTestInternal (/Users/yusuketsunoda/Documents/cursor/ppttranslatorapp/worktrees/feature-test-coverage-improvement/node_modules/jest-runner/build/runTest.js:367:16)
    at runTest (/Users/yusuketsunoda/Documents/cursor/ppttranslatorapp/worktrees/feature-test-coverage-improvement/node_modules/jest-runner/build/runTest.js:444:34)
    at Object.worker (/Users/yusuketsunoda/Documents/cursor/ppttranslatorapp/worktrees/feature-test-coverage-improvement/node_modules/jest-runner/build/testWorker.js:106:12)</failure>
    </testcase>
    <testcase classname="Translation" name="翻訳APIがエラーを返した場合にトーストを表示する" time="0">
      <failure>ReferenceError: document is not defined
    at render (/Users/yusuketsunoda/Documents/cursor/ppttranslatorapp/worktrees/feature-test-coverage-improvement/node_modules/@testing-library/react/dist/pure.js:239:5)
    at Object.&lt;anonymous&gt; (/Users/yusuketsunoda/Documents/cursor/ppttranslatorapp/worktrees/feature-test-coverage-improvement/tests/app/translate/components/Translation.test.tsx:238:11)
    at Promise.then.completed (/Users/yusuketsunoda/Documents/cursor/ppttranslatorapp/worktrees/feature-test-coverage-improvement/node_modules/jest-circus/build/utils.js:298:28)
    at new Promise (&lt;anonymous&gt;)
    at callAsyncCircusFn (/Users/yusuketsunoda/Documents/cursor/ppttranslatorapp/worktrees/feature-test-coverage-improvement/node_modules/jest-circus/build/utils.js:231:10)
    at _callCircusTest (/Users/yusuketsunoda/Documents/cursor/ppttranslatorapp/worktrees/feature-test-coverage-improvement/node_modules/jest-circus/build/run.js:316:40)
    at processTicksAndRejections (node:internal/process/task_queues:105:5)
    at _runTest (/Users/yusuketsunoda/Documents/cursor/ppttranslatorapp/worktrees/feature-test-coverage-improvement/node_modules/jest-circus/build/run.js:252:3)
    at _runTestsForDescribeBlock (/Users/yusuketsunoda/Documents/cursor/ppttranslatorapp/worktrees/feature-test-coverage-improvement/node_modules/jest-circus/build/run.js:126:9)
    at _runTestsForDescribeBlock (/Users/yusuketsunoda/Documents/cursor/ppttranslatorapp/worktrees/feature-test-coverage-improvement/node_modules/jest-circus/build/run.js:121:9)
    at run (/Users/yusuketsunoda/Documents/cursor/ppttranslatorapp/worktrees/feature-test-coverage-improvement/node_modules/jest-circus/build/run.js:71:3)
    at runAndTransformResultsToJestFormat (/Users/yusuketsunoda/Documents/cursor/ppttranslatorapp/worktrees/feature-test-coverage-improvement/node_modules/jest-circus/build/legacy-code-todo-rewrite/jestAdapterInit.js:122:21)
    at jestAdapter (/Users/yusuketsunoda/Documents/cursor/ppttranslatorapp/worktrees/feature-test-coverage-improvement/node_modules/jest-circus/build/legacy-code-todo-rewrite/jestAdapter.js:79:19)
    at runTestInternal (/Users/yusuketsunoda/Documents/cursor/ppttranslatorapp/worktrees/feature-test-coverage-improvement/node_modules/jest-runner/build/runTest.js:367:16)
    at runTest (/Users/yusuketsunoda/Documents/cursor/ppttranslatorapp/worktrees/feature-test-coverage-improvement/node_modules/jest-runner/build/runTest.js:444:34)
    at Object.worker (/Users/yusuketsunoda/Documents/cursor/ppttranslatorapp/worktrees/feature-test-coverage-improvement/node_modules/jest-runner/build/testWorker.js:106:12)</failure>
    </testcase>
    <testcase classname="Translation" name="翻訳が存在しない言語の場合、空の入力フィールドを表示する" time="0">
      <failure>ReferenceError: document is not defined
    at render (/Users/yusuketsunoda/Documents/cursor/ppttranslatorapp/worktrees/feature-test-coverage-improvement/node_modules/@testing-library/react/dist/pure.js:239:5)
    at Object.&lt;anonymous&gt; (/Users/yusuketsunoda/Documents/cursor/ppttranslatorapp/worktrees/feature-test-coverage-improvement/tests/app/translate/components/Translation.test.tsx:267:11)
    at Promise.then.completed (/Users/yusuketsunoda/Documents/cursor/ppttranslatorapp/worktrees/feature-test-coverage-improvement/node_modules/jest-circus/build/utils.js:298:28)
    at new Promise (&lt;anonymous&gt;)
    at callAsyncCircusFn (/Users/yusuketsunoda/Documents/cursor/ppttranslatorapp/worktrees/feature-test-coverage-improvement/node_modules/jest-circus/build/utils.js:231:10)
    at _callCircusTest (/Users/yusuketsunoda/Documents/cursor/ppttranslatorapp/worktrees/feature-test-coverage-improvement/node_modules/jest-circus/build/run.js:316:40)
    at processTicksAndRejections (node:internal/process/task_queues:105:5)
    at _runTest (/Users/yusuketsunoda/Documents/cursor/ppttranslatorapp/worktrees/feature-test-coverage-improvement/node_modules/jest-circus/build/run.js:252:3)
    at _runTestsForDescribeBlock (/Users/yusuketsunoda/Documents/cursor/ppttranslatorapp/worktrees/feature-test-coverage-improvement/node_modules/jest-circus/build/run.js:126:9)
    at _runTestsForDescribeBlock (/Users/yusuketsunoda/Documents/cursor/ppttranslatorapp/worktrees/feature-test-coverage-improvement/node_modules/jest-circus/build/run.js:121:9)
    at run (/Users/yusuketsunoda/Documents/cursor/ppttranslatorapp/worktrees/feature-test-coverage-improvement/node_modules/jest-circus/build/run.js:71:3)
    at runAndTransformResultsToJestFormat (/Users/yusuketsunoda/Documents/cursor/ppttranslatorapp/worktrees/feature-test-coverage-improvement/node_modules/jest-circus/build/legacy-code-todo-rewrite/jestAdapterInit.js:122:21)
    at jestAdapter (/Users/yusuketsunoda/Documents/cursor/ppttranslatorapp/worktrees/feature-test-coverage-improvement/node_modules/jest-circus/build/legacy-code-todo-rewrite/jestAdapter.js:79:19)
    at runTestInternal (/Users/yusuketsunoda/Documents/cursor/ppttranslatorapp/worktrees/feature-test-coverage-improvement/node_modules/jest-runner/build/runTest.js:367:16)
    at runTest (/Users/yusuketsunoda/Documents/cursor/ppttranslatorapp/worktrees/feature-test-coverage-improvement/node_modules/jest-runner/build/runTest.js:444:34)
    at Object.worker (/Users/yusuketsunoda/Documents/cursor/ppttranslatorapp/worktrees/feature-test-coverage-improvement/node_modules/jest-runner/build/testWorker.js:106:12)</failure>
    </testcase>
  </testsuite>
  <testsuite name="TranslationProgress" errors="0" failures="4" skipped="0" timestamp="2025-05-16T21:29:04" time="1.217" tests="4">
    <testcase classname="TranslationProgress" name="翻訳の進捗状況を正しく表示する（英語）" time="0.01">
      <failure>ReferenceError: document is not defined
    at render (/Users/yusuketsunoda/Documents/cursor/ppttranslatorapp/worktrees/feature-test-coverage-improvement/node_modules/@testing-library/react/dist/pure.js:239:5)
    at Object.&lt;anonymous&gt; (/Users/yusuketsunoda/Documents/cursor/ppttranslatorapp/worktrees/feature-test-coverage-improvement/tests/app/translate/components/TranslationProgress.test.tsx:48:11)
    at Promise.then.completed (/Users/yusuketsunoda/Documents/cursor/ppttranslatorapp/worktrees/feature-test-coverage-improvement/node_modules/jest-circus/build/utils.js:298:28)
    at new Promise (&lt;anonymous&gt;)
    at callAsyncCircusFn (/Users/yusuketsunoda/Documents/cursor/ppttranslatorapp/worktrees/feature-test-coverage-improvement/node_modules/jest-circus/build/utils.js:231:10)
    at _callCircusTest (/Users/yusuketsunoda/Documents/cursor/ppttranslatorapp/worktrees/feature-test-coverage-improvement/node_modules/jest-circus/build/run.js:316:40)
    at processTicksAndRejections (node:internal/process/task_queues:105:5)
    at _runTest (/Users/yusuketsunoda/Documents/cursor/ppttranslatorapp/worktrees/feature-test-coverage-improvement/node_modules/jest-circus/build/run.js:252:3)
    at _runTestsForDescribeBlock (/Users/yusuketsunoda/Documents/cursor/ppttranslatorapp/worktrees/feature-test-coverage-improvement/node_modules/jest-circus/build/run.js:126:9)
    at _runTestsForDescribeBlock (/Users/yusuketsunoda/Documents/cursor/ppttranslatorapp/worktrees/feature-test-coverage-improvement/node_modules/jest-circus/build/run.js:121:9)
    at run (/Users/yusuketsunoda/Documents/cursor/ppttranslatorapp/worktrees/feature-test-coverage-improvement/node_modules/jest-circus/build/run.js:71:3)
    at runAndTransformResultsToJestFormat (/Users/yusuketsunoda/Documents/cursor/ppttranslatorapp/worktrees/feature-test-coverage-improvement/node_modules/jest-circus/build/legacy-code-todo-rewrite/jestAdapterInit.js:122:21)
    at jestAdapter (/Users/yusuketsunoda/Documents/cursor/ppttranslatorapp/worktrees/feature-test-coverage-improvement/node_modules/jest-circus/build/legacy-code-todo-rewrite/jestAdapter.js:79:19)
    at runTestInternal (/Users/yusuketsunoda/Documents/cursor/ppttranslatorapp/worktrees/feature-test-coverage-improvement/node_modules/jest-runner/build/runTest.js:367:16)
    at runTest (/Users/yusuketsunoda/Documents/cursor/ppttranslatorapp/worktrees/feature-test-coverage-improvement/node_modules/jest-runner/build/runTest.js:444:34)
    at Object.worker (/Users/yusuketsunoda/Documents/cursor/ppttranslatorapp/worktrees/feature-test-coverage-improvement/node_modules/jest-runner/build/testWorker.js:106:12)</failure>
    </testcase>
    <testcase classname="TranslationProgress" name="翻訳の進捗状況を正しく表示する（フランス語）" time="0.001">
      <failure>ReferenceError: document is not defined
    at render (/Users/yusuketsunoda/Documents/cursor/ppttranslatorapp/worktrees/feature-test-coverage-improvement/node_modules/@testing-library/react/dist/pure.js:239:5)
    at Object.&lt;anonymous&gt; (/Users/yusuketsunoda/Documents/cursor/ppttranslatorapp/worktrees/feature-test-coverage-improvement/tests/app/translate/components/TranslationProgress.test.tsx:56:11)
    at Promise.then.completed (/Users/yusuketsunoda/Documents/cursor/ppttranslatorapp/worktrees/feature-test-coverage-improvement/node_modules/jest-circus/build/utils.js:298:28)
    at new Promise (&lt;anonymous&gt;)
    at callAsyncCircusFn (/Users/yusuketsunoda/Documents/cursor/ppttranslatorapp/worktrees/feature-test-coverage-improvement/node_modules/jest-circus/build/utils.js:231:10)
    at _callCircusTest (/Users/yusuketsunoda/Documents/cursor/ppttranslatorapp/worktrees/feature-test-coverage-improvement/node_modules/jest-circus/build/run.js:316:40)
    at processTicksAndRejections (node:internal/process/task_queues:105:5)
    at _runTest (/Users/yusuketsunoda/Documents/cursor/ppttranslatorapp/worktrees/feature-test-coverage-improvement/node_modules/jest-circus/build/run.js:252:3)
    at _runTestsForDescribeBlock (/Users/yusuketsunoda/Documents/cursor/ppttranslatorapp/worktrees/feature-test-coverage-improvement/node_modules/jest-circus/build/run.js:126:9)
    at _runTestsForDescribeBlock (/Users/yusuketsunoda/Documents/cursor/ppttranslatorapp/worktrees/feature-test-coverage-improvement/node_modules/jest-circus/build/run.js:121:9)
    at run (/Users/yusuketsunoda/Documents/cursor/ppttranslatorapp/worktrees/feature-test-coverage-improvement/node_modules/jest-circus/build/run.js:71:3)
    at runAndTransformResultsToJestFormat (/Users/yusuketsunoda/Documents/cursor/ppttranslatorapp/worktrees/feature-test-coverage-improvement/node_modules/jest-circus/build/legacy-code-todo-rewrite/jestAdapterInit.js:122:21)
    at jestAdapter (/Users/yusuketsunoda/Documents/cursor/ppttranslatorapp/worktrees/feature-test-coverage-improvement/node_modules/jest-circus/build/legacy-code-todo-rewrite/jestAdapter.js:79:19)
    at runTestInternal (/Users/yusuketsunoda/Documents/cursor/ppttranslatorapp/worktrees/feature-test-coverage-improvement/node_modules/jest-runner/build/runTest.js:367:16)
    at runTest (/Users/yusuketsunoda/Documents/cursor/ppttranslatorapp/worktrees/feature-test-coverage-improvement/node_modules/jest-runner/build/runTest.js:444:34)
    at Object.worker (/Users/yusuketsunoda/Documents/cursor/ppttranslatorapp/worktrees/feature-test-coverage-improvement/node_modules/jest-runner/build/testWorker.js:106:12)</failure>
    </testcase>
    <testcase classname="TranslationProgress" name="言語が設定されていない場合は0を表示する" time="0.001">
      <failure>ReferenceError: document is not defined
    at render (/Users/yusuketsunoda/Documents/cursor/ppttranslatorapp/worktrees/feature-test-coverage-improvement/node_modules/@testing-library/react/dist/pure.js:239:5)
    at Object.&lt;anonymous&gt; (/Users/yusuketsunoda/Documents/cursor/ppttranslatorapp/worktrees/feature-test-coverage-improvement/tests/app/translate/components/TranslationProgress.test.tsx:63:11)
    at Promise.then.completed (/Users/yusuketsunoda/Documents/cursor/ppttranslatorapp/worktrees/feature-test-coverage-improvement/node_modules/jest-circus/build/utils.js:298:28)
    at new Promise (&lt;anonymous&gt;)
    at callAsyncCircusFn (/Users/yusuketsunoda/Documents/cursor/ppttranslatorapp/worktrees/feature-test-coverage-improvement/node_modules/jest-circus/build/utils.js:231:10)
    at _callCircusTest (/Users/yusuketsunoda/Documents/cursor/ppttranslatorapp/worktrees/feature-test-coverage-improvement/node_modules/jest-circus/build/run.js:316:40)
    at processTicksAndRejections (node:internal/process/task_queues:105:5)
    at _runTest (/Users/yusuketsunoda/Documents/cursor/ppttranslatorapp/worktrees/feature-test-coverage-improvement/node_modules/jest-circus/build/run.js:252:3)
    at _runTestsForDescribeBlock (/Users/yusuketsunoda/Documents/cursor/ppttranslatorapp/worktrees/feature-test-coverage-improvement/node_modules/jest-circus/build/run.js:126:9)
    at _runTestsForDescribeBlock (/Users/yusuketsunoda/Documents/cursor/ppttranslatorapp/worktrees/feature-test-coverage-improvement/node_modules/jest-circus/build/run.js:121:9)
    at run (/Users/yusuketsunoda/Documents/cursor/ppttranslatorapp/worktrees/feature-test-coverage-improvement/node_modules/jest-circus/build/run.js:71:3)
    at runAndTransformResultsToJestFormat (/Users/yusuketsunoda/Documents/cursor/ppttranslatorapp/worktrees/feature-test-coverage-improvement/node_modules/jest-circus/build/legacy-code-todo-rewrite/jestAdapterInit.js:122:21)
    at jestAdapter (/Users/yusuketsunoda/Documents/cursor/ppttranslatorapp/worktrees/feature-test-coverage-improvement/node_modules/jest-circus/build/legacy-code-todo-rewrite/jestAdapter.js:79:19)
    at runTestInternal (/Users/yusuketsunoda/Documents/cursor/ppttranslatorapp/worktrees/feature-test-coverage-improvement/node_modules/jest-runner/build/runTest.js:367:16)
    at runTest (/Users/yusuketsunoda/Documents/cursor/ppttranslatorapp/worktrees/feature-test-coverage-improvement/node_modules/jest-runner/build/runTest.js:444:34)
    at Object.worker (/Users/yusuketsunoda/Documents/cursor/ppttranslatorapp/worktrees/feature-test-coverage-improvement/node_modules/jest-runner/build/testWorker.js:106:12)</failure>
    </testcase>
    <testcase classname="TranslationProgress" name="テキストがない場合は0%を表示する" time="0">
      <failure>ReferenceError: document is not defined
    at render (/Users/yusuketsunoda/Documents/cursor/ppttranslatorapp/worktrees/feature-test-coverage-improvement/node_modules/@testing-library/react/dist/pure.js:239:5)
    at Object.&lt;anonymous&gt; (/Users/yusuketsunoda/Documents/cursor/ppttranslatorapp/worktrees/feature-test-coverage-improvement/tests/app/translate/components/TranslationProgress.test.tsx:75:11)
    at Promise.then.completed (/Users/yusuketsunoda/Documents/cursor/ppttranslatorapp/worktrees/feature-test-coverage-improvement/node_modules/jest-circus/build/utils.js:298:28)
    at new Promise (&lt;anonymous&gt;)
    at callAsyncCircusFn (/Users/yusuketsunoda/Documents/cursor/ppttranslatorapp/worktrees/feature-test-coverage-improvement/node_modules/jest-circus/build/utils.js:231:10)
    at _callCircusTest (/Users/yusuketsunoda/Documents/cursor/ppttranslatorapp/worktrees/feature-test-coverage-improvement/node_modules/jest-circus/build/run.js:316:40)
    at processTicksAndRejections (node:internal/process/task_queues:105:5)
    at _runTest (/Users/yusuketsunoda/Documents/cursor/ppttranslatorapp/worktrees/feature-test-coverage-improvement/node_modules/jest-circus/build/run.js:252:3)
    at _runTestsForDescribeBlock (/Users/yusuketsunoda/Documents/cursor/ppttranslatorapp/worktrees/feature-test-coverage-improvement/node_modules/jest-circus/build/run.js:126:9)
    at _runTestsForDescribeBlock (/Users/yusuketsunoda/Documents/cursor/ppttranslatorapp/worktrees/feature-test-coverage-improvement/node_modules/jest-circus/build/run.js:121:9)
    at run (/Users/yusuketsunoda/Documents/cursor/ppttranslatorapp/worktrees/feature-test-coverage-improvement/node_modules/jest-circus/build/run.js:71:3)
    at runAndTransformResultsToJestFormat (/Users/yusuketsunoda/Documents/cursor/ppttranslatorapp/worktrees/feature-test-coverage-improvement/node_modules/jest-circus/build/legacy-code-todo-rewrite/jestAdapterInit.js:122:21)
    at jestAdapter (/Users/yusuketsunoda/Documents/cursor/ppttranslatorapp/worktrees/feature-test-coverage-improvement/node_modules/jest-circus/build/legacy-code-todo-rewrite/jestAdapter.js:79:19)
    at runTestInternal (/Users/yusuketsunoda/Documents/cursor/ppttranslatorapp/worktrees/feature-test-coverage-improvement/node_modules/jest-runner/build/runTest.js:367:16)
    at runTest (/Users/yusuketsunoda/Documents/cursor/ppttranslatorapp/worktrees/feature-test-coverage-improvement/node_modules/jest-runner/build/runTest.js:444:34)
    at Object.worker (/Users/yusuketsunoda/Documents/cursor/ppttranslatorapp/worktrees/feature-test-coverage-improvement/node_modules/jest-runner/build/testWorker.js:106:12)</failure>
    </testcase>
  </testsuite>
  <testsuite name="useToast" errors="0" failures="3" skipped="0" timestamp="2025-05-16T21:29:04" time="1.227" tests="9">
    <testcase classname="useToast" name="toast関数を呼び出してトーストを追加できる" time="0.006">
      <failure>ReferenceError: document is not defined
    at render (/Users/yusuketsunoda/Documents/cursor/ppttranslatorapp/worktrees/feature-test-coverage-improvement/node_modules/@testing-library/react/dist/pure.js:239:5)
    at renderHook (/Users/yusuketsunoda/Documents/cursor/ppttranslatorapp/worktrees/feature-test-coverage-improvement/node_modules/@testing-library/react/dist/pure.js:318:7)
    at Object.&lt;anonymous&gt; (/Users/yusuketsunoda/Documents/cursor/ppttranslatorapp/worktrees/feature-test-coverage-improvement/tests/components/ui/use-toast.test.tsx:9:34)
    at Promise.then.completed (/Users/yusuketsunoda/Documents/cursor/ppttranslatorapp/worktrees/feature-test-coverage-improvement/node_modules/jest-circus/build/utils.js:298:28)
    at new Promise (&lt;anonymous&gt;)
    at callAsyncCircusFn (/Users/yusuketsunoda/Documents/cursor/ppttranslatorapp/worktrees/feature-test-coverage-improvement/node_modules/jest-circus/build/utils.js:231:10)
    at _callCircusTest (/Users/yusuketsunoda/Documents/cursor/ppttranslatorapp/worktrees/feature-test-coverage-improvement/node_modules/jest-circus/build/run.js:316:40)
    at processTicksAndRejections (node:internal/process/task_queues:105:5)
    at _runTest (/Users/yusuketsunoda/Documents/cursor/ppttranslatorapp/worktrees/feature-test-coverage-improvement/node_modules/jest-circus/build/run.js:252:3)
    at _runTestsForDescribeBlock (/Users/yusuketsunoda/Documents/cursor/ppttranslatorapp/worktrees/feature-test-coverage-improvement/node_modules/jest-circus/build/run.js:126:9)
    at _runTestsForDescribeBlock (/Users/yusuketsunoda/Documents/cursor/ppttranslatorapp/worktrees/feature-test-coverage-improvement/node_modules/jest-circus/build/run.js:121:9)
    at run (/Users/yusuketsunoda/Documents/cursor/ppttranslatorapp/worktrees/feature-test-coverage-improvement/node_modules/jest-circus/build/run.js:71:3)
    at runAndTransformResultsToJestFormat (/Users/yusuketsunoda/Documents/cursor/ppttranslatorapp/worktrees/feature-test-coverage-improvement/node_modules/jest-circus/build/legacy-code-todo-rewrite/jestAdapterInit.js:122:21)
    at jestAdapter (/Users/yusuketsunoda/Documents/cursor/ppttranslatorapp/worktrees/feature-test-coverage-improvement/node_modules/jest-circus/build/legacy-code-todo-rewrite/jestAdapter.js:79:19)
    at runTestInternal (/Users/yusuketsunoda/Documents/cursor/ppttranslatorapp/worktrees/feature-test-coverage-improvement/node_modules/jest-runner/build/runTest.js:367:16)
    at runTest (/Users/yusuketsunoda/Documents/cursor/ppttranslatorapp/worktrees/feature-test-coverage-improvement/node_modules/jest-runner/build/runTest.js:444:34)
    at Object.worker (/Users/yusuketsunoda/Documents/cursor/ppttranslatorapp/worktrees/feature-test-coverage-improvement/node_modules/jest-runner/build/testWorker.js:106:12)</failure>
    </testcase>
    <testcase classname="useToast" name="dismiss関数を呼び出してトーストを閉じる" time="0">
      <failure>ReferenceError: document is not defined
    at render (/Users/yusuketsunoda/Documents/cursor/ppttranslatorapp/worktrees/feature-test-coverage-improvement/node_modules/@testing-library/react/dist/pure.js:239:5)
    at renderHook (/Users/yusuketsunoda/Documents/cursor/ppttranslatorapp/worktrees/feature-test-coverage-improvement/node_modules/@testing-library/react/dist/pure.js:318:7)
    at Object.&lt;anonymous&gt; (/Users/yusuketsunoda/Documents/cursor/ppttranslatorapp/worktrees/feature-test-coverage-improvement/tests/components/ui/use-toast.test.tsx:25:34)
    at Promise.then.completed (/Users/yusuketsunoda/Documents/cursor/ppttranslatorapp/worktrees/feature-test-coverage-improvement/node_modules/jest-circus/build/utils.js:298:28)
    at new Promise (&lt;anonymous&gt;)
    at callAsyncCircusFn (/Users/yusuketsunoda/Documents/cursor/ppttranslatorapp/worktrees/feature-test-coverage-improvement/node_modules/jest-circus/build/utils.js:231:10)
    at _callCircusTest (/Users/yusuketsunoda/Documents/cursor/ppttranslatorapp/worktrees/feature-test-coverage-improvement/node_modules/jest-circus/build/run.js:316:40)
    at processTicksAndRejections (node:internal/process/task_queues:105:5)
    at _runTest (/Users/yusuketsunoda/Documents/cursor/ppttranslatorapp/worktrees/feature-test-coverage-improvement/node_modules/jest-circus/build/run.js:252:3)
    at _runTestsForDescribeBlock (/Users/yusuketsunoda/Documents/cursor/ppttranslatorapp/worktrees/feature-test-coverage-improvement/node_modules/jest-circus/build/run.js:126:9)
    at _runTestsForDescribeBlock (/Users/yusuketsunoda/Documents/cursor/ppttranslatorapp/worktrees/feature-test-coverage-improvement/node_modules/jest-circus/build/run.js:121:9)
    at run (/Users/yusuketsunoda/Documents/cursor/ppttranslatorapp/worktrees/feature-test-coverage-improvement/node_modules/jest-circus/build/run.js:71:3)
    at runAndTransformResultsToJestFormat (/Users/yusuketsunoda/Documents/cursor/ppttranslatorapp/worktrees/feature-test-coverage-improvement/node_modules/jest-circus/build/legacy-code-todo-rewrite/jestAdapterInit.js:122:21)
    at jestAdapter (/Users/yusuketsunoda/Documents/cursor/ppttranslatorapp/worktrees/feature-test-coverage-improvement/node_modules/jest-circus/build/legacy-code-todo-rewrite/jestAdapter.js:79:19)
    at runTestInternal (/Users/yusuketsunoda/Documents/cursor/ppttranslatorapp/worktrees/feature-test-coverage-improvement/node_modules/jest-runner/build/runTest.js:367:16)
    at runTest (/Users/yusuketsunoda/Documents/cursor/ppttranslatorapp/worktrees/feature-test-coverage-improvement/node_modules/jest-runner/build/runTest.js:444:34)
    at Object.worker (/Users/yusuketsunoda/Documents/cursor/ppttranslatorapp/worktrees/feature-test-coverage-improvement/node_modules/jest-runner/build/testWorker.js:106:12)</failure>
    </testcase>
    <testcase classname="useToast" name="IDなしでdismiss関数を呼び出すと全てのトーストを閉じる" time="0">
      <failure>ReferenceError: document is not defined
    at render (/Users/yusuketsunoda/Documents/cursor/ppttranslatorapp/worktrees/feature-test-coverage-improvement/node_modules/@testing-library/react/dist/pure.js:239:5)
    at renderHook (/Users/yusuketsunoda/Documents/cursor/ppttranslatorapp/worktrees/feature-test-coverage-improvement/node_modules/@testing-library/react/dist/pure.js:318:7)
    at Object.&lt;anonymous&gt; (/Users/yusuketsunoda/Documents/cursor/ppttranslatorapp/worktrees/feature-test-coverage-improvement/tests/components/ui/use-toast.test.tsx:46:34)
    at Promise.then.completed (/Users/yusuketsunoda/Documents/cursor/ppttranslatorapp/worktrees/feature-test-coverage-improvement/node_modules/jest-circus/build/utils.js:298:28)
    at new Promise (&lt;anonymous&gt;)
    at callAsyncCircusFn (/Users/yusuketsunoda/Documents/cursor/ppttranslatorapp/worktrees/feature-test-coverage-improvement/node_modules/jest-circus/build/utils.js:231:10)
    at _callCircusTest (/Users/yusuketsunoda/Documents/cursor/ppttranslatorapp/worktrees/feature-test-coverage-improvement/node_modules/jest-circus/build/run.js:316:40)
    at processTicksAndRejections (node:internal/process/task_queues:105:5)
    at _runTest (/Users/yusuketsunoda/Documents/cursor/ppttranslatorapp/worktrees/feature-test-coverage-improvement/node_modules/jest-circus/build/run.js:252:3)
    at _runTestsForDescribeBlock (/Users/yusuketsunoda/Documents/cursor/ppttranslatorapp/worktrees/feature-test-coverage-improvement/node_modules/jest-circus/build/run.js:126:9)
    at _runTestsForDescribeBlock (/Users/yusuketsunoda/Documents/cursor/ppttranslatorapp/worktrees/feature-test-coverage-improvement/node_modules/jest-circus/build/run.js:121:9)
    at run (/Users/yusuketsunoda/Documents/cursor/ppttranslatorapp/worktrees/feature-test-coverage-improvement/node_modules/jest-circus/build/run.js:71:3)
    at runAndTransformResultsToJestFormat (/Users/yusuketsunoda/Documents/cursor/ppttranslatorapp/worktrees/feature-test-coverage-improvement/node_modules/jest-circus/build/legacy-code-todo-rewrite/jestAdapterInit.js:122:21)
    at jestAdapter (/Users/yusuketsunoda/Documents/cursor/ppttranslatorapp/worktrees/feature-test-coverage-improvement/node_modules/jest-circus/build/legacy-code-todo-rewrite/jestAdapter.js:79:19)
    at runTestInternal (/Users/yusuketsunoda/Documents/cursor/ppttranslatorapp/worktrees/feature-test-coverage-improvement/node_modules/jest-runner/build/runTest.js:367:16)
    at runTest (/Users/yusuketsunoda/Documents/cursor/ppttranslatorapp/worktrees/feature-test-coverage-improvement/node_modules/jest-runner/build/runTest.js:444:34)
    at Object.worker (/Users/yusuketsunoda/Documents/cursor/ppttranslatorapp/worktrees/feature-test-coverage-improvement/node_modules/jest-runner/build/testWorker.js:106:12)</failure>
    </testcase>
    <testcase classname="toast" name="トーストを生成し、IDとメソッドを返す" time="0.001">
    </testcase>
    <testcase classname="reducer" name="ADD_TOASTアクションでトーストを追加する" time="0.001">
    </testcase>
    <testcase classname="reducer" name="UPDATE_TOASTアクションでトーストを更新する" time="0">
    </testcase>
    <testcase classname="reducer" name="DISMISS_TOASTアクションでトーストを閉じる" time="0">
    </testcase>
    <testcase classname="reducer" name="REMOVE_TOASTアクションでトーストを削除する" time="0.001">
    </testcase>
    <testcase classname="reducer" name="IDなしのREMOVE_TOASTアクションで全てのトーストを削除する" time="0">
    </testcase>
  </testsuite>
  <testsuite name="セッション管理" errors="0" failures="5" skipped="0" timestamp="2025-05-16T21:29:04" time="1.279" tests="9">
    <testcase classname="セッション管理 › useAuth" name="認証状態を正しく返す" time="0.015">
      <failure>ReferenceError: document is not defined
    at render (/Users/yusuketsunoda/Documents/cursor/ppttranslatorapp/worktrees/feature-test-coverage-improvement/node_modules/@testing-library/react/dist/pure.js:239:5)
    at renderHook (/Users/yusuketsunoda/Documents/cursor/ppttranslatorapp/worktrees/feature-test-coverage-improvement/node_modules/@testing-library/react/dist/pure.js:318:7)
    at Object.&lt;anonymous&gt; (/Users/yusuketsunoda/Documents/cursor/ppttranslatorapp/worktrees/feature-test-coverage-improvement/tests/auth/session.test.tsx:187:36)
    at Promise.then.completed (/Users/yusuketsunoda/Documents/cursor/ppttranslatorapp/worktrees/feature-test-coverage-improvement/node_modules/jest-circus/build/utils.js:298:28)
    at new Promise (&lt;anonymous&gt;)
    at callAsyncCircusFn (/Users/yusuketsunoda/Documents/cursor/ppttranslatorapp/worktrees/feature-test-coverage-improvement/node_modules/jest-circus/build/utils.js:231:10)
    at _callCircusTest (/Users/yusuketsunoda/Documents/cursor/ppttranslatorapp/worktrees/feature-test-coverage-improvement/node_modules/jest-circus/build/run.js:316:40)
    at processTicksAndRejections (node:internal/process/task_queues:105:5)
    at _runTest (/Users/yusuketsunoda/Documents/cursor/ppttranslatorapp/worktrees/feature-test-coverage-improvement/node_modules/jest-circus/build/run.js:252:3)
    at _runTestsForDescribeBlock (/Users/yusuketsunoda/Documents/cursor/ppttranslatorapp/worktrees/feature-test-coverage-improvement/node_modules/jest-circus/build/run.js:126:9)
    at _runTestsForDescribeBlock (/Users/yusuketsunoda/Documents/cursor/ppttranslatorapp/worktrees/feature-test-coverage-improvement/node_modules/jest-circus/build/run.js:121:9)
    at _runTestsForDescribeBlock (/Users/yusuketsunoda/Documents/cursor/ppttranslatorapp/worktrees/feature-test-coverage-improvement/node_modules/jest-circus/build/run.js:121:9)
    at run (/Users/yusuketsunoda/Documents/cursor/ppttranslatorapp/worktrees/feature-test-coverage-improvement/node_modules/jest-circus/build/run.js:71:3)
    at runAndTransformResultsToJestFormat (/Users/yusuketsunoda/Documents/cursor/ppttranslatorapp/worktrees/feature-test-coverage-improvement/node_modules/jest-circus/build/legacy-code-todo-rewrite/jestAdapterInit.js:122:21)
    at jestAdapter (/Users/yusuketsunoda/Documents/cursor/ppttranslatorapp/worktrees/feature-test-coverage-improvement/node_modules/jest-circus/build/legacy-code-todo-rewrite/jestAdapter.js:79:19)
    at runTestInternal (/Users/yusuketsunoda/Documents/cursor/ppttranslatorapp/worktrees/feature-test-coverage-improvement/node_modules/jest-runner/build/runTest.js:367:16)
    at runTest (/Users/yusuketsunoda/Documents/cursor/ppttranslatorapp/worktrees/feature-test-coverage-improvement/node_modules/jest-runner/build/runTest.js:444:34)
    at Object.worker (/Users/yusuketsunoda/Documents/cursor/ppttranslatorapp/worktrees/feature-test-coverage-improvement/node_modules/jest-runner/build/testWorker.js:106:12)</failure>
    </testcase>
    <testcase classname="セッション管理 › useAuth" name="ログイン処理を正しく実行する" time="0.001">
      <failure>ReferenceError: document is not defined
    at render (/Users/yusuketsunoda/Documents/cursor/ppttranslatorapp/worktrees/feature-test-coverage-improvement/node_modules/@testing-library/react/dist/pure.js:239:5)
    at renderHook (/Users/yusuketsunoda/Documents/cursor/ppttranslatorapp/worktrees/feature-test-coverage-improvement/node_modules/@testing-library/react/dist/pure.js:318:7)
    at Object.&lt;anonymous&gt; (/Users/yusuketsunoda/Documents/cursor/ppttranslatorapp/worktrees/feature-test-coverage-improvement/tests/auth/session.test.tsx:203:36)
    at Promise.then.completed (/Users/yusuketsunoda/Documents/cursor/ppttranslatorapp/worktrees/feature-test-coverage-improvement/node_modules/jest-circus/build/utils.js:298:28)
    at new Promise (&lt;anonymous&gt;)
    at callAsyncCircusFn (/Users/yusuketsunoda/Documents/cursor/ppttranslatorapp/worktrees/feature-test-coverage-improvement/node_modules/jest-circus/build/utils.js:231:10)
    at _callCircusTest (/Users/yusuketsunoda/Documents/cursor/ppttranslatorapp/worktrees/feature-test-coverage-improvement/node_modules/jest-circus/build/run.js:316:40)
    at processTicksAndRejections (node:internal/process/task_queues:105:5)
    at _runTest (/Users/yusuketsunoda/Documents/cursor/ppttranslatorapp/worktrees/feature-test-coverage-improvement/node_modules/jest-circus/build/run.js:252:3)
    at _runTestsForDescribeBlock (/Users/yusuketsunoda/Documents/cursor/ppttranslatorapp/worktrees/feature-test-coverage-improvement/node_modules/jest-circus/build/run.js:126:9)
    at _runTestsForDescribeBlock (/Users/yusuketsunoda/Documents/cursor/ppttranslatorapp/worktrees/feature-test-coverage-improvement/node_modules/jest-circus/build/run.js:121:9)
    at _runTestsForDescribeBlock (/Users/yusuketsunoda/Documents/cursor/ppttranslatorapp/worktrees/feature-test-coverage-improvement/node_modules/jest-circus/build/run.js:121:9)
    at run (/Users/yusuketsunoda/Documents/cursor/ppttranslatorapp/worktrees/feature-test-coverage-improvement/node_modules/jest-circus/build/run.js:71:3)
    at runAndTransformResultsToJestFormat (/Users/yusuketsunoda/Documents/cursor/ppttranslatorapp/worktrees/feature-test-coverage-improvement/node_modules/jest-circus/build/legacy-code-todo-rewrite/jestAdapterInit.js:122:21)
    at jestAdapter (/Users/yusuketsunoda/Documents/cursor/ppttranslatorapp/worktrees/feature-test-coverage-improvement/node_modules/jest-circus/build/legacy-code-todo-rewrite/jestAdapter.js:79:19)
    at runTestInternal (/Users/yusuketsunoda/Documents/cursor/ppttranslatorapp/worktrees/feature-test-coverage-improvement/node_modules/jest-runner/build/runTest.js:367:16)
    at runTest (/Users/yusuketsunoda/Documents/cursor/ppttranslatorapp/worktrees/feature-test-coverage-improvement/node_modules/jest-runner/build/runTest.js:444:34)
    at Object.worker (/Users/yusuketsunoda/Documents/cursor/ppttranslatorapp/worktrees/feature-test-coverage-improvement/node_modules/jest-runner/build/testWorker.js:106:12)</failure>
    </testcase>
    <testcase classname="セッション管理 › useAuth" name="ログアウト処理を正しく実行する" time="0">
      <failure>ReferenceError: document is not defined
    at render (/Users/yusuketsunoda/Documents/cursor/ppttranslatorapp/worktrees/feature-test-coverage-improvement/node_modules/@testing-library/react/dist/pure.js:239:5)
    at renderHook (/Users/yusuketsunoda/Documents/cursor/ppttranslatorapp/worktrees/feature-test-coverage-improvement/node_modules/@testing-library/react/dist/pure.js:318:7)
    at Object.&lt;anonymous&gt; (/Users/yusuketsunoda/Documents/cursor/ppttranslatorapp/worktrees/feature-test-coverage-improvement/tests/auth/session.test.tsx:227:36)
    at Promise.then.completed (/Users/yusuketsunoda/Documents/cursor/ppttranslatorapp/worktrees/feature-test-coverage-improvement/node_modules/jest-circus/build/utils.js:298:28)
    at new Promise (&lt;anonymous&gt;)
    at callAsyncCircusFn (/Users/yusuketsunoda/Documents/cursor/ppttranslatorapp/worktrees/feature-test-coverage-improvement/node_modules/jest-circus/build/utils.js:231:10)
    at _callCircusTest (/Users/yusuketsunoda/Documents/cursor/ppttranslatorapp/worktrees/feature-test-coverage-improvement/node_modules/jest-circus/build/run.js:316:40)
    at processTicksAndRejections (node:internal/process/task_queues:105:5)
    at _runTest (/Users/yusuketsunoda/Documents/cursor/ppttranslatorapp/worktrees/feature-test-coverage-improvement/node_modules/jest-circus/build/run.js:252:3)
    at _runTestsForDescribeBlock (/Users/yusuketsunoda/Documents/cursor/ppttranslatorapp/worktrees/feature-test-coverage-improvement/node_modules/jest-circus/build/run.js:126:9)
    at _runTestsForDescribeBlock (/Users/yusuketsunoda/Documents/cursor/ppttranslatorapp/worktrees/feature-test-coverage-improvement/node_modules/jest-circus/build/run.js:121:9)
    at _runTestsForDescribeBlock (/Users/yusuketsunoda/Documents/cursor/ppttranslatorapp/worktrees/feature-test-coverage-improvement/node_modules/jest-circus/build/run.js:121:9)
    at run (/Users/yusuketsunoda/Documents/cursor/ppttranslatorapp/worktrees/feature-test-coverage-improvement/node_modules/jest-circus/build/run.js:71:3)
    at runAndTransformResultsToJestFormat (/Users/yusuketsunoda/Documents/cursor/ppttranslatorapp/worktrees/feature-test-coverage-improvement/node_modules/jest-circus/build/legacy-code-todo-rewrite/jestAdapterInit.js:122:21)
    at jestAdapter (/Users/yusuketsunoda/Documents/cursor/ppttranslatorapp/worktrees/feature-test-coverage-improvement/node_modules/jest-circus/build/legacy-code-todo-rewrite/jestAdapter.js:79:19)
    at runTestInternal (/Users/yusuketsunoda/Documents/cursor/ppttranslatorapp/worktrees/feature-test-coverage-improvement/node_modules/jest-runner/build/runTest.js:367:16)
    at runTest (/Users/yusuketsunoda/Documents/cursor/ppttranslatorapp/worktrees/feature-test-coverage-improvement/node_modules/jest-runner/build/runTest.js:444:34)
    at Object.worker (/Users/yusuketsunoda/Documents/cursor/ppttranslatorapp/worktrees/feature-test-coverage-improvement/node_modules/jest-runner/build/testWorker.js:106:12)</failure>
    </testcase>
    <testcase classname="セッション管理 › useAuth" name="ログインエラーを正しく処理する" time="0">
      <failure>ReferenceError: document is not defined
    at render (/Users/yusuketsunoda/Documents/cursor/ppttranslatorapp/worktrees/feature-test-coverage-improvement/node_modules/@testing-library/react/dist/pure.js:239:5)
    at renderHook (/Users/yusuketsunoda/Documents/cursor/ppttranslatorapp/worktrees/feature-test-coverage-improvement/node_modules/@testing-library/react/dist/pure.js:318:7)
    at Object.&lt;anonymous&gt; (/Users/yusuketsunoda/Documents/cursor/ppttranslatorapp/worktrees/feature-test-coverage-improvement/tests/auth/session.test.tsx:247:36)
    at Promise.then.completed (/Users/yusuketsunoda/Documents/cursor/ppttranslatorapp/worktrees/feature-test-coverage-improvement/node_modules/jest-circus/build/utils.js:298:28)
    at new Promise (&lt;anonymous&gt;)
    at callAsyncCircusFn (/Users/yusuketsunoda/Documents/cursor/ppttranslatorapp/worktrees/feature-test-coverage-improvement/node_modules/jest-circus/build/utils.js:231:10)
    at _callCircusTest (/Users/yusuketsunoda/Documents/cursor/ppttranslatorapp/worktrees/feature-test-coverage-improvement/node_modules/jest-circus/build/run.js:316:40)
    at processTicksAndRejections (node:internal/process/task_queues:105:5)
    at _runTest (/Users/yusuketsunoda/Documents/cursor/ppttranslatorapp/worktrees/feature-test-coverage-improvement/node_modules/jest-circus/build/run.js:252:3)
    at _runTestsForDescribeBlock (/Users/yusuketsunoda/Documents/cursor/ppttranslatorapp/worktrees/feature-test-coverage-improvement/node_modules/jest-circus/build/run.js:126:9)
    at _runTestsForDescribeBlock (/Users/yusuketsunoda/Documents/cursor/ppttranslatorapp/worktrees/feature-test-coverage-improvement/node_modules/jest-circus/build/run.js:121:9)
    at _runTestsForDescribeBlock (/Users/yusuketsunoda/Documents/cursor/ppttranslatorapp/worktrees/feature-test-coverage-improvement/node_modules/jest-circus/build/run.js:121:9)
    at run (/Users/yusuketsunoda/Documents/cursor/ppttranslatorapp/worktrees/feature-test-coverage-improvement/node_modules/jest-circus/build/run.js:71:3)
    at runAndTransformResultsToJestFormat (/Users/yusuketsunoda/Documents/cursor/ppttranslatorapp/worktrees/feature-test-coverage-improvement/node_modules/jest-circus/build/legacy-code-todo-rewrite/jestAdapterInit.js:122:21)
    at jestAdapter (/Users/yusuketsunoda/Documents/cursor/ppttranslatorapp/worktrees/feature-test-coverage-improvement/node_modules/jest-circus/build/legacy-code-todo-rewrite/jestAdapter.js:79:19)
    at runTestInternal (/Users/yusuketsunoda/Documents/cursor/ppttranslatorapp/worktrees/feature-test-coverage-improvement/node_modules/jest-runner/build/runTest.js:367:16)
    at runTest (/Users/yusuketsunoda/Documents/cursor/ppttranslatorapp/worktrees/feature-test-coverage-improvement/node_modules/jest-runner/build/runTest.js:444:34)
    at Object.worker (/Users/yusuketsunoda/Documents/cursor/ppttranslatorapp/worktrees/feature-test-coverage-improvement/node_modules/jest-runner/build/testWorker.js:106:12)</failure>
    </testcase>
    <testcase classname="セッション管理 › useAuth" name="エラーをクリアする" time="0">
      <failure>ReferenceError: document is not defined
    at render (/Users/yusuketsunoda/Documents/cursor/ppttranslatorapp/worktrees/feature-test-coverage-improvement/node_modules/@testing-library/react/dist/pure.js:239:5)
    at renderHook (/Users/yusuketsunoda/Documents/cursor/ppttranslatorapp/worktrees/feature-test-coverage-improvement/node_modules/@testing-library/react/dist/pure.js:318:7)
    at Object.&lt;anonymous&gt; (/Users/yusuketsunoda/Documents/cursor/ppttranslatorapp/worktrees/feature-test-coverage-improvement/tests/auth/session.test.tsx:265:36)
    at Promise.then.completed (/Users/yusuketsunoda/Documents/cursor/ppttranslatorapp/worktrees/feature-test-coverage-improvement/node_modules/jest-circus/build/utils.js:298:28)
    at new Promise (&lt;anonymous&gt;)
    at callAsyncCircusFn (/Users/yusuketsunoda/Documents/cursor/ppttranslatorapp/worktrees/feature-test-coverage-improvement/node_modules/jest-circus/build/utils.js:231:10)
    at _callCircusTest (/Users/yusuketsunoda/Documents/cursor/ppttranslatorapp/worktrees/feature-test-coverage-improvement/node_modules/jest-circus/build/run.js:316:40)
    at processTicksAndRejections (node:internal/process/task_queues:105:5)
    at _runTest (/Users/yusuketsunoda/Documents/cursor/ppttranslatorapp/worktrees/feature-test-coverage-improvement/node_modules/jest-circus/build/run.js:252:3)
    at _runTestsForDescribeBlock (/Users/yusuketsunoda/Documents/cursor/ppttranslatorapp/worktrees/feature-test-coverage-improvement/node_modules/jest-circus/build/run.js:126:9)
    at _runTestsForDescribeBlock (/Users/yusuketsunoda/Documents/cursor/ppttranslatorapp/worktrees/feature-test-coverage-improvement/node_modules/jest-circus/build/run.js:121:9)
    at _runTestsForDescribeBlock (/Users/yusuketsunoda/Documents/cursor/ppttranslatorapp/worktrees/feature-test-coverage-improvement/node_modules/jest-circus/build/run.js:121:9)
    at run (/Users/yusuketsunoda/Documents/cursor/ppttranslatorapp/worktrees/feature-test-coverage-improvement/node_modules/jest-circus/build/run.js:71:3)
    at runAndTransformResultsToJestFormat (/Users/yusuketsunoda/Documents/cursor/ppttranslatorapp/worktrees/feature-test-coverage-improvement/node_modules/jest-circus/build/legacy-code-todo-rewrite/jestAdapterInit.js:122:21)
    at jestAdapter (/Users/yusuketsunoda/Documents/cursor/ppttranslatorapp/worktrees/feature-test-coverage-improvement/node_modules/jest-circus/build/legacy-code-todo-rewrite/jestAdapter.js:79:19)
    at runTestInternal (/Users/yusuketsunoda/Documents/cursor/ppttranslatorapp/worktrees/feature-test-coverage-improvement/node_modules/jest-runner/build/runTest.js:367:16)
    at runTest (/Users/yusuketsunoda/Documents/cursor/ppttranslatorapp/worktrees/feature-test-coverage-improvement/node_modules/jest-runner/build/runTest.js:444:34)
    at Object.worker (/Users/yusuketsunoda/Documents/cursor/ppttranslatorapp/worktrees/feature-test-coverage-improvement/node_modules/jest-runner/build/testWorker.js:106:12)</failure>
    </testcase>
    <testcase classname="セッション管理 › セッション有効性チェック" name="有効なセッションを正しく検証する" time="0.001">
    </testcase>
    <testcase classname="セッション管理 › セッション有効性チェック" name="期限切れのセッションを無効と判定する" time="0">
    </testcase>
    <testcase classname="セッション管理 › セッション有効性チェック" name="ユーザー情報がないセッションを無効と判定する" time="0.001">
    </testcase>
    <testcase classname="セッション管理 › セッション有効性チェック" name="nullセッションを無効と判定する" time="0">
    </testcase>
  </testsuite>
  <testsuite name="Upload API" errors="0" failures="0" skipped="0" timestamp="2025-05-16T21:29:05" time="0.082" tests="2">
    <testcase classname="Upload API" name="ファイルがアップロードされた場合、成功レスポンスを返す" time="0.002">
    </testcase>
    <testcase classname="Upload API" name="ファイルがアップロードされていない場合、エラーレスポンスを返す" time="0.001">
    </testcase>
  </testsuite>
  <testsuite name="Health API" errors="0" failures="0" skipped="0" timestamp="2025-05-16T21:29:05" time="0.087" tests="6">
    <testcase classname="Health API" name="GETリクエストに対して200ステータスコードとOKステータスを返す" time="0.001">
    </testcase>
    <testcase classname="Health API" name="環境変数、データベース、認証、エラーハンドリングのステータスを含む" time="0">
    </testcase>
    <testcase classname="Health API" name="環境情報とバージョン情報を含む" time="0.001">
    </testcase>
    <testcase classname="Health API" name="データベース接続エラー時は適切なステータスを返す" time="0">
    </testcase>
    <testcase classname="Health API" name="認証エラー時は適切なステータスを返す" time="0">
    </testcase>
    <testcase classname="Health API" name="警告がある場合は適切なステータスコードを返す" time="0.001">
    </testcase>
  </testsuite>
  <testsuite name="Auth Session Tests" errors="0" failures="0" skipped="1" timestamp="2025-05-16T21:29:05" time="0.18" tests="1">
    <testcase classname="Auth Session Tests" name="この問題が解決されるまでテストをスキップ" time="0">
      <skipped/>
    </testcase>
  </testsuite>
  <testsuite name="Translate API" errors="0" failures="3" skipped="0" timestamp="2025-05-16T21:29:05" time="0.132" tests="8">
    <testcase classname="Translate API › POST /api/translate" name="有効なリクエストで翻訳を実行する" time="0">
    </testcase>
    <testcase classname="Translate API › POST /api/translate" name="無効なリクエストでエラーを返す" time="0">
    </testcase>
    <testcase classname="Translate API › POST /api/translate" name="テキスト前処理を正しく行う" time="0.001">
    </testcase>
    <testcase classname="Translate API › POST /api/translate" name="大量のテキストを適切にバッチ処理する" time="0.001">
      <failure>Error: expect(received).toHaveLength(expected)

Expected length: 100
Received length: 2
Received array:  [{&quot;original&quot;: &quot;Hello&quot;, &quot;translated&quot;: &quot;こんにちは&quot;}, {&quot;original&quot;: &quot;World&quot;, &quot;translated&quot;: &quot;世界&quot;}]
    at Object.toHaveLength (/Users/yusuketsunoda/Documents/cursor/ppttranslatorapp/worktrees/feature-test-coverage-improvement/tests/api/translate.test.ts:228:33)
    at processTicksAndRejections (node:internal/process/task_queues:105:5)</failure>
    </testcase>
    <testcase classname="Translate API › POST /api/translate" name="翻訳APIのエラーを適切に処理する" time="0">
      <failure>ReferenceError: Cannot access &apos;originalAnthropicMock&apos; before initialization
    at originalAnthropicMock (/Users/yusuketsunoda/Documents/cursor/ppttranslatorapp/worktrees/feature-test-coverage-improvement/tests/api/translate.test.ts:269:44)
    at Runtime.requireMock (/Users/yusuketsunoda/Documents/cursor/ppttranslatorapp/worktrees/feature-test-coverage-improvement/node_modules/jest-runtime/build/index.js:940:55)
    at Object.requireMock (/Users/yusuketsunoda/Documents/cursor/ppttranslatorapp/worktrees/feature-test-coverage-improvement/node_modules/jest-runtime/build/index.js:2103:39)
    at Object.requireMock (/Users/yusuketsunoda/Documents/cursor/ppttranslatorapp/worktrees/feature-test-coverage-improvement/tests/api/translate.test.ts:233:42)
    at Promise.then.completed (/Users/yusuketsunoda/Documents/cursor/ppttranslatorapp/worktrees/feature-test-coverage-improvement/node_modules/jest-circus/build/utils.js:298:28)
    at new Promise (&lt;anonymous&gt;)
    at callAsyncCircusFn (/Users/yusuketsunoda/Documents/cursor/ppttranslatorapp/worktrees/feature-test-coverage-improvement/node_modules/jest-circus/build/utils.js:231:10)
    at _callCircusTest (/Users/yusuketsunoda/Documents/cursor/ppttranslatorapp/worktrees/feature-test-coverage-improvement/node_modules/jest-circus/build/run.js:316:40)
    at processTicksAndRejections (node:internal/process/task_queues:105:5)
    at _runTest (/Users/yusuketsunoda/Documents/cursor/ppttranslatorapp/worktrees/feature-test-coverage-improvement/node_modules/jest-circus/build/run.js:252:3)
    at _runTestsForDescribeBlock (/Users/yusuketsunoda/Documents/cursor/ppttranslatorapp/worktrees/feature-test-coverage-improvement/node_modules/jest-circus/build/run.js:126:9)
    at _runTestsForDescribeBlock (/Users/yusuketsunoda/Documents/cursor/ppttranslatorapp/worktrees/feature-test-coverage-improvement/node_modules/jest-circus/build/run.js:121:9)
    at _runTestsForDescribeBlock (/Users/yusuketsunoda/Documents/cursor/ppttranslatorapp/worktrees/feature-test-coverage-improvement/node_modules/jest-circus/build/run.js:121:9)
    at run (/Users/yusuketsunoda/Documents/cursor/ppttranslatorapp/worktrees/feature-test-coverage-improvement/node_modules/jest-circus/build/run.js:71:3)
    at runAndTransformResultsToJestFormat (/Users/yusuketsunoda/Documents/cursor/ppttranslatorapp/worktrees/feature-test-coverage-improvement/node_modules/jest-circus/build/legacy-code-todo-rewrite/jestAdapterInit.js:122:21)
    at jestAdapter (/Users/yusuketsunoda/Documents/cursor/ppttranslatorapp/worktrees/feature-test-coverage-improvement/node_modules/jest-circus/build/legacy-code-todo-rewrite/jestAdapter.js:79:19)
    at runTestInternal (/Users/yusuketsunoda/Documents/cursor/ppttranslatorapp/worktrees/feature-test-coverage-improvement/node_modules/jest-runner/build/runTest.js:367:16)
    at runTest (/Users/yusuketsunoda/Documents/cursor/ppttranslatorapp/worktrees/feature-test-coverage-improvement/node_modules/jest-runner/build/runTest.js:444:34)
    at Object.worker (/Users/yusuketsunoda/Documents/cursor/ppttranslatorapp/worktrees/feature-test-coverage-improvement/node_modules/jest-runner/build/testWorker.js:106:12)</failure>
    </testcase>
    <testcase classname="Translate API › POST /api/translate" name="不適切な言語コードを処理する" time="0.001">
      <failure>Error: expect(received).toBe(expected) // Object.is equality

Expected: 400
Received: 200
    at Object.toBe (/Users/yusuketsunoda/Documents/cursor/ppttranslatorapp/worktrees/feature-test-coverage-improvement/tests/api/translate.test.ts:288:31)
    at processTicksAndRejections (node:internal/process/task_queues:105:5)</failure>
    </testcase>
    <testcase classname="Translate API › POST /api/translate" name="翻訳結果を正しく整形する" time="0">
    </testcase>
    <testcase classname="Translate API › GET /api/translate" name="翻訳履歴を取得する" time="0">
    </testcase>
  </testsuite>
</testsuites>