{"numFailedTestSuites":31,"numFailedTests":0,"numPassedTestSuites":0,"numPassedTests":0,"numPendingTestSuites":0,"numPendingTests":0,"numRuntimeErrorTestSuites":31,"numTodoTests":0,"numTotalTestSuites":31,"numTotalTests":0,"openHandles":[],"snapshot":{"added":0,"didUpdate":false,"failure":false,"filesAdded":0,"filesRemoved":0,"filesRemovedList":[],"filesUnmatched":0,"filesUpdated":0,"matched":0,"total":0,"unchecked":0,"uncheckedKeysByFile":[],"unmatched":0,"updated":0},"startTime":1742628667986,"success":false,"testResults":[{"assertionResults":[],"coverage":{},"endTime":1742628669243,"message":"  \u001b[1m● \u001b[22mTest suite failed to run\n\n    Cannot find module './babel.config.mjs'\n    Require stack:\n    - /Users/yusuketsunoda/Documents/cursor/ppttranslatorapp/node_modules/@babel/core/lib/config/files/configuration.js\n    - /Users/yusuketsunoda/Documents/cursor/ppttranslatorapp/node_modules/@babel/core/lib/config/files/index.js\n    - /Users/yusuketsunoda/Documents/cursor/ppttranslatorapp/node_modules/@babel/core/lib/index.js\n    - /Users/yusuketsunoda/Documents/cursor/ppttranslatorapp/node_modules/jest-snapshot/build/InlineSnapshots.js\n\n      \u001b[2mat loadConfig (\u001b[22mnode_modules/@babel/core/src/config/files/configuration.ts\u001b[2m:315:20)\u001b[22m\n          at loadConfig.next (<anonymous>)\n      \u001b[2mat buildRootChain (\u001b[22mnode_modules/@babel/core/src/config/config-chain.ts\u001b[2m:165:35)\u001b[22m\n          at buildRootChain.next (<anonymous>)\n      \u001b[2mat loadPrivatePartialConfig (\u001b[22mnode_modules/@babel/core/src/config/partial.ts\u001b[2m:111:44)\u001b[22m\n          at loadPrivatePartialConfig.next (<anonymous>)\n      \u001b[2mat loadPrivatePartialConfig (\u001b[22mnode_modules/@babel/core/src/config/partial.ts\u001b[2m:170:12)\u001b[22m\n          at loadPartialConfig.next (<anonymous>)\n      \u001b[2mat evaluateSync (\u001b[22mnode_modules/gensync/index.js\u001b[2m:251:28)\u001b[22m\n      \u001b[2mat sync (\u001b[22mnode_modules/gensync/index.js\u001b[2m:89:14)\u001b[22m\n      \u001b[2mat fn (\u001b[22mnode_modules/@babel/core/src/errors/rewrite-stack-trace.ts\u001b[2m:99:14)\u001b[22m\n      \u001b[2mat loadPartialConfigSync (\u001b[22mnode_modules/@babel/core/src/config/index.ts\u001b[2m:50:60)\u001b[22m\n      \u001b[2mat loadPartialConfigSync (\u001b[22mnode_modules/@babel/core/src/config/index.ts\u001b[2m:69:14)\u001b[22m\n      \u001b[2mat ScriptTransformer._getCacheKey (\u001b[22mnode_modules/@jest/transform/build/ScriptTransformer.js\u001b[2m:228:41)\u001b[22m\n      \u001b[2mat ScriptTransformer._getFileCachePath (\u001b[22mnode_modules/@jest/transform/build/ScriptTransformer.js\u001b[2m:289:27)\u001b[22m\n      \u001b[2mat ScriptTransformer.transformSource (\u001b[22mnode_modules/@jest/transform/build/ScriptTransformer.js\u001b[2m:525:32)\u001b[22m\n      \u001b[2mat ScriptTransformer._transformAndBuildScript (\u001b[22mnode_modules/@jest/transform/build/ScriptTransformer.js\u001b[2m:674:40)\u001b[22m\n      \u001b[2mat ScriptTransformer.transform (\u001b[22mnode_modules/@jest/transform/build/ScriptTransformer.js\u001b[2m:726:19)\u001b[22m\n","name":"/Users/yusuketsunoda/Documents/cursor/ppttranslatorapp/tests/lib/utils/error-handler.test.ts","startTime":1742628669243,"status":"failed","summary":""},{"assertionResults":[],"coverage":{},"endTime":1742628669243,"message":"  \u001b[1m● \u001b[22mTest suite failed to run\n\n    Cannot find module './babel.config.mjs'\n    Require stack:\n    - /Users/yusuketsunoda/Documents/cursor/ppttranslatorapp/node_modules/@babel/core/lib/config/files/configuration.js\n    - /Users/yusuketsunoda/Documents/cursor/ppttranslatorapp/node_modules/@babel/core/lib/config/files/index.js\n    - /Users/yusuketsunoda/Documents/cursor/ppttranslatorapp/node_modules/@babel/core/lib/index.js\n    - /Users/yusuketsunoda/Documents/cursor/ppttranslatorapp/node_modules/jest-snapshot/build/InlineSnapshots.js\n\n      \u001b[2mat loadConfig (\u001b[22mnode_modules/@babel/core/src/config/files/configuration.ts\u001b[2m:315:20)\u001b[22m\n          at loadConfig.next (<anonymous>)\n      \u001b[2mat buildRootChain (\u001b[22mnode_modules/@babel/core/src/config/config-chain.ts\u001b[2m:165:35)\u001b[22m\n          at buildRootChain.next (<anonymous>)\n      \u001b[2mat loadPrivatePartialConfig (\u001b[22mnode_modules/@babel/core/src/config/partial.ts\u001b[2m:111:44)\u001b[22m\n          at loadPrivatePartialConfig.next (<anonymous>)\n      \u001b[2mat loadPrivatePartialConfig (\u001b[22mnode_modules/@babel/core/src/config/partial.ts\u001b[2m:170:12)\u001b[22m\n          at loadPartialConfig.next (<anonymous>)\n      \u001b[2mat evaluateSync (\u001b[22mnode_modules/gensync/index.js\u001b[2m:251:28)\u001b[22m\n      \u001b[2mat sync (\u001b[22mnode_modules/gensync/index.js\u001b[2m:89:14)\u001b[22m\n      \u001b[2mat fn (\u001b[22mnode_modules/@babel/core/src/errors/rewrite-stack-trace.ts\u001b[2m:99:14)\u001b[22m\n      \u001b[2mat loadPartialConfigSync (\u001b[22mnode_modules/@babel/core/src/config/index.ts\u001b[2m:50:60)\u001b[22m\n      \u001b[2mat loadPartialConfigSync (\u001b[22mnode_modules/@babel/core/src/config/index.ts\u001b[2m:69:14)\u001b[22m\n      \u001b[2mat ScriptTransformer._getCacheKey (\u001b[22mnode_modules/@jest/transform/build/ScriptTransformer.js\u001b[2m:228:41)\u001b[22m\n      \u001b[2mat ScriptTransformer._getFileCachePath (\u001b[22mnode_modules/@jest/transform/build/ScriptTransformer.js\u001b[2m:289:27)\u001b[22m\n      \u001b[2mat ScriptTransformer.transformSource (\u001b[22mnode_modules/@jest/transform/build/ScriptTransformer.js\u001b[2m:525:32)\u001b[22m\n      \u001b[2mat ScriptTransformer._transformAndBuildScript (\u001b[22mnode_modules/@jest/transform/build/ScriptTransformer.js\u001b[2m:674:40)\u001b[22m\n      \u001b[2mat ScriptTransformer.transform (\u001b[22mnode_modules/@jest/transform/build/ScriptTransformer.js\u001b[2m:726:19)\u001b[22m\n","name":"/Users/yusuketsunoda/Documents/cursor/ppttranslatorapp/tests/components/ui/toast.test.tsx","startTime":1742628669243,"status":"failed","summary":""},{"assertionResults":[],"coverage":{},"endTime":1742628669243,"message":"  \u001b[1m● \u001b[22mTest suite failed to run\n\n    Cannot find module './babel.config.mjs'\n    Require stack:\n    - /Users/yusuketsunoda/Documents/cursor/ppttranslatorapp/node_modules/@babel/core/lib/config/files/configuration.js\n    - /Users/yusuketsunoda/Documents/cursor/ppttranslatorapp/node_modules/@babel/core/lib/config/files/index.js\n    - /Users/yusuketsunoda/Documents/cursor/ppttranslatorapp/node_modules/@babel/core/lib/index.js\n    - /Users/yusuketsunoda/Documents/cursor/ppttranslatorapp/node_modules/jest-snapshot/build/InlineSnapshots.js\n\n      \u001b[2mat loadConfig (\u001b[22mnode_modules/@babel/core/src/config/files/configuration.ts\u001b[2m:315:20)\u001b[22m\n          at loadConfig.next (<anonymous>)\n      \u001b[2mat buildRootChain (\u001b[22mnode_modules/@babel/core/src/config/config-chain.ts\u001b[2m:165:35)\u001b[22m\n          at buildRootChain.next (<anonymous>)\n      \u001b[2mat loadPrivatePartialConfig (\u001b[22mnode_modules/@babel/core/src/config/partial.ts\u001b[2m:111:44)\u001b[22m\n          at loadPrivatePartialConfig.next (<anonymous>)\n      \u001b[2mat loadPrivatePartialConfig (\u001b[22mnode_modules/@babel/core/src/config/partial.ts\u001b[2m:170:12)\u001b[22m\n          at loadPartialConfig.next (<anonymous>)\n      \u001b[2mat evaluateSync (\u001b[22mnode_modules/gensync/index.js\u001b[2m:251:28)\u001b[22m\n      \u001b[2mat sync (\u001b[22mnode_modules/gensync/index.js\u001b[2m:89:14)\u001b[22m\n      \u001b[2mat fn (\u001b[22mnode_modules/@babel/core/src/errors/rewrite-stack-trace.ts\u001b[2m:99:14)\u001b[22m\n      \u001b[2mat loadPartialConfigSync (\u001b[22mnode_modules/@babel/core/src/config/index.ts\u001b[2m:50:60)\u001b[22m\n      \u001b[2mat loadPartialConfigSync (\u001b[22mnode_modules/@babel/core/src/config/index.ts\u001b[2m:69:14)\u001b[22m\n      \u001b[2mat ScriptTransformer._getCacheKey (\u001b[22mnode_modules/@jest/transform/build/ScriptTransformer.js\u001b[2m:228:41)\u001b[22m\n      \u001b[2mat ScriptTransformer._getFileCachePath (\u001b[22mnode_modules/@jest/transform/build/ScriptTransformer.js\u001b[2m:289:27)\u001b[22m\n      \u001b[2mat ScriptTransformer.transformSource (\u001b[22mnode_modules/@jest/transform/build/ScriptTransformer.js\u001b[2m:525:32)\u001b[22m\n      \u001b[2mat ScriptTransformer._transformAndBuildScript (\u001b[22mnode_modules/@jest/transform/build/ScriptTransformer.js\u001b[2m:674:40)\u001b[22m\n      \u001b[2mat ScriptTransformer.transform (\u001b[22mnode_modules/@jest/transform/build/ScriptTransformer.js\u001b[2m:726:19)\u001b[22m\n","name":"/Users/yusuketsunoda/Documents/cursor/ppttranslatorapp/tests/components/ui/switch.test.tsx","startTime":1742628669243,"status":"failed","summary":""},{"assertionResults":[],"coverage":{},"endTime":1742628669243,"message":"  \u001b[1m● \u001b[22mTest suite failed to run\n\n    Cannot find module './babel.config.mjs'\n    Require stack:\n    - /Users/yusuketsunoda/Documents/cursor/ppttranslatorapp/node_modules/@babel/core/lib/config/files/configuration.js\n    - /Users/yusuketsunoda/Documents/cursor/ppttranslatorapp/node_modules/@babel/core/lib/config/files/index.js\n    - /Users/yusuketsunoda/Documents/cursor/ppttranslatorapp/node_modules/@babel/core/lib/index.js\n    - /Users/yusuketsunoda/Documents/cursor/ppttranslatorapp/node_modules/jest-snapshot/build/InlineSnapshots.js\n\n      \u001b[2mat loadConfig (\u001b[22mnode_modules/@babel/core/src/config/files/configuration.ts\u001b[2m:315:20)\u001b[22m\n          at loadConfig.next (<anonymous>)\n      \u001b[2mat buildRootChain (\u001b[22mnode_modules/@babel/core/src/config/config-chain.ts\u001b[2m:165:35)\u001b[22m\n          at buildRootChain.next (<anonymous>)\n      \u001b[2mat loadPrivatePartialConfig (\u001b[22mnode_modules/@babel/core/src/config/partial.ts\u001b[2m:111:44)\u001b[22m\n          at loadPrivatePartialConfig.next (<anonymous>)\n      \u001b[2mat loadPrivatePartialConfig (\u001b[22mnode_modules/@babel/core/src/config/partial.ts\u001b[2m:170:12)\u001b[22m\n          at loadPartialConfig.next (<anonymous>)\n      \u001b[2mat evaluateSync (\u001b[22mnode_modules/gensync/index.js\u001b[2m:251:28)\u001b[22m\n      \u001b[2mat sync (\u001b[22mnode_modules/gensync/index.js\u001b[2m:89:14)\u001b[22m\n      \u001b[2mat fn (\u001b[22mnode_modules/@babel/core/src/errors/rewrite-stack-trace.ts\u001b[2m:99:14)\u001b[22m\n      \u001b[2mat loadPartialConfigSync (\u001b[22mnode_modules/@babel/core/src/config/index.ts\u001b[2m:50:60)\u001b[22m\n      \u001b[2mat loadPartialConfigSync (\u001b[22mnode_modules/@babel/core/src/config/index.ts\u001b[2m:69:14)\u001b[22m\n      \u001b[2mat ScriptTransformer._getCacheKey (\u001b[22mnode_modules/@jest/transform/build/ScriptTransformer.js\u001b[2m:228:41)\u001b[22m\n      \u001b[2mat ScriptTransformer._getFileCachePath (\u001b[22mnode_modules/@jest/transform/build/ScriptTransformer.js\u001b[2m:289:27)\u001b[22m\n      \u001b[2mat ScriptTransformer.transformSource (\u001b[22mnode_modules/@jest/transform/build/ScriptTransformer.js\u001b[2m:525:32)\u001b[22m\n      \u001b[2mat ScriptTransformer._transformAndBuildScript (\u001b[22mnode_modules/@jest/transform/build/ScriptTransformer.js\u001b[2m:674:40)\u001b[22m\n      \u001b[2mat ScriptTransformer.transform (\u001b[22mnode_modules/@jest/transform/build/ScriptTransformer.js\u001b[2m:726:19)\u001b[22m\n","name":"/Users/yusuketsunoda/Documents/cursor/ppttranslatorapp/tests/app/translate/components/PreviewSection.test.tsx","startTime":1742628669243,"status":"failed","summary":""},{"assertionResults":[],"coverage":{},"endTime":1742628669243,"message":"  \u001b[1m● \u001b[22mTest suite failed to run\n\n    Cannot find module './babel.config.mjs'\n    Require stack:\n    - /Users/yusuketsunoda/Documents/cursor/ppttranslatorapp/node_modules/@babel/core/lib/config/files/configuration.js\n    - /Users/yusuketsunoda/Documents/cursor/ppttranslatorapp/node_modules/@babel/core/lib/config/files/index.js\n    - /Users/yusuketsunoda/Documents/cursor/ppttranslatorapp/node_modules/@babel/core/lib/index.js\n    - /Users/yusuketsunoda/Documents/cursor/ppttranslatorapp/node_modules/jest-snapshot/build/InlineSnapshots.js\n\n      \u001b[2mat loadConfig (\u001b[22mnode_modules/@babel/core/src/config/files/configuration.ts\u001b[2m:315:20)\u001b[22m\n          at loadConfig.next (<anonymous>)\n      \u001b[2mat buildRootChain (\u001b[22mnode_modules/@babel/core/src/config/config-chain.ts\u001b[2m:165:35)\u001b[22m\n          at buildRootChain.next (<anonymous>)\n      \u001b[2mat loadPrivatePartialConfig (\u001b[22mnode_modules/@babel/core/src/config/partial.ts\u001b[2m:111:44)\u001b[22m\n          at loadPrivatePartialConfig.next (<anonymous>)\n      \u001b[2mat loadPrivatePartialConfig (\u001b[22mnode_modules/@babel/core/src/config/partial.ts\u001b[2m:170:12)\u001b[22m\n          at loadPartialConfig.next (<anonymous>)\n      \u001b[2mat evaluateSync (\u001b[22mnode_modules/gensync/index.js\u001b[2m:251:28)\u001b[22m\n      \u001b[2mat sync (\u001b[22mnode_modules/gensync/index.js\u001b[2m:89:14)\u001b[22m\n      \u001b[2mat fn (\u001b[22mnode_modules/@babel/core/src/errors/rewrite-stack-trace.ts\u001b[2m:99:14)\u001b[22m\n      \u001b[2mat loadPartialConfigSync (\u001b[22mnode_modules/@babel/core/src/config/index.ts\u001b[2m:50:60)\u001b[22m\n      \u001b[2mat loadPartialConfigSync (\u001b[22mnode_modules/@babel/core/src/config/index.ts\u001b[2m:69:14)\u001b[22m\n      \u001b[2mat ScriptTransformer._getCacheKey (\u001b[22mnode_modules/@jest/transform/build/ScriptTransformer.js\u001b[2m:228:41)\u001b[22m\n      \u001b[2mat ScriptTransformer._getFileCachePath (\u001b[22mnode_modules/@jest/transform/build/ScriptTransformer.js\u001b[2m:289:27)\u001b[22m\n      \u001b[2mat ScriptTransformer.transformSource (\u001b[22mnode_modules/@jest/transform/build/ScriptTransformer.js\u001b[2m:525:32)\u001b[22m\n      \u001b[2mat ScriptTransformer._transformAndBuildScript (\u001b[22mnode_modules/@jest/transform/build/ScriptTransformer.js\u001b[2m:674:40)\u001b[22m\n      \u001b[2mat ScriptTransformer.transform (\u001b[22mnode_modules/@jest/transform/build/ScriptTransformer.js\u001b[2m:726:19)\u001b[22m\n","name":"/Users/yusuketsunoda/Documents/cursor/ppttranslatorapp/tests/components/ui/use-toast.test.tsx","startTime":1742628669243,"status":"failed","summary":""},{"assertionResults":[],"coverage":{},"endTime":1742628669243,"message":"  \u001b[1m● \u001b[22mTest suite failed to run\n\n    Cannot find module './babel.config.mjs'\n    Require stack:\n    - /Users/yusuketsunoda/Documents/cursor/ppttranslatorapp/node_modules/@babel/core/lib/config/files/configuration.js\n    - /Users/yusuketsunoda/Documents/cursor/ppttranslatorapp/node_modules/@babel/core/lib/config/files/index.js\n    - /Users/yusuketsunoda/Documents/cursor/ppttranslatorapp/node_modules/@babel/core/lib/index.js\n    - /Users/yusuketsunoda/Documents/cursor/ppttranslatorapp/node_modules/jest-snapshot/build/InlineSnapshots.js\n\n      \u001b[2mat loadConfig (\u001b[22mnode_modules/@babel/core/src/config/files/configuration.ts\u001b[2m:315:20)\u001b[22m\n          at loadConfig.next (<anonymous>)\n      \u001b[2mat buildRootChain (\u001b[22mnode_modules/@babel/core/src/config/config-chain.ts\u001b[2m:165:35)\u001b[22m\n          at buildRootChain.next (<anonymous>)\n      \u001b[2mat loadPrivatePartialConfig (\u001b[22mnode_modules/@babel/core/src/config/partial.ts\u001b[2m:111:44)\u001b[22m\n          at loadPrivatePartialConfig.next (<anonymous>)\n      \u001b[2mat loadPrivatePartialConfig (\u001b[22mnode_modules/@babel/core/src/config/partial.ts\u001b[2m:170:12)\u001b[22m\n          at loadPartialConfig.next (<anonymous>)\n      \u001b[2mat evaluateSync (\u001b[22mnode_modules/gensync/index.js\u001b[2m:251:28)\u001b[22m\n      \u001b[2mat sync (\u001b[22mnode_modules/gensync/index.js\u001b[2m:89:14)\u001b[22m\n      \u001b[2mat fn (\u001b[22mnode_modules/@babel/core/src/errors/rewrite-stack-trace.ts\u001b[2m:99:14)\u001b[22m\n      \u001b[2mat loadPartialConfigSync (\u001b[22mnode_modules/@babel/core/src/config/index.ts\u001b[2m:50:60)\u001b[22m\n      \u001b[2mat loadPartialConfigSync (\u001b[22mnode_modules/@babel/core/src/config/index.ts\u001b[2m:69:14)\u001b[22m\n      \u001b[2mat ScriptTransformer._getCacheKey (\u001b[22mnode_modules/@jest/transform/build/ScriptTransformer.js\u001b[2m:228:41)\u001b[22m\n      \u001b[2mat ScriptTransformer._getFileCachePath (\u001b[22mnode_modules/@jest/transform/build/ScriptTransformer.js\u001b[2m:289:27)\u001b[22m\n      \u001b[2mat ScriptTransformer.transformSource (\u001b[22mnode_modules/@jest/transform/build/ScriptTransformer.js\u001b[2m:525:32)\u001b[22m\n      \u001b[2mat ScriptTransformer._transformAndBuildScript (\u001b[22mnode_modules/@jest/transform/build/ScriptTransformer.js\u001b[2m:674:40)\u001b[22m\n      \u001b[2mat ScriptTransformer.transform (\u001b[22mnode_modules/@jest/transform/build/ScriptTransformer.js\u001b[2m:726:19)\u001b[22m\n","name":"/Users/yusuketsunoda/Documents/cursor/ppttranslatorapp/tests/lib/pptx/parser.test.ts","startTime":1742628669243,"status":"failed","summary":""},{"assertionResults":[],"coverage":{},"endTime":1742628669243,"message":"  \u001b[1m● \u001b[22mTest suite failed to run\n\n    Cannot find module './babel.config.mjs'\n    Require stack:\n    - /Users/yusuketsunoda/Documents/cursor/ppttranslatorapp/node_modules/@babel/core/lib/config/files/configuration.js\n    - /Users/yusuketsunoda/Documents/cursor/ppttranslatorapp/node_modules/@babel/core/lib/config/files/index.js\n    - /Users/yusuketsunoda/Documents/cursor/ppttranslatorapp/node_modules/@babel/core/lib/index.js\n    - /Users/yusuketsunoda/Documents/cursor/ppttranslatorapp/node_modules/jest-snapshot/build/InlineSnapshots.js\n\n      \u001b[2mat loadConfig (\u001b[22mnode_modules/@babel/core/src/config/files/configuration.ts\u001b[2m:315:20)\u001b[22m\n          at loadConfig.next (<anonymous>)\n      \u001b[2mat buildRootChain (\u001b[22mnode_modules/@babel/core/src/config/config-chain.ts\u001b[2m:165:35)\u001b[22m\n          at buildRootChain.next (<anonymous>)\n      \u001b[2mat loadPrivatePartialConfig (\u001b[22mnode_modules/@babel/core/src/config/partial.ts\u001b[2m:111:44)\u001b[22m\n          at loadPrivatePartialConfig.next (<anonymous>)\n      \u001b[2mat loadPrivatePartialConfig (\u001b[22mnode_modules/@babel/core/src/config/partial.ts\u001b[2m:170:12)\u001b[22m\n          at loadPartialConfig.next (<anonymous>)\n      \u001b[2mat evaluateSync (\u001b[22mnode_modules/gensync/index.js\u001b[2m:251:28)\u001b[22m\n      \u001b[2mat sync (\u001b[22mnode_modules/gensync/index.js\u001b[2m:89:14)\u001b[22m\n      \u001b[2mat fn (\u001b[22mnode_modules/@babel/core/src/errors/rewrite-stack-trace.ts\u001b[2m:99:14)\u001b[22m\n      \u001b[2mat loadPartialConfigSync (\u001b[22mnode_modules/@babel/core/src/config/index.ts\u001b[2m:50:60)\u001b[22m\n      \u001b[2mat loadPartialConfigSync (\u001b[22mnode_modules/@babel/core/src/config/index.ts\u001b[2m:69:14)\u001b[22m\n      \u001b[2mat ScriptTransformer._getCacheKey (\u001b[22mnode_modules/@jest/transform/build/ScriptTransformer.js\u001b[2m:228:41)\u001b[22m\n      \u001b[2mat ScriptTransformer._getFileCachePath (\u001b[22mnode_modules/@jest/transform/build/ScriptTransformer.js\u001b[2m:289:27)\u001b[22m\n      \u001b[2mat ScriptTransformer.transformSource (\u001b[22mnode_modules/@jest/transform/build/ScriptTransformer.js\u001b[2m:525:32)\u001b[22m\n      \u001b[2mat ScriptTransformer._transformAndBuildScript (\u001b[22mnode_modules/@jest/transform/build/ScriptTransformer.js\u001b[2m:674:40)\u001b[22m\n      \u001b[2mat ScriptTransformer.transform (\u001b[22mnode_modules/@jest/transform/build/ScriptTransformer.js\u001b[2m:726:19)\u001b[22m\n","name":"/Users/yusuketsunoda/Documents/cursor/ppttranslatorapp/tests/app/translate/components/FileUpload.test.tsx","startTime":1742628669243,"status":"failed","summary":""},{"assertionResults":[],"coverage":{},"endTime":1742628669243,"message":"  \u001b[1m● \u001b[22mTest suite failed to run\n\n    Cannot find module './babel.config.mjs'\n    Require stack:\n    - /Users/yusuketsunoda/Documents/cursor/ppttranslatorapp/node_modules/@babel/core/lib/config/files/configuration.js\n    - /Users/yusuketsunoda/Documents/cursor/ppttranslatorapp/node_modules/@babel/core/lib/config/files/index.js\n    - /Users/yusuketsunoda/Documents/cursor/ppttranslatorapp/node_modules/@babel/core/lib/index.js\n    - /Users/yusuketsunoda/Documents/cursor/ppttranslatorapp/node_modules/jest-snapshot/build/InlineSnapshots.js\n\n      \u001b[2mat loadConfig (\u001b[22mnode_modules/@babel/core/src/config/files/configuration.ts\u001b[2m:315:20)\u001b[22m\n          at loadConfig.next (<anonymous>)\n      \u001b[2mat buildRootChain (\u001b[22mnode_modules/@babel/core/src/config/config-chain.ts\u001b[2m:165:35)\u001b[22m\n          at buildRootChain.next (<anonymous>)\n      \u001b[2mat loadPrivatePartialConfig (\u001b[22mnode_modules/@babel/core/src/config/partial.ts\u001b[2m:111:44)\u001b[22m\n          at loadPrivatePartialConfig.next (<anonymous>)\n      \u001b[2mat loadPrivatePartialConfig (\u001b[22mnode_modules/@babel/core/src/config/partial.ts\u001b[2m:170:12)\u001b[22m\n          at loadPartialConfig.next (<anonymous>)\n      \u001b[2mat evaluateSync (\u001b[22mnode_modules/gensync/index.js\u001b[2m:251:28)\u001b[22m\n      \u001b[2mat sync (\u001b[22mnode_modules/gensync/index.js\u001b[2m:89:14)\u001b[22m\n      \u001b[2mat fn (\u001b[22mnode_modules/@babel/core/src/errors/rewrite-stack-trace.ts\u001b[2m:99:14)\u001b[22m\n      \u001b[2mat loadPartialConfigSync (\u001b[22mnode_modules/@babel/core/src/config/index.ts\u001b[2m:50:60)\u001b[22m\n      \u001b[2mat loadPartialConfigSync (\u001b[22mnode_modules/@babel/core/src/config/index.ts\u001b[2m:69:14)\u001b[22m\n      \u001b[2mat ScriptTransformer._getCacheKey (\u001b[22mnode_modules/@jest/transform/build/ScriptTransformer.js\u001b[2m:228:41)\u001b[22m\n      \u001b[2mat ScriptTransformer._getFileCachePath (\u001b[22mnode_modules/@jest/transform/build/ScriptTransformer.js\u001b[2m:289:27)\u001b[22m\n      \u001b[2mat ScriptTransformer.transformSource (\u001b[22mnode_modules/@jest/transform/build/ScriptTransformer.js\u001b[2m:525:32)\u001b[22m\n      \u001b[2mat ScriptTransformer._transformAndBuildScript (\u001b[22mnode_modules/@jest/transform/build/ScriptTransformer.js\u001b[2m:674:40)\u001b[22m\n      \u001b[2mat ScriptTransformer.transform (\u001b[22mnode_modules/@jest/transform/build/ScriptTransformer.js\u001b[2m:726:19)\u001b[22m\n","name":"/Users/yusuketsunoda/Documents/cursor/ppttranslatorapp/tests/components/ui/dropdown-menu.test.tsx","startTime":1742628669243,"status":"failed","summary":""},{"assertionResults":[],"coverage":{},"endTime":1742628669243,"message":"  \u001b[1m● \u001b[22mTest suite failed to run\n\n    Cannot find module './babel.config.mjs'\n    Require stack:\n    - /Users/yusuketsunoda/Documents/cursor/ppttranslatorapp/node_modules/@babel/core/lib/config/files/configuration.js\n    - /Users/yusuketsunoda/Documents/cursor/ppttranslatorapp/node_modules/@babel/core/lib/config/files/index.js\n    - /Users/yusuketsunoda/Documents/cursor/ppttranslatorapp/node_modules/@babel/core/lib/index.js\n    - /Users/yusuketsunoda/Documents/cursor/ppttranslatorapp/node_modules/jest-snapshot/build/InlineSnapshots.js\n\n      \u001b[2mat loadConfig (\u001b[22mnode_modules/@babel/core/src/config/files/configuration.ts\u001b[2m:315:20)\u001b[22m\n          at loadConfig.next (<anonymous>)\n      \u001b[2mat buildRootChain (\u001b[22mnode_modules/@babel/core/src/config/config-chain.ts\u001b[2m:165:35)\u001b[22m\n          at buildRootChain.next (<anonymous>)\n      \u001b[2mat loadPrivatePartialConfig (\u001b[22mnode_modules/@babel/core/src/config/partial.ts\u001b[2m:111:44)\u001b[22m\n          at loadPrivatePartialConfig.next (<anonymous>)\n      \u001b[2mat loadPrivatePartialConfig (\u001b[22mnode_modules/@babel/core/src/config/partial.ts\u001b[2m:170:12)\u001b[22m\n          at loadPartialConfig.next (<anonymous>)\n      \u001b[2mat evaluateSync (\u001b[22mnode_modules/gensync/index.js\u001b[2m:251:28)\u001b[22m\n      \u001b[2mat sync (\u001b[22mnode_modules/gensync/index.js\u001b[2m:89:14)\u001b[22m\n      \u001b[2mat fn (\u001b[22mnode_modules/@babel/core/src/errors/rewrite-stack-trace.ts\u001b[2m:99:14)\u001b[22m\n      \u001b[2mat loadPartialConfigSync (\u001b[22mnode_modules/@babel/core/src/config/index.ts\u001b[2m:50:60)\u001b[22m\n      \u001b[2mat loadPartialConfigSync (\u001b[22mnode_modules/@babel/core/src/config/index.ts\u001b[2m:69:14)\u001b[22m\n      \u001b[2mat ScriptTransformer._getCacheKey (\u001b[22mnode_modules/@jest/transform/build/ScriptTransformer.js\u001b[2m:228:41)\u001b[22m\n      \u001b[2mat ScriptTransformer._getFileCachePath (\u001b[22mnode_modules/@jest/transform/build/ScriptTransformer.js\u001b[2m:289:27)\u001b[22m\n      \u001b[2mat ScriptTransformer.transformSource (\u001b[22mnode_modules/@jest/transform/build/ScriptTransformer.js\u001b[2m:525:32)\u001b[22m\n      \u001b[2mat ScriptTransformer._transformAndBuildScript (\u001b[22mnode_modules/@jest/transform/build/ScriptTransformer.js\u001b[2m:674:40)\u001b[22m\n      \u001b[2mat ScriptTransformer.transform (\u001b[22mnode_modules/@jest/transform/build/ScriptTransformer.js\u001b[2m:726:19)\u001b[22m\n","name":"/Users/yusuketsunoda/Documents/cursor/ppttranslatorapp/tests/lib/utils/file-utils.test.ts","startTime":1742628669243,"status":"failed","summary":""},{"assertionResults":[],"coverage":{},"endTime":1742628669243,"message":"  \u001b[1m● \u001b[22mTest suite failed to run\n\n    Cannot find module './babel.config.mjs'\n    Require stack:\n    - /Users/yusuketsunoda/Documents/cursor/ppttranslatorapp/node_modules/@babel/core/lib/config/files/configuration.js\n    - /Users/yusuketsunoda/Documents/cursor/ppttranslatorapp/node_modules/@babel/core/lib/config/files/index.js\n    - /Users/yusuketsunoda/Documents/cursor/ppttranslatorapp/node_modules/@babel/core/lib/index.js\n    - /Users/yusuketsunoda/Documents/cursor/ppttranslatorapp/node_modules/jest-snapshot/build/InlineSnapshots.js\n\n      \u001b[2mat loadConfig (\u001b[22mnode_modules/@babel/core/src/config/files/configuration.ts\u001b[2m:315:20)\u001b[22m\n          at loadConfig.next (<anonymous>)\n      \u001b[2mat buildRootChain (\u001b[22mnode_modules/@babel/core/src/config/config-chain.ts\u001b[2m:165:35)\u001b[22m\n          at buildRootChain.next (<anonymous>)\n      \u001b[2mat loadPrivatePartialConfig (\u001b[22mnode_modules/@babel/core/src/config/partial.ts\u001b[2m:111:44)\u001b[22m\n          at loadPrivatePartialConfig.next (<anonymous>)\n      \u001b[2mat loadPrivatePartialConfig (\u001b[22mnode_modules/@babel/core/src/config/partial.ts\u001b[2m:170:12)\u001b[22m\n          at loadPartialConfig.next (<anonymous>)\n      \u001b[2mat evaluateSync (\u001b[22mnode_modules/gensync/index.js\u001b[2m:251:28)\u001b[22m\n      \u001b[2mat sync (\u001b[22mnode_modules/gensync/index.js\u001b[2m:89:14)\u001b[22m\n      \u001b[2mat fn (\u001b[22mnode_modules/@babel/core/src/errors/rewrite-stack-trace.ts\u001b[2m:99:14)\u001b[22m\n      \u001b[2mat loadPartialConfigSync (\u001b[22mnode_modules/@babel/core/src/config/index.ts\u001b[2m:50:60)\u001b[22m\n      \u001b[2mat loadPartialConfigSync (\u001b[22mnode_modules/@babel/core/src/config/index.ts\u001b[2m:69:14)\u001b[22m\n      \u001b[2mat ScriptTransformer._getCacheKey (\u001b[22mnode_modules/@jest/transform/build/ScriptTransformer.js\u001b[2m:228:41)\u001b[22m\n      \u001b[2mat ScriptTransformer._getFileCachePath (\u001b[22mnode_modules/@jest/transform/build/ScriptTransformer.js\u001b[2m:289:27)\u001b[22m\n      \u001b[2mat ScriptTransformer.transformSource (\u001b[22mnode_modules/@jest/transform/build/ScriptTransformer.js\u001b[2m:525:32)\u001b[22m\n      \u001b[2mat ScriptTransformer._transformAndBuildScript (\u001b[22mnode_modules/@jest/transform/build/ScriptTransformer.js\u001b[2m:674:40)\u001b[22m\n      \u001b[2mat ScriptTransformer.transform (\u001b[22mnode_modules/@jest/transform/build/ScriptTransformer.js\u001b[2m:726:19)\u001b[22m\n","name":"/Users/yusuketsunoda/Documents/cursor/ppttranslatorapp/tests/components/ui/label.test.tsx","startTime":1742628669243,"status":"failed","summary":""},{"assertionResults":[],"coverage":{},"endTime":1742628669243,"message":"  \u001b[1m● \u001b[22mTest suite failed to run\n\n    Cannot find module './babel.config.mjs'\n    Require stack:\n    - /Users/yusuketsunoda/Documents/cursor/ppttranslatorapp/node_modules/@babel/core/lib/config/files/configuration.js\n    - /Users/yusuketsunoda/Documents/cursor/ppttranslatorapp/node_modules/@babel/core/lib/config/files/index.js\n    - /Users/yusuketsunoda/Documents/cursor/ppttranslatorapp/node_modules/@babel/core/lib/index.js\n    - /Users/yusuketsunoda/Documents/cursor/ppttranslatorapp/node_modules/jest-snapshot/build/InlineSnapshots.js\n\n      \u001b[2mat loadConfig (\u001b[22mnode_modules/@babel/core/src/config/files/configuration.ts\u001b[2m:315:20)\u001b[22m\n          at loadConfig.next (<anonymous>)\n      \u001b[2mat buildRootChain (\u001b[22mnode_modules/@babel/core/src/config/config-chain.ts\u001b[2m:165:35)\u001b[22m\n          at buildRootChain.next (<anonymous>)\n      \u001b[2mat loadPrivatePartialConfig (\u001b[22mnode_modules/@babel/core/src/config/partial.ts\u001b[2m:111:44)\u001b[22m\n          at loadPrivatePartialConfig.next (<anonymous>)\n      \u001b[2mat loadPrivatePartialConfig (\u001b[22mnode_modules/@babel/core/src/config/partial.ts\u001b[2m:170:12)\u001b[22m\n          at loadPartialConfig.next (<anonymous>)\n      \u001b[2mat evaluateSync (\u001b[22mnode_modules/gensync/index.js\u001b[2m:251:28)\u001b[22m\n      \u001b[2mat sync (\u001b[22mnode_modules/gensync/index.js\u001b[2m:89:14)\u001b[22m\n      \u001b[2mat fn (\u001b[22mnode_modules/@babel/core/src/errors/rewrite-stack-trace.ts\u001b[2m:99:14)\u001b[22m\n      \u001b[2mat loadPartialConfigSync (\u001b[22mnode_modules/@babel/core/src/config/index.ts\u001b[2m:50:60)\u001b[22m\n      \u001b[2mat loadPartialConfigSync (\u001b[22mnode_modules/@babel/core/src/config/index.ts\u001b[2m:69:14)\u001b[22m\n      \u001b[2mat ScriptTransformer._getCacheKey (\u001b[22mnode_modules/@jest/transform/build/ScriptTransformer.js\u001b[2m:228:41)\u001b[22m\n      \u001b[2mat ScriptTransformer._getFileCachePath (\u001b[22mnode_modules/@jest/transform/build/ScriptTransformer.js\u001b[2m:289:27)\u001b[22m\n      \u001b[2mat ScriptTransformer.transformSource (\u001b[22mnode_modules/@jest/transform/build/ScriptTransformer.js\u001b[2m:525:32)\u001b[22m\n      \u001b[2mat ScriptTransformer._transformAndBuildScript (\u001b[22mnode_modules/@jest/transform/build/ScriptTransformer.js\u001b[2m:674:40)\u001b[22m\n      \u001b[2mat ScriptTransformer.transform (\u001b[22mnode_modules/@jest/transform/build/ScriptTransformer.js\u001b[2m:726:19)\u001b[22m\n","name":"/Users/yusuketsunoda/Documents/cursor/ppttranslatorapp/tests/lib/auth/session.test.tsx","startTime":1742628669243,"status":"failed","summary":""},{"assertionResults":[],"coverage":{},"endTime":1742628669243,"message":"  \u001b[1m● \u001b[22mTest suite failed to run\n\n    Cannot find module './babel.config.mjs'\n    Require stack:\n    - /Users/yusuketsunoda/Documents/cursor/ppttranslatorapp/node_modules/@babel/core/lib/config/files/configuration.js\n    - /Users/yusuketsunoda/Documents/cursor/ppttranslatorapp/node_modules/@babel/core/lib/config/files/index.js\n    - /Users/yusuketsunoda/Documents/cursor/ppttranslatorapp/node_modules/@babel/core/lib/index.js\n    - /Users/yusuketsunoda/Documents/cursor/ppttranslatorapp/node_modules/jest-snapshot/build/InlineSnapshots.js\n\n      \u001b[2mat loadConfig (\u001b[22mnode_modules/@babel/core/src/config/files/configuration.ts\u001b[2m:315:20)\u001b[22m\n          at loadConfig.next (<anonymous>)\n      \u001b[2mat buildRootChain (\u001b[22mnode_modules/@babel/core/src/config/config-chain.ts\u001b[2m:165:35)\u001b[22m\n          at buildRootChain.next (<anonymous>)\n      \u001b[2mat loadPrivatePartialConfig (\u001b[22mnode_modules/@babel/core/src/config/partial.ts\u001b[2m:111:44)\u001b[22m\n          at loadPrivatePartialConfig.next (<anonymous>)\n      \u001b[2mat loadPrivatePartialConfig (\u001b[22mnode_modules/@babel/core/src/config/partial.ts\u001b[2m:170:12)\u001b[22m\n          at loadPartialConfig.next (<anonymous>)\n      \u001b[2mat evaluateSync (\u001b[22mnode_modules/gensync/index.js\u001b[2m:251:28)\u001b[22m\n      \u001b[2mat sync (\u001b[22mnode_modules/gensync/index.js\u001b[2m:89:14)\u001b[22m\n      \u001b[2mat fn (\u001b[22mnode_modules/@babel/core/src/errors/rewrite-stack-trace.ts\u001b[2m:99:14)\u001b[22m\n      \u001b[2mat loadPartialConfigSync (\u001b[22mnode_modules/@babel/core/src/config/index.ts\u001b[2m:50:60)\u001b[22m\n      \u001b[2mat loadPartialConfigSync (\u001b[22mnode_modules/@babel/core/src/config/index.ts\u001b[2m:69:14)\u001b[22m\n      \u001b[2mat ScriptTransformer._getCacheKey (\u001b[22mnode_modules/@jest/transform/build/ScriptTransformer.js\u001b[2m:228:41)\u001b[22m\n      \u001b[2mat ScriptTransformer._getFileCachePath (\u001b[22mnode_modules/@jest/transform/build/ScriptTransformer.js\u001b[2m:289:27)\u001b[22m\n      \u001b[2mat ScriptTransformer.transformSource (\u001b[22mnode_modules/@jest/transform/build/ScriptTransformer.js\u001b[2m:525:32)\u001b[22m\n      \u001b[2mat ScriptTransformer._transformAndBuildScript (\u001b[22mnode_modules/@jest/transform/build/ScriptTransformer.js\u001b[2m:674:40)\u001b[22m\n      \u001b[2mat ScriptTransformer.transform (\u001b[22mnode_modules/@jest/transform/build/ScriptTransformer.js\u001b[2m:726:19)\u001b[22m\n","name":"/Users/yusuketsunoda/Documents/cursor/ppttranslatorapp/tests/components/ui/card.test.tsx","startTime":1742628669243,"status":"failed","summary":""},{"assertionResults":[],"coverage":{},"endTime":1742628669243,"message":"  \u001b[1m● \u001b[22mTest suite failed to run\n\n    Cannot find module './babel.config.mjs'\n    Require stack:\n    - /Users/yusuketsunoda/Documents/cursor/ppttranslatorapp/node_modules/@babel/core/lib/config/files/configuration.js\n    - /Users/yusuketsunoda/Documents/cursor/ppttranslatorapp/node_modules/@babel/core/lib/config/files/index.js\n    - /Users/yusuketsunoda/Documents/cursor/ppttranslatorapp/node_modules/@babel/core/lib/index.js\n    - /Users/yusuketsunoda/Documents/cursor/ppttranslatorapp/node_modules/jest-snapshot/build/InlineSnapshots.js\n\n      \u001b[2mat loadConfig (\u001b[22mnode_modules/@babel/core/src/config/files/configuration.ts\u001b[2m:315:20)\u001b[22m\n          at loadConfig.next (<anonymous>)\n      \u001b[2mat buildRootChain (\u001b[22mnode_modules/@babel/core/src/config/config-chain.ts\u001b[2m:165:35)\u001b[22m\n          at buildRootChain.next (<anonymous>)\n      \u001b[2mat loadPrivatePartialConfig (\u001b[22mnode_modules/@babel/core/src/config/partial.ts\u001b[2m:111:44)\u001b[22m\n          at loadPrivatePartialConfig.next (<anonymous>)\n      \u001b[2mat loadPrivatePartialConfig (\u001b[22mnode_modules/@babel/core/src/config/partial.ts\u001b[2m:170:12)\u001b[22m\n          at loadPartialConfig.next (<anonymous>)\n      \u001b[2mat evaluateSync (\u001b[22mnode_modules/gensync/index.js\u001b[2m:251:28)\u001b[22m\n      \u001b[2mat sync (\u001b[22mnode_modules/gensync/index.js\u001b[2m:89:14)\u001b[22m\n      \u001b[2mat fn (\u001b[22mnode_modules/@babel/core/src/errors/rewrite-stack-trace.ts\u001b[2m:99:14)\u001b[22m\n      \u001b[2mat loadPartialConfigSync (\u001b[22mnode_modules/@babel/core/src/config/index.ts\u001b[2m:50:60)\u001b[22m\n      \u001b[2mat loadPartialConfigSync (\u001b[22mnode_modules/@babel/core/src/config/index.ts\u001b[2m:69:14)\u001b[22m\n      \u001b[2mat ScriptTransformer._getCacheKey (\u001b[22mnode_modules/@jest/transform/build/ScriptTransformer.js\u001b[2m:228:41)\u001b[22m\n      \u001b[2mat ScriptTransformer._getFileCachePath (\u001b[22mnode_modules/@jest/transform/build/ScriptTransformer.js\u001b[2m:289:27)\u001b[22m\n      \u001b[2mat ScriptTransformer.transformSource (\u001b[22mnode_modules/@jest/transform/build/ScriptTransformer.js\u001b[2m:525:32)\u001b[22m\n      \u001b[2mat ScriptTransformer._transformAndBuildScript (\u001b[22mnode_modules/@jest/transform/build/ScriptTransformer.js\u001b[2m:674:40)\u001b[22m\n      \u001b[2mat ScriptTransformer.transform (\u001b[22mnode_modules/@jest/transform/build/ScriptTransformer.js\u001b[2m:726:19)\u001b[22m\n","name":"/Users/yusuketsunoda/Documents/cursor/ppttranslatorapp/tests/components/ui/button.test.tsx","startTime":1742628669243,"status":"failed","summary":""},{"assertionResults":[],"coverage":{},"endTime":1742628669243,"message":"  \u001b[1m● \u001b[22mTest suite failed to run\n\n    Cannot find module './babel.config.mjs'\n    Require stack:\n    - /Users/yusuketsunoda/Documents/cursor/ppttranslatorapp/node_modules/@babel/core/lib/config/files/configuration.js\n    - /Users/yusuketsunoda/Documents/cursor/ppttranslatorapp/node_modules/@babel/core/lib/config/files/index.js\n    - /Users/yusuketsunoda/Documents/cursor/ppttranslatorapp/node_modules/@babel/core/lib/index.js\n    - /Users/yusuketsunoda/Documents/cursor/ppttranslatorapp/node_modules/jest-snapshot/build/InlineSnapshots.js\n\n      \u001b[2mat loadConfig (\u001b[22mnode_modules/@babel/core/src/config/files/configuration.ts\u001b[2m:315:20)\u001b[22m\n          at loadConfig.next (<anonymous>)\n      \u001b[2mat buildRootChain (\u001b[22mnode_modules/@babel/core/src/config/config-chain.ts\u001b[2m:165:35)\u001b[22m\n          at buildRootChain.next (<anonymous>)\n      \u001b[2mat loadPrivatePartialConfig (\u001b[22mnode_modules/@babel/core/src/config/partial.ts\u001b[2m:111:44)\u001b[22m\n          at loadPrivatePartialConfig.next (<anonymous>)\n      \u001b[2mat loadPrivatePartialConfig (\u001b[22mnode_modules/@babel/core/src/config/partial.ts\u001b[2m:170:12)\u001b[22m\n          at loadPartialConfig.next (<anonymous>)\n      \u001b[2mat evaluateSync (\u001b[22mnode_modules/gensync/index.js\u001b[2m:251:28)\u001b[22m\n      \u001b[2mat sync (\u001b[22mnode_modules/gensync/index.js\u001b[2m:89:14)\u001b[22m\n      \u001b[2mat fn (\u001b[22mnode_modules/@babel/core/src/errors/rewrite-stack-trace.ts\u001b[2m:99:14)\u001b[22m\n      \u001b[2mat loadPartialConfigSync (\u001b[22mnode_modules/@babel/core/src/config/index.ts\u001b[2m:50:60)\u001b[22m\n      \u001b[2mat loadPartialConfigSync (\u001b[22mnode_modules/@babel/core/src/config/index.ts\u001b[2m:69:14)\u001b[22m\n      \u001b[2mat ScriptTransformer._getCacheKey (\u001b[22mnode_modules/@jest/transform/build/ScriptTransformer.js\u001b[2m:228:41)\u001b[22m\n      \u001b[2mat ScriptTransformer._getFileCachePath (\u001b[22mnode_modules/@jest/transform/build/ScriptTransformer.js\u001b[2m:289:27)\u001b[22m\n      \u001b[2mat ScriptTransformer.transformSource (\u001b[22mnode_modules/@jest/transform/build/ScriptTransformer.js\u001b[2m:525:32)\u001b[22m\n      \u001b[2mat ScriptTransformer._transformAndBuildScript (\u001b[22mnode_modules/@jest/transform/build/ScriptTransformer.js\u001b[2m:674:40)\u001b[22m\n      \u001b[2mat ScriptTransformer.transform (\u001b[22mnode_modules/@jest/transform/build/ScriptTransformer.js\u001b[2m:726:19)\u001b[22m\n","name":"/Users/yusuketsunoda/Documents/cursor/ppttranslatorapp/tests/components/ui/alert.test.tsx","startTime":1742628669243,"status":"failed","summary":""},{"assertionResults":[],"coverage":{},"endTime":1742628669243,"message":"  \u001b[1m● \u001b[22mTest suite failed to run\n\n    Cannot find module './babel.config.mjs'\n    Require stack:\n    - /Users/yusuketsunoda/Documents/cursor/ppttranslatorapp/node_modules/@babel/core/lib/config/files/configuration.js\n    - /Users/yusuketsunoda/Documents/cursor/ppttranslatorapp/node_modules/@babel/core/lib/config/files/index.js\n    - /Users/yusuketsunoda/Documents/cursor/ppttranslatorapp/node_modules/@babel/core/lib/index.js\n    - /Users/yusuketsunoda/Documents/cursor/ppttranslatorapp/node_modules/jest-snapshot/build/InlineSnapshots.js\n\n      \u001b[2mat loadConfig (\u001b[22mnode_modules/@babel/core/src/config/files/configuration.ts\u001b[2m:315:20)\u001b[22m\n          at loadConfig.next (<anonymous>)\n      \u001b[2mat buildRootChain (\u001b[22mnode_modules/@babel/core/src/config/config-chain.ts\u001b[2m:165:35)\u001b[22m\n          at buildRootChain.next (<anonymous>)\n      \u001b[2mat loadPrivatePartialConfig (\u001b[22mnode_modules/@babel/core/src/config/partial.ts\u001b[2m:111:44)\u001b[22m\n          at loadPrivatePartialConfig.next (<anonymous>)\n      \u001b[2mat loadPrivatePartialConfig (\u001b[22mnode_modules/@babel/core/src/config/partial.ts\u001b[2m:170:12)\u001b[22m\n          at loadPartialConfig.next (<anonymous>)\n      \u001b[2mat evaluateSync (\u001b[22mnode_modules/gensync/index.js\u001b[2m:251:28)\u001b[22m\n      \u001b[2mat sync (\u001b[22mnode_modules/gensync/index.js\u001b[2m:89:14)\u001b[22m\n      \u001b[2mat fn (\u001b[22mnode_modules/@babel/core/src/errors/rewrite-stack-trace.ts\u001b[2m:99:14)\u001b[22m\n      \u001b[2mat loadPartialConfigSync (\u001b[22mnode_modules/@babel/core/src/config/index.ts\u001b[2m:50:60)\u001b[22m\n      \u001b[2mat loadPartialConfigSync (\u001b[22mnode_modules/@babel/core/src/config/index.ts\u001b[2m:69:14)\u001b[22m\n      \u001b[2mat ScriptTransformer._getCacheKey (\u001b[22mnode_modules/@jest/transform/build/ScriptTransformer.js\u001b[2m:228:41)\u001b[22m\n      \u001b[2mat ScriptTransformer._getFileCachePath (\u001b[22mnode_modules/@jest/transform/build/ScriptTransformer.js\u001b[2m:289:27)\u001b[22m\n      \u001b[2mat ScriptTransformer.transformSource (\u001b[22mnode_modules/@jest/transform/build/ScriptTransformer.js\u001b[2m:525:32)\u001b[22m\n      \u001b[2mat ScriptTransformer._transformAndBuildScript (\u001b[22mnode_modules/@jest/transform/build/ScriptTransformer.js\u001b[2m:674:40)\u001b[22m\n      \u001b[2mat ScriptTransformer.transform (\u001b[22mnode_modules/@jest/transform/build/ScriptTransformer.js\u001b[2m:726:19)\u001b[22m\n","name":"/Users/yusuketsunoda/Documents/cursor/ppttranslatorapp/tests/components/ui/input.test.tsx","startTime":1742628669243,"status":"failed","summary":""},{"assertionResults":[],"coverage":{},"endTime":1742628669243,"message":"  \u001b[1m● \u001b[22mTest suite failed to run\n\n    Cannot find module './babel.config.mjs'\n    Require stack:\n    - /Users/yusuketsunoda/Documents/cursor/ppttranslatorapp/node_modules/@babel/core/lib/config/files/configuration.js\n    - /Users/yusuketsunoda/Documents/cursor/ppttranslatorapp/node_modules/@babel/core/lib/config/files/index.js\n    - /Users/yusuketsunoda/Documents/cursor/ppttranslatorapp/node_modules/@babel/core/lib/index.js\n    - /Users/yusuketsunoda/Documents/cursor/ppttranslatorapp/node_modules/jest-snapshot/build/InlineSnapshots.js\n\n      \u001b[2mat loadConfig (\u001b[22mnode_modules/@babel/core/src/config/files/configuration.ts\u001b[2m:315:20)\u001b[22m\n          at loadConfig.next (<anonymous>)\n      \u001b[2mat buildRootChain (\u001b[22mnode_modules/@babel/core/src/config/config-chain.ts\u001b[2m:165:35)\u001b[22m\n          at buildRootChain.next (<anonymous>)\n      \u001b[2mat loadPrivatePartialConfig (\u001b[22mnode_modules/@babel/core/src/config/partial.ts\u001b[2m:111:44)\u001b[22m\n          at loadPrivatePartialConfig.next (<anonymous>)\n      \u001b[2mat loadPrivatePartialConfig (\u001b[22mnode_modules/@babel/core/src/config/partial.ts\u001b[2m:170:12)\u001b[22m\n          at loadPartialConfig.next (<anonymous>)\n      \u001b[2mat evaluateSync (\u001b[22mnode_modules/gensync/index.js\u001b[2m:251:28)\u001b[22m\n      \u001b[2mat sync (\u001b[22mnode_modules/gensync/index.js\u001b[2m:89:14)\u001b[22m\n      \u001b[2mat fn (\u001b[22mnode_modules/@babel/core/src/errors/rewrite-stack-trace.ts\u001b[2m:99:14)\u001b[22m\n      \u001b[2mat loadPartialConfigSync (\u001b[22mnode_modules/@babel/core/src/config/index.ts\u001b[2m:50:60)\u001b[22m\n      \u001b[2mat loadPartialConfigSync (\u001b[22mnode_modules/@babel/core/src/config/index.ts\u001b[2m:69:14)\u001b[22m\n      \u001b[2mat ScriptTransformer._getCacheKey (\u001b[22mnode_modules/@jest/transform/build/ScriptTransformer.js\u001b[2m:228:41)\u001b[22m\n      \u001b[2mat ScriptTransformer._getFileCachePath (\u001b[22mnode_modules/@jest/transform/build/ScriptTransformer.js\u001b[2m:289:27)\u001b[22m\n      \u001b[2mat ScriptTransformer.transformSource (\u001b[22mnode_modules/@jest/transform/build/ScriptTransformer.js\u001b[2m:525:32)\u001b[22m\n      \u001b[2mat ScriptTransformer._transformAndBuildScript (\u001b[22mnode_modules/@jest/transform/build/ScriptTransformer.js\u001b[2m:674:40)\u001b[22m\n      \u001b[2mat ScriptTransformer.transform (\u001b[22mnode_modules/@jest/transform/build/ScriptTransformer.js\u001b[2m:726:19)\u001b[22m\n","name":"/Users/yusuketsunoda/Documents/cursor/ppttranslatorapp/tests/components/ui/avatar.test.tsx","startTime":1742628669243,"status":"failed","summary":""},{"assertionResults":[],"coverage":{},"endTime":1742628669243,"message":"  \u001b[1m● \u001b[22mTest suite failed to run\n\n    Cannot find module './babel.config.mjs'\n    Require stack:\n    - /Users/yusuketsunoda/Documents/cursor/ppttranslatorapp/node_modules/@babel/core/lib/config/files/configuration.js\n    - /Users/yusuketsunoda/Documents/cursor/ppttranslatorapp/node_modules/@babel/core/lib/config/files/index.js\n    - /Users/yusuketsunoda/Documents/cursor/ppttranslatorapp/node_modules/@babel/core/lib/index.js\n    - /Users/yusuketsunoda/Documents/cursor/ppttranslatorapp/node_modules/jest-snapshot/build/InlineSnapshots.js\n\n      \u001b[2mat loadConfig (\u001b[22mnode_modules/@babel/core/src/config/files/configuration.ts\u001b[2m:315:20)\u001b[22m\n          at loadConfig.next (<anonymous>)\n      \u001b[2mat buildRootChain (\u001b[22mnode_modules/@babel/core/src/config/config-chain.ts\u001b[2m:165:35)\u001b[22m\n          at buildRootChain.next (<anonymous>)\n      \u001b[2mat loadPrivatePartialConfig (\u001b[22mnode_modules/@babel/core/src/config/partial.ts\u001b[2m:111:44)\u001b[22m\n          at loadPrivatePartialConfig.next (<anonymous>)\n      \u001b[2mat loadPrivatePartialConfig (\u001b[22mnode_modules/@babel/core/src/config/partial.ts\u001b[2m:170:12)\u001b[22m\n          at loadPartialConfig.next (<anonymous>)\n      \u001b[2mat evaluateSync (\u001b[22mnode_modules/gensync/index.js\u001b[2m:251:28)\u001b[22m\n      \u001b[2mat sync (\u001b[22mnode_modules/gensync/index.js\u001b[2m:89:14)\u001b[22m\n      \u001b[2mat fn (\u001b[22mnode_modules/@babel/core/src/errors/rewrite-stack-trace.ts\u001b[2m:99:14)\u001b[22m\n      \u001b[2mat loadPartialConfigSync (\u001b[22mnode_modules/@babel/core/src/config/index.ts\u001b[2m:50:60)\u001b[22m\n      \u001b[2mat loadPartialConfigSync (\u001b[22mnode_modules/@babel/core/src/config/index.ts\u001b[2m:69:14)\u001b[22m\n      \u001b[2mat ScriptTransformer._getCacheKey (\u001b[22mnode_modules/@jest/transform/build/ScriptTransformer.js\u001b[2m:228:41)\u001b[22m\n      \u001b[2mat ScriptTransformer._getFileCachePath (\u001b[22mnode_modules/@jest/transform/build/ScriptTransformer.js\u001b[2m:289:27)\u001b[22m\n      \u001b[2mat ScriptTransformer.transformSource (\u001b[22mnode_modules/@jest/transform/build/ScriptTransformer.js\u001b[2m:525:32)\u001b[22m\n      \u001b[2mat ScriptTransformer._transformAndBuildScript (\u001b[22mnode_modules/@jest/transform/build/ScriptTransformer.js\u001b[2m:674:40)\u001b[22m\n      \u001b[2mat ScriptTransformer.transform (\u001b[22mnode_modules/@jest/transform/build/ScriptTransformer.js\u001b[2m:726:19)\u001b[22m\n","name":"/Users/yusuketsunoda/Documents/cursor/ppttranslatorapp/tests/api/auth/login.test.ts","startTime":1742628669243,"status":"failed","summary":""},{"assertionResults":[],"coverage":{},"endTime":1742628669243,"message":"  \u001b[1m● \u001b[22mTest suite failed to run\n\n    Cannot find module './babel.config.mjs'\n    Require stack:\n    - /Users/yusuketsunoda/Documents/cursor/ppttranslatorapp/node_modules/@babel/core/lib/config/files/configuration.js\n    - /Users/yusuketsunoda/Documents/cursor/ppttranslatorapp/node_modules/@babel/core/lib/config/files/index.js\n    - /Users/yusuketsunoda/Documents/cursor/ppttranslatorapp/node_modules/@babel/core/lib/index.js\n    - /Users/yusuketsunoda/Documents/cursor/ppttranslatorapp/node_modules/jest-snapshot/build/InlineSnapshots.js\n\n      \u001b[2mat loadConfig (\u001b[22mnode_modules/@babel/core/src/config/files/configuration.ts\u001b[2m:315:20)\u001b[22m\n          at loadConfig.next (<anonymous>)\n      \u001b[2mat buildRootChain (\u001b[22mnode_modules/@babel/core/src/config/config-chain.ts\u001b[2m:165:35)\u001b[22m\n          at buildRootChain.next (<anonymous>)\n      \u001b[2mat loadPrivatePartialConfig (\u001b[22mnode_modules/@babel/core/src/config/partial.ts\u001b[2m:111:44)\u001b[22m\n          at loadPrivatePartialConfig.next (<anonymous>)\n      \u001b[2mat loadPrivatePartialConfig (\u001b[22mnode_modules/@babel/core/src/config/partial.ts\u001b[2m:170:12)\u001b[22m\n          at loadPartialConfig.next (<anonymous>)\n      \u001b[2mat evaluateSync (\u001b[22mnode_modules/gensync/index.js\u001b[2m:251:28)\u001b[22m\n      \u001b[2mat sync (\u001b[22mnode_modules/gensync/index.js\u001b[2m:89:14)\u001b[22m\n      \u001b[2mat fn (\u001b[22mnode_modules/@babel/core/src/errors/rewrite-stack-trace.ts\u001b[2m:99:14)\u001b[22m\n      \u001b[2mat loadPartialConfigSync (\u001b[22mnode_modules/@babel/core/src/config/index.ts\u001b[2m:50:60)\u001b[22m\n      \u001b[2mat loadPartialConfigSync (\u001b[22mnode_modules/@babel/core/src/config/index.ts\u001b[2m:69:14)\u001b[22m\n      \u001b[2mat ScriptTransformer._getCacheKey (\u001b[22mnode_modules/@jest/transform/build/ScriptTransformer.js\u001b[2m:228:41)\u001b[22m\n      \u001b[2mat ScriptTransformer._getFileCachePath (\u001b[22mnode_modules/@jest/transform/build/ScriptTransformer.js\u001b[2m:289:27)\u001b[22m\n      \u001b[2mat ScriptTransformer.transformSource (\u001b[22mnode_modules/@jest/transform/build/ScriptTransformer.js\u001b[2m:525:32)\u001b[22m\n      \u001b[2mat ScriptTransformer._transformAndBuildScript (\u001b[22mnode_modules/@jest/transform/build/ScriptTransformer.js\u001b[2m:674:40)\u001b[22m\n      \u001b[2mat ScriptTransformer.transform (\u001b[22mnode_modules/@jest/transform/build/ScriptTransformer.js\u001b[2m:726:19)\u001b[22m\n","name":"/Users/yusuketsunoda/Documents/cursor/ppttranslatorapp/tests/app/translate/page.test.tsx","startTime":1742628669243,"status":"failed","summary":""},{"assertionResults":[],"coverage":{},"endTime":1742628669243,"message":"  \u001b[1m● \u001b[22mTest suite failed to run\n\n    Cannot find module './babel.config.mjs'\n    Require stack:\n    - /Users/yusuketsunoda/Documents/cursor/ppttranslatorapp/node_modules/@babel/core/lib/config/files/configuration.js\n    - /Users/yusuketsunoda/Documents/cursor/ppttranslatorapp/node_modules/@babel/core/lib/config/files/index.js\n    - /Users/yusuketsunoda/Documents/cursor/ppttranslatorapp/node_modules/@babel/core/lib/index.js\n    - /Users/yusuketsunoda/Documents/cursor/ppttranslatorapp/node_modules/jest-snapshot/build/InlineSnapshots.js\n\n      \u001b[2mat loadConfig (\u001b[22mnode_modules/@babel/core/src/config/files/configuration.ts\u001b[2m:315:20)\u001b[22m\n          at loadConfig.next (<anonymous>)\n      \u001b[2mat buildRootChain (\u001b[22mnode_modules/@babel/core/src/config/config-chain.ts\u001b[2m:165:35)\u001b[22m\n          at buildRootChain.next (<anonymous>)\n      \u001b[2mat loadPrivatePartialConfig (\u001b[22mnode_modules/@babel/core/src/config/partial.ts\u001b[2m:111:44)\u001b[22m\n          at loadPrivatePartialConfig.next (<anonymous>)\n      \u001b[2mat loadPrivatePartialConfig (\u001b[22mnode_modules/@babel/core/src/config/partial.ts\u001b[2m:170:12)\u001b[22m\n          at loadPartialConfig.next (<anonymous>)\n      \u001b[2mat evaluateSync (\u001b[22mnode_modules/gensync/index.js\u001b[2m:251:28)\u001b[22m\n      \u001b[2mat sync (\u001b[22mnode_modules/gensync/index.js\u001b[2m:89:14)\u001b[22m\n      \u001b[2mat fn (\u001b[22mnode_modules/@babel/core/src/errors/rewrite-stack-trace.ts\u001b[2m:99:14)\u001b[22m\n      \u001b[2mat loadPartialConfigSync (\u001b[22mnode_modules/@babel/core/src/config/index.ts\u001b[2m:50:60)\u001b[22m\n      \u001b[2mat loadPartialConfigSync (\u001b[22mnode_modules/@babel/core/src/config/index.ts\u001b[2m:69:14)\u001b[22m\n      \u001b[2mat ScriptTransformer._getCacheKey (\u001b[22mnode_modules/@jest/transform/build/ScriptTransformer.js\u001b[2m:228:41)\u001b[22m\n      \u001b[2mat ScriptTransformer._getFileCachePath (\u001b[22mnode_modules/@jest/transform/build/ScriptTransformer.js\u001b[2m:289:27)\u001b[22m\n      \u001b[2mat ScriptTransformer.transformSource (\u001b[22mnode_modules/@jest/transform/build/ScriptTransformer.js\u001b[2m:525:32)\u001b[22m\n      \u001b[2mat ScriptTransformer._transformAndBuildScript (\u001b[22mnode_modules/@jest/transform/build/ScriptTransformer.js\u001b[2m:674:40)\u001b[22m\n      \u001b[2mat ScriptTransformer.transform (\u001b[22mnode_modules/@jest/transform/build/ScriptTransformer.js\u001b[2m:726:19)\u001b[22m\n","name":"/Users/yusuketsunoda/Documents/cursor/ppttranslatorapp/tests/utils/utils.test.ts","startTime":1742628669243,"status":"failed","summary":""},{"assertionResults":[],"coverage":{},"endTime":1742628669243,"message":"  \u001b[1m● \u001b[22mTest suite failed to run\n\n    Cannot find module './babel.config.mjs'\n    Require stack:\n    - /Users/yusuketsunoda/Documents/cursor/ppttranslatorapp/node_modules/@babel/core/lib/config/files/configuration.js\n    - /Users/yusuketsunoda/Documents/cursor/ppttranslatorapp/node_modules/@babel/core/lib/config/files/index.js\n    - /Users/yusuketsunoda/Documents/cursor/ppttranslatorapp/node_modules/@babel/core/lib/index.js\n    - /Users/yusuketsunoda/Documents/cursor/ppttranslatorapp/node_modules/jest-snapshot/build/InlineSnapshots.js\n\n      \u001b[2mat loadConfig (\u001b[22mnode_modules/@babel/core/src/config/files/configuration.ts\u001b[2m:315:20)\u001b[22m\n          at loadConfig.next (<anonymous>)\n      \u001b[2mat buildRootChain (\u001b[22mnode_modules/@babel/core/src/config/config-chain.ts\u001b[2m:165:35)\u001b[22m\n          at buildRootChain.next (<anonymous>)\n      \u001b[2mat loadPrivatePartialConfig (\u001b[22mnode_modules/@babel/core/src/config/partial.ts\u001b[2m:111:44)\u001b[22m\n          at loadPrivatePartialConfig.next (<anonymous>)\n      \u001b[2mat loadPrivatePartialConfig (\u001b[22mnode_modules/@babel/core/src/config/partial.ts\u001b[2m:170:12)\u001b[22m\n          at loadPartialConfig.next (<anonymous>)\n      \u001b[2mat evaluateSync (\u001b[22mnode_modules/gensync/index.js\u001b[2m:251:28)\u001b[22m\n      \u001b[2mat sync (\u001b[22mnode_modules/gensync/index.js\u001b[2m:89:14)\u001b[22m\n      \u001b[2mat fn (\u001b[22mnode_modules/@babel/core/src/errors/rewrite-stack-trace.ts\u001b[2m:99:14)\u001b[22m\n      \u001b[2mat loadPartialConfigSync (\u001b[22mnode_modules/@babel/core/src/config/index.ts\u001b[2m:50:60)\u001b[22m\n      \u001b[2mat loadPartialConfigSync (\u001b[22mnode_modules/@babel/core/src/config/index.ts\u001b[2m:69:14)\u001b[22m\n      \u001b[2mat ScriptTransformer._getCacheKey (\u001b[22mnode_modules/@jest/transform/build/ScriptTransformer.js\u001b[2m:228:41)\u001b[22m\n      \u001b[2mat ScriptTransformer._getFileCachePath (\u001b[22mnode_modules/@jest/transform/build/ScriptTransformer.js\u001b[2m:289:27)\u001b[22m\n      \u001b[2mat ScriptTransformer.transformSource (\u001b[22mnode_modules/@jest/transform/build/ScriptTransformer.js\u001b[2m:525:32)\u001b[22m\n      \u001b[2mat ScriptTransformer._transformAndBuildScript (\u001b[22mnode_modules/@jest/transform/build/ScriptTransformer.js\u001b[2m:674:40)\u001b[22m\n      \u001b[2mat ScriptTransformer.transform (\u001b[22mnode_modules/@jest/transform/build/ScriptTransformer.js\u001b[2m:726:19)\u001b[22m\n","name":"/Users/yusuketsunoda/Documents/cursor/ppttranslatorapp/tests/auth/session.test.tsx","startTime":1742628669243,"status":"failed","summary":""},{"assertionResults":[],"coverage":{},"endTime":1742628669243,"message":"  \u001b[1m● \u001b[22mTest suite failed to run\n\n    Cannot find module './babel.config.mjs'\n    Require stack:\n    - /Users/yusuketsunoda/Documents/cursor/ppttranslatorapp/node_modules/@babel/core/lib/config/files/configuration.js\n    - /Users/yusuketsunoda/Documents/cursor/ppttranslatorapp/node_modules/@babel/core/lib/config/files/index.js\n    - /Users/yusuketsunoda/Documents/cursor/ppttranslatorapp/node_modules/@babel/core/lib/index.js\n    - /Users/yusuketsunoda/Documents/cursor/ppttranslatorapp/node_modules/jest-snapshot/build/InlineSnapshots.js\n\n      \u001b[2mat loadConfig (\u001b[22mnode_modules/@babel/core/src/config/files/configuration.ts\u001b[2m:315:20)\u001b[22m\n          at loadConfig.next (<anonymous>)\n      \u001b[2mat buildRootChain (\u001b[22mnode_modules/@babel/core/src/config/config-chain.ts\u001b[2m:165:35)\u001b[22m\n          at buildRootChain.next (<anonymous>)\n      \u001b[2mat loadPrivatePartialConfig (\u001b[22mnode_modules/@babel/core/src/config/partial.ts\u001b[2m:111:44)\u001b[22m\n          at loadPrivatePartialConfig.next (<anonymous>)\n      \u001b[2mat loadPrivatePartialConfig (\u001b[22mnode_modules/@babel/core/src/config/partial.ts\u001b[2m:170:12)\u001b[22m\n          at loadPartialConfig.next (<anonymous>)\n      \u001b[2mat evaluateSync (\u001b[22mnode_modules/gensync/index.js\u001b[2m:251:28)\u001b[22m\n      \u001b[2mat sync (\u001b[22mnode_modules/gensync/index.js\u001b[2m:89:14)\u001b[22m\n      \u001b[2mat fn (\u001b[22mnode_modules/@babel/core/src/errors/rewrite-stack-trace.ts\u001b[2m:99:14)\u001b[22m\n      \u001b[2mat loadPartialConfigSync (\u001b[22mnode_modules/@babel/core/src/config/index.ts\u001b[2m:50:60)\u001b[22m\n      \u001b[2mat loadPartialConfigSync (\u001b[22mnode_modules/@babel/core/src/config/index.ts\u001b[2m:69:14)\u001b[22m\n      \u001b[2mat ScriptTransformer._getCacheKey (\u001b[22mnode_modules/@jest/transform/build/ScriptTransformer.js\u001b[2m:228:41)\u001b[22m\n      \u001b[2mat ScriptTransformer._getFileCachePath (\u001b[22mnode_modules/@jest/transform/build/ScriptTransformer.js\u001b[2m:289:27)\u001b[22m\n      \u001b[2mat ScriptTransformer.transformSource (\u001b[22mnode_modules/@jest/transform/build/ScriptTransformer.js\u001b[2m:525:32)\u001b[22m\n      \u001b[2mat ScriptTransformer._transformAndBuildScript (\u001b[22mnode_modules/@jest/transform/build/ScriptTransformer.js\u001b[2m:674:40)\u001b[22m\n      \u001b[2mat ScriptTransformer.transform (\u001b[22mnode_modules/@jest/transform/build/ScriptTransformer.js\u001b[2m:726:19)\u001b[22m\n","name":"/Users/yusuketsunoda/Documents/cursor/ppttranslatorapp/tests/utils/file-utils.test.ts","startTime":1742628669243,"status":"failed","summary":""},{"assertionResults":[],"coverage":{},"endTime":1742628669243,"message":"  \u001b[1m● \u001b[22mTest suite failed to run\n\n    Cannot find module './babel.config.mjs'\n    Require stack:\n    - /Users/yusuketsunoda/Documents/cursor/ppttranslatorapp/node_modules/@babel/core/lib/config/files/configuration.js\n    - /Users/yusuketsunoda/Documents/cursor/ppttranslatorapp/node_modules/@babel/core/lib/config/files/index.js\n    - /Users/yusuketsunoda/Documents/cursor/ppttranslatorapp/node_modules/@babel/core/lib/index.js\n    - /Users/yusuketsunoda/Documents/cursor/ppttranslatorapp/node_modules/jest-snapshot/build/InlineSnapshots.js\n\n      \u001b[2mat loadConfig (\u001b[22mnode_modules/@babel/core/src/config/files/configuration.ts\u001b[2m:315:20)\u001b[22m\n          at loadConfig.next (<anonymous>)\n      \u001b[2mat buildRootChain (\u001b[22mnode_modules/@babel/core/src/config/config-chain.ts\u001b[2m:165:35)\u001b[22m\n          at buildRootChain.next (<anonymous>)\n      \u001b[2mat loadPrivatePartialConfig (\u001b[22mnode_modules/@babel/core/src/config/partial.ts\u001b[2m:111:44)\u001b[22m\n          at loadPrivatePartialConfig.next (<anonymous>)\n      \u001b[2mat loadPrivatePartialConfig (\u001b[22mnode_modules/@babel/core/src/config/partial.ts\u001b[2m:170:12)\u001b[22m\n          at loadPartialConfig.next (<anonymous>)\n      \u001b[2mat evaluateSync (\u001b[22mnode_modules/gensync/index.js\u001b[2m:251:28)\u001b[22m\n      \u001b[2mat sync (\u001b[22mnode_modules/gensync/index.js\u001b[2m:89:14)\u001b[22m\n      \u001b[2mat fn (\u001b[22mnode_modules/@babel/core/src/errors/rewrite-stack-trace.ts\u001b[2m:99:14)\u001b[22m\n      \u001b[2mat loadPartialConfigSync (\u001b[22mnode_modules/@babel/core/src/config/index.ts\u001b[2m:50:60)\u001b[22m\n      \u001b[2mat loadPartialConfigSync (\u001b[22mnode_modules/@babel/core/src/config/index.ts\u001b[2m:69:14)\u001b[22m\n      \u001b[2mat ScriptTransformer._getCacheKey (\u001b[22mnode_modules/@jest/transform/build/ScriptTransformer.js\u001b[2m:228:41)\u001b[22m\n      \u001b[2mat ScriptTransformer._getFileCachePath (\u001b[22mnode_modules/@jest/transform/build/ScriptTransformer.js\u001b[2m:289:27)\u001b[22m\n      \u001b[2mat ScriptTransformer.transformSource (\u001b[22mnode_modules/@jest/transform/build/ScriptTransformer.js\u001b[2m:525:32)\u001b[22m\n      \u001b[2mat ScriptTransformer._transformAndBuildScript (\u001b[22mnode_modules/@jest/transform/build/ScriptTransformer.js\u001b[2m:674:40)\u001b[22m\n      \u001b[2mat ScriptTransformer.transform (\u001b[22mnode_modules/@jest/transform/build/ScriptTransformer.js\u001b[2m:726:19)\u001b[22m\n","name":"/Users/yusuketsunoda/Documents/cursor/ppttranslatorapp/tests/hooks/useIntersectionObserver.test.tsx","startTime":1742628669243,"status":"failed","summary":""},{"assertionResults":[],"coverage":{},"endTime":1742628669243,"message":"  \u001b[1m● \u001b[22mTest suite failed to run\n\n    Cannot find module './babel.config.mjs'\n    Require stack:\n    - /Users/yusuketsunoda/Documents/cursor/ppttranslatorapp/node_modules/@babel/core/lib/config/files/configuration.js\n    - /Users/yusuketsunoda/Documents/cursor/ppttranslatorapp/node_modules/@babel/core/lib/config/files/index.js\n    - /Users/yusuketsunoda/Documents/cursor/ppttranslatorapp/node_modules/@babel/core/lib/index.js\n    - /Users/yusuketsunoda/Documents/cursor/ppttranslatorapp/node_modules/jest-snapshot/build/InlineSnapshots.js\n\n      \u001b[2mat loadConfig (\u001b[22mnode_modules/@babel/core/src/config/files/configuration.ts\u001b[2m:315:20)\u001b[22m\n          at loadConfig.next (<anonymous>)\n      \u001b[2mat buildRootChain (\u001b[22mnode_modules/@babel/core/src/config/config-chain.ts\u001b[2m:165:35)\u001b[22m\n          at buildRootChain.next (<anonymous>)\n      \u001b[2mat loadPrivatePartialConfig (\u001b[22mnode_modules/@babel/core/src/config/partial.ts\u001b[2m:111:44)\u001b[22m\n          at loadPrivatePartialConfig.next (<anonymous>)\n      \u001b[2mat loadPrivatePartialConfig (\u001b[22mnode_modules/@babel/core/src/config/partial.ts\u001b[2m:170:12)\u001b[22m\n          at loadPartialConfig.next (<anonymous>)\n      \u001b[2mat evaluateSync (\u001b[22mnode_modules/gensync/index.js\u001b[2m:251:28)\u001b[22m\n      \u001b[2mat sync (\u001b[22mnode_modules/gensync/index.js\u001b[2m:89:14)\u001b[22m\n      \u001b[2mat fn (\u001b[22mnode_modules/@babel/core/src/errors/rewrite-stack-trace.ts\u001b[2m:99:14)\u001b[22m\n      \u001b[2mat loadPartialConfigSync (\u001b[22mnode_modules/@babel/core/src/config/index.ts\u001b[2m:50:60)\u001b[22m\n      \u001b[2mat loadPartialConfigSync (\u001b[22mnode_modules/@babel/core/src/config/index.ts\u001b[2m:69:14)\u001b[22m\n      \u001b[2mat ScriptTransformer._getCacheKey (\u001b[22mnode_modules/@jest/transform/build/ScriptTransformer.js\u001b[2m:228:41)\u001b[22m\n      \u001b[2mat ScriptTransformer._getFileCachePath (\u001b[22mnode_modules/@jest/transform/build/ScriptTransformer.js\u001b[2m:289:27)\u001b[22m\n      \u001b[2mat ScriptTransformer.transformSource (\u001b[22mnode_modules/@jest/transform/build/ScriptTransformer.js\u001b[2m:525:32)\u001b[22m\n      \u001b[2mat ScriptTransformer._transformAndBuildScript (\u001b[22mnode_modules/@jest/transform/build/ScriptTransformer.js\u001b[2m:674:40)\u001b[22m\n      \u001b[2mat ScriptTransformer.transform (\u001b[22mnode_modules/@jest/transform/build/ScriptTransformer.js\u001b[2m:726:19)\u001b[22m\n","name":"/Users/yusuketsunoda/Documents/cursor/ppttranslatorapp/tests/hooks/useActivityLogs.test.tsx","startTime":1742628669243,"status":"failed","summary":""},{"assertionResults":[],"coverage":{},"endTime":1742628669243,"message":"  \u001b[1m● \u001b[22mTest suite failed to run\n\n    Cannot find module './babel.config.mjs'\n    Require stack:\n    - /Users/yusuketsunoda/Documents/cursor/ppttranslatorapp/node_modules/@babel/core/lib/config/files/configuration.js\n    - /Users/yusuketsunoda/Documents/cursor/ppttranslatorapp/node_modules/@babel/core/lib/config/files/index.js\n    - /Users/yusuketsunoda/Documents/cursor/ppttranslatorapp/node_modules/@babel/core/lib/index.js\n    - /Users/yusuketsunoda/Documents/cursor/ppttranslatorapp/node_modules/jest-snapshot/build/InlineSnapshots.js\n\n      \u001b[2mat loadConfig (\u001b[22mnode_modules/@babel/core/src/config/files/configuration.ts\u001b[2m:315:20)\u001b[22m\n          at loadConfig.next (<anonymous>)\n      \u001b[2mat buildRootChain (\u001b[22mnode_modules/@babel/core/src/config/config-chain.ts\u001b[2m:165:35)\u001b[22m\n          at buildRootChain.next (<anonymous>)\n      \u001b[2mat loadPrivatePartialConfig (\u001b[22mnode_modules/@babel/core/src/config/partial.ts\u001b[2m:111:44)\u001b[22m\n          at loadPrivatePartialConfig.next (<anonymous>)\n      \u001b[2mat loadPrivatePartialConfig (\u001b[22mnode_modules/@babel/core/src/config/partial.ts\u001b[2m:170:12)\u001b[22m\n          at loadPartialConfig.next (<anonymous>)\n      \u001b[2mat evaluateSync (\u001b[22mnode_modules/gensync/index.js\u001b[2m:251:28)\u001b[22m\n      \u001b[2mat sync (\u001b[22mnode_modules/gensync/index.js\u001b[2m:89:14)\u001b[22m\n      \u001b[2mat fn (\u001b[22mnode_modules/@babel/core/src/errors/rewrite-stack-trace.ts\u001b[2m:99:14)\u001b[22m\n      \u001b[2mat loadPartialConfigSync (\u001b[22mnode_modules/@babel/core/src/config/index.ts\u001b[2m:50:60)\u001b[22m\n      \u001b[2mat loadPartialConfigSync (\u001b[22mnode_modules/@babel/core/src/config/index.ts\u001b[2m:69:14)\u001b[22m\n      \u001b[2mat ScriptTransformer._getCacheKey (\u001b[22mnode_modules/@jest/transform/build/ScriptTransformer.js\u001b[2m:228:41)\u001b[22m\n      \u001b[2mat ScriptTransformer._getFileCachePath (\u001b[22mnode_modules/@jest/transform/build/ScriptTransformer.js\u001b[2m:289:27)\u001b[22m\n      \u001b[2mat ScriptTransformer.transformSource (\u001b[22mnode_modules/@jest/transform/build/ScriptTransformer.js\u001b[2m:525:32)\u001b[22m\n      \u001b[2mat ScriptTransformer._transformAndBuildScript (\u001b[22mnode_modules/@jest/transform/build/ScriptTransformer.js\u001b[2m:674:40)\u001b[22m\n      \u001b[2mat ScriptTransformer.transform (\u001b[22mnode_modules/@jest/transform/build/ScriptTransformer.js\u001b[2m:726:19)\u001b[22m\n","name":"/Users/yusuketsunoda/Documents/cursor/ppttranslatorapp/tests/api/upload.test.ts","startTime":1742628669243,"status":"failed","summary":""},{"assertionResults":[],"coverage":{},"endTime":1742628669243,"message":"  \u001b[1m● \u001b[22mTest suite failed to run\n\n    Cannot find module './babel.config.mjs'\n    Require stack:\n    - /Users/yusuketsunoda/Documents/cursor/ppttranslatorapp/node_modules/@babel/core/lib/config/files/configuration.js\n    - /Users/yusuketsunoda/Documents/cursor/ppttranslatorapp/node_modules/@babel/core/lib/config/files/index.js\n    - /Users/yusuketsunoda/Documents/cursor/ppttranslatorapp/node_modules/@babel/core/lib/index.js\n    - /Users/yusuketsunoda/Documents/cursor/ppttranslatorapp/node_modules/jest-snapshot/build/InlineSnapshots.js\n\n      \u001b[2mat loadConfig (\u001b[22mnode_modules/@babel/core/src/config/files/configuration.ts\u001b[2m:315:20)\u001b[22m\n          at loadConfig.next (<anonymous>)\n      \u001b[2mat buildRootChain (\u001b[22mnode_modules/@babel/core/src/config/config-chain.ts\u001b[2m:165:35)\u001b[22m\n          at buildRootChain.next (<anonymous>)\n      \u001b[2mat loadPrivatePartialConfig (\u001b[22mnode_modules/@babel/core/src/config/partial.ts\u001b[2m:111:44)\u001b[22m\n          at loadPrivatePartialConfig.next (<anonymous>)\n      \u001b[2mat loadPrivatePartialConfig (\u001b[22mnode_modules/@babel/core/src/config/partial.ts\u001b[2m:170:12)\u001b[22m\n          at loadPartialConfig.next (<anonymous>)\n      \u001b[2mat evaluateSync (\u001b[22mnode_modules/gensync/index.js\u001b[2m:251:28)\u001b[22m\n      \u001b[2mat sync (\u001b[22mnode_modules/gensync/index.js\u001b[2m:89:14)\u001b[22m\n      \u001b[2mat fn (\u001b[22mnode_modules/@babel/core/src/errors/rewrite-stack-trace.ts\u001b[2m:99:14)\u001b[22m\n      \u001b[2mat loadPartialConfigSync (\u001b[22mnode_modules/@babel/core/src/config/index.ts\u001b[2m:50:60)\u001b[22m\n      \u001b[2mat loadPartialConfigSync (\u001b[22mnode_modules/@babel/core/src/config/index.ts\u001b[2m:69:14)\u001b[22m\n      \u001b[2mat ScriptTransformer._getCacheKey (\u001b[22mnode_modules/@jest/transform/build/ScriptTransformer.js\u001b[2m:228:41)\u001b[22m\n      \u001b[2mat ScriptTransformer._getFileCachePath (\u001b[22mnode_modules/@jest/transform/build/ScriptTransformer.js\u001b[2m:289:27)\u001b[22m\n      \u001b[2mat ScriptTransformer.transformSource (\u001b[22mnode_modules/@jest/transform/build/ScriptTransformer.js\u001b[2m:525:32)\u001b[22m\n      \u001b[2mat ScriptTransformer._transformAndBuildScript (\u001b[22mnode_modules/@jest/transform/build/ScriptTransformer.js\u001b[2m:674:40)\u001b[22m\n      \u001b[2mat ScriptTransformer.transform (\u001b[22mnode_modules/@jest/transform/build/ScriptTransformer.js\u001b[2m:726:19)\u001b[22m\n","name":"/Users/yusuketsunoda/Documents/cursor/ppttranslatorapp/tests/utils/activity-logger.test.ts","startTime":1742628669243,"status":"failed","summary":""},{"assertionResults":[],"coverage":{},"endTime":1742628669243,"message":"  \u001b[1m● \u001b[22mTest suite failed to run\n\n    Cannot find module './babel.config.mjs'\n    Require stack:\n    - /Users/yusuketsunoda/Documents/cursor/ppttranslatorapp/node_modules/@babel/core/lib/config/files/configuration.js\n    - /Users/yusuketsunoda/Documents/cursor/ppttranslatorapp/node_modules/@babel/core/lib/config/files/index.js\n    - /Users/yusuketsunoda/Documents/cursor/ppttranslatorapp/node_modules/@babel/core/lib/index.js\n    - /Users/yusuketsunoda/Documents/cursor/ppttranslatorapp/node_modules/jest-snapshot/build/InlineSnapshots.js\n\n      \u001b[2mat loadConfig (\u001b[22mnode_modules/@babel/core/src/config/files/configuration.ts\u001b[2m:315:20)\u001b[22m\n          at loadConfig.next (<anonymous>)\n      \u001b[2mat buildRootChain (\u001b[22mnode_modules/@babel/core/src/config/config-chain.ts\u001b[2m:165:35)\u001b[22m\n          at buildRootChain.next (<anonymous>)\n      \u001b[2mat loadPrivatePartialConfig (\u001b[22mnode_modules/@babel/core/src/config/partial.ts\u001b[2m:111:44)\u001b[22m\n          at loadPrivatePartialConfig.next (<anonymous>)\n      \u001b[2mat loadPrivatePartialConfig (\u001b[22mnode_modules/@babel/core/src/config/partial.ts\u001b[2m:170:12)\u001b[22m\n          at loadPartialConfig.next (<anonymous>)\n      \u001b[2mat evaluateSync (\u001b[22mnode_modules/gensync/index.js\u001b[2m:251:28)\u001b[22m\n      \u001b[2mat sync (\u001b[22mnode_modules/gensync/index.js\u001b[2m:89:14)\u001b[22m\n      \u001b[2mat fn (\u001b[22mnode_modules/@babel/core/src/errors/rewrite-stack-trace.ts\u001b[2m:99:14)\u001b[22m\n      \u001b[2mat loadPartialConfigSync (\u001b[22mnode_modules/@babel/core/src/config/index.ts\u001b[2m:50:60)\u001b[22m\n      \u001b[2mat loadPartialConfigSync (\u001b[22mnode_modules/@babel/core/src/config/index.ts\u001b[2m:69:14)\u001b[22m\n      \u001b[2mat ScriptTransformer._getCacheKey (\u001b[22mnode_modules/@jest/transform/build/ScriptTransformer.js\u001b[2m:228:41)\u001b[22m\n      \u001b[2mat ScriptTransformer._getFileCachePath (\u001b[22mnode_modules/@jest/transform/build/ScriptTransformer.js\u001b[2m:289:27)\u001b[22m\n      \u001b[2mat ScriptTransformer.transformSource (\u001b[22mnode_modules/@jest/transform/build/ScriptTransformer.js\u001b[2m:525:32)\u001b[22m\n      \u001b[2mat ScriptTransformer._transformAndBuildScript (\u001b[22mnode_modules/@jest/transform/build/ScriptTransformer.js\u001b[2m:674:40)\u001b[22m\n      \u001b[2mat ScriptTransformer.transform (\u001b[22mnode_modules/@jest/transform/build/ScriptTransformer.js\u001b[2m:726:19)\u001b[22m\n","name":"/Users/yusuketsunoda/Documents/cursor/ppttranslatorapp/tests/utils/error-handler.test.ts","startTime":1742628669243,"status":"failed","summary":""},{"assertionResults":[],"coverage":{},"endTime":1742628669243,"message":"  \u001b[1m● \u001b[22mTest suite failed to run\n\n    Cannot find module './babel.config.mjs'\n    Require stack:\n    - /Users/yusuketsunoda/Documents/cursor/ppttranslatorapp/node_modules/@babel/core/lib/config/files/configuration.js\n    - /Users/yusuketsunoda/Documents/cursor/ppttranslatorapp/node_modules/@babel/core/lib/config/files/index.js\n    - /Users/yusuketsunoda/Documents/cursor/ppttranslatorapp/node_modules/@babel/core/lib/index.js\n    - /Users/yusuketsunoda/Documents/cursor/ppttranslatorapp/node_modules/jest-snapshot/build/InlineSnapshots.js\n\n      \u001b[2mat loadConfig (\u001b[22mnode_modules/@babel/core/src/config/files/configuration.ts\u001b[2m:315:20)\u001b[22m\n          at loadConfig.next (<anonymous>)\n      \u001b[2mat buildRootChain (\u001b[22mnode_modules/@babel/core/src/config/config-chain.ts\u001b[2m:165:35)\u001b[22m\n          at buildRootChain.next (<anonymous>)\n      \u001b[2mat loadPrivatePartialConfig (\u001b[22mnode_modules/@babel/core/src/config/partial.ts\u001b[2m:111:44)\u001b[22m\n          at loadPrivatePartialConfig.next (<anonymous>)\n      \u001b[2mat loadPrivatePartialConfig (\u001b[22mnode_modules/@babel/core/src/config/partial.ts\u001b[2m:170:12)\u001b[22m\n          at loadPartialConfig.next (<anonymous>)\n      \u001b[2mat evaluateSync (\u001b[22mnode_modules/gensync/index.js\u001b[2m:251:28)\u001b[22m\n      \u001b[2mat sync (\u001b[22mnode_modules/gensync/index.js\u001b[2m:89:14)\u001b[22m\n      \u001b[2mat fn (\u001b[22mnode_modules/@babel/core/src/errors/rewrite-stack-trace.ts\u001b[2m:99:14)\u001b[22m\n      \u001b[2mat loadPartialConfigSync (\u001b[22mnode_modules/@babel/core/src/config/index.ts\u001b[2m:50:60)\u001b[22m\n      \u001b[2mat loadPartialConfigSync (\u001b[22mnode_modules/@babel/core/src/config/index.ts\u001b[2m:69:14)\u001b[22m\n      \u001b[2mat ScriptTransformer._getCacheKey (\u001b[22mnode_modules/@jest/transform/build/ScriptTransformer.js\u001b[2m:228:41)\u001b[22m\n      \u001b[2mat ScriptTransformer._getFileCachePath (\u001b[22mnode_modules/@jest/transform/build/ScriptTransformer.js\u001b[2m:289:27)\u001b[22m\n      \u001b[2mat ScriptTransformer.transformSource (\u001b[22mnode_modules/@jest/transform/build/ScriptTransformer.js\u001b[2m:525:32)\u001b[22m\n      \u001b[2mat ScriptTransformer._transformAndBuildScript (\u001b[22mnode_modules/@jest/transform/build/ScriptTransformer.js\u001b[2m:674:40)\u001b[22m\n      \u001b[2mat ScriptTransformer.transform (\u001b[22mnode_modules/@jest/transform/build/ScriptTransformer.js\u001b[2m:726:19)\u001b[22m\n","name":"/Users/yusuketsunoda/Documents/cursor/ppttranslatorapp/tests/hooks/use-api.test.tsx","startTime":1742628669243,"status":"failed","summary":""},{"assertionResults":[],"coverage":{},"endTime":1742628669243,"message":"  \u001b[1m● \u001b[22mTest suite failed to run\n\n    Cannot find module './babel.config.mjs'\n    Require stack:\n    - /Users/yusuketsunoda/Documents/cursor/ppttranslatorapp/node_modules/@babel/core/lib/config/files/configuration.js\n    - /Users/yusuketsunoda/Documents/cursor/ppttranslatorapp/node_modules/@babel/core/lib/config/files/index.js\n    - /Users/yusuketsunoda/Documents/cursor/ppttranslatorapp/node_modules/@babel/core/lib/index.js\n    - /Users/yusuketsunoda/Documents/cursor/ppttranslatorapp/node_modules/jest-snapshot/build/InlineSnapshots.js\n\n      \u001b[2mat loadConfig (\u001b[22mnode_modules/@babel/core/src/config/files/configuration.ts\u001b[2m:315:20)\u001b[22m\n          at loadConfig.next (<anonymous>)\n      \u001b[2mat buildRootChain (\u001b[22mnode_modules/@babel/core/src/config/config-chain.ts\u001b[2m:165:35)\u001b[22m\n          at buildRootChain.next (<anonymous>)\n      \u001b[2mat loadPrivatePartialConfig (\u001b[22mnode_modules/@babel/core/src/config/partial.ts\u001b[2m:111:44)\u001b[22m\n          at loadPrivatePartialConfig.next (<anonymous>)\n      \u001b[2mat loadPrivatePartialConfig (\u001b[22mnode_modules/@babel/core/src/config/partial.ts\u001b[2m:170:12)\u001b[22m\n          at loadPartialConfig.next (<anonymous>)\n      \u001b[2mat evaluateSync (\u001b[22mnode_modules/gensync/index.js\u001b[2m:251:28)\u001b[22m\n      \u001b[2mat sync (\u001b[22mnode_modules/gensync/index.js\u001b[2m:89:14)\u001b[22m\n      \u001b[2mat fn (\u001b[22mnode_modules/@babel/core/src/errors/rewrite-stack-trace.ts\u001b[2m:99:14)\u001b[22m\n      \u001b[2mat loadPartialConfigSync (\u001b[22mnode_modules/@babel/core/src/config/index.ts\u001b[2m:50:60)\u001b[22m\n      \u001b[2mat loadPartialConfigSync (\u001b[22mnode_modules/@babel/core/src/config/index.ts\u001b[2m:69:14)\u001b[22m\n      \u001b[2mat ScriptTransformer._getCacheKey (\u001b[22mnode_modules/@jest/transform/build/ScriptTransformer.js\u001b[2m:228:41)\u001b[22m\n      \u001b[2mat ScriptTransformer._getFileCachePath (\u001b[22mnode_modules/@jest/transform/build/ScriptTransformer.js\u001b[2m:289:27)\u001b[22m\n      \u001b[2mat ScriptTransformer.transformSource (\u001b[22mnode_modules/@jest/transform/build/ScriptTransformer.js\u001b[2m:525:32)\u001b[22m\n      \u001b[2mat ScriptTransformer._transformAndBuildScript (\u001b[22mnode_modules/@jest/transform/build/ScriptTransformer.js\u001b[2m:674:40)\u001b[22m\n      \u001b[2mat ScriptTransformer.transform (\u001b[22mnode_modules/@jest/transform/build/ScriptTransformer.js\u001b[2m:726:19)\u001b[22m\n","name":"/Users/yusuketsunoda/Documents/cursor/ppttranslatorapp/tests/api/pptx-generate.test.ts","startTime":1742628669243,"status":"failed","summary":""},{"assertionResults":[],"coverage":{},"endTime":1742628669243,"message":"  \u001b[1m● \u001b[22mTest suite failed to run\n\n    Cannot find module './babel.config.mjs'\n    Require stack:\n    - /Users/yusuketsunoda/Documents/cursor/ppttranslatorapp/node_modules/@babel/core/lib/config/files/configuration.js\n    - /Users/yusuketsunoda/Documents/cursor/ppttranslatorapp/node_modules/@babel/core/lib/config/files/index.js\n    - /Users/yusuketsunoda/Documents/cursor/ppttranslatorapp/node_modules/@babel/core/lib/index.js\n    - /Users/yusuketsunoda/Documents/cursor/ppttranslatorapp/node_modules/jest-snapshot/build/InlineSnapshots.js\n\n      \u001b[2mat loadConfig (\u001b[22mnode_modules/@babel/core/src/config/files/configuration.ts\u001b[2m:315:20)\u001b[22m\n          at loadConfig.next (<anonymous>)\n      \u001b[2mat buildRootChain (\u001b[22mnode_modules/@babel/core/src/config/config-chain.ts\u001b[2m:165:35)\u001b[22m\n          at buildRootChain.next (<anonymous>)\n      \u001b[2mat loadPrivatePartialConfig (\u001b[22mnode_modules/@babel/core/src/config/partial.ts\u001b[2m:111:44)\u001b[22m\n          at loadPrivatePartialConfig.next (<anonymous>)\n      \u001b[2mat loadPrivatePartialConfig (\u001b[22mnode_modules/@babel/core/src/config/partial.ts\u001b[2m:170:12)\u001b[22m\n          at loadPartialConfig.next (<anonymous>)\n      \u001b[2mat evaluateSync (\u001b[22mnode_modules/gensync/index.js\u001b[2m:251:28)\u001b[22m\n      \u001b[2mat sync (\u001b[22mnode_modules/gensync/index.js\u001b[2m:89:14)\u001b[22m\n      \u001b[2mat fn (\u001b[22mnode_modules/@babel/core/src/errors/rewrite-stack-trace.ts\u001b[2m:99:14)\u001b[22m\n      \u001b[2mat loadPartialConfigSync (\u001b[22mnode_modules/@babel/core/src/config/index.ts\u001b[2m:50:60)\u001b[22m\n      \u001b[2mat loadPartialConfigSync (\u001b[22mnode_modules/@babel/core/src/config/index.ts\u001b[2m:69:14)\u001b[22m\n      \u001b[2mat ScriptTransformer._getCacheKey (\u001b[22mnode_modules/@jest/transform/build/ScriptTransformer.js\u001b[2m:228:41)\u001b[22m\n      \u001b[2mat ScriptTransformer._getFileCachePath (\u001b[22mnode_modules/@jest/transform/build/ScriptTransformer.js\u001b[2m:289:27)\u001b[22m\n      \u001b[2mat ScriptTransformer.transformSource (\u001b[22mnode_modules/@jest/transform/build/ScriptTransformer.js\u001b[2m:525:32)\u001b[22m\n      \u001b[2mat ScriptTransformer._transformAndBuildScript (\u001b[22mnode_modules/@jest/transform/build/ScriptTransformer.js\u001b[2m:674:40)\u001b[22m\n      \u001b[2mat ScriptTransformer.transform (\u001b[22mnode_modules/@jest/transform/build/ScriptTransformer.js\u001b[2m:726:19)\u001b[22m\n","name":"/Users/yusuketsunoda/Documents/cursor/ppttranslatorapp/tests/api/translate.test.ts","startTime":1742628669243,"status":"failed","summary":""},{"assertionResults":[],"coverage":{},"endTime":1742628669243,"message":"  \u001b[1m● \u001b[22mTest suite failed to run\n\n    Cannot find module './babel.config.mjs'\n    Require stack:\n    - /Users/yusuketsunoda/Documents/cursor/ppttranslatorapp/node_modules/@babel/core/lib/config/files/configuration.js\n    - /Users/yusuketsunoda/Documents/cursor/ppttranslatorapp/node_modules/@babel/core/lib/config/files/index.js\n    - /Users/yusuketsunoda/Documents/cursor/ppttranslatorapp/node_modules/@babel/core/lib/index.js\n    - /Users/yusuketsunoda/Documents/cursor/ppttranslatorapp/node_modules/jest-snapshot/build/InlineSnapshots.js\n\n      \u001b[2mat loadConfig (\u001b[22mnode_modules/@babel/core/src/config/files/configuration.ts\u001b[2m:315:20)\u001b[22m\n          at loadConfig.next (<anonymous>)\n      \u001b[2mat buildRootChain (\u001b[22mnode_modules/@babel/core/src/config/config-chain.ts\u001b[2m:165:35)\u001b[22m\n          at buildRootChain.next (<anonymous>)\n      \u001b[2mat loadPrivatePartialConfig (\u001b[22mnode_modules/@babel/core/src/config/partial.ts\u001b[2m:111:44)\u001b[22m\n          at loadPrivatePartialConfig.next (<anonymous>)\n      \u001b[2mat loadPrivatePartialConfig (\u001b[22mnode_modules/@babel/core/src/config/partial.ts\u001b[2m:170:12)\u001b[22m\n          at loadPartialConfig.next (<anonymous>)\n      \u001b[2mat evaluateSync (\u001b[22mnode_modules/gensync/index.js\u001b[2m:251:28)\u001b[22m\n      \u001b[2mat sync (\u001b[22mnode_modules/gensync/index.js\u001b[2m:89:14)\u001b[22m\n      \u001b[2mat fn (\u001b[22mnode_modules/@babel/core/src/errors/rewrite-stack-trace.ts\u001b[2m:99:14)\u001b[22m\n      \u001b[2mat loadPartialConfigSync (\u001b[22mnode_modules/@babel/core/src/config/index.ts\u001b[2m:50:60)\u001b[22m\n      \u001b[2mat loadPartialConfigSync (\u001b[22mnode_modules/@babel/core/src/config/index.ts\u001b[2m:69:14)\u001b[22m\n      \u001b[2mat ScriptTransformer._getCacheKey (\u001b[22mnode_modules/@jest/transform/build/ScriptTransformer.js\u001b[2m:228:41)\u001b[22m\n      \u001b[2mat ScriptTransformer._getFileCachePath (\u001b[22mnode_modules/@jest/transform/build/ScriptTransformer.js\u001b[2m:289:27)\u001b[22m\n      \u001b[2mat ScriptTransformer.transformSource (\u001b[22mnode_modules/@jest/transform/build/ScriptTransformer.js\u001b[2m:525:32)\u001b[22m\n      \u001b[2mat ScriptTransformer._transformAndBuildScript (\u001b[22mnode_modules/@jest/transform/build/ScriptTransformer.js\u001b[2m:674:40)\u001b[22m\n      \u001b[2mat ScriptTransformer.transform (\u001b[22mnode_modules/@jest/transform/build/ScriptTransformer.js\u001b[2m:726:19)\u001b[22m\n","name":"/Users/yusuketsunoda/Documents/cursor/ppttranslatorapp/tests/api/health.test.ts","startTime":1742628669243,"status":"failed","summary":""},{"assertionResults":[],"coverage":{},"endTime":1742628669243,"message":"  \u001b[1m● \u001b[22mTest suite failed to run\n\n    Cannot find module './babel.config.mjs'\n    Require stack:\n    - /Users/yusuketsunoda/Documents/cursor/ppttranslatorapp/node_modules/@babel/core/lib/config/files/configuration.js\n    - /Users/yusuketsunoda/Documents/cursor/ppttranslatorapp/node_modules/@babel/core/lib/config/files/index.js\n    - /Users/yusuketsunoda/Documents/cursor/ppttranslatorapp/node_modules/@babel/core/lib/index.js\n    - /Users/yusuketsunoda/Documents/cursor/ppttranslatorapp/node_modules/jest-snapshot/build/InlineSnapshots.js\n\n      \u001b[2mat loadConfig (\u001b[22mnode_modules/@babel/core/src/config/files/configuration.ts\u001b[2m:315:20)\u001b[22m\n          at loadConfig.next (<anonymous>)\n      \u001b[2mat buildRootChain (\u001b[22mnode_modules/@babel/core/src/config/config-chain.ts\u001b[2m:165:35)\u001b[22m\n          at buildRootChain.next (<anonymous>)\n      \u001b[2mat loadPrivatePartialConfig (\u001b[22mnode_modules/@babel/core/src/config/partial.ts\u001b[2m:111:44)\u001b[22m\n          at loadPrivatePartialConfig.next (<anonymous>)\n      \u001b[2mat loadPrivatePartialConfig (\u001b[22mnode_modules/@babel/core/src/config/partial.ts\u001b[2m:170:12)\u001b[22m\n          at loadPartialConfig.next (<anonymous>)\n      \u001b[2mat evaluateSync (\u001b[22mnode_modules/gensync/index.js\u001b[2m:251:28)\u001b[22m\n      \u001b[2mat sync (\u001b[22mnode_modules/gensync/index.js\u001b[2m:89:14)\u001b[22m\n      \u001b[2mat fn (\u001b[22mnode_modules/@babel/core/src/errors/rewrite-stack-trace.ts\u001b[2m:99:14)\u001b[22m\n      \u001b[2mat loadPartialConfigSync (\u001b[22mnode_modules/@babel/core/src/config/index.ts\u001b[2m:50:60)\u001b[22m\n      \u001b[2mat loadPartialConfigSync (\u001b[22mnode_modules/@babel/core/src/config/index.ts\u001b[2m:69:14)\u001b[22m\n      \u001b[2mat ScriptTransformer._getCacheKey (\u001b[22mnode_modules/@jest/transform/build/ScriptTransformer.js\u001b[2m:228:41)\u001b[22m\n      \u001b[2mat ScriptTransformer._getFileCachePath (\u001b[22mnode_modules/@jest/transform/build/ScriptTransformer.js\u001b[2m:289:27)\u001b[22m\n      \u001b[2mat ScriptTransformer.transformSource (\u001b[22mnode_modules/@jest/transform/build/ScriptTransformer.js\u001b[2m:525:32)\u001b[22m\n      \u001b[2mat ScriptTransformer._transformAndBuildScript (\u001b[22mnode_modules/@jest/transform/build/ScriptTransformer.js\u001b[2m:674:40)\u001b[22m\n      \u001b[2mat ScriptTransformer.transform (\u001b[22mnode_modules/@jest/transform/build/ScriptTransformer.js\u001b[2m:726:19)\u001b[22m\n","name":"/Users/yusuketsunoda/Documents/cursor/ppttranslatorapp/tests/api/pptx-parse.test.ts","startTime":1742628669243,"status":"failed","summary":""}],"wasInterrupted":false,"coverageMap":{}}
