{"numFailedTestSuites":0,"numFailedTests":0,"numPassedTestSuites":32,"numPassedTests":219,"numPendingTestSuites":2,"numPendingTests":11,"numRuntimeErrorTestSuites":0,"numTodoTests":0,"numTotalTestSuites":34,"numTotalTests":230,"openHandles":[],"snapshot":{"added":0,"didUpdate":false,"failure":false,"filesAdded":0,"filesRemoved":0,"filesRemovedList":[],"filesUnmatched":0,"filesUpdated":0,"matched":0,"total":0,"unchecked":0,"uncheckedKeysByFile":[],"unmatched":0,"updated":0},"startTime":1742645368773,"success":true,"testResults":[{"assertionResults":[{"ancestorTitles":["ファイルユーティリティ","FilePathManager","getTempPath"],"duration":4,"failureDetails":[],"failureMessages":[],"fullName":"ファイルユーティリティ FilePathManager getTempPath 正しい一時ファイルパスを返す","invocations":1,"location":null,"numPassingAsserts":1,"retryReasons":[],"status":"passed","title":"正しい一時ファイルパスを返す"},{"ancestorTitles":["ファイルユーティリティ","FilePathManager","getPublicPath"],"duration":0,"failureDetails":[],"failureMessages":[],"fullName":"ファイルユーティリティ FilePathManager getPublicPath 正しい公開ファイルパスを返す","invocations":1,"location":null,"numPassingAsserts":1,"retryReasons":[],"status":"passed","title":"正しい公開ファイルパスを返す"},{"ancestorTitles":["ファイルユーティリティ","FilePathManager","getProcessingPath"],"duration":1,"failureDetails":[],"failureMessages":[],"fullName":"ファイルユーティリティ FilePathManager getProcessingPath 正しい処理中ファイルパスを返す","invocations":1,"location":null,"numPassingAsserts":1,"retryReasons":[],"status":"passed","title":"正しい処理中ファイルパスを返す"},{"ancestorTitles":["ファイルユーティリティ","generateFileId"],"duration":0,"failureDetails":[],"failureMessages":[],"fullName":"ファイルユーティリティ generateFileId 一意のファイルIDを生成する","invocations":1,"location":null,"numPassingAsserts":1,"retryReasons":[],"status":"passed","title":"一意のファイルIDを生成する"},{"ancestorTitles":["ファイルユーティリティ","wait"],"duration":1,"failureDetails":[],"failureMessages":[],"fullName":"ファイルユーティリティ wait 指定された時間だけ待機する","invocations":1,"location":null,"numPassingAsserts":0,"retryReasons":[],"status":"passed","title":"指定された時間だけ待機する"},{"ancestorTitles":["ファイルユーティリティ","withRetry"],"duration":0,"failureDetails":[],"failureMessages":[],"fullName":"ファイルユーティリティ withRetry 初回で成功した場合はリトライしない","invocations":1,"location":null,"numPassingAsserts":3,"retryReasons":[],"status":"passed","title":"初回で成功した場合はリトライしない"},{"ancestorTitles":["ファイルユーティリティ","withRetry"],"duration":1,"failureDetails":[],"failureMessages":[],"fullName":"ファイルユーティリティ withRetry 失敗後にリトライして成功する場合","invocations":1,"location":null,"numPassingAsserts":3,"retryReasons":[],"status":"passed","title":"失敗後にリトライして成功する場合"},{"ancestorTitles":["ファイルユーティリティ","withRetry"],"duration":3,"failureDetails":[],"failureMessages":[],"fullName":"ファイルユーティリティ withRetry 最大リトライ回数を超えた場合はエラーをスロー","invocations":1,"location":null,"numPassingAsserts":3,"retryReasons":[],"status":"passed","title":"最大リトライ回数を超えた場合はエラーをスロー"}],"endTime":1742645369749,"message":"","name":"/Users/yusuketsunoda/Documents/cursor/ppttranslatorapp/tests/lib/utils/file-utils.test.ts","startTime":1742645369328,"status":"passed","summary":""},{"assertionResults":[{"ancestorTitles":["Login API"],"duration":4,"failureDetails":[],"failureMessages":[],"fullName":"Login API 必須フィールドが欠けている場合は400エラーを返す","invocations":1,"location":null,"numPassingAsserts":2,"retryReasons":[],"status":"passed","title":"必須フィールドが欠けている場合は400エラーを返す"},{"ancestorTitles":["Login API"],"duration":1,"failureDetails":[],"failureMessages":[],"fullName":"Login API ユーザーが存在しない場合は401エラーを返す","invocations":1,"location":null,"numPassingAsserts":2,"retryReasons":[],"status":"passed","title":"ユーザーが存在しない場合は401エラーを返す"},{"ancestorTitles":["Login API"],"duration":0,"failureDetails":[],"failureMessages":[],"fullName":"Login API パスワードが一致しない場合は401エラーを返す","invocations":1,"location":null,"numPassingAsserts":2,"retryReasons":[],"status":"passed","title":"パスワードが一致しない場合は401エラーを返す"},{"ancestorTitles":["Login API"],"duration":4,"failureDetails":[],"failureMessages":[],"fullName":"Login API 認証成功時にユーザー情報を返す","invocations":1,"location":null,"numPassingAsserts":3,"retryReasons":[],"status":"passed","title":"認証成功時にユーザー情報を返す"},{"ancestorTitles":["Login API"],"duration":3,"failureDetails":[],"failureMessages":[],"fullName":"Login API データベース接続エラー時に500エラーを返す","invocations":1,"location":null,"numPassingAsserts":2,"retryReasons":[],"status":"passed","title":"データベース接続エラー時に500エラーを返す"},{"ancestorTitles":["Login API"],"duration":1,"failureDetails":[],"failureMessages":[],"fullName":"Login API 予期せぬエラー時に500エラーを返す","invocations":1,"location":null,"numPassingAsserts":2,"retryReasons":[],"status":"passed","title":"予期せぬエラー時に500エラーを返す"}],"endTime":1742645369768,"message":"","name":"/Users/yusuketsunoda/Documents/cursor/ppttranslatorapp/tests/api/auth/login.test.ts","startTime":1742645369351,"status":"passed","summary":""},{"assertionResults":[{"ancestorTitles":["PPTXパーサー","parsePPTX"],"duration":6,"failureDetails":[],"failureMessages":[],"fullName":"PPTXパーサー parsePPTX PPTXファイルを正しくパースする","invocations":1,"location":null,"numPassingAsserts":4,"retryReasons":[],"status":"passed","title":"PPTXファイルを正しくパースする"},{"ancestorTitles":["PPTXパーサー","parsePPTX"],"duration":11,"failureDetails":[],"failureMessages":[],"fullName":"PPTXパーサー parsePPTX Pythonスクリプトが見つからない場合はエラーを投げる","invocations":1,"location":null,"numPassingAsserts":1,"retryReasons":[],"status":"passed","title":"Pythonスクリプトが見つからない場合はエラーを投げる"},{"ancestorTitles":["PPTXパーサー","parsePPTX"],"duration":9,"failureDetails":[],"failureMessages":[],"fullName":"PPTXパーサー parsePPTX Pythonスクリプトの実行エラーを適切に処理する","invocations":1,"location":null,"numPassingAsserts":1,"retryReasons":[],"status":"passed","title":"Pythonスクリプトの実行エラーを適切に処理する"},{"ancestorTitles":["PPTXパーサー","extractTexts"],"duration":0,"failureDetails":[],"failureMessages":[],"fullName":"PPTXパーサー extractTexts パース結果からテキストを抽出する","invocations":1,"location":null,"numPassingAsserts":3,"retryReasons":[],"status":"passed","title":"パース結果からテキストを抽出する"},{"ancestorTitles":["PPTXパーサー","getTextWithPositions"],"duration":0,"failureDetails":[],"failureMessages":[],"fullName":"PPTXパーサー getTextWithPositions パース結果からテキストと位置情報を取得する","invocations":1,"location":null,"numPassingAsserts":6,"retryReasons":[],"status":"passed","title":"パース結果からテキストと位置情報を取得する"}],"endTime":1742645369786,"message":"","name":"/Users/yusuketsunoda/Documents/cursor/ppttranslatorapp/tests/lib/pptx/parser.test.ts","startTime":1742645369349,"status":"passed","summary":""},{"assertionResults":[{"ancestorTitles":["エラーハンドリングユーティリティ","エラー作成関数"],"duration":2,"failureDetails":[],"failureMessages":[],"fullName":"エラーハンドリングユーティリティ エラー作成関数 認証エラーを正しく作成する","invocations":1,"location":null,"numPassingAsserts":3,"retryReasons":[],"status":"passed","title":"認証エラーを正しく作成する"},{"ancestorTitles":["エラーハンドリングユーティリティ","エラー作成関数"],"duration":1,"failureDetails":[],"failureMessages":[],"fullName":"エラーハンドリングユーティリティ エラー作成関数 バリデーションエラーを正しく作成する","invocations":1,"location":null,"numPassingAsserts":4,"retryReasons":[],"status":"passed","title":"バリデーションエラーを正しく作成する"},{"ancestorTitles":["エラーハンドリングユーティリティ","エラー作成関数"],"duration":0,"failureDetails":[],"failureMessages":[],"fullName":"エラーハンドリングユーティリティ エラー作成関数 Not Foundエラーを正しく作成する","invocations":1,"location":null,"numPassingAsserts":3,"retryReasons":[],"status":"passed","title":"Not Foundエラーを正しく作成する"},{"ancestorTitles":["エラーハンドリングユーティリティ","エラー作成関数"],"duration":0,"failureDetails":[],"failureMessages":[],"fullName":"エラーハンドリングユーティリティ エラー作成関数 権限エラーを正しく作成する","invocations":1,"location":null,"numPassingAsserts":3,"retryReasons":[],"status":"passed","title":"権限エラーを正しく作成する"},{"ancestorTitles":["エラーハンドリングユーティリティ","エラー作成関数"],"duration":0,"failureDetails":[],"failureMessages":[],"fullName":"エラーハンドリングユーティリティ エラー作成関数 データベースエラーを正しく作成する","invocations":1,"location":null,"numPassingAsserts":4,"retryReasons":[],"status":"passed","title":"データベースエラーを正しく作成する"},{"ancestorTitles":["エラーハンドリングユーティリティ","エラーハンドリング関数"],"duration":0,"failureDetails":[],"failureMessages":[],"fullName":"エラーハンドリングユーティリティ エラーハンドリング関数 クライアントエラーを正しく処理する","invocations":1,"location":null,"numPassingAsserts":2,"retryReasons":[],"status":"passed","title":"クライアントエラーを正しく処理する"},{"ancestorTitles":["エラーハンドリングユーティリティ","エラーハンドリング関数"],"duration":0,"failureDetails":[],"failureMessages":[],"fullName":"エラーハンドリングユーティリティ エラーハンドリング関数 AppErrorのクライアントエラーを正しく処理する","invocations":1,"location":null,"numPassingAsserts":2,"retryReasons":[],"status":"passed","title":"AppErrorのクライアントエラーを正しく処理する"},{"ancestorTitles":["エラーハンドリングユーティリティ","エラーハンドリング関数"],"duration":0,"failureDetails":[],"failureMessages":[],"fullName":"エラーハンドリングユーティリティ エラーハンドリング関数 APIエラーを正しく処理する","invocations":1,"location":null,"numPassingAsserts":2,"retryReasons":[],"status":"passed","title":"APIエラーを正しく処理する"},{"ancestorTitles":["エラーハンドリングユーティリティ","AppErrorクラス"],"duration":1,"failureDetails":[],"failureMessages":[],"fullName":"エラーハンドリングユーティリティ AppErrorクラス 正しく初期化される","invocations":1,"location":null,"numPassingAsserts":3,"retryReasons":[],"status":"passed","title":"正しく初期化される"},{"ancestorTitles":["エラーハンドリングユーティリティ","AppErrorクラス"],"duration":0,"failureDetails":[],"failureMessages":[],"fullName":"エラーハンドリングユーティリティ AppErrorクラス コンテキスト情報を持つことができる","invocations":1,"location":null,"numPassingAsserts":3,"retryReasons":[],"status":"passed","title":"コンテキスト情報を持つことができる"},{"ancestorTitles":["エラーハンドリングユーティリティ","AppErrorクラス"],"duration":0,"failureDetails":[],"failureMessages":[],"fullName":"エラーハンドリングユーティリティ AppErrorクラス 元のエラーを保持できる","invocations":1,"location":null,"numPassingAsserts":3,"retryReasons":[],"status":"passed","title":"元のエラーを保持できる"},{"ancestorTitles":["エラーハンドリングユーティリティ","Error Creators"],"duration":0,"failureDetails":[],"failureMessages":[],"fullName":"エラーハンドリングユーティリティ Error Creators createValidationErrorが正しいAppErrorを作成する","invocations":1,"location":null,"numPassingAsserts":5,"retryReasons":[],"status":"passed","title":"createValidationErrorが正しいAppErrorを作成する"},{"ancestorTitles":["エラーハンドリングユーティリティ","Error Creators"],"duration":5,"failureDetails":[],"failureMessages":[],"fullName":"エラーハンドリングユーティリティ Error Creators createAuthErrorが正しいAppErrorを作成する","invocations":1,"location":null,"numPassingAsserts":5,"retryReasons":[],"status":"passed","title":"createAuthErrorが正しいAppErrorを作成する"},{"ancestorTitles":["エラーハンドリングユーティリティ","Error Creators"],"duration":1,"failureDetails":[],"failureMessages":[],"fullName":"エラーハンドリングユーティリティ Error Creators createForbiddenErrorが正しいAppErrorを作成する","invocations":1,"location":null,"numPassingAsserts":4,"retryReasons":[],"status":"passed","title":"createForbiddenErrorが正しいAppErrorを作成する"},{"ancestorTitles":["エラーハンドリングユーティリティ","Error Creators"],"duration":1,"failureDetails":[],"failureMessages":[],"fullName":"エラーハンドリングユーティリティ Error Creators createNotFoundErrorが正しいAppErrorを作成する","invocations":1,"location":null,"numPassingAsserts":4,"retryReasons":[],"status":"passed","title":"createNotFoundErrorが正しいAppErrorを作成する"},{"ancestorTitles":["エラーハンドリングユーティリティ","Error Creators"],"duration":0,"failureDetails":[],"failureMessages":[],"fullName":"エラーハンドリングユーティリティ Error Creators createRateLimitErrorが正しいAppErrorを作成する","invocations":1,"location":null,"numPassingAsserts":4,"retryReasons":[],"status":"passed","title":"createRateLimitErrorが正しいAppErrorを作成する"},{"ancestorTitles":["エラーハンドリングユーティリティ","Error Creators"],"duration":0,"failureDetails":[],"failureMessages":[],"fullName":"エラーハンドリングユーティリティ Error Creators createDatabaseErrorが正しいAppErrorを作成する","invocations":1,"location":null,"numPassingAsserts":5,"retryReasons":[],"status":"passed","title":"createDatabaseErrorが正しいAppErrorを作成する"},{"ancestorTitles":["エラーハンドリングユーティリティ","mapSessionErrorToAppError"],"duration":0,"failureDetails":[],"failureMessages":[],"fullName":"エラーハンドリングユーティリティ mapSessionErrorToAppError EXPIREDエラーを正しく変換する","invocations":1,"location":null,"numPassingAsserts":3,"retryReasons":[],"status":"passed","title":"EXPIREDエラーを正しく変換する"},{"ancestorTitles":["エラーハンドリングユーティリティ","mapSessionErrorToAppError"],"duration":0,"failureDetails":[],"failureMessages":[],"fullName":"エラーハンドリングユーティリティ mapSessionErrorToAppError INVALIDエラーを正しく変換する","invocations":1,"location":null,"numPassingAsserts":3,"retryReasons":[],"status":"passed","title":"INVALIDエラーを正しく変換する"},{"ancestorTitles":["エラーハンドリングユーティリティ","mapSessionErrorToAppError"],"duration":1,"failureDetails":[],"failureMessages":[],"fullName":"エラーハンドリングユーティリティ mapSessionErrorToAppError NETWORKエラーを正しく変換する","invocations":1,"location":null,"numPassingAsserts":3,"retryReasons":[],"status":"passed","title":"NETWORKエラーを正しく変換する"},{"ancestorTitles":["エラーハンドリングユーティリティ","mapSessionErrorToAppError"],"duration":0,"failureDetails":[],"failureMessages":[],"fullName":"エラーハンドリングユーティリティ mapSessionErrorToAppError UNAUTHORIZEDエラーを正しく変換する","invocations":1,"location":null,"numPassingAsserts":3,"retryReasons":[],"status":"passed","title":"UNAUTHORIZEDエラーを正しく変換する"},{"ancestorTitles":["エラーハンドリングユーティリティ","mapSessionErrorToAppError"],"duration":0,"failureDetails":[],"failureMessages":[],"fullName":"エラーハンドリングユーティリティ mapSessionErrorToAppError UNKNOWNエラーを正しく変換する","invocations":1,"location":null,"numPassingAsserts":2,"retryReasons":[],"status":"passed","title":"UNKNOWNエラーを正しく変換する"}],"endTime":1742645369785,"message":"","name":"/Users/yusuketsunoda/Documents/cursor/ppttranslatorapp/tests/utils/error-handler.test.ts","startTime":1742645369360,"status":"passed","summary":""},{"assertionResults":[{"ancestorTitles":["cn function"],"duration":6,"failureDetails":[],"failureMessages":[],"fullName":"cn function クラス名を正しく結合する","invocations":1,"location":null,"numPassingAsserts":5,"retryReasons":[],"status":"passed","title":"クラス名を正しく結合する"},{"ancestorTitles":["cn function"],"duration":0,"failureDetails":[],"failureMessages":[],"fullName":"cn function 空の入力を処理する","invocations":1,"location":null,"numPassingAsserts":4,"retryReasons":[],"status":"passed","title":"空の入力を処理する"},{"ancestorTitles":["formatDate function"],"duration":11,"failureDetails":[],"failureMessages":[],"fullName":"formatDate function 日付を日本語形式でフォーマットする","invocations":1,"location":null,"numPassingAsserts":2,"retryReasons":[],"status":"passed","title":"日付を日本語形式でフォーマットする"},{"ancestorTitles":["formatDate function"],"duration":1,"failureDetails":[],"failureMessages":[],"fullName":"formatDate function 現在の日付をフォーマットする","invocations":1,"location":null,"numPassingAsserts":1,"retryReasons":[],"status":"passed","title":"現在の日付をフォーマットする"},{"ancestorTitles":["formatDate function"],"duration":6,"failureDetails":[],"failureMessages":[],"fullName":"formatDate function 日付オブジェクトが必要","invocations":1,"location":null,"numPassingAsserts":1,"retryReasons":[],"status":"passed","title":"日付オブジェクトが必要"}],"endTime":1742645369789,"message":"","name":"/Users/yusuketsunoda/Documents/cursor/ppttranslatorapp/tests/utils/utils.test.ts","startTime":1742645369356,"status":"passed","summary":""},{"assertionResults":[{"ancestorTitles":["File Utilities","FilePathManager"],"duration":4,"failureDetails":[],"failureMessages":[],"fullName":"File Utilities FilePathManager getTempPathが正しいパスを返す","invocations":1,"location":null,"numPassingAsserts":3,"retryReasons":[],"status":"passed","title":"getTempPathが正しいパスを返す"},{"ancestorTitles":["File Utilities","FilePathManager"],"duration":0,"failureDetails":[],"failureMessages":[],"fullName":"File Utilities FilePathManager getPublicPathが正しいパスを返す","invocations":1,"location":null,"numPassingAsserts":3,"retryReasons":[],"status":"passed","title":"getPublicPathが正しいパスを返す"},{"ancestorTitles":["File Utilities","FilePathManager"],"duration":0,"failureDetails":[],"failureMessages":[],"fullName":"File Utilities FilePathManager getProcessingPathが正しいパスを返す","invocations":1,"location":null,"numPassingAsserts":2,"retryReasons":[],"status":"passed","title":"getProcessingPathが正しいパスを返す"},{"ancestorTitles":["File Utilities","FilePathManager"],"duration":1,"failureDetails":[],"failureMessages":[],"fullName":"File Utilities FilePathManager getSlidesPathが正しいパスを返す","invocations":1,"location":null,"numPassingAsserts":2,"retryReasons":[],"status":"passed","title":"getSlidesPathが正しいパスを返す"},{"ancestorTitles":["File Utilities","FilePathManager"],"duration":0,"failureDetails":[],"failureMessages":[],"fullName":"File Utilities FilePathManager getAbsolutePathが相対パスを絶対パスに変換する","invocations":1,"location":null,"numPassingAsserts":2,"retryReasons":[],"status":"passed","title":"getAbsolutePathが相対パスを絶対パスに変換する"},{"ancestorTitles":["File Utilities","FilePathManager"],"duration":0,"failureDetails":[],"failureMessages":[],"fullName":"File Utilities FilePathManager getAbsolutePathが絶対パスをそのまま返す","invocations":1,"location":null,"numPassingAsserts":2,"retryReasons":[],"status":"passed","title":"getAbsolutePathが絶対パスをそのまま返す"},{"ancestorTitles":["File Utilities","FilePathManager"],"duration":1,"failureDetails":[],"failureMessages":[],"fullName":"File Utilities FilePathManager ensurePathがディレクトリを作成する","invocations":1,"location":null,"numPassingAsserts":1,"retryReasons":[],"status":"passed","title":"ensurePathがディレクトリを作成する"},{"ancestorTitles":["File Utilities","FilePathManager"],"duration":0,"failureDetails":[],"failureMessages":[],"fullName":"File Utilities FilePathManager findActualFilePathが正しいファイルを見つける","invocations":1,"location":null,"numPassingAsserts":3,"retryReasons":[],"status":"passed","title":"findActualFilePathが正しいファイルを見つける"},{"ancestorTitles":["File Utilities","Utility Functions"],"duration":0,"failureDetails":[],"failureMessages":[],"fullName":"File Utilities Utility Functions generateFileIdがユニークなIDを生成する","invocations":1,"location":null,"numPassingAsserts":2,"retryReasons":[],"status":"passed","title":"generateFileIdがユニークなIDを生成する"},{"ancestorTitles":["File Utilities","Utility Functions"],"duration":1,"failureDetails":[],"failureMessages":[],"fullName":"File Utilities Utility Functions createUserDirectoriesがディレクトリを作成する","invocations":1,"location":null,"numPassingAsserts":2,"retryReasons":[],"status":"passed","title":"createUserDirectoriesがディレクトリを作成する"},{"ancestorTitles":["File Utilities","Utility Functions"],"duration":0,"failureDetails":[],"failureMessages":[],"fullName":"File Utilities Utility Functions cleanupOldFilesが古いファイルを削除する","invocations":1,"location":null,"numPassingAsserts":1,"retryReasons":[],"status":"passed","title":"cleanupOldFilesが古いファイルを削除する"},{"ancestorTitles":["File Utilities","Utility Functions"],"duration":5,"failureDetails":[],"failureMessages":[],"fullName":"File Utilities Utility Functions withRetryが成功するまで再試行する","invocations":1,"location":null,"numPassingAsserts":2,"retryReasons":[],"status":"passed","title":"withRetryが成功するまで再試行する"},{"ancestorTitles":["File Utilities","Utility Functions"],"duration":8,"failureDetails":[],"failureMessages":[],"fullName":"File Utilities Utility Functions withRetryが最大試行回数を超えるとエラーをスローする","invocations":1,"location":null,"numPassingAsserts":2,"retryReasons":[],"status":"passed","title":"withRetryが最大試行回数を超えるとエラーをスローする"},{"ancestorTitles":["File Utilities","FileState Enum"],"duration":1,"failureDetails":[],"failureMessages":[],"fullName":"File Utilities FileState Enum FileStateが正しい値を持つ","invocations":1,"location":null,"numPassingAsserts":4,"retryReasons":[],"status":"passed","title":"FileStateが正しい値を持つ"},{"ancestorTitles":["FilePathManager Implementation Tests"],"duration":0,"failureDetails":[],"failureMessages":[],"fullName":"FilePathManager Implementation Tests getTempPathが正しいパスを返す（実装）","invocations":1,"location":null,"numPassingAsserts":2,"retryReasons":[],"status":"passed","title":"getTempPathが正しいパスを返す（実装）"},{"ancestorTitles":["FilePathManager Implementation Tests"],"duration":0,"failureDetails":[],"failureMessages":[],"fullName":"FilePathManager Implementation Tests getPublicPathが正しいパスを返す（実装）","invocations":1,"location":null,"numPassingAsserts":2,"retryReasons":[],"status":"passed","title":"getPublicPathが正しいパスを返す（実装）"},{"ancestorTitles":["FilePathManager Implementation Tests"],"duration":0,"failureDetails":[],"failureMessages":[],"fullName":"FilePathManager Implementation Tests getProcessingPathが正しいパスを返す（実装）","invocations":1,"location":null,"numPassingAsserts":1,"retryReasons":[],"status":"passed","title":"getProcessingPathが正しいパスを返す（実装）"},{"ancestorTitles":["FilePathManager Implementation Tests"],"duration":0,"failureDetails":[],"failureMessages":[],"fullName":"FilePathManager Implementation Tests getSlidesPathが正しいパスを返す（実装）","invocations":1,"location":null,"numPassingAsserts":1,"retryReasons":[],"status":"passed","title":"getSlidesPathが正しいパスを返す（実装）"},{"ancestorTitles":["FilePathManager Implementation Tests"],"duration":0,"failureDetails":[],"failureMessages":[],"fullName":"FilePathManager Implementation Tests getAbsolutePathが相対パスを絶対パスに変換する（実装）","invocations":1,"location":null,"numPassingAsserts":1,"retryReasons":[],"status":"passed","title":"getAbsolutePathが相対パスを絶対パスに変換する（実装）"},{"ancestorTitles":["FilePathManager Implementation Tests"],"duration":0,"failureDetails":[],"failureMessages":[],"fullName":"FilePathManager Implementation Tests getAbsolutePathが絶対パスをそのまま返す（実装）","invocations":1,"location":null,"numPassingAsserts":1,"retryReasons":[],"status":"passed","title":"getAbsolutePathが絶対パスをそのまま返す（実装）"},{"ancestorTitles":["logFileOperation Tests"],"duration":1,"failureDetails":[],"failureMessages":[],"fullName":"logFileOperation Tests 成功した操作を記録する","invocations":1,"location":null,"numPassingAsserts":2,"retryReasons":[],"status":"passed","title":"成功した操作を記録する"},{"ancestorTitles":["logFileOperation Tests"],"duration":0,"failureDetails":[],"failureMessages":[],"fullName":"logFileOperation Tests 失敗した操作とエラーを記録する","invocations":1,"location":null,"numPassingAsserts":2,"retryReasons":[],"status":"passed","title":"失敗した操作とエラーを記録する"},{"ancestorTitles":["logFileOperation Tests"],"duration":0,"failureDetails":[],"failureMessages":[],"fullName":"logFileOperation Tests ログ記録中にエラーが発生した場合はコンソールにエラーを出力する","invocations":1,"location":null,"numPassingAsserts":2,"retryReasons":[],"status":"passed","title":"ログ記録中にエラーが発生した場合はコンソールにエラーを出力する"},{"ancestorTitles":["Utility Functions Tests"],"duration":102,"failureDetails":[],"failureMessages":[],"fullName":"Utility Functions Tests waitが指定された時間待機する","invocations":1,"location":null,"numPassingAsserts":1,"retryReasons":[],"status":"passed","title":"waitが指定された時間待機する"},{"ancestorTitles":["Utility Functions Tests"],"duration":33,"failureDetails":[],"failureMessages":[],"fullName":"Utility Functions Tests withRetryが成功するまで再試行する","invocations":1,"location":null,"numPassingAsserts":3,"retryReasons":[],"status":"passed","title":"withRetryが成功するまで再試行する"},{"ancestorTitles":["Utility Functions Tests"],"duration":12,"failureDetails":[],"failureMessages":[],"fullName":"Utility Functions Tests withRetryが最大試行回数を超えるとエラーをスローする","invocations":1,"location":null,"numPassingAsserts":3,"retryReasons":[],"status":"passed","title":"withRetryが最大試行回数を超えるとエラーをスローする"},{"ancestorTitles":["Utility Functions Tests"],"duration":0,"failureDetails":[],"failureMessages":[],"fullName":"Utility Functions Tests generateFileIdがユニークなIDを生成する","invocations":1,"location":null,"numPassingAsserts":3,"retryReasons":[],"status":"passed","title":"generateFileIdがユニークなIDを生成する"}],"endTime":1742645369846,"message":"","name":"/Users/yusuketsunoda/Documents/cursor/ppttranslatorapp/tests/utils/file-utils.test.ts","startTime":1742645369301,"status":"passed","summary":""},{"assertionResults":[{"ancestorTitles":["セッション管理","useAuth"],"duration":8,"failureDetails":[],"failureMessages":[],"fullName":"セッション管理 useAuth 認証状態を正しく返す","invocations":1,"location":null,"numPassingAsserts":4,"retryReasons":[],"status":"passed","title":"認証状態を正しく返す"},{"ancestorTitles":["セッション管理","useAuth"],"duration":2,"failureDetails":[],"failureMessages":[],"fullName":"セッション管理 useAuth ログイン処理を正しく実行する","invocations":1,"location":null,"numPassingAsserts":3,"retryReasons":[],"status":"passed","title":"ログイン処理を正しく実行する"},{"ancestorTitles":["セッション管理","useAuth"],"duration":4,"failureDetails":[],"failureMessages":[],"fullName":"セッション管理 useAuth ログアウト処理を正しく実行する","invocations":1,"location":null,"numPassingAsserts":3,"retryReasons":[],"status":"passed","title":"ログアウト処理を正しく実行する"},{"ancestorTitles":["セッション管理","useAuth"],"duration":2,"failureDetails":[],"failureMessages":[],"fullName":"セッション管理 useAuth ログインエラーを正しく処理する","invocations":1,"location":null,"numPassingAsserts":4,"retryReasons":[],"status":"passed","title":"ログインエラーを正しく処理する"},{"ancestorTitles":["セッション管理","useAuth"],"duration":3,"failureDetails":[],"failureMessages":[],"fullName":"セッション管理 useAuth エラーをクリアする","invocations":1,"location":null,"numPassingAsserts":2,"retryReasons":[],"status":"passed","title":"エラーをクリアする"},{"ancestorTitles":["セッション管理","セッション有効性チェック"],"duration":0,"failureDetails":[],"failureMessages":[],"fullName":"セッション管理 セッション有効性チェック 有効なセッションを正しく検証する","invocations":1,"location":null,"numPassingAsserts":1,"retryReasons":[],"status":"passed","title":"有効なセッションを正しく検証する"},{"ancestorTitles":["セッション管理","セッション有効性チェック"],"duration":0,"failureDetails":[],"failureMessages":[],"fullName":"セッション管理 セッション有効性チェック 期限切れのセッションを無効と判定する","invocations":1,"location":null,"numPassingAsserts":1,"retryReasons":[],"status":"passed","title":"期限切れのセッションを無効と判定する"},{"ancestorTitles":["セッション管理","セッション有効性チェック"],"duration":0,"failureDetails":[],"failureMessages":[],"fullName":"セッション管理 セッション有効性チェック ユーザー情報がないセッションを無効と判定する","invocations":1,"location":null,"numPassingAsserts":1,"retryReasons":[],"status":"passed","title":"ユーザー情報がないセッションを無効と判定する"},{"ancestorTitles":["セッション管理","セッション有効性チェック"],"duration":0,"failureDetails":[],"failureMessages":[],"fullName":"セッション管理 セッション有効性チェック nullセッションを無効と判定する","invocations":1,"location":null,"numPassingAsserts":1,"retryReasons":[],"status":"passed","title":"nullセッションを無効と判定する"}],"endTime":1742645370052,"message":"","name":"/Users/yusuketsunoda/Documents/cursor/ppttranslatorapp/tests/auth/session.test.tsx","startTime":1742645369357,"status":"passed","summary":""},{"assertionResults":[{"ancestorTitles":["FileUploadComponent"],"duration":21,"failureDetails":[],"failureMessages":[],"fullName":"FileUploadComponent 正しくレンダリングされること","invocations":1,"location":null,"numPassingAsserts":4,"retryReasons":[],"status":"passed","title":"正しくレンダリングされること"},{"ancestorTitles":["FileUploadComponent"],"duration":5,"failureDetails":[],"failureMessages":[],"fullName":"FileUploadComponent ファイル選択ボタンをクリックするとファイル選択ダイアログが開くこと","invocations":1,"location":null,"numPassingAsserts":1,"retryReasons":[],"status":"passed","title":"ファイル選択ボタンをクリックするとファイル選択ダイアログが開くこと"},{"ancestorTitles":["FileUploadComponent"],"duration":4,"failureDetails":[],"failureMessages":[],"fullName":"FileUploadComponent ファイルが選択されたときにonUploadCompleteが呼ばれること","invocations":1,"location":null,"numPassingAsserts":1,"retryReasons":[],"status":"passed","title":"ファイルが選択されたときにonUploadCompleteが呼ばれること"},{"ancestorTitles":["FileUploadComponent"],"duration":4,"failureDetails":[],"failureMessages":[],"fullName":"FileUploadComponent ドラッグ&ドロップでファイルをアップロードできること","invocations":1,"location":null,"numPassingAsserts":1,"retryReasons":[],"status":"passed","title":"ドラッグ&ドロップでファイルをアップロードできること"},{"ancestorTitles":["FileUploadComponent"],"duration":3,"failureDetails":[],"failureMessages":[],"fullName":"FileUploadComponent ドラッグ&ドロップ中にスタイルが変わること","invocations":1,"location":null,"numPassingAsserts":3,"retryReasons":[],"status":"passed","title":"ドラッグ&ドロップ中にスタイルが変わること"}],"endTime":1742645370092,"message":"","name":"/Users/yusuketsunoda/Documents/cursor/ppttranslatorapp/tests/app/translate/components/FileUpload.test.tsx","startTime":1742645369757,"status":"passed","summary":""},{"assertionResults":[{"ancestorTitles":["DropdownMenu"],"duration":22,"failureDetails":[],"failureMessages":[],"fullName":"DropdownMenu トリガーとコンテンツが正しくレンダリングされる","invocations":1,"location":null,"numPassingAsserts":2,"retryReasons":[],"status":"passed","title":"トリガーとコンテンツが正しくレンダリングされる"},{"ancestorTitles":["DropdownMenu"],"duration":3,"failureDetails":[],"failureMessages":[],"fullName":"DropdownMenu メニューアイテムにクリックハンドラーを設定できる","invocations":1,"location":null,"numPassingAsserts":1,"retryReasons":[],"status":"passed","title":"メニューアイテムにクリックハンドラーを設定できる"},{"ancestorTitles":["DropdownMenu"],"duration":3,"failureDetails":[],"failureMessages":[],"fullName":"DropdownMenu ラベルとセパレーターが正しくレンダリングされる","invocations":1,"location":null,"numPassingAsserts":3,"retryReasons":[],"status":"passed","title":"ラベルとセパレーターが正しくレンダリングされる"}],"endTime":1742645370110,"message":"","name":"/Users/yusuketsunoda/Documents/cursor/ppttranslatorapp/tests/components/ui/dropdown-menu.test.tsx","startTime":1742645369350,"status":"passed","summary":""},{"assertionResults":[{"ancestorTitles":["PreviewSection"],"duration":14,"failureDetails":[],"failureMessages":[],"fullName":"PreviewSection スライドプレビューを表示する","invocations":1,"location":null,"numPassingAsserts":3,"retryReasons":[],"status":"passed","title":"スライドプレビューを表示する"},{"ancestorTitles":["PreviewSection"],"duration":7,"failureDetails":[],"failureMessages":[],"fullName":"PreviewSection スライド切り替えボタンが機能する","invocations":1,"location":null,"numPassingAsserts":1,"retryReasons":[],"status":"passed","title":"スライド切り替えボタンが機能する"},{"ancestorTitles":["PreviewSection"],"duration":1,"failureDetails":[],"failureMessages":[],"fullName":"PreviewSection 最初のスライドで前へボタンが無効化される","invocations":1,"location":null,"numPassingAsserts":1,"retryReasons":[],"status":"passed","title":"最初のスライドで前へボタンが無効化される"},{"ancestorTitles":["PreviewSection"],"duration":1,"failureDetails":[],"failureMessages":[],"fullName":"PreviewSection 最後のスライドで次へボタンが無効化される","invocations":1,"location":null,"numPassingAsserts":1,"retryReasons":[],"status":"passed","title":"最後のスライドで次へボタンが無効化される"},{"ancestorTitles":["PreviewSection"],"duration":2,"failureDetails":[],"failureMessages":[],"fullName":"PreviewSection テキスト要素がハイライト表示される","invocations":1,"location":null,"numPassingAsserts":1,"retryReasons":[],"status":"passed","title":"テキスト要素がハイライト表示される"}],"endTime":1742645370118,"message":"","name":"/Users/yusuketsunoda/Documents/cursor/ppttranslatorapp/tests/app/translate/components/PreviewSection.test.tsx","startTime":1742645369800,"status":"passed","summary":""},{"assertionResults":[{"ancestorTitles":["Translation"],"duration":46,"failureDetails":[],"failureMessages":[],"fullName":"Translation テキスト項目と翻訳フォームを表示する","invocations":1,"location":null,"numPassingAsserts":7,"retryReasons":[],"status":"passed","title":"テキスト項目と翻訳フォームを表示する"},{"ancestorTitles":["Translation"],"duration":15,"failureDetails":[],"failureMessages":[],"fullName":"Translation 翻訳文を編集して保存できる","invocations":1,"location":null,"numPassingAsserts":1,"retryReasons":[],"status":"passed","title":"翻訳文を編集して保存できる"},{"ancestorTitles":["Translation"],"duration":8,"failureDetails":[],"failureMessages":[],"fullName":"Translation キャンセルボタンをクリックするとonCancelが呼び出される","invocations":1,"location":null,"numPassingAsserts":1,"retryReasons":[],"status":"passed","title":"キャンセルボタンをクリックするとonCancelが呼び出される"},{"ancestorTitles":["Translation"],"duration":6,"failureDetails":[],"failureMessages":[],"fullName":"Translation 自動翻訳ボタンが機能する","invocations":1,"location":null,"numPassingAsserts":6,"retryReasons":[],"status":"passed","title":"自動翻訳ボタンが機能する"},{"ancestorTitles":["Translation"],"duration":62,"failureDetails":[],"failureMessages":[],"fullName":"Translation 翻訳APIがエラーを返した場合にトーストを表示する","invocations":1,"location":null,"numPassingAsserts":1,"retryReasons":[],"status":"passed","title":"翻訳APIがエラーを返した場合にトーストを表示する"},{"ancestorTitles":["Translation"],"duration":3,"failureDetails":[],"failureMessages":[],"fullName":"Translation 翻訳が存在しない言語の場合、空の入力フィールドを表示する","invocations":1,"location":null,"numPassingAsserts":2,"retryReasons":[],"status":"passed","title":"翻訳が存在しない言語の場合、空の入力フィールドを表示する"}],"endTime":1742645370117,"message":"","name":"/Users/yusuketsunoda/Documents/cursor/ppttranslatorapp/tests/app/translate/components/Translation.test.tsx","startTime":1742645369351,"status":"passed","summary":""},{"assertionResults":[{"ancestorTitles":["Alert Component"],"duration":25,"failureDetails":[],"failureMessages":[],"fullName":"Alert Component デフォルトのアラートをレンダリングする","invocations":1,"location":null,"numPassingAsserts":3,"retryReasons":[],"status":"passed","title":"デフォルトのアラートをレンダリングする"},{"ancestorTitles":["Alert Component"],"duration":2,"failureDetails":[],"failureMessages":[],"fullName":"Alert Component destructiveバリアントのアラートをレンダリングする","invocations":1,"location":null,"numPassingAsserts":3,"retryReasons":[],"status":"passed","title":"destructiveバリアントのアラートをレンダリングする"},{"ancestorTitles":["Alert Component"],"duration":4,"failureDetails":[],"failureMessages":[],"fullName":"Alert Component カスタムクラス名を適用する","invocations":1,"location":null,"numPassingAsserts":1,"retryReasons":[],"status":"passed","title":"カスタムクラス名を適用する"},{"ancestorTitles":["Alert Component"],"duration":4,"failureDetails":[],"failureMessages":[],"fullName":"Alert Component AlertTitleとAlertDescriptionを含むアラートをレンダリングする","invocations":1,"location":null,"numPassingAsserts":4,"retryReasons":[],"status":"passed","title":"AlertTitleとAlertDescriptionを含むアラートをレンダリングする"},{"ancestorTitles":["Alert Component"],"duration":1,"failureDetails":[],"failureMessages":[],"fullName":"Alert Component AlertTitleにカスタムクラス名を適用する","invocations":1,"location":null,"numPassingAsserts":1,"retryReasons":[],"status":"passed","title":"AlertTitleにカスタムクラス名を適用する"},{"ancestorTitles":["Alert Component"],"duration":1,"failureDetails":[],"failureMessages":[],"fullName":"Alert Component AlertDescriptionにカスタムクラス名を適用する","invocations":1,"location":null,"numPassingAsserts":1,"retryReasons":[],"status":"passed","title":"AlertDescriptionにカスタムクラス名を適用する"}],"endTime":1742645370132,"message":"","name":"/Users/yusuketsunoda/Documents/cursor/ppttranslatorapp/tests/components/ui/alert.test.tsx","startTime":1742645369790,"status":"passed","summary":""},{"assertionResults":[{"ancestorTitles":["useToast"],"duration":9,"failureDetails":[],"failureMessages":[],"fullName":"useToast toast関数を呼び出してトーストを追加できる","invocations":1,"location":null,"numPassingAsserts":4,"retryReasons":[],"status":"passed","title":"toast関数を呼び出してトーストを追加できる"},{"ancestorTitles":["useToast"],"duration":1,"failureDetails":[],"failureMessages":[],"fullName":"useToast dismiss関数を呼び出してトーストを閉じる","invocations":1,"location":null,"numPassingAsserts":3,"retryReasons":[],"status":"passed","title":"dismiss関数を呼び出してトーストを閉じる"},{"ancestorTitles":["useToast"],"duration":1,"failureDetails":[],"failureMessages":[],"fullName":"useToast IDなしでdismiss関数を呼び出すと全てのトーストを閉じる","invocations":1,"location":null,"numPassingAsserts":3,"retryReasons":[],"status":"passed","title":"IDなしでdismiss関数を呼び出すと全てのトーストを閉じる"},{"ancestorTitles":["toast"],"duration":0,"failureDetails":[],"failureMessages":[],"fullName":"toast トーストを生成し、IDとメソッドを返す","invocations":1,"location":null,"numPassingAsserts":6,"retryReasons":[],"status":"passed","title":"トーストを生成し、IDとメソッドを返す"},{"ancestorTitles":["reducer"],"duration":0,"failureDetails":[],"failureMessages":[],"fullName":"reducer ADD_TOASTアクションでトーストを追加する","invocations":1,"location":null,"numPassingAsserts":2,"retryReasons":[],"status":"passed","title":"ADD_TOASTアクションでトーストを追加する"},{"ancestorTitles":["reducer"],"duration":1,"failureDetails":[],"failureMessages":[],"fullName":"reducer UPDATE_TOASTアクションでトーストを更新する","invocations":1,"location":null,"numPassingAsserts":3,"retryReasons":[],"status":"passed","title":"UPDATE_TOASTアクションでトーストを更新する"},{"ancestorTitles":["reducer"],"duration":1,"failureDetails":[],"failureMessages":[],"fullName":"reducer DISMISS_TOASTアクションでトーストを閉じる","invocations":1,"location":null,"numPassingAsserts":2,"retryReasons":[],"status":"passed","title":"DISMISS_TOASTアクションでトーストを閉じる"},{"ancestorTitles":["reducer"],"duration":0,"failureDetails":[],"failureMessages":[],"fullName":"reducer REMOVE_TOASTアクションでトーストを削除する","invocations":1,"location":null,"numPassingAsserts":1,"retryReasons":[],"status":"passed","title":"REMOVE_TOASTアクションでトーストを削除する"},{"ancestorTitles":["reducer"],"duration":0,"failureDetails":[],"failureMessages":[],"fullName":"reducer IDなしのREMOVE_TOASTアクションで全てのトーストを削除する","invocations":1,"location":null,"numPassingAsserts":1,"retryReasons":[],"status":"passed","title":"IDなしのREMOVE_TOASTアクションで全てのトーストを削除する"}],"endTime":1742645370145,"message":"","name":"/Users/yusuketsunoda/Documents/cursor/ppttranslatorapp/tests/components/ui/use-toast.test.tsx","startTime":1742645369852,"status":"passed","summary":""},{"assertionResults":[{"ancestorTitles":["Button"],"duration":32,"failureDetails":[],"failureMessages":[],"fullName":"Button ボタンをレンダリングする","invocations":1,"location":null,"numPassingAsserts":1,"retryReasons":[],"status":"passed","title":"ボタンをレンダリングする"},{"ancestorTitles":["Button"],"duration":5,"failureDetails":[],"failureMessages":[],"fullName":"Button クリックイベントを処理する","invocations":1,"location":null,"numPassingAsserts":1,"retryReasons":[],"status":"passed","title":"クリックイベントを処理する"},{"ancestorTitles":["Button"],"duration":4,"failureDetails":[],"failureMessages":[],"fullName":"Button 異なるバリアントをレンダリングする","invocations":1,"location":null,"numPassingAsserts":6,"retryReasons":[],"status":"passed","title":"異なるバリアントをレンダリングする"},{"ancestorTitles":["Button"],"duration":5,"failureDetails":[],"failureMessages":[],"fullName":"Button 異なるサイズをレンダリングする","invocations":1,"location":null,"numPassingAsserts":4,"retryReasons":[],"status":"passed","title":"異なるサイズをレンダリングする"},{"ancestorTitles":["Button"],"duration":1,"failureDetails":[],"failureMessages":[],"fullName":"Button 無効状態をレンダリングする","invocations":1,"location":null,"numPassingAsserts":2,"retryReasons":[],"status":"passed","title":"無効状態をレンダリングする"},{"ancestorTitles":["Button"],"duration":1,"failureDetails":[],"failureMessages":[],"fullName":"Button カスタムクラス名を適用する","invocations":1,"location":null,"numPassingAsserts":1,"retryReasons":[],"status":"passed","title":"カスタムクラス名を適用する"},{"ancestorTitles":["Button"],"duration":1,"failureDetails":[],"failureMessages":[],"fullName":"Button asChildプロパティを使用して別の要素としてレンダリングする","invocations":1,"location":null,"numPassingAsserts":3,"retryReasons":[],"status":"passed","title":"asChildプロパティを使用して別の要素としてレンダリングする"}],"endTime":1742645370152,"message":"","name":"/Users/yusuketsunoda/Documents/cursor/ppttranslatorapp/tests/components/ui/button.test.tsx","startTime":1742645369800,"status":"passed","summary":""},{"assertionResults":[{"ancestorTitles":["Switch Component"],"duration":25,"failureDetails":[],"failureMessages":[],"fullName":"Switch Component 基本的なSwitchをレンダリングする","invocations":1,"location":null,"numPassingAsserts":2,"retryReasons":[],"status":"passed","title":"基本的なSwitchをレンダリングする"},{"ancestorTitles":["Switch Component"],"duration":2,"failureDetails":[],"failureMessages":[],"fullName":"Switch Component チェック済みのSwitchをレンダリングする","invocations":1,"location":null,"numPassingAsserts":1,"retryReasons":[],"status":"passed","title":"チェック済みのSwitchをレンダリングする"},{"ancestorTitles":["Switch Component"],"duration":3,"failureDetails":[],"failureMessages":[],"fullName":"Switch Component 無効化されたSwitchをレンダリングする","invocations":1,"location":null,"numPassingAsserts":1,"retryReasons":[],"status":"passed","title":"無効化されたSwitchをレンダリングする"},{"ancestorTitles":["Switch Component"],"duration":6,"failureDetails":[],"failureMessages":[],"fullName":"Switch Component カスタムクラス名を適用する","invocations":1,"location":null,"numPassingAsserts":1,"retryReasons":[],"status":"passed","title":"カスタムクラス名を適用する"},{"ancestorTitles":["Switch Component"],"duration":12,"failureDetails":[],"failureMessages":[],"fullName":"Switch Component クリックイベントを処理する","invocations":1,"location":null,"numPassingAsserts":2,"retryReasons":[],"status":"passed","title":"クリックイベントを処理する"},{"ancestorTitles":["Switch Component"],"duration":1,"failureDetails":[],"failureMessages":[],"fullName":"Switch Component 追加の属性を設定する","invocations":1,"location":null,"numPassingAsserts":1,"retryReasons":[],"status":"passed","title":"追加の属性を設定する"}],"endTime":1742645370157,"message":"","name":"/Users/yusuketsunoda/Documents/cursor/ppttranslatorapp/tests/components/ui/switch.test.tsx","startTime":1742645369800,"status":"passed","summary":""},{"assertionResults":[{"ancestorTitles":["APIフック","useApiMutation"],"duration":2,"failureDetails":[],"failureMessages":[],"fullName":"APIフック useApiMutation ミューテーションを正しく実行する","invocations":1,"location":null,"numPassingAsserts":4,"retryReasons":[],"status":"passed","title":"ミューテーションを正しく実行する"},{"ancestorTitles":["APIフック","useApiMutation"],"duration":23,"failureDetails":[],"failureMessages":[],"fullName":"APIフック useApiMutation ミューテーションエラーを正しく処理する","invocations":1,"location":null,"numPassingAsserts":3,"retryReasons":[],"status":"passed","title":"ミューテーションエラーを正しく処理する"},{"ancestorTitles":["APIフック","useApiMutation"],"duration":2,"failureDetails":[],"failureMessages":[],"fullName":"APIフック useApiMutation カスタムメソッドを使用できる","invocations":1,"location":null,"numPassingAsserts":1,"retryReasons":[],"status":"passed","title":"カスタムメソッドを使用できる"}],"endTime":1742645370177,"message":"","name":"/Users/yusuketsunoda/Documents/cursor/ppttranslatorapp/tests/hooks/use-api.test.tsx","startTime":1742645370059,"status":"passed","summary":""},{"assertionResults":[{"ancestorTitles":["Toast"],"duration":47,"failureDetails":[],"failureMessages":[],"fullName":"Toast 基本的なトーストをレンダリングできる","invocations":1,"location":null,"numPassingAsserts":1,"retryReasons":[],"status":"passed","title":"基本的なトーストをレンダリングできる"},{"ancestorTitles":["Toast"],"duration":7,"failureDetails":[],"failureMessages":[],"fullName":"Toast openプロパティがtrueの場合にトーストが表示される","invocations":1,"location":null,"numPassingAsserts":2,"retryReasons":[],"status":"passed","title":"openプロパティがtrueの場合にトーストが表示される"},{"ancestorTitles":["Toast"],"duration":1,"failureDetails":[],"failureMessages":[],"fullName":"Toast openプロパティがfalseの場合にトーストが表示されない","invocations":1,"location":null,"numPassingAsserts":1,"retryReasons":[],"status":"passed","title":"openプロパティがfalseの場合にトーストが表示されない"},{"ancestorTitles":["Toast"],"duration":9,"failureDetails":[],"failureMessages":[],"fullName":"Toast onOpenChangeコールバックが呼び出される","invocations":1,"location":null,"numPassingAsserts":1,"retryReasons":[],"status":"passed","title":"onOpenChangeコールバックが呼び出される"},{"ancestorTitles":["Toast"],"duration":4,"failureDetails":[],"failureMessages":[],"fullName":"Toast variantプロパティに基づいてクラスが適用される","invocations":1,"location":null,"numPassingAsserts":1,"retryReasons":[],"status":"passed","title":"variantプロパティに基づいてクラスが適用される"}],"endTime":1742645370187,"message":"","name":"/Users/yusuketsunoda/Documents/cursor/ppttranslatorapp/tests/components/ui/toast.test.tsx","startTime":1742645369361,"status":"passed","summary":""},{"assertionResults":[{"ancestorTitles":["useIntersectionObserver"],"duration":1,"failureDetails":[],"failureMessages":[],"fullName":"useIntersectionObserver 要素が存在する場合、IntersectionObserverを初期化して監視する","invocations":1,"location":null,"numPassingAsserts":2,"retryReasons":[],"status":"passed","title":"要素が存在する場合、IntersectionObserverを初期化して監視する"},{"ancestorTitles":["useIntersectionObserver"],"duration":0,"failureDetails":[],"failureMessages":[],"fullName":"useIntersectionObserver 要素が存在しない場合、IntersectionObserverを初期化しない","invocations":1,"location":null,"numPassingAsserts":2,"retryReasons":[],"status":"passed","title":"要素が存在しない場合、IntersectionObserverを初期化しない"},{"ancestorTitles":["useIntersectionObserver"],"duration":1,"failureDetails":[],"failureMessages":[],"fullName":"useIntersectionObserver アンマウント時にIntersectionObserverを切断する","invocations":1,"location":null,"numPassingAsserts":1,"retryReasons":[],"status":"passed","title":"アンマウント時にIntersectionObserverを切断する"},{"ancestorTitles":["useIntersectionObserver"],"duration":1,"failureDetails":[],"failureMessages":[],"fullName":"useIntersectionObserver 依存配列の値が変更された場合、IntersectionObserverを再初期化する","invocations":1,"location":null,"numPassingAsserts":3,"retryReasons":[],"status":"passed","title":"依存配列の値が変更された場合、IntersectionObserverを再初期化する"}],"endTime":1742645370198,"message":"","name":"/Users/yusuketsunoda/Documents/cursor/ppttranslatorapp/tests/hooks/useIntersectionObserver.test.tsx","startTime":1742645370097,"status":"passed","summary":""},{"assertionResults":[{"ancestorTitles":["PPTX Parse API","POST /api/pptx/parse"],"duration":1,"failureDetails":[],"failureMessages":[],"fullName":"PPTX Parse API POST /api/pptx/parse 有効なPPTXファイルをパースする","invocations":1,"location":null,"numPassingAsserts":6,"retryReasons":[],"status":"passed","title":"有効なPPTXファイルをパースする"},{"ancestorTitles":["PPTX Parse API","POST /api/pptx/parse"],"duration":0,"failureDetails":[],"failureMessages":[],"fullName":"PPTX Parse API POST /api/pptx/parse ファイルが指定されていない場合はエラーを返す","invocations":1,"location":null,"numPassingAsserts":3,"retryReasons":[],"status":"passed","title":"ファイルが指定されていない場合はエラーを返す"},{"ancestorTitles":["PPTX Parse API","POST /api/pptx/parse"],"duration":2,"failureDetails":[],"failureMessages":[],"fullName":"PPTX Parse API POST /api/pptx/parse 無効なファイルタイプの場合はエラーを返す","invocations":1,"location":null,"numPassingAsserts":3,"retryReasons":[],"status":"passed","title":"無効なファイルタイプの場合はエラーを返す"},{"ancestorTitles":["PPTX Parse API","GET /api/pptx/parse"],"duration":0,"failureDetails":[],"failureMessages":[],"fullName":"PPTX Parse API GET /api/pptx/parse ヘルスチェックエンドポイントが正常に応答する","invocations":1,"location":null,"numPassingAsserts":3,"retryReasons":[],"status":"passed","title":"ヘルスチェックエンドポイントが正常に応答する"}],"endTime":1742645370213,"message":"","name":"/Users/yusuketsunoda/Documents/cursor/ppttranslatorapp/tests/api/pptx-parse.test.ts","startTime":1742645370153,"status":"passed","summary":""},{"assertionResults":[{"ancestorTitles":["TranslatePage"],"duration":null,"failureDetails":[],"failureMessages":[],"fullName":"TranslatePage ページが正しくレンダリングされること","invocations":1,"location":null,"numPassingAsserts":0,"retryReasons":[],"status":"pending","title":"ページが正しくレンダリングされること"},{"ancestorTitles":["TranslatePage"],"duration":null,"failureDetails":[],"failureMessages":[],"fullName":"TranslatePage ファイルがアップロードされたときにAPIが呼ばれること","invocations":1,"location":null,"numPassingAsserts":0,"retryReasons":[],"status":"pending","title":"ファイルがアップロードされたときにAPIが呼ばれること"},{"ancestorTitles":["TranslatePage"],"duration":null,"failureDetails":[],"failureMessages":[],"fullName":"TranslatePage アップロード後にスライドが表示されること","invocations":1,"location":null,"numPassingAsserts":0,"retryReasons":[],"status":"pending","title":"アップロード後にスライドが表示されること"},{"ancestorTitles":["TranslatePage"],"duration":null,"failureDetails":[],"failureMessages":[],"fullName":"TranslatePage 翻訳言語を選択できること","invocations":1,"location":null,"numPassingAsserts":0,"retryReasons":[],"status":"pending","title":"翻訳言語を選択できること"},{"ancestorTitles":["TranslatePage"],"duration":null,"failureDetails":[],"failureMessages":[],"fullName":"TranslatePage 翻訳ボタンが表示され、クリックするとAPIが呼ばれること","invocations":1,"location":null,"numPassingAsserts":0,"retryReasons":[],"status":"pending","title":"翻訳ボタンが表示され、クリックするとAPIが呼ばれること"},{"ancestorTitles":["TranslatePage"],"duration":49,"failureDetails":[],"failureMessages":[],"fullName":"TranslatePage エラー発生時にエラーメッセージが表示されること","invocations":1,"location":null,"numPassingAsserts":1,"retryReasons":[],"status":"passed","title":"エラー発生時にエラーメッセージが表示されること"},{"ancestorTitles":["TranslatePage"],"duration":null,"failureDetails":[],"failureMessages":[],"fullName":"TranslatePage 認証が必要な場合にログインページにリダイレクトされること","invocations":1,"location":null,"numPassingAsserts":0,"retryReasons":[],"status":"pending","title":"認証が必要な場合にログインページにリダイレクトされること"},{"ancestorTitles":["TranslatePage"],"duration":null,"failureDetails":[],"failureMessages":[],"fullName":"TranslatePage スライドの切り替えができること","invocations":1,"location":null,"numPassingAsserts":0,"retryReasons":[],"status":"pending","title":"スライドの切り替えができること"},{"ancestorTitles":["TranslatePage"],"duration":null,"failureDetails":[],"failureMessages":[],"fullName":"TranslatePage 翻訳中のローディング状態が表示されること","invocations":1,"location":null,"numPassingAsserts":0,"retryReasons":[],"status":"pending","title":"翻訳中のローディング状態が表示されること"},{"ancestorTitles":["TranslatePage"],"duration":null,"failureDetails":[],"failureMessages":[],"fullName":"TranslatePage 翻訳結果が表示されること","invocations":1,"location":null,"numPassingAsserts":0,"retryReasons":[],"status":"pending","title":"翻訳結果が表示されること"}],"endTime":1742645370221,"message":"","name":"/Users/yusuketsunoda/Documents/cursor/ppttranslatorapp/tests/app/translate/page.test.tsx","startTime":1742645369352,"status":"focused","summary":""},{"assertionResults":[{"ancestorTitles":["TextList"],"duration":4,"failureDetails":[],"failureMessages":[],"fullName":"TextList テキストリストを表示する","invocations":1,"location":null,"numPassingAsserts":4,"retryReasons":[],"status":"passed","title":"テキストリストを表示する"},{"ancestorTitles":["TextList"],"duration":3,"failureDetails":[],"failureMessages":[],"fullName":"TextList テキスト選択コールバックが機能する","invocations":1,"location":null,"numPassingAsserts":1,"retryReasons":[],"status":"passed","title":"テキスト選択コールバックが機能する"},{"ancestorTitles":["TextList"],"duration":1,"failureDetails":[],"failureMessages":[],"fullName":"TextList 選択されたテキストにselectedクラスが付与される","invocations":1,"location":null,"numPassingAsserts":1,"retryReasons":[],"status":"passed","title":"選択されたテキストにselectedクラスが付与される"},{"ancestorTitles":["TextList"],"duration":2,"failureDetails":[],"failureMessages":[],"fullName":"TextList テキストホバーコールバックが機能する","invocations":1,"location":null,"numPassingAsserts":2,"retryReasons":[],"status":"passed","title":"テキストホバーコールバックが機能する"},{"ancestorTitles":["TextList"],"duration":1,"failureDetails":[],"failureMessages":[],"fullName":"TextList 検索語に基づいてテキストをフィルタリングする","invocations":1,"location":null,"numPassingAsserts":4,"retryReasons":[],"status":"passed","title":"検索語に基づいてテキストをフィルタリングする"},{"ancestorTitles":["TextList"],"duration":1,"failureDetails":[],"failureMessages":[],"fullName":"TextList 翻訳済みのテキストを非表示にする","invocations":1,"location":null,"numPassingAsserts":4,"retryReasons":[],"status":"passed","title":"翻訳済みのテキストを非表示にする"},{"ancestorTitles":["TextList"],"duration":1,"failureDetails":[],"failureMessages":[],"fullName":"TextList 翻訳情報を表示する","invocations":1,"location":null,"numPassingAsserts":4,"retryReasons":[],"status":"passed","title":"翻訳情報を表示する"}],"endTime":1742645370240,"message":"","name":"/Users/yusuketsunoda/Documents/cursor/ppttranslatorapp/tests/app/translate/components/TextList.test.tsx","startTime":1742645370120,"status":"passed","summary":""},{"assertionResults":[{"ancestorTitles":["Input Component"],"duration":9,"failureDetails":[],"failureMessages":[],"fullName":"Input Component デフォルトのInputをレンダリングする","invocations":1,"location":null,"numPassingAsserts":1,"retryReasons":[],"status":"passed","title":"デフォルトのInputをレンダリングする"},{"ancestorTitles":["Input Component"],"duration":2,"failureDetails":[],"failureMessages":[],"fullName":"Input Component 異なるタイプのInputをレンダリングする","invocations":1,"location":null,"numPassingAsserts":1,"retryReasons":[],"status":"passed","title":"異なるタイプのInputをレンダリングする"},{"ancestorTitles":["Input Component"],"duration":9,"failureDetails":[],"failureMessages":[],"fullName":"Input Component プレースホルダーを表示する","invocations":1,"location":null,"numPassingAsserts":1,"retryReasons":[],"status":"passed","title":"プレースホルダーを表示する"},{"ancestorTitles":["Input Component"],"duration":0,"failureDetails":[],"failureMessages":[],"fullName":"Input Component 無効化されたInputをレンダリングする","invocations":1,"location":null,"numPassingAsserts":1,"retryReasons":[],"status":"passed","title":"無効化されたInputをレンダリングする"},{"ancestorTitles":["Input Component"],"duration":1,"failureDetails":[],"failureMessages":[],"fullName":"Input Component 必須のInputをレンダリングする","invocations":1,"location":null,"numPassingAsserts":1,"retryReasons":[],"status":"passed","title":"必須のInputをレンダリングする"},{"ancestorTitles":["Input Component"],"duration":0,"failureDetails":[],"failureMessages":[],"fullName":"Input Component カスタムクラス名を適用する","invocations":1,"location":null,"numPassingAsserts":1,"retryReasons":[],"status":"passed","title":"カスタムクラス名を適用する"},{"ancestorTitles":["Input Component"],"duration":1,"failureDetails":[],"failureMessages":[],"fullName":"Input Component デフォルトの値を持つInputをレンダリングする","invocations":1,"location":null,"numPassingAsserts":1,"retryReasons":[],"status":"passed","title":"デフォルトの値を持つInputをレンダリングする"}],"endTime":1742645370258,"message":"","name":"/Users/yusuketsunoda/Documents/cursor/ppttranslatorapp/tests/components/ui/input.test.tsx","startTime":1742645370124,"status":"passed","summary":""},{"assertionResults":[{"ancestorTitles":["Label Component"],"duration":3,"failureDetails":[],"failureMessages":[],"fullName":"Label Component 基本的なLabelをレンダリングする","invocations":1,"location":null,"numPassingAsserts":2,"retryReasons":[],"status":"passed","title":"基本的なLabelをレンダリングする"},{"ancestorTitles":["Label Component"],"duration":0,"failureDetails":[],"failureMessages":[],"fullName":"Label Component htmlForプロパティを正しく設定する","invocations":1,"location":null,"numPassingAsserts":1,"retryReasons":[],"status":"passed","title":"htmlForプロパティを正しく設定する"},{"ancestorTitles":["Label Component"],"duration":1,"failureDetails":[],"failureMessages":[],"fullName":"Label Component カスタムクラス名を適用する","invocations":1,"location":null,"numPassingAsserts":1,"retryReasons":[],"status":"passed","title":"カスタムクラス名を適用する"},{"ancestorTitles":["Label Component"],"duration":1,"failureDetails":[],"failureMessages":[],"fullName":"Label Component 無効化された状態を表示する","invocations":1,"location":null,"numPassingAsserts":2,"retryReasons":[],"status":"passed","title":"無効化された状態を表示する"},{"ancestorTitles":["Label Component"],"duration":1,"failureDetails":[],"failureMessages":[],"fullName":"Label Component 追加のプロパティを渡す","invocations":1,"location":null,"numPassingAsserts":1,"retryReasons":[],"status":"passed","title":"追加のプロパティを渡す"}],"endTime":1742645370258,"message":"","name":"/Users/yusuketsunoda/Documents/cursor/ppttranslatorapp/tests/components/ui/label.test.tsx","startTime":1742645370126,"status":"passed","summary":""},{"assertionResults":[{"ancestorTitles":["PPTX Generate API","POST /api/pptx/generate"],"duration":1,"failureDetails":[],"failureMessages":[],"fullName":"PPTX Generate API POST /api/pptx/generate 翻訳データからPPTXファイルを生成する","invocations":1,"location":null,"numPassingAsserts":5,"retryReasons":[],"status":"passed","title":"翻訳データからPPTXファイルを生成する"},{"ancestorTitles":["PPTX Generate API","POST /api/pptx/generate"],"duration":0,"failureDetails":[],"failureMessages":[],"fullName":"PPTX Generate API POST /api/pptx/generate 必須パラメータが欠けている場合はエラーを返す","invocations":1,"location":null,"numPassingAsserts":2,"retryReasons":[],"status":"passed","title":"必須パラメータが欠けている場合はエラーを返す"},{"ancestorTitles":["PPTX Generate API","POST /api/pptx/generate"],"duration":0,"failureDetails":[],"failureMessages":[],"fullName":"PPTX Generate API POST /api/pptx/generate 翻訳データが欠けている場合はエラーを返す","invocations":1,"location":null,"numPassingAsserts":2,"retryReasons":[],"status":"passed","title":"翻訳データが欠けている場合はエラーを返す"}],"endTime":1742645370268,"message":"","name":"/Users/yusuketsunoda/Documents/cursor/ppttranslatorapp/tests/api/pptx-generate.test.ts","startTime":1742645370191,"status":"passed","summary":""},{"assertionResults":[{"ancestorTitles":["Card Components","Card"],"duration":7,"failureDetails":[],"failureMessages":[],"fullName":"Card Components Card 基本的なCardをレンダリングする","invocations":1,"location":null,"numPassingAsserts":2,"retryReasons":[],"status":"passed","title":"基本的なCardをレンダリングする"},{"ancestorTitles":["Card Components","Card"],"duration":0,"failureDetails":[],"failureMessages":[],"fullName":"Card Components Card カスタムクラス名を適用する","invocations":1,"location":null,"numPassingAsserts":1,"retryReasons":[],"status":"passed","title":"カスタムクラス名を適用する"},{"ancestorTitles":["Card Components","CardHeader"],"duration":1,"failureDetails":[],"failureMessages":[],"fullName":"Card Components CardHeader CardHeaderをレンダリングする","invocations":1,"location":null,"numPassingAsserts":2,"retryReasons":[],"status":"passed","title":"CardHeaderをレンダリングする"},{"ancestorTitles":["Card Components","CardHeader"],"duration":1,"failureDetails":[],"failureMessages":[],"fullName":"Card Components CardHeader カスタムクラス名を適用する","invocations":1,"location":null,"numPassingAsserts":1,"retryReasons":[],"status":"passed","title":"カスタムクラス名を適用する"},{"ancestorTitles":["Card Components","CardTitle"],"duration":0,"failureDetails":[],"failureMessages":[],"fullName":"Card Components CardTitle CardTitleをレンダリングする","invocations":1,"location":null,"numPassingAsserts":2,"retryReasons":[],"status":"passed","title":"CardTitleをレンダリングする"},{"ancestorTitles":["Card Components","CardTitle"],"duration":1,"failureDetails":[],"failureMessages":[],"fullName":"Card Components CardTitle カスタムクラス名を適用する","invocations":1,"location":null,"numPassingAsserts":1,"retryReasons":[],"status":"passed","title":"カスタムクラス名を適用する"},{"ancestorTitles":["Card Components","CardDescription"],"duration":0,"failureDetails":[],"failureMessages":[],"fullName":"Card Components CardDescription CardDescriptionをレンダリングする","invocations":1,"location":null,"numPassingAsserts":2,"retryReasons":[],"status":"passed","title":"CardDescriptionをレンダリングする"},{"ancestorTitles":["Card Components","CardDescription"],"duration":1,"failureDetails":[],"failureMessages":[],"fullName":"Card Components CardDescription カスタムクラス名を適用する","invocations":1,"location":null,"numPassingAsserts":1,"retryReasons":[],"status":"passed","title":"カスタムクラス名を適用する"},{"ancestorTitles":["Card Components","CardContent"],"duration":1,"failureDetails":[],"failureMessages":[],"fullName":"Card Components CardContent CardContentをレンダリングする","invocations":1,"location":null,"numPassingAsserts":2,"retryReasons":[],"status":"passed","title":"CardContentをレンダリングする"},{"ancestorTitles":["Card Components","CardContent"],"duration":0,"failureDetails":[],"failureMessages":[],"fullName":"Card Components CardContent カスタムクラス名を適用する","invocations":1,"location":null,"numPassingAsserts":1,"retryReasons":[],"status":"passed","title":"カスタムクラス名を適用する"},{"ancestorTitles":["Card Components","CardFooter"],"duration":1,"failureDetails":[],"failureMessages":[],"fullName":"Card Components CardFooter CardFooterをレンダリングする","invocations":1,"location":null,"numPassingAsserts":2,"retryReasons":[],"status":"passed","title":"CardFooterをレンダリングする"},{"ancestorTitles":["Card Components","CardFooter"],"duration":0,"failureDetails":[],"failureMessages":[],"fullName":"Card Components CardFooter カスタムクラス名を適用する","invocations":1,"location":null,"numPassingAsserts":1,"retryReasons":[],"status":"passed","title":"カスタムクラス名を適用する"},{"ancestorTitles":["Card Components","Card Composition"],"duration":1,"failureDetails":[],"failureMessages":[],"fullName":"Card Components Card Composition すべてのカードコンポーネントを組み合わせる","invocations":1,"location":null,"numPassingAsserts":5,"retryReasons":[],"status":"passed","title":"すべてのカードコンポーネントを組み合わせる"}],"endTime":1742645370271,"message":"","name":"/Users/yusuketsunoda/Documents/cursor/ppttranslatorapp/tests/components/ui/card.test.tsx","startTime":1742645370140,"status":"passed","summary":""},{"assertionResults":[{"ancestorTitles":["Upload API"],"duration":1,"failureDetails":[],"failureMessages":[],"fullName":"Upload API ファイルがアップロードされた場合、成功レスポンスを返す","invocations":1,"location":null,"numPassingAsserts":4,"retryReasons":[],"status":"passed","title":"ファイルがアップロードされた場合、成功レスポンスを返す"},{"ancestorTitles":["Upload API"],"duration":1,"failureDetails":[],"failureMessages":[],"fullName":"Upload API ファイルがアップロードされていない場合、エラーレスポンスを返す","invocations":1,"location":null,"numPassingAsserts":2,"retryReasons":[],"status":"passed","title":"ファイルがアップロードされていない場合、エラーレスポンスを返す"}],"endTime":1742645370277,"message":"","name":"/Users/yusuketsunoda/Documents/cursor/ppttranslatorapp/tests/api/upload.test.ts","startTime":1742645370198,"status":"passed","summary":""},{"assertionResults":[{"ancestorTitles":["Health API"],"duration":1,"failureDetails":[],"failureMessages":[],"fullName":"Health API GETリクエストに対して200ステータスコードとOKステータスを返す","invocations":1,"location":null,"numPassingAsserts":4,"retryReasons":[],"status":"passed","title":"GETリクエストに対して200ステータスコードとOKステータスを返す"}],"endTime":1742645370293,"message":"","name":"/Users/yusuketsunoda/Documents/cursor/ppttranslatorapp/tests/api/health.test.ts","startTime":1742645370224,"status":"passed","summary":""},{"assertionResults":[{"ancestorTitles":["TranslationProgress"],"duration":2,"failureDetails":[],"failureMessages":[],"fullName":"TranslationProgress 翻訳の進捗状況を正しく表示する（英語）","invocations":1,"location":null,"numPassingAsserts":3,"retryReasons":[],"status":"passed","title":"翻訳の進捗状況を正しく表示する（英語）"},{"ancestorTitles":["TranslationProgress"],"duration":1,"failureDetails":[],"failureMessages":[],"fullName":"TranslationProgress 翻訳の進捗状況を正しく表示する（フランス語）","invocations":1,"location":null,"numPassingAsserts":2,"retryReasons":[],"status":"passed","title":"翻訳の進捗状況を正しく表示する（フランス語）"},{"ancestorTitles":["TranslationProgress"],"duration":1,"failureDetails":[],"failureMessages":[],"fullName":"TranslationProgress 言語が設定されていない場合は0を表示する","invocations":1,"location":null,"numPassingAsserts":2,"retryReasons":[],"status":"passed","title":"言語が設定されていない場合は0を表示する"},{"ancestorTitles":["TranslationProgress"],"duration":1,"failureDetails":[],"failureMessages":[],"fullName":"TranslationProgress テキストがない場合は0%を表示する","invocations":1,"location":null,"numPassingAsserts":3,"retryReasons":[],"status":"passed","title":"テキストがない場合は0%を表示する"}],"endTime":1742645370304,"message":"","name":"/Users/yusuketsunoda/Documents/cursor/ppttranslatorapp/tests/app/translate/components/TranslationProgress.test.tsx","startTime":1742645370165,"status":"passed","summary":""},{"assertionResults":[{"ancestorTitles":["Translate API","POST /api/translate"],"duration":0,"failureDetails":[],"failureMessages":[],"fullName":"Translate API POST /api/translate 有効なリクエストで翻訳を実行する","invocations":1,"location":null,"numPassingAsserts":5,"retryReasons":[],"status":"passed","title":"有効なリクエストで翻訳を実行する"},{"ancestorTitles":["Translate API","POST /api/translate"],"duration":0,"failureDetails":[],"failureMessages":[],"fullName":"Translate API POST /api/translate 無効なリクエストでエラーを返す","invocations":1,"location":null,"numPassingAsserts":2,"retryReasons":[],"status":"passed","title":"無効なリクエストでエラーを返す"},{"ancestorTitles":["Translate API","GET /api/translate"],"duration":0,"failureDetails":[],"failureMessages":[],"fullName":"Translate API GET /api/translate 翻訳履歴を取得する","invocations":1,"location":null,"numPassingAsserts":5,"retryReasons":[],"status":"passed","title":"翻訳履歴を取得する"}],"endTime":1742645370312,"message":"","name":"/Users/yusuketsunoda/Documents/cursor/ppttranslatorapp/tests/api/translate.test.ts","startTime":1742645370213,"status":"passed","summary":""},{"assertionResults":[{"ancestorTitles":["ErrorHandler","AppError"],"duration":1,"failureDetails":[],"failureMessages":[],"fullName":"ErrorHandler AppError AppErrorインスタンスを正しく作成する","invocations":1,"location":null,"numPassingAsserts":6,"retryReasons":[],"status":"passed","title":"AppErrorインスタンスを正しく作成する"},{"ancestorTitles":["ErrorHandler","isAppError"],"duration":0,"failureDetails":[],"failureMessages":[],"fullName":"ErrorHandler isAppError AppErrorインスタンスの場合はtrueを返す","invocations":1,"location":null,"numPassingAsserts":1,"retryReasons":[],"status":"passed","title":"AppErrorインスタンスの場合はtrueを返す"},{"ancestorTitles":["ErrorHandler","isAppError"],"duration":0,"failureDetails":[],"failureMessages":[],"fullName":"ErrorHandler isAppError 通常のErrorインスタンスの場合はfalseを返す","invocations":1,"location":null,"numPassingAsserts":1,"retryReasons":[],"status":"passed","title":"通常のErrorインスタンスの場合はfalseを返す"},{"ancestorTitles":["ErrorHandler","isAppError"],"duration":0,"failureDetails":[],"failureMessages":[],"fullName":"ErrorHandler isAppError nullやundefinedの場合はfalseを返す","invocations":1,"location":null,"numPassingAsserts":2,"retryReasons":[],"status":"passed","title":"nullやundefinedの場合はfalseを返す"},{"ancestorTitles":["ErrorHandler","handleError"],"duration":1,"failureDetails":[],"failureMessages":[],"fullName":"ErrorHandler handleError AppErrorをそのまま返す","invocations":1,"location":null,"numPassingAsserts":1,"retryReasons":[],"status":"passed","title":"AppErrorをそのまま返す"},{"ancestorTitles":["ErrorHandler","handleError"],"duration":0,"failureDetails":[],"failureMessages":[],"fullName":"ErrorHandler handleError ネットワークエラーをAppErrorに変換する","invocations":1,"location":null,"numPassingAsserts":3,"retryReasons":[],"status":"passed","title":"ネットワークエラーをAppErrorに変換する"},{"ancestorTitles":["ErrorHandler","handleError"],"duration":0,"failureDetails":[],"failureMessages":[],"fullName":"ErrorHandler handleError データベースエラーをAppErrorに変換する","invocations":1,"location":null,"numPassingAsserts":4,"retryReasons":[],"status":"passed","title":"データベースエラーをAppErrorに変換する"},{"ancestorTitles":["ErrorHandler","handleError"],"duration":0,"failureDetails":[],"failureMessages":[],"fullName":"ErrorHandler handleError APIエラーをAppErrorに変換する","invocations":1,"location":null,"numPassingAsserts":4,"retryReasons":[],"status":"passed","title":"APIエラーをAppErrorに変換する"},{"ancestorTitles":["ErrorHandler","handleError"],"duration":0,"failureDetails":[],"failureMessages":[],"fullName":"ErrorHandler handleError 不明なエラーをAppErrorに変換する","invocations":1,"location":null,"numPassingAsserts":3,"retryReasons":[],"status":"passed","title":"不明なエラーをAppErrorに変換する"},{"ancestorTitles":["ErrorHandler","getErrorMessage"],"duration":0,"failureDetails":[],"failureMessages":[],"fullName":"ErrorHandler getErrorMessage Errorインスタンスからメッセージを取得する","invocations":1,"location":null,"numPassingAsserts":1,"retryReasons":[],"status":"passed","title":"Errorインスタンスからメッセージを取得する"},{"ancestorTitles":["ErrorHandler","getErrorMessage"],"duration":1,"failureDetails":[],"failureMessages":[],"fullName":"ErrorHandler getErrorMessage エラーではない値の場合はデフォルトメッセージを返す","invocations":1,"location":null,"numPassingAsserts":3,"retryReasons":[],"status":"passed","title":"エラーではない値の場合はデフォルトメッセージを返す"},{"ancestorTitles":["ErrorHandler","エラー作成関数"],"duration":0,"failureDetails":[],"failureMessages":[],"fullName":"ErrorHandler エラー作成関数 createValidationError","invocations":1,"location":null,"numPassingAsserts":5,"retryReasons":[],"status":"passed","title":"createValidationError"},{"ancestorTitles":["ErrorHandler","エラー作成関数"],"duration":0,"failureDetails":[],"failureMessages":[],"fullName":"ErrorHandler エラー作成関数 createAuthError","invocations":1,"location":null,"numPassingAsserts":5,"retryReasons":[],"status":"passed","title":"createAuthError"},{"ancestorTitles":["ErrorHandler","エラー作成関数"],"duration":7,"failureDetails":[],"failureMessages":[],"fullName":"ErrorHandler エラー作成関数 createForbiddenError","invocations":1,"location":null,"numPassingAsserts":4,"retryReasons":[],"status":"passed","title":"createForbiddenError"},{"ancestorTitles":["ErrorHandler","エラー作成関数"],"duration":2,"failureDetails":[],"failureMessages":[],"fullName":"ErrorHandler エラー作成関数 createNotFoundError","invocations":1,"location":null,"numPassingAsserts":4,"retryReasons":[],"status":"passed","title":"createNotFoundError"},{"ancestorTitles":["ErrorHandler","エラー作成関数"],"duration":0,"failureDetails":[],"failureMessages":[],"fullName":"ErrorHandler エラー作成関数 createRateLimitError","invocations":1,"location":null,"numPassingAsserts":4,"retryReasons":[],"status":"passed","title":"createRateLimitError"},{"ancestorTitles":["ErrorHandler","エラー作成関数"],"duration":0,"failureDetails":[],"failureMessages":[],"fullName":"ErrorHandler エラー作成関数 createDatabaseError","invocations":1,"location":null,"numPassingAsserts":5,"retryReasons":[],"status":"passed","title":"createDatabaseError"},{"ancestorTitles":["ErrorHandler","mapSessionErrorToAppError"],"duration":0,"failureDetails":[],"failureMessages":[],"fullName":"ErrorHandler mapSessionErrorToAppError EXPIREDエラーを変換する","invocations":1,"location":null,"numPassingAsserts":4,"retryReasons":[],"status":"passed","title":"EXPIREDエラーを変換する"},{"ancestorTitles":["ErrorHandler","mapSessionErrorToAppError"],"duration":0,"failureDetails":[],"failureMessages":[],"fullName":"ErrorHandler mapSessionErrorToAppError INVALIDエラーを変換する","invocations":1,"location":null,"numPassingAsserts":4,"retryReasons":[],"status":"passed","title":"INVALIDエラーを変換する"},{"ancestorTitles":["ErrorHandler","mapSessionErrorToAppError"],"duration":0,"failureDetails":[],"failureMessages":[],"fullName":"ErrorHandler mapSessionErrorToAppError UNAUTHORIZEDエラーを変換する","invocations":1,"location":null,"numPassingAsserts":4,"retryReasons":[],"status":"passed","title":"UNAUTHORIZEDエラーを変換する"},{"ancestorTitles":["ErrorHandler","mapSessionErrorToAppError"],"duration":1,"failureDetails":[],"failureMessages":[],"fullName":"ErrorHandler mapSessionErrorToAppError NETWORKエラーを変換する","invocations":1,"location":null,"numPassingAsserts":5,"retryReasons":[],"status":"passed","title":"NETWORKエラーを変換する"},{"ancestorTitles":["ErrorHandler","mapSessionErrorToAppError"],"duration":0,"failureDetails":[],"failureMessages":[],"fullName":"ErrorHandler mapSessionErrorToAppError 未知のエラーを変換する","invocations":1,"location":null,"numPassingAsserts":4,"retryReasons":[],"status":"passed","title":"未知のエラーを変換する"}],"endTime":1742645370312,"message":"","name":"/Users/yusuketsunoda/Documents/cursor/ppttranslatorapp/tests/lib/utils/error-handler.test.ts","startTime":1742645370238,"status":"passed","summary":""},{"assertionResults":[{"ancestorTitles":["ActivityLogger","logActivity"],"duration":1,"failureDetails":[],"failureMessages":[],"fullName":"ActivityLogger logActivity 有効なデータでアクティビティを記録する","invocations":1,"location":null,"numPassingAsserts":2,"retryReasons":[],"status":"passed","title":"有効なデータでアクティビティを記録する"},{"ancestorTitles":["ActivityLogger","logActivity"],"duration":0,"failureDetails":[],"failureMessages":[],"fullName":"ActivityLogger logActivity 必須パラメータが不足している場合はエラーをスローする","invocations":1,"location":null,"numPassingAsserts":1,"retryReasons":[],"status":"passed","title":"必須パラメータが不足している場合はエラーをスローする"},{"ancestorTitles":["ActivityLogger","logActivity"],"duration":0,"failureDetails":[],"failureMessages":[],"fullName":"ActivityLogger logActivity メタデータが正しく記録される","invocations":1,"location":null,"numPassingAsserts":1,"retryReasons":[],"status":"passed","title":"メタデータが正しく記録される"}],"endTime":1742645370318,"message":"","name":"/Users/yusuketsunoda/Documents/cursor/ppttranslatorapp/tests/utils/activity-logger.test.ts","startTime":1742645370253,"status":"passed","summary":""},{"assertionResults":[{"ancestorTitles":["Avatar Component"],"duration":26,"failureDetails":[],"failureMessages":[],"fullName":"Avatar Component Avatarコンポーネントをレンダリングする","invocations":1,"location":null,"numPassingAsserts":2,"retryReasons":[],"status":"passed","title":"Avatarコンポーネントをレンダリングする"},{"ancestorTitles":["Avatar Component"],"duration":2,"failureDetails":[],"failureMessages":[],"fullName":"Avatar Component AvatarFallbackをレンダリングする","invocations":1,"location":null,"numPassingAsserts":2,"retryReasons":[],"status":"passed","title":"AvatarFallbackをレンダリングする"},{"ancestorTitles":["Avatar Component"],"duration":0,"failureDetails":[],"failureMessages":[],"fullName":"Avatar Component カスタムクラス名を適用する","invocations":1,"location":null,"numPassingAsserts":2,"retryReasons":[],"status":"passed","title":"カスタムクラス名を適用する"}],"endTime":1742645370325,"message":"","name":"/Users/yusuketsunoda/Documents/cursor/ppttranslatorapp/tests/components/ui/avatar.test.tsx","startTime":1742645370159,"status":"passed","summary":""},{"assertionResults":[{"ancestorTitles":["Auth Session Tests"],"duration":null,"failureDetails":[],"failureMessages":[],"fullName":"Auth Session Tests この問題が解決されるまでテストをスキップ","invocations":1,"location":null,"numPassingAsserts":0,"retryReasons":[],"status":"pending","title":"この問題が解決されるまでテストをスキップ"}],"coverage":{},"endTime":1742645370408,"message":"","name":"/Users/yusuketsunoda/Documents/cursor/ppttranslatorapp/tests/lib/auth/session.test.tsx","startTime":1742645370408,"status":"skipped","summary":""},{"assertionResults":[{"ancestorTitles":["useActivityLogs"],"duration":null,"failureDetails":[],"failureMessages":[],"fullName":"useActivityLogs 型の問題が解決されるまでテストをスキップ","invocations":1,"location":null,"numPassingAsserts":0,"retryReasons":[],"status":"pending","title":"型の問題が解決されるまでテストをスキップ"}],"coverage":{},"endTime":1742645370408,"message":"","name":"/Users/yusuketsunoda/Documents/cursor/ppttranslatorapp/tests/hooks/useActivityLogs.test.tsx","startTime":1742645370408,"status":"skipped","summary":""}],"wasInterrupted":false}
