<?xml version="1.0" encoding="UTF-8"?>
<testsuites name="jest tests" tests="1207" failures="179" errors="14" time="85.683">
  <testsuite name="File Utilities" errors="0" failures="0" skipped="0" timestamp="2025-05-16T20:44:09" time="0.47" tests="27">
    <testcase classname="File Utilities › FilePathManager" name="getTempPathが正しいパスを返す" time="0.002">
    </testcase>
    <testcase classname="File Utilities › FilePathManager" name="getPublicPathが正しいパスを返す" time="0">
    </testcase>
    <testcase classname="File Utilities › FilePathManager" name="getProcessingPathが正しいパスを返す" time="0">
    </testcase>
    <testcase classname="File Utilities › FilePathManager" name="getSlidesPathが正しいパスを返す" time="0.001">
    </testcase>
    <testcase classname="File Utilities › FilePathManager" name="getAbsolutePathが相対パスを絶対パスに変換する" time="0">
    </testcase>
    <testcase classname="File Utilities › FilePathManager" name="getAbsolutePathが絶対パスをそのまま返す" time="0.001">
    </testcase>
    <testcase classname="File Utilities › FilePathManager" name="ensurePathがディレクトリを作成する" time="0.001">
    </testcase>
    <testcase classname="File Utilities › FilePathManager" name="findActualFilePathが正しいファイルを見つける" time="0.001">
    </testcase>
    <testcase classname="File Utilities › Utility Functions" name="generateFileIdがユニークなIDを生成する" time="0.001">
    </testcase>
    <testcase classname="File Utilities › Utility Functions" name="createUserDirectoriesがディレクトリを作成する" time="0.001">
    </testcase>
    <testcase classname="File Utilities › Utility Functions" name="cleanupOldFilesが古いファイルを削除する" time="0.001">
    </testcase>
    <testcase classname="File Utilities › Utility Functions" name="withRetryが成功するまで再試行する" time="0.02">
    </testcase>
    <testcase classname="File Utilities › Utility Functions" name="withRetryが最大試行回数を超えるとエラーをスローする" time="0.008">
    </testcase>
    <testcase classname="File Utilities › FileState Enum" name="FileStateが正しい値を持つ" time="0.001">
    </testcase>
    <testcase classname="FilePathManager Implementation Tests" name="getTempPathが正しいパスを返す（実装）" time="0">
    </testcase>
    <testcase classname="FilePathManager Implementation Tests" name="getPublicPathが正しいパスを返す（実装）" time="0.001">
    </testcase>
    <testcase classname="FilePathManager Implementation Tests" name="getProcessingPathが正しいパスを返す（実装）" time="0">
    </testcase>
    <testcase classname="FilePathManager Implementation Tests" name="getSlidesPathが正しいパスを返す（実装）" time="0">
    </testcase>
    <testcase classname="FilePathManager Implementation Tests" name="getAbsolutePathが相対パスを絶対パスに変換する（実装）" time="0.002">
    </testcase>
    <testcase classname="FilePathManager Implementation Tests" name="getAbsolutePathが絶対パスをそのまま返す（実装）" time="0">
    </testcase>
    <testcase classname="logFileOperation Tests" name="成功した操作を記録する" time="0.001">
    </testcase>
    <testcase classname="logFileOperation Tests" name="失敗した操作とエラーを記録する" time="0.001">
    </testcase>
    <testcase classname="logFileOperation Tests" name="ログ記録中にエラーが発生した場合はコンソールにエラーを出力する" time="0.001">
    </testcase>
    <testcase classname="Utility Functions Tests" name="waitが指定された時間待機する" time="0.102">
    </testcase>
    <testcase classname="Utility Functions Tests" name="withRetryが成功するまで再試行する" time="0.033">
    </testcase>
    <testcase classname="Utility Functions Tests" name="withRetryが最大試行回数を超えるとエラーをスローする" time="0.012">
    </testcase>
    <testcase classname="Utility Functions Tests" name="generateFileIdがユニークなIDを生成する" time="0">
    </testcase>
  </testsuite>
  <testsuite name="File Utilities" errors="0" failures="0" skipped="0" timestamp="2025-05-16T20:44:09" time="0.262" tests="27">
    <testcase classname="File Utilities › FilePathManager" name="getTempPathが正しいパスを返す" time="0.001">
    </testcase>
    <testcase classname="File Utilities › FilePathManager" name="getPublicPathが正しいパスを返す" time="0.001">
    </testcase>
    <testcase classname="File Utilities › FilePathManager" name="getProcessingPathが正しいパスを返す" time="0.007">
    </testcase>
    <testcase classname="File Utilities › FilePathManager" name="getSlidesPathが正しいパスを返す" time="0">
    </testcase>
    <testcase classname="File Utilities › FilePathManager" name="getAbsolutePathが相対パスを絶対パスに変換する" time="0">
    </testcase>
    <testcase classname="File Utilities › FilePathManager" name="getAbsolutePathが絶対パスをそのまま返す" time="0.001">
    </testcase>
    <testcase classname="File Utilities › FilePathManager" name="ensurePathがディレクトリを作成する" time="0">
    </testcase>
    <testcase classname="File Utilities › FilePathManager" name="findActualFilePathが正しいファイルを見つける" time="0.001">
    </testcase>
    <testcase classname="File Utilities › Utility Functions" name="generateFileIdがユニークなIDを生成する" time="0.001">
    </testcase>
    <testcase classname="File Utilities › Utility Functions" name="createUserDirectoriesがディレクトリを作成する" time="0">
    </testcase>
    <testcase classname="File Utilities › Utility Functions" name="cleanupOldFilesが古いファイルを削除する" time="0.001">
    </testcase>
    <testcase classname="File Utilities › Utility Functions" name="withRetryが成功するまで再試行する" time="0.007">
    </testcase>
    <testcase classname="File Utilities › Utility Functions" name="withRetryが最大試行回数を超えるとエラーをスローする" time="0.005">
    </testcase>
    <testcase classname="File Utilities › FileState Enum" name="FileStateが正しい値を持つ" time="0.001">
    </testcase>
    <testcase classname="FilePathManager Implementation Tests" name="getTempPathが正しいパスを返す（実装）" time="0">
    </testcase>
    <testcase classname="FilePathManager Implementation Tests" name="getPublicPathが正しいパスを返す（実装）" time="0.001">
    </testcase>
    <testcase classname="FilePathManager Implementation Tests" name="getProcessingPathが正しいパスを返す（実装）" time="0">
    </testcase>
    <testcase classname="FilePathManager Implementation Tests" name="getSlidesPathが正しいパスを返す（実装）" time="0.001">
    </testcase>
    <testcase classname="FilePathManager Implementation Tests" name="getAbsolutePathが相対パスを絶対パスに変換する（実装）" time="0">
    </testcase>
    <testcase classname="FilePathManager Implementation Tests" name="getAbsolutePathが絶対パスをそのまま返す（実装）" time="0">
    </testcase>
    <testcase classname="logFileOperation Tests" name="成功した操作を記録する" time="0.001">
    </testcase>
    <testcase classname="logFileOperation Tests" name="失敗した操作とエラーを記録する" time="0.001">
    </testcase>
    <testcase classname="logFileOperation Tests" name="ログ記録中にエラーが発生した場合はコンソールにエラーを出力する" time="0.001">
    </testcase>
    <testcase classname="Utility Functions Tests" name="waitが指定された時間待機する" time="0.102">
    </testcase>
    <testcase classname="Utility Functions Tests" name="withRetryが成功するまで再試行する" time="0.033">
    </testcase>
    <testcase classname="Utility Functions Tests" name="withRetryが最大試行回数を超えるとエラーをスローする" time="0.013">
    </testcase>
    <testcase classname="Utility Functions Tests" name="generateFileIdがユニークなIDを生成する" time="0">
    </testcase>
  </testsuite>
  <testsuite name="File Utilities" errors="0" failures="0" skipped="0" timestamp="2025-05-16T20:44:09" time="0.254" tests="27">
    <testcase classname="File Utilities › FilePathManager" name="getTempPathが正しいパスを返す" time="0.001">
    </testcase>
    <testcase classname="File Utilities › FilePathManager" name="getPublicPathが正しいパスを返す" time="0">
    </testcase>
    <testcase classname="File Utilities › FilePathManager" name="getProcessingPathが正しいパスを返す" time="0.001">
    </testcase>
    <testcase classname="File Utilities › FilePathManager" name="getSlidesPathが正しいパスを返す" time="0.001">
    </testcase>
    <testcase classname="File Utilities › FilePathManager" name="getAbsolutePathが相対パスを絶対パスに変換する" time="0">
    </testcase>
    <testcase classname="File Utilities › FilePathManager" name="getAbsolutePathが絶対パスをそのまま返す" time="0.001">
    </testcase>
    <testcase classname="File Utilities › FilePathManager" name="ensurePathがディレクトリを作成する" time="0">
    </testcase>
    <testcase classname="File Utilities › FilePathManager" name="findActualFilePathが正しいファイルを見つける" time="0.003">
    </testcase>
    <testcase classname="File Utilities › Utility Functions" name="generateFileIdがユニークなIDを生成する" time="0">
    </testcase>
    <testcase classname="File Utilities › Utility Functions" name="createUserDirectoriesがディレクトリを作成する" time="0.001">
    </testcase>
    <testcase classname="File Utilities › Utility Functions" name="cleanupOldFilesが古いファイルを削除する" time="0">
    </testcase>
    <testcase classname="File Utilities › Utility Functions" name="withRetryが成功するまで再試行する" time="0.006">
    </testcase>
    <testcase classname="File Utilities › Utility Functions" name="withRetryが最大試行回数を超えるとエラーをスローする" time="0.006">
    </testcase>
    <testcase classname="File Utilities › FileState Enum" name="FileStateが正しい値を持つ" time="0">
    </testcase>
    <testcase classname="FilePathManager Implementation Tests" name="getTempPathが正しいパスを返す（実装）" time="0.001">
    </testcase>
    <testcase classname="FilePathManager Implementation Tests" name="getPublicPathが正しいパスを返す（実装）" time="0">
    </testcase>
    <testcase classname="FilePathManager Implementation Tests" name="getProcessingPathが正しいパスを返す（実装）" time="0.001">
    </testcase>
    <testcase classname="FilePathManager Implementation Tests" name="getSlidesPathが正しいパスを返す（実装）" time="0">
    </testcase>
    <testcase classname="FilePathManager Implementation Tests" name="getAbsolutePathが相対パスを絶対パスに変換する（実装）" time="0">
    </testcase>
    <testcase classname="FilePathManager Implementation Tests" name="getAbsolutePathが絶対パスをそのまま返す（実装）" time="0.001">
    </testcase>
    <testcase classname="logFileOperation Tests" name="成功した操作を記録する" time="0.001">
    </testcase>
    <testcase classname="logFileOperation Tests" name="失敗した操作とエラーを記録する" time="0.001">
    </testcase>
    <testcase classname="logFileOperation Tests" name="ログ記録中にエラーが発生した場合はコンソールにエラーを出力する" time="0.001">
    </testcase>
    <testcase classname="Utility Functions Tests" name="waitが指定された時間待機する" time="0.101">
    </testcase>
    <testcase classname="Utility Functions Tests" name="withRetryが成功するまで再試行する" time="0.032">
    </testcase>
    <testcase classname="Utility Functions Tests" name="withRetryが最大試行回数を超えるとエラーをスローする" time="0.011">
    </testcase>
    <testcase classname="Utility Functions Tests" name="generateFileIdがユニークなIDを生成する" time="0">
    </testcase>
  </testsuite>
  <testsuite name="File Utilities" errors="0" failures="0" skipped="0" timestamp="2025-05-16T20:44:10" time="0.263" tests="27">
    <testcase classname="File Utilities › FilePathManager" name="getTempPathが正しいパスを返す" time="0">
    </testcase>
    <testcase classname="File Utilities › FilePathManager" name="getPublicPathが正しいパスを返す" time="0">
    </testcase>
    <testcase classname="File Utilities › FilePathManager" name="getProcessingPathが正しいパスを返す" time="0.001">
    </testcase>
    <testcase classname="File Utilities › FilePathManager" name="getSlidesPathが正しいパスを返す" time="0.001">
    </testcase>
    <testcase classname="File Utilities › FilePathManager" name="getAbsolutePathが相対パスを絶対パスに変換する" time="0">
    </testcase>
    <testcase classname="File Utilities › FilePathManager" name="getAbsolutePathが絶対パスをそのまま返す" time="0.001">
    </testcase>
    <testcase classname="File Utilities › FilePathManager" name="ensurePathがディレクトリを作成する" time="0.002">
    </testcase>
    <testcase classname="File Utilities › FilePathManager" name="findActualFilePathが正しいファイルを見つける" time="0">
    </testcase>
    <testcase classname="File Utilities › Utility Functions" name="generateFileIdがユニークなIDを生成する" time="0.001">
    </testcase>
    <testcase classname="File Utilities › Utility Functions" name="createUserDirectoriesがディレクトリを作成する" time="0">
    </testcase>
    <testcase classname="File Utilities › Utility Functions" name="cleanupOldFilesが古いファイルを削除する" time="0">
    </testcase>
    <testcase classname="File Utilities › Utility Functions" name="withRetryが成功するまで再試行する" time="0.006">
    </testcase>
    <testcase classname="File Utilities › Utility Functions" name="withRetryが最大試行回数を超えるとエラーをスローする" time="0.006">
    </testcase>
    <testcase classname="File Utilities › FileState Enum" name="FileStateが正しい値を持つ" time="0">
    </testcase>
    <testcase classname="FilePathManager Implementation Tests" name="getTempPathが正しいパスを返す（実装）" time="0">
    </testcase>
    <testcase classname="FilePathManager Implementation Tests" name="getPublicPathが正しいパスを返す（実装）" time="0.001">
    </testcase>
    <testcase classname="FilePathManager Implementation Tests" name="getProcessingPathが正しいパスを返す（実装）" time="0.001">
    </testcase>
    <testcase classname="FilePathManager Implementation Tests" name="getSlidesPathが正しいパスを返す（実装）" time="0">
    </testcase>
    <testcase classname="FilePathManager Implementation Tests" name="getAbsolutePathが相対パスを絶対パスに変換する（実装）" time="0.001">
    </testcase>
    <testcase classname="FilePathManager Implementation Tests" name="getAbsolutePathが絶対パスをそのまま返す（実装）" time="0.001">
    </testcase>
    <testcase classname="logFileOperation Tests" name="成功した操作を記録する" time="0.001">
    </testcase>
    <testcase classname="logFileOperation Tests" name="失敗した操作とエラーを記録する" time="0">
    </testcase>
    <testcase classname="logFileOperation Tests" name="ログ記録中にエラーが発生した場合はコンソールにエラーを出力する" time="0.001">
    </testcase>
    <testcase classname="Utility Functions Tests" name="waitが指定された時間待機する" time="0.102">
    </testcase>
    <testcase classname="Utility Functions Tests" name="withRetryが成功するまで再試行する" time="0.033">
    </testcase>
    <testcase classname="Utility Functions Tests" name="withRetryが最大試行回数を超えるとエラーをスローする" time="0.012">
    </testcase>
    <testcase classname="Utility Functions Tests" name="generateFileIdがユニークなIDを生成する" time="0.001">
    </testcase>
  </testsuite>
  <testsuite name="worktrees/feature-test-coverage-improvement/tests/lib/auth/auth-options.test.ts" errors="1" failures="0" skipped="0" timestamp="1970-01-01T00:00:00" time="0" tests="0">
    <testcase classname="Test suite failed to run" name="worktrees/feature-test-coverage-improvement/tests/lib/auth/auth-options.test.ts" time="0">
      <error>  ● Test suite failed to run

    ReferenceError: Cannot access &apos;_jestmockextended&apos; before initialization

       9 | // Prisma Clientのモック
      10 | jest.mock(&apos;@/lib/db/prisma&apos;, () =&gt; ({
    &gt; 11 |   prisma: mockDeep&lt;DeepMockProxy&lt;typeof prisma&gt;&gt;(),
         |           ^
      12 | }));
      13 |
      14 | // comparePasswordsのモック

      at mockDeep (worktrees/feature-test-coverage-improvement/tests/lib/auth/auth-options.test.ts:11:11)
      at Object.&lt;anonymous&gt; (lib/auth/auth-options.ts:13:17)
      at Object.&lt;anonymous&gt; (worktrees/feature-test-coverage-improvement/tests/lib/auth/auth-options.test.ts:14:22)
</error>
    </testcase>
    <testcase classname="Test suite failed to run" name="worktrees/feature-test-coverage-improvement/tests/lib/auth/auth-options.test.ts" time="0">
      <failure>{}</failure>
    </testcase>
  </testsuite>
  <testsuite name="エラーハンドリングユーティリティ" errors="0" failures="32" skipped="0" timestamp="2025-05-16T20:44:10" time="0.179" tests="40">
    <testcase classname="エラーハンドリングユーティリティ › エラー作成関数" name="認証エラーを正しく作成する" time="0.003">
      <failure>TypeError: Cannot read properties of undefined (reading &apos;AUTH&apos;)
    at Object.AUTH (/Users/yusuketsunoda/Documents/cursor/ppttranslatorapp/worktrees/fix-text-position-alignment/tests/utils/error-handler.test.ts:45:41)
    at Promise.then.completed (/Users/yusuketsunoda/Documents/cursor/ppttranslatorapp/node_modules/jest-circus/build/utils.js:298:28)
    at new Promise (&lt;anonymous&gt;)
    at callAsyncCircusFn (/Users/yusuketsunoda/Documents/cursor/ppttranslatorapp/node_modules/jest-circus/build/utils.js:231:10)
    at _callCircusTest (/Users/yusuketsunoda/Documents/cursor/ppttranslatorapp/node_modules/jest-circus/build/run.js:316:40)
    at _runTest (/Users/yusuketsunoda/Documents/cursor/ppttranslatorapp/node_modules/jest-circus/build/run.js:252:3)
    at _runTestsForDescribeBlock (/Users/yusuketsunoda/Documents/cursor/ppttranslatorapp/node_modules/jest-circus/build/run.js:126:9)
    at _runTestsForDescribeBlock (/Users/yusuketsunoda/Documents/cursor/ppttranslatorapp/node_modules/jest-circus/build/run.js:121:9)
    at _runTestsForDescribeBlock (/Users/yusuketsunoda/Documents/cursor/ppttranslatorapp/node_modules/jest-circus/build/run.js:121:9)
    at run (/Users/yusuketsunoda/Documents/cursor/ppttranslatorapp/node_modules/jest-circus/build/run.js:71:3)
    at runAndTransformResultsToJestFormat (/Users/yusuketsunoda/Documents/cursor/ppttranslatorapp/node_modules/jest-circus/build/legacy-code-todo-rewrite/jestAdapterInit.js:122:21)
    at jestAdapter (/Users/yusuketsunoda/Documents/cursor/ppttranslatorapp/node_modules/jest-circus/build/legacy-code-todo-rewrite/jestAdapter.js:79:19)
    at runTestInternal (/Users/yusuketsunoda/Documents/cursor/ppttranslatorapp/node_modules/jest-runner/build/runTest.js:367:16)
    at runTest (/Users/yusuketsunoda/Documents/cursor/ppttranslatorapp/node_modules/jest-runner/build/runTest.js:444:34)</failure>
    </testcase>
    <testcase classname="エラーハンドリングユーティリティ › エラー作成関数" name="バリデーションエラーを正しく作成する" time="0.001">
      <failure>TypeError: Cannot read properties of undefined (reading &apos;VALIDATION&apos;)
    at Object.VALIDATION (/Users/yusuketsunoda/Documents/cursor/ppttranslatorapp/worktrees/fix-text-position-alignment/tests/utils/error-handler.test.ts:54:41)
    at Promise.then.completed (/Users/yusuketsunoda/Documents/cursor/ppttranslatorapp/node_modules/jest-circus/build/utils.js:298:28)
    at new Promise (&lt;anonymous&gt;)
    at callAsyncCircusFn (/Users/yusuketsunoda/Documents/cursor/ppttranslatorapp/node_modules/jest-circus/build/utils.js:231:10)
    at _callCircusTest (/Users/yusuketsunoda/Documents/cursor/ppttranslatorapp/node_modules/jest-circus/build/run.js:316:40)
    at _runTest (/Users/yusuketsunoda/Documents/cursor/ppttranslatorapp/node_modules/jest-circus/build/run.js:252:3)
    at _runTestsForDescribeBlock (/Users/yusuketsunoda/Documents/cursor/ppttranslatorapp/node_modules/jest-circus/build/run.js:126:9)
    at _runTestsForDescribeBlock (/Users/yusuketsunoda/Documents/cursor/ppttranslatorapp/node_modules/jest-circus/build/run.js:121:9)
    at _runTestsForDescribeBlock (/Users/yusuketsunoda/Documents/cursor/ppttranslatorapp/node_modules/jest-circus/build/run.js:121:9)
    at run (/Users/yusuketsunoda/Documents/cursor/ppttranslatorapp/node_modules/jest-circus/build/run.js:71:3)
    at runAndTransformResultsToJestFormat (/Users/yusuketsunoda/Documents/cursor/ppttranslatorapp/node_modules/jest-circus/build/legacy-code-todo-rewrite/jestAdapterInit.js:122:21)
    at jestAdapter (/Users/yusuketsunoda/Documents/cursor/ppttranslatorapp/node_modules/jest-circus/build/legacy-code-todo-rewrite/jestAdapter.js:79:19)
    at runTestInternal (/Users/yusuketsunoda/Documents/cursor/ppttranslatorapp/node_modules/jest-runner/build/runTest.js:367:16)
    at runTest (/Users/yusuketsunoda/Documents/cursor/ppttranslatorapp/node_modules/jest-runner/build/runTest.js:444:34)</failure>
    </testcase>
    <testcase classname="エラーハンドリングユーティリティ › エラー作成関数" name="Not Foundエラーを正しく作成する" time="0">
      <failure>TypeError: Cannot read properties of undefined (reading &apos;NOT_FOUND&apos;)
    at Object.NOT_FOUND (/Users/yusuketsunoda/Documents/cursor/ppttranslatorapp/worktrees/fix-text-position-alignment/tests/utils/error-handler.test.ts:63:41)
    at Promise.then.completed (/Users/yusuketsunoda/Documents/cursor/ppttranslatorapp/node_modules/jest-circus/build/utils.js:298:28)
    at new Promise (&lt;anonymous&gt;)
    at callAsyncCircusFn (/Users/yusuketsunoda/Documents/cursor/ppttranslatorapp/node_modules/jest-circus/build/utils.js:231:10)
    at _callCircusTest (/Users/yusuketsunoda/Documents/cursor/ppttranslatorapp/node_modules/jest-circus/build/run.js:316:40)
    at _runTest (/Users/yusuketsunoda/Documents/cursor/ppttranslatorapp/node_modules/jest-circus/build/run.js:252:3)
    at _runTestsForDescribeBlock (/Users/yusuketsunoda/Documents/cursor/ppttranslatorapp/node_modules/jest-circus/build/run.js:126:9)
    at _runTestsForDescribeBlock (/Users/yusuketsunoda/Documents/cursor/ppttranslatorapp/node_modules/jest-circus/build/run.js:121:9)
    at _runTestsForDescribeBlock (/Users/yusuketsunoda/Documents/cursor/ppttranslatorapp/node_modules/jest-circus/build/run.js:121:9)
    at run (/Users/yusuketsunoda/Documents/cursor/ppttranslatorapp/node_modules/jest-circus/build/run.js:71:3)
    at runAndTransformResultsToJestFormat (/Users/yusuketsunoda/Documents/cursor/ppttranslatorapp/node_modules/jest-circus/build/legacy-code-todo-rewrite/jestAdapterInit.js:122:21)
    at jestAdapter (/Users/yusuketsunoda/Documents/cursor/ppttranslatorapp/node_modules/jest-circus/build/legacy-code-todo-rewrite/jestAdapter.js:79:19)
    at runTestInternal (/Users/yusuketsunoda/Documents/cursor/ppttranslatorapp/node_modules/jest-runner/build/runTest.js:367:16)
    at runTest (/Users/yusuketsunoda/Documents/cursor/ppttranslatorapp/node_modules/jest-runner/build/runTest.js:444:34)</failure>
    </testcase>
    <testcase classname="エラーハンドリングユーティリティ › エラー作成関数" name="権限エラーを正しく作成する" time="0.001">
      <failure>TypeError: Cannot read properties of undefined (reading &apos;FORBIDDEN&apos;)
    at Object.FORBIDDEN (/Users/yusuketsunoda/Documents/cursor/ppttranslatorapp/worktrees/fix-text-position-alignment/tests/utils/error-handler.test.ts:72:41)
    at Promise.then.completed (/Users/yusuketsunoda/Documents/cursor/ppttranslatorapp/node_modules/jest-circus/build/utils.js:298:28)
    at new Promise (&lt;anonymous&gt;)
    at callAsyncCircusFn (/Users/yusuketsunoda/Documents/cursor/ppttranslatorapp/node_modules/jest-circus/build/utils.js:231:10)
    at _callCircusTest (/Users/yusuketsunoda/Documents/cursor/ppttranslatorapp/node_modules/jest-circus/build/run.js:316:40)
    at _runTest (/Users/yusuketsunoda/Documents/cursor/ppttranslatorapp/node_modules/jest-circus/build/run.js:252:3)
    at _runTestsForDescribeBlock (/Users/yusuketsunoda/Documents/cursor/ppttranslatorapp/node_modules/jest-circus/build/run.js:126:9)
    at _runTestsForDescribeBlock (/Users/yusuketsunoda/Documents/cursor/ppttranslatorapp/node_modules/jest-circus/build/run.js:121:9)
    at _runTestsForDescribeBlock (/Users/yusuketsunoda/Documents/cursor/ppttranslatorapp/node_modules/jest-circus/build/run.js:121:9)
    at run (/Users/yusuketsunoda/Documents/cursor/ppttranslatorapp/node_modules/jest-circus/build/run.js:71:3)
    at runAndTransformResultsToJestFormat (/Users/yusuketsunoda/Documents/cursor/ppttranslatorapp/node_modules/jest-circus/build/legacy-code-todo-rewrite/jestAdapterInit.js:122:21)
    at jestAdapter (/Users/yusuketsunoda/Documents/cursor/ppttranslatorapp/node_modules/jest-circus/build/legacy-code-todo-rewrite/jestAdapter.js:79:19)
    at runTestInternal (/Users/yusuketsunoda/Documents/cursor/ppttranslatorapp/node_modules/jest-runner/build/runTest.js:367:16)
    at runTest (/Users/yusuketsunoda/Documents/cursor/ppttranslatorapp/node_modules/jest-runner/build/runTest.js:444:34)</failure>
    </testcase>
    <testcase classname="エラーハンドリングユーティリティ › エラー作成関数" name="データベースエラーを正しく作成する" time="0">
      <failure>TypeError: Cannot read properties of undefined (reading &apos;DATABASE&apos;)
    at Object.DATABASE (/Users/yusuketsunoda/Documents/cursor/ppttranslatorapp/worktrees/fix-text-position-alignment/tests/utils/error-handler.test.ts:81:41)
    at Promise.then.completed (/Users/yusuketsunoda/Documents/cursor/ppttranslatorapp/node_modules/jest-circus/build/utils.js:298:28)
    at new Promise (&lt;anonymous&gt;)
    at callAsyncCircusFn (/Users/yusuketsunoda/Documents/cursor/ppttranslatorapp/node_modules/jest-circus/build/utils.js:231:10)
    at _callCircusTest (/Users/yusuketsunoda/Documents/cursor/ppttranslatorapp/node_modules/jest-circus/build/run.js:316:40)
    at _runTest (/Users/yusuketsunoda/Documents/cursor/ppttranslatorapp/node_modules/jest-circus/build/run.js:252:3)
    at _runTestsForDescribeBlock (/Users/yusuketsunoda/Documents/cursor/ppttranslatorapp/node_modules/jest-circus/build/run.js:126:9)
    at _runTestsForDescribeBlock (/Users/yusuketsunoda/Documents/cursor/ppttranslatorapp/node_modules/jest-circus/build/run.js:121:9)
    at _runTestsForDescribeBlock (/Users/yusuketsunoda/Documents/cursor/ppttranslatorapp/node_modules/jest-circus/build/run.js:121:9)
    at run (/Users/yusuketsunoda/Documents/cursor/ppttranslatorapp/node_modules/jest-circus/build/run.js:71:3)
    at runAndTransformResultsToJestFormat (/Users/yusuketsunoda/Documents/cursor/ppttranslatorapp/node_modules/jest-circus/build/legacy-code-todo-rewrite/jestAdapterInit.js:122:21)
    at jestAdapter (/Users/yusuketsunoda/Documents/cursor/ppttranslatorapp/node_modules/jest-circus/build/legacy-code-todo-rewrite/jestAdapter.js:79:19)
    at runTestInternal (/Users/yusuketsunoda/Documents/cursor/ppttranslatorapp/node_modules/jest-runner/build/runTest.js:367:16)
    at runTest (/Users/yusuketsunoda/Documents/cursor/ppttranslatorapp/node_modules/jest-runner/build/runTest.js:444:34)</failure>
    </testcase>
    <testcase classname="エラーハンドリングユーティリティ › エラー作成関数" name="レート制限エラーを正しく作成する" time="0.001">
      <failure>TypeError: Cannot read properties of undefined (reading &apos;RATE_LIMIT&apos;)
    at Object.RATE_LIMIT (/Users/yusuketsunoda/Documents/cursor/ppttranslatorapp/worktrees/fix-text-position-alignment/tests/utils/error-handler.test.ts:90:41)
    at Promise.then.completed (/Users/yusuketsunoda/Documents/cursor/ppttranslatorapp/node_modules/jest-circus/build/utils.js:298:28)
    at new Promise (&lt;anonymous&gt;)
    at callAsyncCircusFn (/Users/yusuketsunoda/Documents/cursor/ppttranslatorapp/node_modules/jest-circus/build/utils.js:231:10)
    at _callCircusTest (/Users/yusuketsunoda/Documents/cursor/ppttranslatorapp/node_modules/jest-circus/build/run.js:316:40)
    at _runTest (/Users/yusuketsunoda/Documents/cursor/ppttranslatorapp/node_modules/jest-circus/build/run.js:252:3)
    at _runTestsForDescribeBlock (/Users/yusuketsunoda/Documents/cursor/ppttranslatorapp/node_modules/jest-circus/build/run.js:126:9)
    at _runTestsForDescribeBlock (/Users/yusuketsunoda/Documents/cursor/ppttranslatorapp/node_modules/jest-circus/build/run.js:121:9)
    at _runTestsForDescribeBlock (/Users/yusuketsunoda/Documents/cursor/ppttranslatorapp/node_modules/jest-circus/build/run.js:121:9)
    at run (/Users/yusuketsunoda/Documents/cursor/ppttranslatorapp/node_modules/jest-circus/build/run.js:71:3)
    at runAndTransformResultsToJestFormat (/Users/yusuketsunoda/Documents/cursor/ppttranslatorapp/node_modules/jest-circus/build/legacy-code-todo-rewrite/jestAdapterInit.js:122:21)
    at jestAdapter (/Users/yusuketsunoda/Documents/cursor/ppttranslatorapp/node_modules/jest-circus/build/legacy-code-todo-rewrite/jestAdapter.js:79:19)
    at runTestInternal (/Users/yusuketsunoda/Documents/cursor/ppttranslatorapp/node_modules/jest-runner/build/runTest.js:367:16)
    at runTest (/Users/yusuketsunoda/Documents/cursor/ppttranslatorapp/node_modules/jest-runner/build/runTest.js:444:34)</failure>
    </testcase>
    <testcase classname="エラーハンドリングユーティリティ › エラーハンドリング関数" name="クライアントエラーを正しく処理する" time="0">
    </testcase>
    <testcase classname="エラーハンドリングユーティリティ › エラーハンドリング関数" name="AppErrorのクライアントエラーを正しく処理する" time="0">
    </testcase>
    <testcase classname="エラーハンドリングユーティリティ › エラーハンドリング関数" name="APIエラーを正しく処理する" time="0.002">
      <failure>Error: expect(received).toEqual(expected) // deep equality

- Expected  - 1
+ Received  + 0

  Object {
-   &quot;code&quot;: &quot;UNKNOWN_ERROR&quot;,
    &quot;error&quot;: &quot;APIエラー&quot;,
    &quot;status&quot;: 500,
  }
    at Object.toEqual (/Users/yusuketsunoda/Documents/cursor/ppttranslatorapp/worktrees/fix-text-position-alignment/tests/utils/error-handler.test.ts:116:22)
    at Promise.then.completed (/Users/yusuketsunoda/Documents/cursor/ppttranslatorapp/node_modules/jest-circus/build/utils.js:298:28)
    at new Promise (&lt;anonymous&gt;)
    at callAsyncCircusFn (/Users/yusuketsunoda/Documents/cursor/ppttranslatorapp/node_modules/jest-circus/build/utils.js:231:10)
    at _callCircusTest (/Users/yusuketsunoda/Documents/cursor/ppttranslatorapp/node_modules/jest-circus/build/run.js:316:40)
    at _runTest (/Users/yusuketsunoda/Documents/cursor/ppttranslatorapp/node_modules/jest-circus/build/run.js:252:3)
    at _runTestsForDescribeBlock (/Users/yusuketsunoda/Documents/cursor/ppttranslatorapp/node_modules/jest-circus/build/run.js:126:9)
    at _runTestsForDescribeBlock (/Users/yusuketsunoda/Documents/cursor/ppttranslatorapp/node_modules/jest-circus/build/run.js:121:9)
    at _runTestsForDescribeBlock (/Users/yusuketsunoda/Documents/cursor/ppttranslatorapp/node_modules/jest-circus/build/run.js:121:9)
    at run (/Users/yusuketsunoda/Documents/cursor/ppttranslatorapp/node_modules/jest-circus/build/run.js:71:3)
    at runAndTransformResultsToJestFormat (/Users/yusuketsunoda/Documents/cursor/ppttranslatorapp/node_modules/jest-circus/build/legacy-code-todo-rewrite/jestAdapterInit.js:122:21)
    at jestAdapter (/Users/yusuketsunoda/Documents/cursor/ppttranslatorapp/node_modules/jest-circus/build/legacy-code-todo-rewrite/jestAdapter.js:79:19)
    at runTestInternal (/Users/yusuketsunoda/Documents/cursor/ppttranslatorapp/node_modules/jest-runner/build/runTest.js:367:16)
    at runTest (/Users/yusuketsunoda/Documents/cursor/ppttranslatorapp/node_modules/jest-runner/build/runTest.js:444:34)</failure>
    </testcase>
    <testcase classname="エラーハンドリングユーティリティ › エラーハンドリング関数" name="ネットワークエラーを正しく処理する" time="0.001">
      <failure>Error: expect(jest.fn()).toHaveBeenCalledWith(...expected)

Expected: &quot;Client error:&quot;, Any&lt;AppError&gt;
Received: &quot;Client error:&quot;, [Error: Failed to fetch]

Number of calls: 1
    at Object.toHaveBeenCalledWith (/Users/yusuketsunoda/Documents/cursor/ppttranslatorapp/worktrees/fix-text-position-alignment/tests/utils/error-handler.test.ts:127:29)
    at Promise.then.completed (/Users/yusuketsunoda/Documents/cursor/ppttranslatorapp/node_modules/jest-circus/build/utils.js:298:28)
    at new Promise (&lt;anonymous&gt;)
    at callAsyncCircusFn (/Users/yusuketsunoda/Documents/cursor/ppttranslatorapp/node_modules/jest-circus/build/utils.js:231:10)
    at _callCircusTest (/Users/yusuketsunoda/Documents/cursor/ppttranslatorapp/node_modules/jest-circus/build/run.js:316:40)
    at _runTest (/Users/yusuketsunoda/Documents/cursor/ppttranslatorapp/node_modules/jest-circus/build/run.js:252:3)
    at _runTestsForDescribeBlock (/Users/yusuketsunoda/Documents/cursor/ppttranslatorapp/node_modules/jest-circus/build/run.js:126:9)
    at _runTestsForDescribeBlock (/Users/yusuketsunoda/Documents/cursor/ppttranslatorapp/node_modules/jest-circus/build/run.js:121:9)
    at _runTestsForDescribeBlock (/Users/yusuketsunoda/Documents/cursor/ppttranslatorapp/node_modules/jest-circus/build/run.js:121:9)
    at run (/Users/yusuketsunoda/Documents/cursor/ppttranslatorapp/node_modules/jest-circus/build/run.js:71:3)
    at runAndTransformResultsToJestFormat (/Users/yusuketsunoda/Documents/cursor/ppttranslatorapp/node_modules/jest-circus/build/legacy-code-todo-rewrite/jestAdapterInit.js:122:21)
    at jestAdapter (/Users/yusuketsunoda/Documents/cursor/ppttranslatorapp/node_modules/jest-circus/build/legacy-code-todo-rewrite/jestAdapter.js:79:19)
    at runTestInternal (/Users/yusuketsunoda/Documents/cursor/ppttranslatorapp/node_modules/jest-runner/build/runTest.js:367:16)
    at runTest (/Users/yusuketsunoda/Documents/cursor/ppttranslatorapp/node_modules/jest-runner/build/runTest.js:444:34)</failure>
    </testcase>
    <testcase classname="エラーハンドリングユーティリティ › エラーハンドリング関数" name="プリズマエラーを正しく処理する" time="0.001">
      <failure>Error: expect(jest.fn()).toHaveBeenCalledWith(...expected)

Expected: &quot;Client error:&quot;, Any&lt;AppError&gt;
Received: &quot;Client error:&quot;, [PrismaClientKnownRequestError: Prisma error]

Number of calls: 1
    at Object.toHaveBeenCalledWith (/Users/yusuketsunoda/Documents/cursor/ppttranslatorapp/worktrees/fix-text-position-alignment/tests/utils/error-handler.test.ts:135:29)
    at Promise.then.completed (/Users/yusuketsunoda/Documents/cursor/ppttranslatorapp/node_modules/jest-circus/build/utils.js:298:28)
    at new Promise (&lt;anonymous&gt;)
    at callAsyncCircusFn (/Users/yusuketsunoda/Documents/cursor/ppttranslatorapp/node_modules/jest-circus/build/utils.js:231:10)
    at _callCircusTest (/Users/yusuketsunoda/Documents/cursor/ppttranslatorapp/node_modules/jest-circus/build/run.js:316:40)
    at _runTest (/Users/yusuketsunoda/Documents/cursor/ppttranslatorapp/node_modules/jest-circus/build/run.js:252:3)
    at _runTestsForDescribeBlock (/Users/yusuketsunoda/Documents/cursor/ppttranslatorapp/node_modules/jest-circus/build/run.js:126:9)
    at _runTestsForDescribeBlock (/Users/yusuketsunoda/Documents/cursor/ppttranslatorapp/node_modules/jest-circus/build/run.js:121:9)
    at _runTestsForDescribeBlock (/Users/yusuketsunoda/Documents/cursor/ppttranslatorapp/node_modules/jest-circus/build/run.js:121:9)
    at run (/Users/yusuketsunoda/Documents/cursor/ppttranslatorapp/node_modules/jest-circus/build/run.js:71:3)
    at runAndTransformResultsToJestFormat (/Users/yusuketsunoda/Documents/cursor/ppttranslatorapp/node_modules/jest-circus/build/legacy-code-todo-rewrite/jestAdapterInit.js:122:21)
    at jestAdapter (/Users/yusuketsunoda/Documents/cursor/ppttranslatorapp/node_modules/jest-circus/build/legacy-code-todo-rewrite/jestAdapter.js:79:19)
    at runTestInternal (/Users/yusuketsunoda/Documents/cursor/ppttranslatorapp/node_modules/jest-runner/build/runTest.js:367:16)
    at runTest (/Users/yusuketsunoda/Documents/cursor/ppttranslatorapp/node_modules/jest-runner/build/runTest.js:444:34)</failure>
    </testcase>
    <testcase classname="エラーハンドリングユーティリティ › エラーハンドリング関数" name="nullエラーを処理できる" time="0">
      <failure>Error: expect(jest.fn()).toHaveBeenCalledWith(...expected)

Expected: &quot;Client error:&quot;, Any&lt;AppError&gt;
Received: &quot;Client error:&quot;, null

Number of calls: 1
    at Object.toHaveBeenCalledWith (/Users/yusuketsunoda/Documents/cursor/ppttranslatorapp/worktrees/fix-text-position-alignment/tests/utils/error-handler.test.ts:141:29)
    at Promise.then.completed (/Users/yusuketsunoda/Documents/cursor/ppttranslatorapp/node_modules/jest-circus/build/utils.js:298:28)
    at new Promise (&lt;anonymous&gt;)
    at callAsyncCircusFn (/Users/yusuketsunoda/Documents/cursor/ppttranslatorapp/node_modules/jest-circus/build/utils.js:231:10)
    at _callCircusTest (/Users/yusuketsunoda/Documents/cursor/ppttranslatorapp/node_modules/jest-circus/build/run.js:316:40)
    at _runTest (/Users/yusuketsunoda/Documents/cursor/ppttranslatorapp/node_modules/jest-circus/build/run.js:252:3)
    at _runTestsForDescribeBlock (/Users/yusuketsunoda/Documents/cursor/ppttranslatorapp/node_modules/jest-circus/build/run.js:126:9)
    at _runTestsForDescribeBlock (/Users/yusuketsunoda/Documents/cursor/ppttranslatorapp/node_modules/jest-circus/build/run.js:121:9)
    at _runTestsForDescribeBlock (/Users/yusuketsunoda/Documents/cursor/ppttranslatorapp/node_modules/jest-circus/build/run.js:121:9)
    at run (/Users/yusuketsunoda/Documents/cursor/ppttranslatorapp/node_modules/jest-circus/build/run.js:71:3)
    at runAndTransformResultsToJestFormat (/Users/yusuketsunoda/Documents/cursor/ppttranslatorapp/node_modules/jest-circus/build/legacy-code-todo-rewrite/jestAdapterInit.js:122:21)
    at jestAdapter (/Users/yusuketsunoda/Documents/cursor/ppttranslatorapp/node_modules/jest-circus/build/legacy-code-todo-rewrite/jestAdapter.js:79:19)
    at runTestInternal (/Users/yusuketsunoda/Documents/cursor/ppttranslatorapp/node_modules/jest-runner/build/runTest.js:367:16)
    at runTest (/Users/yusuketsunoda/Documents/cursor/ppttranslatorapp/node_modules/jest-runner/build/runTest.js:444:34)</failure>
    </testcase>
    <testcase classname="エラーハンドリングユーティリティ › AppErrorクラス" name="正しく初期化される" time="0">
      <failure>TypeError: Cannot read properties of undefined (reading &apos;AUTH&apos;)
    at Object.AUTH (/Users/yusuketsunoda/Documents/cursor/ppttranslatorapp/worktrees/fix-text-position-alignment/tests/utils/error-handler.test.ts:149:25)
    at Promise.then.completed (/Users/yusuketsunoda/Documents/cursor/ppttranslatorapp/node_modules/jest-circus/build/utils.js:298:28)
    at new Promise (&lt;anonymous&gt;)
    at callAsyncCircusFn (/Users/yusuketsunoda/Documents/cursor/ppttranslatorapp/node_modules/jest-circus/build/utils.js:231:10)
    at _callCircusTest (/Users/yusuketsunoda/Documents/cursor/ppttranslatorapp/node_modules/jest-circus/build/run.js:316:40)
    at _runTest (/Users/yusuketsunoda/Documents/cursor/ppttranslatorapp/node_modules/jest-circus/build/run.js:252:3)
    at _runTestsForDescribeBlock (/Users/yusuketsunoda/Documents/cursor/ppttranslatorapp/node_modules/jest-circus/build/run.js:126:9)
    at _runTestsForDescribeBlock (/Users/yusuketsunoda/Documents/cursor/ppttranslatorapp/node_modules/jest-circus/build/run.js:121:9)
    at _runTestsForDescribeBlock (/Users/yusuketsunoda/Documents/cursor/ppttranslatorapp/node_modules/jest-circus/build/run.js:121:9)
    at run (/Users/yusuketsunoda/Documents/cursor/ppttranslatorapp/node_modules/jest-circus/build/run.js:71:3)
    at runAndTransformResultsToJestFormat (/Users/yusuketsunoda/Documents/cursor/ppttranslatorapp/node_modules/jest-circus/build/legacy-code-todo-rewrite/jestAdapterInit.js:122:21)
    at jestAdapter (/Users/yusuketsunoda/Documents/cursor/ppttranslatorapp/node_modules/jest-circus/build/legacy-code-todo-rewrite/jestAdapter.js:79:19)
    at runTestInternal (/Users/yusuketsunoda/Documents/cursor/ppttranslatorapp/node_modules/jest-runner/build/runTest.js:367:16)
    at runTest (/Users/yusuketsunoda/Documents/cursor/ppttranslatorapp/node_modules/jest-runner/build/runTest.js:444:34)</failure>
    </testcase>
    <testcase classname="エラーハンドリングユーティリティ › AppErrorクラス" name="コンテキスト情報を持つことができる" time="0">
      <failure>TypeError: Cannot read properties of undefined (reading &apos;AUTH&apos;)
    at Object.AUTH (/Users/yusuketsunoda/Documents/cursor/ppttranslatorapp/worktrees/fix-text-position-alignment/tests/utils/error-handler.test.ts:163:25)
    at Promise.then.completed (/Users/yusuketsunoda/Documents/cursor/ppttranslatorapp/node_modules/jest-circus/build/utils.js:298:28)
    at new Promise (&lt;anonymous&gt;)
    at callAsyncCircusFn (/Users/yusuketsunoda/Documents/cursor/ppttranslatorapp/node_modules/jest-circus/build/utils.js:231:10)
    at _callCircusTest (/Users/yusuketsunoda/Documents/cursor/ppttranslatorapp/node_modules/jest-circus/build/run.js:316:40)
    at _runTest (/Users/yusuketsunoda/Documents/cursor/ppttranslatorapp/node_modules/jest-circus/build/run.js:252:3)
    at _runTestsForDescribeBlock (/Users/yusuketsunoda/Documents/cursor/ppttranslatorapp/node_modules/jest-circus/build/run.js:126:9)
    at _runTestsForDescribeBlock (/Users/yusuketsunoda/Documents/cursor/ppttranslatorapp/node_modules/jest-circus/build/run.js:121:9)
    at _runTestsForDescribeBlock (/Users/yusuketsunoda/Documents/cursor/ppttranslatorapp/node_modules/jest-circus/build/run.js:121:9)
    at run (/Users/yusuketsunoda/Documents/cursor/ppttranslatorapp/node_modules/jest-circus/build/run.js:71:3)
    at runAndTransformResultsToJestFormat (/Users/yusuketsunoda/Documents/cursor/ppttranslatorapp/node_modules/jest-circus/build/legacy-code-todo-rewrite/jestAdapterInit.js:122:21)
    at jestAdapter (/Users/yusuketsunoda/Documents/cursor/ppttranslatorapp/node_modules/jest-circus/build/legacy-code-todo-rewrite/jestAdapter.js:79:19)
    at runTestInternal (/Users/yusuketsunoda/Documents/cursor/ppttranslatorapp/node_modules/jest-runner/build/runTest.js:367:16)
    at runTest (/Users/yusuketsunoda/Documents/cursor/ppttranslatorapp/node_modules/jest-runner/build/runTest.js:444:34)</failure>
    </testcase>
    <testcase classname="エラーハンドリングユーティリティ › AppErrorクラス" name="元のエラーを保持できる" time="0.002">
      <failure>TypeError: Cannot read properties of undefined (reading &apos;AUTH&apos;)
    at Object.AUTH (/Users/yusuketsunoda/Documents/cursor/ppttranslatorapp/worktrees/fix-text-position-alignment/tests/utils/error-handler.test.ts:175:25)
    at Promise.then.completed (/Users/yusuketsunoda/Documents/cursor/ppttranslatorapp/node_modules/jest-circus/build/utils.js:298:28)
    at new Promise (&lt;anonymous&gt;)
    at callAsyncCircusFn (/Users/yusuketsunoda/Documents/cursor/ppttranslatorapp/node_modules/jest-circus/build/utils.js:231:10)
    at _callCircusTest (/Users/yusuketsunoda/Documents/cursor/ppttranslatorapp/node_modules/jest-circus/build/run.js:316:40)
    at _runTest (/Users/yusuketsunoda/Documents/cursor/ppttranslatorapp/node_modules/jest-circus/build/run.js:252:3)
    at _runTestsForDescribeBlock (/Users/yusuketsunoda/Documents/cursor/ppttranslatorapp/node_modules/jest-circus/build/run.js:126:9)
    at _runTestsForDescribeBlock (/Users/yusuketsunoda/Documents/cursor/ppttranslatorapp/node_modules/jest-circus/build/run.js:121:9)
    at _runTestsForDescribeBlock (/Users/yusuketsunoda/Documents/cursor/ppttranslatorapp/node_modules/jest-circus/build/run.js:121:9)
    at run (/Users/yusuketsunoda/Documents/cursor/ppttranslatorapp/node_modules/jest-circus/build/run.js:71:3)
    at runAndTransformResultsToJestFormat (/Users/yusuketsunoda/Documents/cursor/ppttranslatorapp/node_modules/jest-circus/build/legacy-code-todo-rewrite/jestAdapterInit.js:122:21)
    at jestAdapter (/Users/yusuketsunoda/Documents/cursor/ppttranslatorapp/node_modules/jest-circus/build/legacy-code-todo-rewrite/jestAdapter.js:79:19)
    at runTestInternal (/Users/yusuketsunoda/Documents/cursor/ppttranslatorapp/node_modules/jest-runner/build/runTest.js:367:16)
    at runTest (/Users/yusuketsunoda/Documents/cursor/ppttranslatorapp/node_modules/jest-runner/build/runTest.js:444:34)</failure>
    </testcase>
    <testcase classname="エラーハンドリングユーティリティ › AppErrorクラス" name="デフォルト値で初期化できる" time="0.001">
      <failure>TypeError: Cannot read properties of undefined (reading &apos;UNKNOWN&apos;)
    at Object.UNKNOWN (/Users/yusuketsunoda/Documents/cursor/ppttranslatorapp/worktrees/fix-text-position-alignment/tests/utils/error-handler.test.ts:189:41)
    at Promise.then.completed (/Users/yusuketsunoda/Documents/cursor/ppttranslatorapp/node_modules/jest-circus/build/utils.js:298:28)
    at new Promise (&lt;anonymous&gt;)
    at callAsyncCircusFn (/Users/yusuketsunoda/Documents/cursor/ppttranslatorapp/node_modules/jest-circus/build/utils.js:231:10)
    at _callCircusTest (/Users/yusuketsunoda/Documents/cursor/ppttranslatorapp/node_modules/jest-circus/build/run.js:316:40)
    at _runTest (/Users/yusuketsunoda/Documents/cursor/ppttranslatorapp/node_modules/jest-circus/build/run.js:252:3)
    at _runTestsForDescribeBlock (/Users/yusuketsunoda/Documents/cursor/ppttranslatorapp/node_modules/jest-circus/build/run.js:126:9)
    at _runTestsForDescribeBlock (/Users/yusuketsunoda/Documents/cursor/ppttranslatorapp/node_modules/jest-circus/build/run.js:121:9)
    at _runTestsForDescribeBlock (/Users/yusuketsunoda/Documents/cursor/ppttranslatorapp/node_modules/jest-circus/build/run.js:121:9)
    at run (/Users/yusuketsunoda/Documents/cursor/ppttranslatorapp/node_modules/jest-circus/build/run.js:71:3)
    at runAndTransformResultsToJestFormat (/Users/yusuketsunoda/Documents/cursor/ppttranslatorapp/node_modules/jest-circus/build/legacy-code-todo-rewrite/jestAdapterInit.js:122:21)
    at jestAdapter (/Users/yusuketsunoda/Documents/cursor/ppttranslatorapp/node_modules/jest-circus/build/legacy-code-todo-rewrite/jestAdapter.js:79:19)
    at runTestInternal (/Users/yusuketsunoda/Documents/cursor/ppttranslatorapp/node_modules/jest-runner/build/runTest.js:367:16)
    at runTest (/Users/yusuketsunoda/Documents/cursor/ppttranslatorapp/node_modules/jest-runner/build/runTest.js:444:34)</failure>
    </testcase>
    <testcase classname="エラーハンドリングユーティリティ › Error Creators" name="createValidationErrorが正しいAppErrorを作成する" time="0.001">
      <failure>TypeError: Cannot read properties of undefined (reading &apos;VALIDATION&apos;)
    at Object.VALIDATION (/Users/yusuketsunoda/Documents/cursor/ppttranslatorapp/worktrees/fix-text-position-alignment/tests/utils/error-handler.test.ts:199:41)
    at Promise.then.completed (/Users/yusuketsunoda/Documents/cursor/ppttranslatorapp/node_modules/jest-circus/build/utils.js:298:28)
    at new Promise (&lt;anonymous&gt;)
    at callAsyncCircusFn (/Users/yusuketsunoda/Documents/cursor/ppttranslatorapp/node_modules/jest-circus/build/utils.js:231:10)
    at _callCircusTest (/Users/yusuketsunoda/Documents/cursor/ppttranslatorapp/node_modules/jest-circus/build/run.js:316:40)
    at _runTest (/Users/yusuketsunoda/Documents/cursor/ppttranslatorapp/node_modules/jest-circus/build/run.js:252:3)
    at _runTestsForDescribeBlock (/Users/yusuketsunoda/Documents/cursor/ppttranslatorapp/node_modules/jest-circus/build/run.js:126:9)
    at _runTestsForDescribeBlock (/Users/yusuketsunoda/Documents/cursor/ppttranslatorapp/node_modules/jest-circus/build/run.js:121:9)
    at _runTestsForDescribeBlock (/Users/yusuketsunoda/Documents/cursor/ppttranslatorapp/node_modules/jest-circus/build/run.js:121:9)
    at run (/Users/yusuketsunoda/Documents/cursor/ppttranslatorapp/node_modules/jest-circus/build/run.js:71:3)
    at runAndTransformResultsToJestFormat (/Users/yusuketsunoda/Documents/cursor/ppttranslatorapp/node_modules/jest-circus/build/legacy-code-todo-rewrite/jestAdapterInit.js:122:21)
    at jestAdapter (/Users/yusuketsunoda/Documents/cursor/ppttranslatorapp/node_modules/jest-circus/build/legacy-code-todo-rewrite/jestAdapter.js:79:19)
    at runTestInternal (/Users/yusuketsunoda/Documents/cursor/ppttranslatorapp/node_modules/jest-runner/build/runTest.js:367:16)
    at runTest (/Users/yusuketsunoda/Documents/cursor/ppttranslatorapp/node_modules/jest-runner/build/runTest.js:444:34)</failure>
    </testcase>
    <testcase classname="エラーハンドリングユーティリティ › Error Creators" name="createAuthErrorが正しいAppErrorを作成する" time="0">
      <failure>TypeError: Cannot read properties of undefined (reading &apos;AUTH&apos;)
    at Object.AUTH (/Users/yusuketsunoda/Documents/cursor/ppttranslatorapp/worktrees/fix-text-position-alignment/tests/utils/error-handler.test.ts:208:41)
    at Promise.then.completed (/Users/yusuketsunoda/Documents/cursor/ppttranslatorapp/node_modules/jest-circus/build/utils.js:298:28)
    at new Promise (&lt;anonymous&gt;)
    at callAsyncCircusFn (/Users/yusuketsunoda/Documents/cursor/ppttranslatorapp/node_modules/jest-circus/build/utils.js:231:10)
    at _callCircusTest (/Users/yusuketsunoda/Documents/cursor/ppttranslatorapp/node_modules/jest-circus/build/run.js:316:40)
    at _runTest (/Users/yusuketsunoda/Documents/cursor/ppttranslatorapp/node_modules/jest-circus/build/run.js:252:3)
    at _runTestsForDescribeBlock (/Users/yusuketsunoda/Documents/cursor/ppttranslatorapp/node_modules/jest-circus/build/run.js:126:9)
    at _runTestsForDescribeBlock (/Users/yusuketsunoda/Documents/cursor/ppttranslatorapp/node_modules/jest-circus/build/run.js:121:9)
    at _runTestsForDescribeBlock (/Users/yusuketsunoda/Documents/cursor/ppttranslatorapp/node_modules/jest-circus/build/run.js:121:9)
    at run (/Users/yusuketsunoda/Documents/cursor/ppttranslatorapp/node_modules/jest-circus/build/run.js:71:3)
    at runAndTransformResultsToJestFormat (/Users/yusuketsunoda/Documents/cursor/ppttranslatorapp/node_modules/jest-circus/build/legacy-code-todo-rewrite/jestAdapterInit.js:122:21)
    at jestAdapter (/Users/yusuketsunoda/Documents/cursor/ppttranslatorapp/node_modules/jest-circus/build/legacy-code-todo-rewrite/jestAdapter.js:79:19)
    at runTestInternal (/Users/yusuketsunoda/Documents/cursor/ppttranslatorapp/node_modules/jest-runner/build/runTest.js:367:16)
    at runTest (/Users/yusuketsunoda/Documents/cursor/ppttranslatorapp/node_modules/jest-runner/build/runTest.js:444:34)</failure>
    </testcase>
    <testcase classname="エラーハンドリングユーティリティ › Error Creators" name="createForbiddenErrorが正しいAppErrorを作成する" time="0.001">
      <failure>TypeError: Cannot read properties of undefined (reading &apos;FORBIDDEN&apos;)
    at Object.FORBIDDEN (/Users/yusuketsunoda/Documents/cursor/ppttranslatorapp/worktrees/fix-text-position-alignment/tests/utils/error-handler.test.ts:217:41)
    at Promise.then.completed (/Users/yusuketsunoda/Documents/cursor/ppttranslatorapp/node_modules/jest-circus/build/utils.js:298:28)
    at new Promise (&lt;anonymous&gt;)
    at callAsyncCircusFn (/Users/yusuketsunoda/Documents/cursor/ppttranslatorapp/node_modules/jest-circus/build/utils.js:231:10)
    at _callCircusTest (/Users/yusuketsunoda/Documents/cursor/ppttranslatorapp/node_modules/jest-circus/build/run.js:316:40)
    at _runTest (/Users/yusuketsunoda/Documents/cursor/ppttranslatorapp/node_modules/jest-circus/build/run.js:252:3)
    at _runTestsForDescribeBlock (/Users/yusuketsunoda/Documents/cursor/ppttranslatorapp/node_modules/jest-circus/build/run.js:126:9)
    at _runTestsForDescribeBlock (/Users/yusuketsunoda/Documents/cursor/ppttranslatorapp/node_modules/jest-circus/build/run.js:121:9)
    at _runTestsForDescribeBlock (/Users/yusuketsunoda/Documents/cursor/ppttranslatorapp/node_modules/jest-circus/build/run.js:121:9)
    at run (/Users/yusuketsunoda/Documents/cursor/ppttranslatorapp/node_modules/jest-circus/build/run.js:71:3)
    at runAndTransformResultsToJestFormat (/Users/yusuketsunoda/Documents/cursor/ppttranslatorapp/node_modules/jest-circus/build/legacy-code-todo-rewrite/jestAdapterInit.js:122:21)
    at jestAdapter (/Users/yusuketsunoda/Documents/cursor/ppttranslatorapp/node_modules/jest-circus/build/legacy-code-todo-rewrite/jestAdapter.js:79:19)
    at runTestInternal (/Users/yusuketsunoda/Documents/cursor/ppttranslatorapp/node_modules/jest-runner/build/runTest.js:367:16)
    at runTest (/Users/yusuketsunoda/Documents/cursor/ppttranslatorapp/node_modules/jest-runner/build/runTest.js:444:34)</failure>
    </testcase>
    <testcase classname="エラーハンドリングユーティリティ › Error Creators" name="createNotFoundErrorが正しいAppErrorを作成する" time="0.001">
      <failure>TypeError: Cannot read properties of undefined (reading &apos;NOT_FOUND&apos;)
    at Object.NOT_FOUND (/Users/yusuketsunoda/Documents/cursor/ppttranslatorapp/worktrees/fix-text-position-alignment/tests/utils/error-handler.test.ts:226:41)
    at Promise.then.completed (/Users/yusuketsunoda/Documents/cursor/ppttranslatorapp/node_modules/jest-circus/build/utils.js:298:28)
    at new Promise (&lt;anonymous&gt;)
    at callAsyncCircusFn (/Users/yusuketsunoda/Documents/cursor/ppttranslatorapp/node_modules/jest-circus/build/utils.js:231:10)
    at _callCircusTest (/Users/yusuketsunoda/Documents/cursor/ppttranslatorapp/node_modules/jest-circus/build/run.js:316:40)
    at _runTest (/Users/yusuketsunoda/Documents/cursor/ppttranslatorapp/node_modules/jest-circus/build/run.js:252:3)
    at _runTestsForDescribeBlock (/Users/yusuketsunoda/Documents/cursor/ppttranslatorapp/node_modules/jest-circus/build/run.js:126:9)
    at _runTestsForDescribeBlock (/Users/yusuketsunoda/Documents/cursor/ppttranslatorapp/node_modules/jest-circus/build/run.js:121:9)
    at _runTestsForDescribeBlock (/Users/yusuketsunoda/Documents/cursor/ppttranslatorapp/node_modules/jest-circus/build/run.js:121:9)
    at run (/Users/yusuketsunoda/Documents/cursor/ppttranslatorapp/node_modules/jest-circus/build/run.js:71:3)
    at runAndTransformResultsToJestFormat (/Users/yusuketsunoda/Documents/cursor/ppttranslatorapp/node_modules/jest-circus/build/legacy-code-todo-rewrite/jestAdapterInit.js:122:21)
    at jestAdapter (/Users/yusuketsunoda/Documents/cursor/ppttranslatorapp/node_modules/jest-circus/build/legacy-code-todo-rewrite/jestAdapter.js:79:19)
    at runTestInternal (/Users/yusuketsunoda/Documents/cursor/ppttranslatorapp/node_modules/jest-runner/build/runTest.js:367:16)
    at runTest (/Users/yusuketsunoda/Documents/cursor/ppttranslatorapp/node_modules/jest-runner/build/runTest.js:444:34)</failure>
    </testcase>
    <testcase classname="エラーハンドリングユーティリティ › Error Creators" name="createRateLimitErrorが正しいAppErrorを作成する" time="0">
      <failure>TypeError: Cannot read properties of undefined (reading &apos;RATE_LIMIT&apos;)
    at Object.RATE_LIMIT (/Users/yusuketsunoda/Documents/cursor/ppttranslatorapp/worktrees/fix-text-position-alignment/tests/utils/error-handler.test.ts:235:41)
    at Promise.then.completed (/Users/yusuketsunoda/Documents/cursor/ppttranslatorapp/node_modules/jest-circus/build/utils.js:298:28)
    at new Promise (&lt;anonymous&gt;)
    at callAsyncCircusFn (/Users/yusuketsunoda/Documents/cursor/ppttranslatorapp/node_modules/jest-circus/build/utils.js:231:10)
    at _callCircusTest (/Users/yusuketsunoda/Documents/cursor/ppttranslatorapp/node_modules/jest-circus/build/run.js:316:40)
    at _runTest (/Users/yusuketsunoda/Documents/cursor/ppttranslatorapp/node_modules/jest-circus/build/run.js:252:3)
    at _runTestsForDescribeBlock (/Users/yusuketsunoda/Documents/cursor/ppttranslatorapp/node_modules/jest-circus/build/run.js:126:9)
    at _runTestsForDescribeBlock (/Users/yusuketsunoda/Documents/cursor/ppttranslatorapp/node_modules/jest-circus/build/run.js:121:9)
    at _runTestsForDescribeBlock (/Users/yusuketsunoda/Documents/cursor/ppttranslatorapp/node_modules/jest-circus/build/run.js:121:9)
    at run (/Users/yusuketsunoda/Documents/cursor/ppttranslatorapp/node_modules/jest-circus/build/run.js:71:3)
    at runAndTransformResultsToJestFormat (/Users/yusuketsunoda/Documents/cursor/ppttranslatorapp/node_modules/jest-circus/build/legacy-code-todo-rewrite/jestAdapterInit.js:122:21)
    at jestAdapter (/Users/yusuketsunoda/Documents/cursor/ppttranslatorapp/node_modules/jest-circus/build/legacy-code-todo-rewrite/jestAdapter.js:79:19)
    at runTestInternal (/Users/yusuketsunoda/Documents/cursor/ppttranslatorapp/node_modules/jest-runner/build/runTest.js:367:16)
    at runTest (/Users/yusuketsunoda/Documents/cursor/ppttranslatorapp/node_modules/jest-runner/build/runTest.js:444:34)</failure>
    </testcase>
    <testcase classname="エラーハンドリングユーティリティ › Error Creators" name="createDatabaseErrorが正しいAppErrorを作成する" time="0.001">
      <failure>TypeError: Cannot read properties of undefined (reading &apos;DATABASE&apos;)
    at Object.DATABASE (/Users/yusuketsunoda/Documents/cursor/ppttranslatorapp/worktrees/fix-text-position-alignment/tests/utils/error-handler.test.ts:244:41)
    at Promise.then.completed (/Users/yusuketsunoda/Documents/cursor/ppttranslatorapp/node_modules/jest-circus/build/utils.js:298:28)
    at new Promise (&lt;anonymous&gt;)
    at callAsyncCircusFn (/Users/yusuketsunoda/Documents/cursor/ppttranslatorapp/node_modules/jest-circus/build/utils.js:231:10)
    at _callCircusTest (/Users/yusuketsunoda/Documents/cursor/ppttranslatorapp/node_modules/jest-circus/build/run.js:316:40)
    at _runTest (/Users/yusuketsunoda/Documents/cursor/ppttranslatorapp/node_modules/jest-circus/build/run.js:252:3)
    at _runTestsForDescribeBlock (/Users/yusuketsunoda/Documents/cursor/ppttranslatorapp/node_modules/jest-circus/build/run.js:126:9)
    at _runTestsForDescribeBlock (/Users/yusuketsunoda/Documents/cursor/ppttranslatorapp/node_modules/jest-circus/build/run.js:121:9)
    at _runTestsForDescribeBlock (/Users/yusuketsunoda/Documents/cursor/ppttranslatorapp/node_modules/jest-circus/build/run.js:121:9)
    at run (/Users/yusuketsunoda/Documents/cursor/ppttranslatorapp/node_modules/jest-circus/build/run.js:71:3)
    at runAndTransformResultsToJestFormat (/Users/yusuketsunoda/Documents/cursor/ppttranslatorapp/node_modules/jest-circus/build/legacy-code-todo-rewrite/jestAdapterInit.js:122:21)
    at jestAdapter (/Users/yusuketsunoda/Documents/cursor/ppttranslatorapp/node_modules/jest-circus/build/legacy-code-todo-rewrite/jestAdapter.js:79:19)
    at runTestInternal (/Users/yusuketsunoda/Documents/cursor/ppttranslatorapp/node_modules/jest-runner/build/runTest.js:367:16)
    at runTest (/Users/yusuketsunoda/Documents/cursor/ppttranslatorapp/node_modules/jest-runner/build/runTest.js:444:34)</failure>
    </testcase>
    <testcase classname="エラーハンドリングユーティリティ › mapSessionErrorToAppError" name="EXPIREDエラーを正しく変換する" time="0">
      <failure>TypeError: Cannot read properties of undefined (reading &apos;AUTH&apos;)
    at Object.AUTH (/Users/yusuketsunoda/Documents/cursor/ppttranslatorapp/worktrees/fix-text-position-alignment/tests/utils/error-handler.test.ts:255:41)
    at Promise.then.completed (/Users/yusuketsunoda/Documents/cursor/ppttranslatorapp/node_modules/jest-circus/build/utils.js:298:28)
    at new Promise (&lt;anonymous&gt;)
    at callAsyncCircusFn (/Users/yusuketsunoda/Documents/cursor/ppttranslatorapp/node_modules/jest-circus/build/utils.js:231:10)
    at _callCircusTest (/Users/yusuketsunoda/Documents/cursor/ppttranslatorapp/node_modules/jest-circus/build/run.js:316:40)
    at _runTest (/Users/yusuketsunoda/Documents/cursor/ppttranslatorapp/node_modules/jest-circus/build/run.js:252:3)
    at _runTestsForDescribeBlock (/Users/yusuketsunoda/Documents/cursor/ppttranslatorapp/node_modules/jest-circus/build/run.js:126:9)
    at _runTestsForDescribeBlock (/Users/yusuketsunoda/Documents/cursor/ppttranslatorapp/node_modules/jest-circus/build/run.js:121:9)
    at _runTestsForDescribeBlock (/Users/yusuketsunoda/Documents/cursor/ppttranslatorapp/node_modules/jest-circus/build/run.js:121:9)
    at run (/Users/yusuketsunoda/Documents/cursor/ppttranslatorapp/node_modules/jest-circus/build/run.js:71:3)
    at runAndTransformResultsToJestFormat (/Users/yusuketsunoda/Documents/cursor/ppttranslatorapp/node_modules/jest-circus/build/legacy-code-todo-rewrite/jestAdapterInit.js:122:21)
    at jestAdapter (/Users/yusuketsunoda/Documents/cursor/ppttranslatorapp/node_modules/jest-circus/build/legacy-code-todo-rewrite/jestAdapter.js:79:19)
    at runTestInternal (/Users/yusuketsunoda/Documents/cursor/ppttranslatorapp/node_modules/jest-runner/build/runTest.js:367:16)
    at runTest (/Users/yusuketsunoda/Documents/cursor/ppttranslatorapp/node_modules/jest-runner/build/runTest.js:444:34)</failure>
    </testcase>
    <testcase classname="エラーハンドリングユーティリティ › mapSessionErrorToAppError" name="INVALIDエラーを正しく変換する" time="0">
      <failure>TypeError: Cannot read properties of undefined (reading &apos;AUTH&apos;)
    at Object.AUTH (/Users/yusuketsunoda/Documents/cursor/ppttranslatorapp/worktrees/fix-text-position-alignment/tests/utils/error-handler.test.ts:264:41)
    at Promise.then.completed (/Users/yusuketsunoda/Documents/cursor/ppttranslatorapp/node_modules/jest-circus/build/utils.js:298:28)
    at new Promise (&lt;anonymous&gt;)
    at callAsyncCircusFn (/Users/yusuketsunoda/Documents/cursor/ppttranslatorapp/node_modules/jest-circus/build/utils.js:231:10)
    at _callCircusTest (/Users/yusuketsunoda/Documents/cursor/ppttranslatorapp/node_modules/jest-circus/build/run.js:316:40)
    at _runTest (/Users/yusuketsunoda/Documents/cursor/ppttranslatorapp/node_modules/jest-circus/build/run.js:252:3)
    at _runTestsForDescribeBlock (/Users/yusuketsunoda/Documents/cursor/ppttranslatorapp/node_modules/jest-circus/build/run.js:126:9)
    at _runTestsForDescribeBlock (/Users/yusuketsunoda/Documents/cursor/ppttranslatorapp/node_modules/jest-circus/build/run.js:121:9)
    at _runTestsForDescribeBlock (/Users/yusuketsunoda/Documents/cursor/ppttranslatorapp/node_modules/jest-circus/build/run.js:121:9)
    at run (/Users/yusuketsunoda/Documents/cursor/ppttranslatorapp/node_modules/jest-circus/build/run.js:71:3)
    at runAndTransformResultsToJestFormat (/Users/yusuketsunoda/Documents/cursor/ppttranslatorapp/node_modules/jest-circus/build/legacy-code-todo-rewrite/jestAdapterInit.js:122:21)
    at jestAdapter (/Users/yusuketsunoda/Documents/cursor/ppttranslatorapp/node_modules/jest-circus/build/legacy-code-todo-rewrite/jestAdapter.js:79:19)
    at runTestInternal (/Users/yusuketsunoda/Documents/cursor/ppttranslatorapp/node_modules/jest-runner/build/runTest.js:367:16)
    at runTest (/Users/yusuketsunoda/Documents/cursor/ppttranslatorapp/node_modules/jest-runner/build/runTest.js:444:34)</failure>
    </testcase>
    <testcase classname="エラーハンドリングユーティリティ › mapSessionErrorToAppError" name="NETWORKエラーを正しく変換する" time="0.001">
      <failure>TypeError: Cannot read properties of undefined (reading &apos;NETWORK&apos;)
    at Object.NETWORK (/Users/yusuketsunoda/Documents/cursor/ppttranslatorapp/worktrees/fix-text-position-alignment/tests/utils/error-handler.test.ts:273:41)
    at Promise.then.completed (/Users/yusuketsunoda/Documents/cursor/ppttranslatorapp/node_modules/jest-circus/build/utils.js:298:28)
    at new Promise (&lt;anonymous&gt;)
    at callAsyncCircusFn (/Users/yusuketsunoda/Documents/cursor/ppttranslatorapp/node_modules/jest-circus/build/utils.js:231:10)
    at _callCircusTest (/Users/yusuketsunoda/Documents/cursor/ppttranslatorapp/node_modules/jest-circus/build/run.js:316:40)
    at _runTest (/Users/yusuketsunoda/Documents/cursor/ppttranslatorapp/node_modules/jest-circus/build/run.js:252:3)
    at _runTestsForDescribeBlock (/Users/yusuketsunoda/Documents/cursor/ppttranslatorapp/node_modules/jest-circus/build/run.js:126:9)
    at _runTestsForDescribeBlock (/Users/yusuketsunoda/Documents/cursor/ppttranslatorapp/node_modules/jest-circus/build/run.js:121:9)
    at _runTestsForDescribeBlock (/Users/yusuketsunoda/Documents/cursor/ppttranslatorapp/node_modules/jest-circus/build/run.js:121:9)
    at run (/Users/yusuketsunoda/Documents/cursor/ppttranslatorapp/node_modules/jest-circus/build/run.js:71:3)
    at runAndTransformResultsToJestFormat (/Users/yusuketsunoda/Documents/cursor/ppttranslatorapp/node_modules/jest-circus/build/legacy-code-todo-rewrite/jestAdapterInit.js:122:21)
    at jestAdapter (/Users/yusuketsunoda/Documents/cursor/ppttranslatorapp/node_modules/jest-circus/build/legacy-code-todo-rewrite/jestAdapter.js:79:19)
    at runTestInternal (/Users/yusuketsunoda/Documents/cursor/ppttranslatorapp/node_modules/jest-runner/build/runTest.js:367:16)
    at runTest (/Users/yusuketsunoda/Documents/cursor/ppttranslatorapp/node_modules/jest-runner/build/runTest.js:444:34)</failure>
    </testcase>
    <testcase classname="エラーハンドリングユーティリティ › mapSessionErrorToAppError" name="UNAUTHORIZEDエラーを正しく変換する" time="0">
      <failure>TypeError: Cannot read properties of undefined (reading &apos;AUTH&apos;)
    at Object.AUTH (/Users/yusuketsunoda/Documents/cursor/ppttranslatorapp/worktrees/fix-text-position-alignment/tests/utils/error-handler.test.ts:282:41)
    at Promise.then.completed (/Users/yusuketsunoda/Documents/cursor/ppttranslatorapp/node_modules/jest-circus/build/utils.js:298:28)
    at new Promise (&lt;anonymous&gt;)
    at callAsyncCircusFn (/Users/yusuketsunoda/Documents/cursor/ppttranslatorapp/node_modules/jest-circus/build/utils.js:231:10)
    at _callCircusTest (/Users/yusuketsunoda/Documents/cursor/ppttranslatorapp/node_modules/jest-circus/build/run.js:316:40)
    at _runTest (/Users/yusuketsunoda/Documents/cursor/ppttranslatorapp/node_modules/jest-circus/build/run.js:252:3)
    at _runTestsForDescribeBlock (/Users/yusuketsunoda/Documents/cursor/ppttranslatorapp/node_modules/jest-circus/build/run.js:126:9)
    at _runTestsForDescribeBlock (/Users/yusuketsunoda/Documents/cursor/ppttranslatorapp/node_modules/jest-circus/build/run.js:121:9)
    at _runTestsForDescribeBlock (/Users/yusuketsunoda/Documents/cursor/ppttranslatorapp/node_modules/jest-circus/build/run.js:121:9)
    at run (/Users/yusuketsunoda/Documents/cursor/ppttranslatorapp/node_modules/jest-circus/build/run.js:71:3)
    at runAndTransformResultsToJestFormat (/Users/yusuketsunoda/Documents/cursor/ppttranslatorapp/node_modules/jest-circus/build/legacy-code-todo-rewrite/jestAdapterInit.js:122:21)
    at jestAdapter (/Users/yusuketsunoda/Documents/cursor/ppttranslatorapp/node_modules/jest-circus/build/legacy-code-todo-rewrite/jestAdapter.js:79:19)
    at runTestInternal (/Users/yusuketsunoda/Documents/cursor/ppttranslatorapp/node_modules/jest-runner/build/runTest.js:367:16)
    at runTest (/Users/yusuketsunoda/Documents/cursor/ppttranslatorapp/node_modules/jest-runner/build/runTest.js:444:34)</failure>
    </testcase>
    <testcase classname="エラーハンドリングユーティリティ › mapSessionErrorToAppError" name="UNKNOWNエラーを正しく変換する" time="0.001">
      <failure>TypeError: Cannot read properties of undefined (reading &apos;UNKNOWN&apos;)
    at Object.UNKNOWN (/Users/yusuketsunoda/Documents/cursor/ppttranslatorapp/worktrees/fix-text-position-alignment/tests/utils/error-handler.test.ts:291:41)
    at Promise.then.completed (/Users/yusuketsunoda/Documents/cursor/ppttranslatorapp/node_modules/jest-circus/build/utils.js:298:28)
    at new Promise (&lt;anonymous&gt;)
    at callAsyncCircusFn (/Users/yusuketsunoda/Documents/cursor/ppttranslatorapp/node_modules/jest-circus/build/utils.js:231:10)
    at _callCircusTest (/Users/yusuketsunoda/Documents/cursor/ppttranslatorapp/node_modules/jest-circus/build/run.js:316:40)
    at _runTest (/Users/yusuketsunoda/Documents/cursor/ppttranslatorapp/node_modules/jest-circus/build/run.js:252:3)
    at _runTestsForDescribeBlock (/Users/yusuketsunoda/Documents/cursor/ppttranslatorapp/node_modules/jest-circus/build/run.js:126:9)
    at _runTestsForDescribeBlock (/Users/yusuketsunoda/Documents/cursor/ppttranslatorapp/node_modules/jest-circus/build/run.js:121:9)
    at _runTestsForDescribeBlock (/Users/yusuketsunoda/Documents/cursor/ppttranslatorapp/node_modules/jest-circus/build/run.js:121:9)
    at run (/Users/yusuketsunoda/Documents/cursor/ppttranslatorapp/node_modules/jest-circus/build/run.js:71:3)
    at runAndTransformResultsToJestFormat (/Users/yusuketsunoda/Documents/cursor/ppttranslatorapp/node_modules/jest-circus/build/legacy-code-todo-rewrite/jestAdapterInit.js:122:21)
    at jestAdapter (/Users/yusuketsunoda/Documents/cursor/ppttranslatorapp/node_modules/jest-circus/build/legacy-code-todo-rewrite/jestAdapter.js:79:19)
    at runTestInternal (/Users/yusuketsunoda/Documents/cursor/ppttranslatorapp/node_modules/jest-runner/build/runTest.js:367:16)
    at runTest (/Users/yusuketsunoda/Documents/cursor/ppttranslatorapp/node_modules/jest-runner/build/runTest.js:444:34)</failure>
    </testcase>
    <testcase classname="エラーハンドリングユーティリティ › mapSessionErrorToAppError" name="不明なタイプのエラーを正しく変換する" time="0">
      <failure>TypeError: Cannot read properties of undefined (reading &apos;UNKNOWN&apos;)
    at Object.UNKNOWN (/Users/yusuketsunoda/Documents/cursor/ppttranslatorapp/worktrees/fix-text-position-alignment/tests/utils/error-handler.test.ts:300:41)
    at Promise.then.completed (/Users/yusuketsunoda/Documents/cursor/ppttranslatorapp/node_modules/jest-circus/build/utils.js:298:28)
    at new Promise (&lt;anonymous&gt;)
    at callAsyncCircusFn (/Users/yusuketsunoda/Documents/cursor/ppttranslatorapp/node_modules/jest-circus/build/utils.js:231:10)
    at _callCircusTest (/Users/yusuketsunoda/Documents/cursor/ppttranslatorapp/node_modules/jest-circus/build/run.js:316:40)
    at _runTest (/Users/yusuketsunoda/Documents/cursor/ppttranslatorapp/node_modules/jest-circus/build/run.js:252:3)
    at _runTestsForDescribeBlock (/Users/yusuketsunoda/Documents/cursor/ppttranslatorapp/node_modules/jest-circus/build/run.js:126:9)
    at _runTestsForDescribeBlock (/Users/yusuketsunoda/Documents/cursor/ppttranslatorapp/node_modules/jest-circus/build/run.js:121:9)
    at _runTestsForDescribeBlock (/Users/yusuketsunoda/Documents/cursor/ppttranslatorapp/node_modules/jest-circus/build/run.js:121:9)
    at run (/Users/yusuketsunoda/Documents/cursor/ppttranslatorapp/node_modules/jest-circus/build/run.js:71:3)
    at runAndTransformResultsToJestFormat (/Users/yusuketsunoda/Documents/cursor/ppttranslatorapp/node_modules/jest-circus/build/legacy-code-todo-rewrite/jestAdapterInit.js:122:21)
    at jestAdapter (/Users/yusuketsunoda/Documents/cursor/ppttranslatorapp/node_modules/jest-circus/build/legacy-code-todo-rewrite/jestAdapter.js:79:19)
    at runTestInternal (/Users/yusuketsunoda/Documents/cursor/ppttranslatorapp/node_modules/jest-runner/build/runTest.js:367:16)
    at runTest (/Users/yusuketsunoda/Documents/cursor/ppttranslatorapp/node_modules/jest-runner/build/runTest.js:444:34)</failure>
    </testcase>
    <testcase classname="エラーハンドリングユーティリティ › handleError関数" name="AppErrorをそのまま返す" time="0.002">
    </testcase>
    <testcase classname="エラーハンドリングユーティリティ › handleError関数" name="一般的なErrorをAppErrorに変換する" time="0.002">
      <failure>Error: expect(received).toBe(expected) // Object.is equality

Expected: &quot;一般的なエラー&quot;
Received: &quot;予期せぬエラーが発生しました。しばらく待ってから再試行してください。&quot;
    at Object.toBe (/Users/yusuketsunoda/Documents/cursor/ppttranslatorapp/worktrees/fix-text-position-alignment/tests/utils/error-handler.test.ts:319:30)
    at Promise.then.completed (/Users/yusuketsunoda/Documents/cursor/ppttranslatorapp/node_modules/jest-circus/build/utils.js:298:28)
    at new Promise (&lt;anonymous&gt;)
    at callAsyncCircusFn (/Users/yusuketsunoda/Documents/cursor/ppttranslatorapp/node_modules/jest-circus/build/utils.js:231:10)
    at _callCircusTest (/Users/yusuketsunoda/Documents/cursor/ppttranslatorapp/node_modules/jest-circus/build/run.js:316:40)
    at _runTest (/Users/yusuketsunoda/Documents/cursor/ppttranslatorapp/node_modules/jest-circus/build/run.js:252:3)
    at _runTestsForDescribeBlock (/Users/yusuketsunoda/Documents/cursor/ppttranslatorapp/node_modules/jest-circus/build/run.js:126:9)
    at _runTestsForDescribeBlock (/Users/yusuketsunoda/Documents/cursor/ppttranslatorapp/node_modules/jest-circus/build/run.js:121:9)
    at _runTestsForDescribeBlock (/Users/yusuketsunoda/Documents/cursor/ppttranslatorapp/node_modules/jest-circus/build/run.js:121:9)
    at run (/Users/yusuketsunoda/Documents/cursor/ppttranslatorapp/node_modules/jest-circus/build/run.js:71:3)
    at runAndTransformResultsToJestFormat (/Users/yusuketsunoda/Documents/cursor/ppttranslatorapp/node_modules/jest-circus/build/legacy-code-todo-rewrite/jestAdapterInit.js:122:21)
    at jestAdapter (/Users/yusuketsunoda/Documents/cursor/ppttranslatorapp/node_modules/jest-circus/build/legacy-code-todo-rewrite/jestAdapter.js:79:19)
    at runTestInternal (/Users/yusuketsunoda/Documents/cursor/ppttranslatorapp/node_modules/jest-runner/build/runTest.js:367:16)
    at runTest (/Users/yusuketsunoda/Documents/cursor/ppttranslatorapp/node_modules/jest-runner/build/runTest.js:444:34)</failure>
    </testcase>
    <testcase classname="エラーハンドリングユーティリティ › handleError関数" name="nullやundefinedを処理できる" time="0">
      <failure>Error: expect(received).toBe(expected) // Object.is equality

Expected: &quot;不明なエラーが発生しました&quot;
Received: &quot;予期せぬエラーが発生しました。しばらく待ってから再試行してください。&quot;
    at Object.toBe (/Users/yusuketsunoda/Documents/cursor/ppttranslatorapp/worktrees/fix-text-position-alignment/tests/utils/error-handler.test.ts:327:30)
    at Promise.then.completed (/Users/yusuketsunoda/Documents/cursor/ppttranslatorapp/node_modules/jest-circus/build/utils.js:298:28)
    at new Promise (&lt;anonymous&gt;)
    at callAsyncCircusFn (/Users/yusuketsunoda/Documents/cursor/ppttranslatorapp/node_modules/jest-circus/build/utils.js:231:10)
    at _callCircusTest (/Users/yusuketsunoda/Documents/cursor/ppttranslatorapp/node_modules/jest-circus/build/run.js:316:40)
    at _runTest (/Users/yusuketsunoda/Documents/cursor/ppttranslatorapp/node_modules/jest-circus/build/run.js:252:3)
    at _runTestsForDescribeBlock (/Users/yusuketsunoda/Documents/cursor/ppttranslatorapp/node_modules/jest-circus/build/run.js:126:9)
    at _runTestsForDescribeBlock (/Users/yusuketsunoda/Documents/cursor/ppttranslatorapp/node_modules/jest-circus/build/run.js:121:9)
    at _runTestsForDescribeBlock (/Users/yusuketsunoda/Documents/cursor/ppttranslatorapp/node_modules/jest-circus/build/run.js:121:9)
    at run (/Users/yusuketsunoda/Documents/cursor/ppttranslatorapp/node_modules/jest-circus/build/run.js:71:3)
    at runAndTransformResultsToJestFormat (/Users/yusuketsunoda/Documents/cursor/ppttranslatorapp/node_modules/jest-circus/build/legacy-code-todo-rewrite/jestAdapterInit.js:122:21)
    at jestAdapter (/Users/yusuketsunoda/Documents/cursor/ppttranslatorapp/node_modules/jest-circus/build/legacy-code-todo-rewrite/jestAdapter.js:79:19)
    at runTestInternal (/Users/yusuketsunoda/Documents/cursor/ppttranslatorapp/node_modules/jest-runner/build/runTest.js:367:16)
    at runTest (/Users/yusuketsunoda/Documents/cursor/ppttranslatorapp/node_modules/jest-runner/build/runTest.js:444:34)</failure>
    </testcase>
    <testcase classname="エラーハンドリングユーティリティ › handleError関数" name="objectを文字列化して処理できる" time="0">
      <failure>Error: expect(received).toContain(expected) // indexOf

Expected substring: &quot;{\&quot;foo\&quot;:\&quot;bar\&quot;}&quot;
Received string:    &quot;予期せぬエラーが発生しました。しばらく待ってから再試行してください。&quot;
    at Object.toContain (/Users/yusuketsunoda/Documents/cursor/ppttranslatorapp/worktrees/fix-text-position-alignment/tests/utils/error-handler.test.ts:336:30)
    at Promise.then.completed (/Users/yusuketsunoda/Documents/cursor/ppttranslatorapp/node_modules/jest-circus/build/utils.js:298:28)
    at new Promise (&lt;anonymous&gt;)
    at callAsyncCircusFn (/Users/yusuketsunoda/Documents/cursor/ppttranslatorapp/node_modules/jest-circus/build/utils.js:231:10)
    at _callCircusTest (/Users/yusuketsunoda/Documents/cursor/ppttranslatorapp/node_modules/jest-circus/build/run.js:316:40)
    at _runTest (/Users/yusuketsunoda/Documents/cursor/ppttranslatorapp/node_modules/jest-circus/build/run.js:252:3)
    at _runTestsForDescribeBlock (/Users/yusuketsunoda/Documents/cursor/ppttranslatorapp/node_modules/jest-circus/build/run.js:126:9)
    at _runTestsForDescribeBlock (/Users/yusuketsunoda/Documents/cursor/ppttranslatorapp/node_modules/jest-circus/build/run.js:121:9)
    at _runTestsForDescribeBlock (/Users/yusuketsunoda/Documents/cursor/ppttranslatorapp/node_modules/jest-circus/build/run.js:121:9)
    at run (/Users/yusuketsunoda/Documents/cursor/ppttranslatorapp/node_modules/jest-circus/build/run.js:71:3)
    at runAndTransformResultsToJestFormat (/Users/yusuketsunoda/Documents/cursor/ppttranslatorapp/node_modules/jest-circus/build/legacy-code-todo-rewrite/jestAdapterInit.js:122:21)
    at jestAdapter (/Users/yusuketsunoda/Documents/cursor/ppttranslatorapp/node_modules/jest-circus/build/legacy-code-todo-rewrite/jestAdapter.js:79:19)
    at runTestInternal (/Users/yusuketsunoda/Documents/cursor/ppttranslatorapp/node_modules/jest-runner/build/runTest.js:367:16)
    at runTest (/Users/yusuketsunoda/Documents/cursor/ppttranslatorapp/node_modules/jest-runner/build/runTest.js:444:34)</failure>
    </testcase>
    <testcase classname="エラーハンドリングユーティリティ › isAppError関数" name="AppErrorの場合はtrueを返す" time="0.001">
    </testcase>
    <testcase classname="エラーハンドリングユーティリティ › isAppError関数" name="一般的なErrorの場合はfalseを返す" time="0">
    </testcase>
    <testcase classname="エラーハンドリングユーティリティ › isAppError関数" name="nullやundefinedの場合はfalseを返す" time="0.001">
    </testcase>
    <testcase classname="エラーハンドリングユーティリティ › getErrorMessage関数" name="Errorインスタンスからメッセージを取得する" time="0">
    </testcase>
    <testcase classname="エラーハンドリングユーティリティ › getErrorMessage関数" name="文字列をそのまま返す" time="0.001">
      <failure>Error: expect(received).toBe(expected) // Object.is equality

Expected: &quot;エラー文字列&quot;
Received: &quot;Unknown error occurred&quot;
    at Object.toBe (/Users/yusuketsunoda/Documents/cursor/ppttranslatorapp/worktrees/fix-text-position-alignment/tests/utils/error-handler.test.ts:364:41)
    at Promise.then.completed (/Users/yusuketsunoda/Documents/cursor/ppttranslatorapp/node_modules/jest-circus/build/utils.js:298:28)
    at new Promise (&lt;anonymous&gt;)
    at callAsyncCircusFn (/Users/yusuketsunoda/Documents/cursor/ppttranslatorapp/node_modules/jest-circus/build/utils.js:231:10)
    at _callCircusTest (/Users/yusuketsunoda/Documents/cursor/ppttranslatorapp/node_modules/jest-circus/build/run.js:316:40)
    at _runTest (/Users/yusuketsunoda/Documents/cursor/ppttranslatorapp/node_modules/jest-circus/build/run.js:252:3)
    at _runTestsForDescribeBlock (/Users/yusuketsunoda/Documents/cursor/ppttranslatorapp/node_modules/jest-circus/build/run.js:126:9)
    at _runTestsForDescribeBlock (/Users/yusuketsunoda/Documents/cursor/ppttranslatorapp/node_modules/jest-circus/build/run.js:121:9)
    at _runTestsForDescribeBlock (/Users/yusuketsunoda/Documents/cursor/ppttranslatorapp/node_modules/jest-circus/build/run.js:121:9)
    at run (/Users/yusuketsunoda/Documents/cursor/ppttranslatorapp/node_modules/jest-circus/build/run.js:71:3)
    at runAndTransformResultsToJestFormat (/Users/yusuketsunoda/Documents/cursor/ppttranslatorapp/node_modules/jest-circus/build/legacy-code-todo-rewrite/jestAdapterInit.js:122:21)
    at jestAdapter (/Users/yusuketsunoda/Documents/cursor/ppttranslatorapp/node_modules/jest-circus/build/legacy-code-todo-rewrite/jestAdapter.js:79:19)
    at runTestInternal (/Users/yusuketsunoda/Documents/cursor/ppttranslatorapp/node_modules/jest-runner/build/runTest.js:367:16)
    at runTest (/Users/yusuketsunoda/Documents/cursor/ppttranslatorapp/node_modules/jest-runner/build/runTest.js:444:34)</failure>
    </testcase>
    <testcase classname="エラーハンドリングユーティリティ › getErrorMessage関数" name="AppErrorからメッセージを取得する" time="0">
    </testcase>
    <testcase classname="エラーハンドリングユーティリティ › getErrorMessage関数" name="オブジェクトをJSON文字列に変換する" time="0.001">
      <failure>Error: expect(received).toBe(expected) // Object.is equality

Expected: &quot;{\&quot;error\&quot;:\&quot;オブジェクトエラー\&quot;}&quot;
Received: &quot;Unknown error occurred&quot;
    at Object.toBe (/Users/yusuketsunoda/Documents/cursor/ppttranslatorapp/worktrees/fix-text-position-alignment/tests/utils/error-handler.test.ts:374:36)
    at Promise.then.completed (/Users/yusuketsunoda/Documents/cursor/ppttranslatorapp/node_modules/jest-circus/build/utils.js:298:28)
    at new Promise (&lt;anonymous&gt;)
    at callAsyncCircusFn (/Users/yusuketsunoda/Documents/cursor/ppttranslatorapp/node_modules/jest-circus/build/utils.js:231:10)
    at _callCircusTest (/Users/yusuketsunoda/Documents/cursor/ppttranslatorapp/node_modules/jest-circus/build/run.js:316:40)
    at _runTest (/Users/yusuketsunoda/Documents/cursor/ppttranslatorapp/node_modules/jest-circus/build/run.js:252:3)
    at _runTestsForDescribeBlock (/Users/yusuketsunoda/Documents/cursor/ppttranslatorapp/node_modules/jest-circus/build/run.js:126:9)
    at _runTestsForDescribeBlock (/Users/yusuketsunoda/Documents/cursor/ppttranslatorapp/node_modules/jest-circus/build/run.js:121:9)
    at _runTestsForDescribeBlock (/Users/yusuketsunoda/Documents/cursor/ppttranslatorapp/node_modules/jest-circus/build/run.js:121:9)
    at run (/Users/yusuketsunoda/Documents/cursor/ppttranslatorapp/node_modules/jest-circus/build/run.js:71:3)
    at runAndTransformResultsToJestFormat (/Users/yusuketsunoda/Documents/cursor/ppttranslatorapp/node_modules/jest-circus/build/legacy-code-todo-rewrite/jestAdapterInit.js:122:21)
    at jestAdapter (/Users/yusuketsunoda/Documents/cursor/ppttranslatorapp/node_modules/jest-circus/build/legacy-code-todo-rewrite/jestAdapter.js:79:19)
    at runTestInternal (/Users/yusuketsunoda/Documents/cursor/ppttranslatorapp/node_modules/jest-runner/build/runTest.js:367:16)
    at runTest (/Users/yusuketsunoda/Documents/cursor/ppttranslatorapp/node_modules/jest-runner/build/runTest.js:444:34)</failure>
    </testcase>
    <testcase classname="エラーハンドリングユーティリティ › getErrorMessage関数" name="nullやundefinedの場合はデフォルトメッセージを返す" time="0">
      <failure>Error: expect(received).toBe(expected) // Object.is equality

Expected: &quot;不明なエラーが発生しました&quot;
Received: &quot;Unknown error occurred&quot;
    at Object.toBe (/Users/yusuketsunoda/Documents/cursor/ppttranslatorapp/worktrees/fix-text-position-alignment/tests/utils/error-handler.test.ts:378:37)
    at Promise.then.completed (/Users/yusuketsunoda/Documents/cursor/ppttranslatorapp/node_modules/jest-circus/build/utils.js:298:28)
[...]
    <testcase classname="Label Component" name="基本的なLabelをレンダリングする" time="0.02">
    </testcase>
    <testcase classname="Label Component" name="htmlForプロパティを正しく設定する" time="0.001">
    </testcase>
    <testcase classname="Label Component" name="カスタムクラス名を適用する" time="0.002">
    </testcase>
    <testcase classname="Label Component" name="無効化された状態を表示する" time="0.001">
    </testcase>
    <testcase classname="Label Component" name="追加のプロパティを渡す" time="0.001">
    </testcase>
  </testsuite>
  <testsuite name="Label Component" errors="0" failures="0" skipped="0" timestamp="2025-05-16T20:45:20" time="0.602" tests="5">
    <testcase classname="Label Component" name="基本的なLabelをレンダリングする" time="0.004">
    </testcase>
    <testcase classname="Label Component" name="htmlForプロパティを正しく設定する" time="0.021">
    </testcase>
    <testcase classname="Label Component" name="カスタムクラス名を適用する" time="0.001">
    </testcase>
    <testcase classname="Label Component" name="無効化された状態を表示する" time="0.001">
    </testcase>
    <testcase classname="Label Component" name="追加のプロパティを渡す" time="0.001">
    </testcase>
  </testsuite>
  <testsuite name="Avatar Component" errors="0" failures="3" skipped="0" timestamp="2025-05-16T20:45:21" time="0.688" tests="3">
    <testcase classname="Avatar Component" name="Avatarコンポーネントをレンダリングする" time="0.04">
      <failure>TypeError: Cannot read properties of null (reading &apos;useState&apos;)
    at Object.useState (/Users/yusuketsunoda/Documents/cursor/ppttranslatorapp/node_modules/react/cjs/react.development.js:1622:21)
    at /Users/yusuketsunoda/Documents/cursor/ppttranslatorapp/node_modules/@radix-ui/react-avatar/src/avatar.tsx:35:63
    at renderWithHooks (/Users/yusuketsunoda/Documents/cursor/ppttranslatorapp/worktrees/fix-text-position-alignment/node_modules/react-dom/cjs/react-dom.development.js:15486:18)
    at updateForwardRef (/Users/yusuketsunoda/Documents/cursor/ppttranslatorapp/worktrees/fix-text-position-alignment/node_modules/react-dom/cjs/react-dom.development.js:19245:20)
    at beginWork (/Users/yusuketsunoda/Documents/cursor/ppttranslatorapp/worktrees/fix-text-position-alignment/node_modules/react-dom/cjs/react-dom.development.js:21675:16)
    at beginWork$1 (/Users/yusuketsunoda/Documents/cursor/ppttranslatorapp/worktrees/fix-text-position-alignment/node_modules/react-dom/cjs/react-dom.development.js:27465:14)
    at performUnitOfWork (/Users/yusuketsunoda/Documents/cursor/ppttranslatorapp/worktrees/fix-text-position-alignment/node_modules/react-dom/cjs/react-dom.development.js:26599:12)
    at workLoopSync (/Users/yusuketsunoda/Documents/cursor/ppttranslatorapp/worktrees/fix-text-position-alignment/node_modules/react-dom/cjs/react-dom.development.js:26505:5)
    at renderRootSync (/Users/yusuketsunoda/Documents/cursor/ppttranslatorapp/worktrees/fix-text-position-alignment/node_modules/react-dom/cjs/react-dom.development.js:26473:7)
    at recoverFromConcurrentError (/Users/yusuketsunoda/Documents/cursor/ppttranslatorapp/worktrees/fix-text-position-alignment/node_modules/react-dom/cjs/react-dom.development.js:25889:20)
    at performConcurrentWorkOnRoot (/Users/yusuketsunoda/Documents/cursor/ppttranslatorapp/worktrees/fix-text-position-alignment/node_modules/react-dom/cjs/react-dom.development.js:25789:22)
    at flushActQueue (/Users/yusuketsunoda/Documents/cursor/ppttranslatorapp/worktrees/fix-text-position-alignment/node_modules/react/cjs/react.development.js:2667:24)
    at act (/Users/yusuketsunoda/Documents/cursor/ppttranslatorapp/worktrees/fix-text-position-alignment/node_modules/react/cjs/react.development.js:2582:11)
    at /Users/yusuketsunoda/Documents/cursor/ppttranslatorapp/worktrees/fix-text-position-alignment/node_modules/@testing-library/react/dist/act-compat.js:47:25
    at renderRoot (/Users/yusuketsunoda/Documents/cursor/ppttranslatorapp/worktrees/fix-text-position-alignment/node_modules/@testing-library/react/dist/pure.js:180:26)
    at render (/Users/yusuketsunoda/Documents/cursor/ppttranslatorapp/worktrees/fix-text-position-alignment/node_modules/@testing-library/react/dist/pure.js:271:10)
    at Object.&lt;anonymous&gt; (/Users/yusuketsunoda/Documents/cursor/ppttranslatorapp/worktrees/fix-text-position-alignment/tests/components/ui/avatar.test.tsx:12:11)
    at Promise.then.completed (/Users/yusuketsunoda/Documents/cursor/ppttranslatorapp/node_modules/jest-circus/build/utils.js:298:28)
    at new Promise (&lt;anonymous&gt;)
    at callAsyncCircusFn (/Users/yusuketsunoda/Documents/cursor/ppttranslatorapp/node_modules/jest-circus/build/utils.js:231:10)
    at _callCircusTest (/Users/yusuketsunoda/Documents/cursor/ppttranslatorapp/node_modules/jest-circus/build/run.js:316:40)
    at _runTest (/Users/yusuketsunoda/Documents/cursor/ppttranslatorapp/node_modules/jest-circus/build/run.js:252:3)
    at _runTestsForDescribeBlock (/Users/yusuketsunoda/Documents/cursor/ppttranslatorapp/node_modules/jest-circus/build/run.js:126:9)
    at _runTestsForDescribeBlock (/Users/yusuketsunoda/Documents/cursor/ppttranslatorapp/node_modules/jest-circus/build/run.js:121:9)
    at run (/Users/yusuketsunoda/Documents/cursor/ppttranslatorapp/node_modules/jest-circus/build/run.js:71:3)
    at runAndTransformResultsToJestFormat (/Users/yusuketsunoda/Documents/cursor/ppttranslatorapp/node_modules/jest-circus/build/legacy-code-todo-rewrite/jestAdapterInit.js:122:21)
    at jestAdapter (/Users/yusuketsunoda/Documents/cursor/ppttranslatorapp/node_modules/jest-circus/build/legacy-code-todo-rewrite/jestAdapter.js:79:19)
    at runTestInternal (/Users/yusuketsunoda/Documents/cursor/ppttranslatorapp/node_modules/jest-runner/build/runTest.js:367:16)
    at runTest (/Users/yusuketsunoda/Documents/cursor/ppttranslatorapp/node_modules/jest-runner/build/runTest.js:444:34)</failure>
    </testcase>
    <testcase classname="Avatar Component" name="AvatarFallbackをレンダリングする" time="0.027">
      <failure>TypeError: Cannot read properties of null (reading &apos;useState&apos;)
    at Object.useState (/Users/yusuketsunoda/Documents/cursor/ppttranslatorapp/node_modules/react/cjs/react.development.js:1622:21)
    at /Users/yusuketsunoda/Documents/cursor/ppttranslatorapp/node_modules/@radix-ui/react-avatar/src/avatar.tsx:35:63
    at renderWithHooks (/Users/yusuketsunoda/Documents/cursor/ppttranslatorapp/worktrees/fix-text-position-alignment/node_modules/react-dom/cjs/react-dom.development.js:15486:18)
    at updateForwardRef (/Users/yusuketsunoda/Documents/cursor/ppttranslatorapp/worktrees/fix-text-position-alignment/node_modules/react-dom/cjs/react-dom.development.js:19245:20)
    at beginWork (/Users/yusuketsunoda/Documents/cursor/ppttranslatorapp/worktrees/fix-text-position-alignment/node_modules/react-dom/cjs/react-dom.development.js:21675:16)
    at beginWork$1 (/Users/yusuketsunoda/Documents/cursor/ppttranslatorapp/worktrees/fix-text-position-alignment/node_modules/react-dom/cjs/react-dom.development.js:27465:14)
    at performUnitOfWork (/Users/yusuketsunoda/Documents/cursor/ppttranslatorapp/worktrees/fix-text-position-alignment/node_modules/react-dom/cjs/react-dom.development.js:26599:12)
    at workLoopSync (/Users/yusuketsunoda/Documents/cursor/ppttranslatorapp/worktrees/fix-text-position-alignment/node_modules/react-dom/cjs/react-dom.development.js:26505:5)
    at renderRootSync (/Users/yusuketsunoda/Documents/cursor/ppttranslatorapp/worktrees/fix-text-position-alignment/node_modules/react-dom/cjs/react-dom.development.js:26473:7)
    at recoverFromConcurrentError (/Users/yusuketsunoda/Documents/cursor/ppttranslatorapp/worktrees/fix-text-position-alignment/node_modules/react-dom/cjs/react-dom.development.js:25889:20)
    at performConcurrentWorkOnRoot (/Users/yusuketsunoda/Documents/cursor/ppttranslatorapp/worktrees/fix-text-position-alignment/node_modules/react-dom/cjs/react-dom.development.js:25789:22)
    at flushActQueue (/Users/yusuketsunoda/Documents/cursor/ppttranslatorapp/worktrees/fix-text-position-alignment/node_modules/react/cjs/react.development.js:2667:24)
    at act (/Users/yusuketsunoda/Documents/cursor/ppttranslatorapp/worktrees/fix-text-position-alignment/node_modules/react/cjs/react.development.js:2582:11)
    at /Users/yusuketsunoda/Documents/cursor/ppttranslatorapp/worktrees/fix-text-position-alignment/node_modules/@testing-library/react/dist/act-compat.js:47:25
    at renderRoot (/Users/yusuketsunoda/Documents/cursor/ppttranslatorapp/worktrees/fix-text-position-alignment/node_modules/@testing-library/react/dist/pure.js:180:26)
    at render (/Users/yusuketsunoda/Documents/cursor/ppttranslatorapp/worktrees/fix-text-position-alignment/node_modules/@testing-library/react/dist/pure.js:271:10)
    at Object.&lt;anonymous&gt; (/Users/yusuketsunoda/Documents/cursor/ppttranslatorapp/worktrees/fix-text-position-alignment/tests/components/ui/avatar.test.tsx:20:11)
    at Promise.then.completed (/Users/yusuketsunoda/Documents/cursor/ppttranslatorapp/node_modules/jest-circus/build/utils.js:298:28)
    at new Promise (&lt;anonymous&gt;)
    at callAsyncCircusFn (/Users/yusuketsunoda/Documents/cursor/ppttranslatorapp/node_modules/jest-circus/build/utils.js:231:10)
    at _callCircusTest (/Users/yusuketsunoda/Documents/cursor/ppttranslatorapp/node_modules/jest-circus/build/run.js:316:40)
    at _runTest (/Users/yusuketsunoda/Documents/cursor/ppttranslatorapp/node_modules/jest-circus/build/run.js:252:3)
    at _runTestsForDescribeBlock (/Users/yusuketsunoda/Documents/cursor/ppttranslatorapp/node_modules/jest-circus/build/run.js:126:9)
    at _runTestsForDescribeBlock (/Users/yusuketsunoda/Documents/cursor/ppttranslatorapp/node_modules/jest-circus/build/run.js:121:9)
    at run (/Users/yusuketsunoda/Documents/cursor/ppttranslatorapp/node_modules/jest-circus/build/run.js:71:3)
    at runAndTransformResultsToJestFormat (/Users/yusuketsunoda/Documents/cursor/ppttranslatorapp/node_modules/jest-circus/build/legacy-code-todo-rewrite/jestAdapterInit.js:122:21)
    at jestAdapter (/Users/yusuketsunoda/Documents/cursor/ppttranslatorapp/node_modules/jest-circus/build/legacy-code-todo-rewrite/jestAdapter.js:79:19)
    at runTestInternal (/Users/yusuketsunoda/Documents/cursor/ppttranslatorapp/node_modules/jest-runner/build/runTest.js:367:16)
    at runTest (/Users/yusuketsunoda/Documents/cursor/ppttranslatorapp/node_modules/jest-runner/build/runTest.js:444:34)</failure>
    </testcase>
    <testcase classname="Avatar Component" name="カスタムクラス名を適用する" time="0.015">
      <failure>TypeError: Cannot read properties of null (reading &apos;useState&apos;)
    at Object.useState (/Users/yusuketsunoda/Documents/cursor/ppttranslatorapp/node_modules/react/cjs/react.development.js:1622:21)
    at /Users/yusuketsunoda/Documents/cursor/ppttranslatorapp/node_modules/@radix-ui/react-avatar/src/avatar.tsx:35:63
    at renderWithHooks (/Users/yusuketsunoda/Documents/cursor/ppttranslatorapp/worktrees/fix-text-position-alignment/node_modules/react-dom/cjs/react-dom.development.js:15486:18)
    at updateForwardRef (/Users/yusuketsunoda/Documents/cursor/ppttranslatorapp/worktrees/fix-text-position-alignment/node_modules/react-dom/cjs/react-dom.development.js:19245:20)
    at beginWork (/Users/yusuketsunoda/Documents/cursor/ppttranslatorapp/worktrees/fix-text-position-alignment/node_modules/react-dom/cjs/react-dom.development.js:21675:16)
    at beginWork$1 (/Users/yusuketsunoda/Documents/cursor/ppttranslatorapp/worktrees/fix-text-position-alignment/node_modules/react-dom/cjs/react-dom.development.js:27465:14)
    at performUnitOfWork (/Users/yusuketsunoda/Documents/cursor/ppttranslatorapp/worktrees/fix-text-position-alignment/node_modules/react-dom/cjs/react-dom.development.js:26599:12)
    at workLoopSync (/Users/yusuketsunoda/Documents/cursor/ppttranslatorapp/worktrees/fix-text-position-alignment/node_modules/react-dom/cjs/react-dom.development.js:26505:5)
    at renderRootSync (/Users/yusuketsunoda/Documents/cursor/ppttranslatorapp/worktrees/fix-text-position-alignment/node_modules/react-dom/cjs/react-dom.development.js:26473:7)
    at recoverFromConcurrentError (/Users/yusuketsunoda/Documents/cursor/ppttranslatorapp/worktrees/fix-text-position-alignment/node_modules/react-dom/cjs/react-dom.development.js:25889:20)
    at performConcurrentWorkOnRoot (/Users/yusuketsunoda/Documents/cursor/ppttranslatorapp/worktrees/fix-text-position-alignment/node_modules/react-dom/cjs/react-dom.development.js:25789:22)
    at flushActQueue (/Users/yusuketsunoda/Documents/cursor/ppttranslatorapp/worktrees/fix-text-position-alignment/node_modules/react/cjs/react.development.js:2667:24)
    at act (/Users/yusuketsunoda/Documents/cursor/ppttranslatorapp/worktrees/fix-text-position-alignment/node_modules/react/cjs/react.development.js:2582:11)
    at /Users/yusuketsunoda/Documents/cursor/ppttranslatorapp/worktrees/fix-text-position-alignment/node_modules/@testing-library/react/dist/act-compat.js:47:25
    at renderRoot (/Users/yusuketsunoda/Documents/cursor/ppttranslatorapp/worktrees/fix-text-position-alignment/node_modules/@testing-library/react/dist/pure.js:180:26)
    at render (/Users/yusuketsunoda/Documents/cursor/ppttranslatorapp/worktrees/fix-text-position-alignment/node_modules/@testing-library/react/dist/pure.js:271:10)
    at Object.&lt;anonymous&gt; (/Users/yusuketsunoda/Documents/cursor/ppttranslatorapp/worktrees/fix-text-position-alignment/tests/components/ui/avatar.test.tsx:32:11)
    at Promise.then.completed (/Users/yusuketsunoda/Documents/cursor/ppttranslatorapp/node_modules/jest-circus/build/utils.js:298:28)
    at new Promise (&lt;anonymous&gt;)
    at callAsyncCircusFn (/Users/yusuketsunoda/Documents/cursor/ppttranslatorapp/node_modules/jest-circus/build/utils.js:231:10)
    at _callCircusTest (/Users/yusuketsunoda/Documents/cursor/ppttranslatorapp/node_modules/jest-circus/build/run.js:316:40)
    at _runTest (/Users/yusuketsunoda/Documents/cursor/ppttranslatorapp/node_modules/jest-circus/build/run.js:252:3)
    at _runTestsForDescribeBlock (/Users/yusuketsunoda/Documents/cursor/ppttranslatorapp/node_modules/jest-circus/build/run.js:126:9)
    at _runTestsForDescribeBlock (/Users/yusuketsunoda/Documents/cursor/ppttranslatorapp/node_modules/jest-circus/build/run.js:121:9)
    at run (/Users/yusuketsunoda/Documents/cursor/ppttranslatorapp/node_modules/jest-circus/build/run.js:71:3)
    at runAndTransformResultsToJestFormat (/Users/yusuketsunoda/Documents/cursor/ppttranslatorapp/node_modules/jest-circus/build/legacy-code-todo-rewrite/jestAdapterInit.js:122:21)
    at jestAdapter (/Users/yusuketsunoda/Documents/cursor/ppttranslatorapp/node_modules/jest-circus/build/legacy-code-todo-rewrite/jestAdapter.js:79:19)
    at runTestInternal (/Users/yusuketsunoda/Documents/cursor/ppttranslatorapp/node_modules/jest-runner/build/runTest.js:367:16)
    at runTest (/Users/yusuketsunoda/Documents/cursor/ppttranslatorapp/node_modules/jest-runner/build/runTest.js:444:34)</failure>
    </testcase>
  </testsuite>
  <testsuite name="Avatar Component" errors="0" failures="0" skipped="0" timestamp="2025-05-16T20:45:21" time="0.587" tests="3">
    <testcase classname="Avatar Component" name="Avatarコンポーネントをレンダリングする" time="0.004">
    </testcase>
    <testcase classname="Avatar Component" name="AvatarFallbackをレンダリングする" time="0.003">
    </testcase>
    <testcase classname="Avatar Component" name="カスタムクラス名を適用する" time="0.001">
    </testcase>
  </testsuite>
  <testsuite name="Avatar Component" errors="0" failures="0" skipped="0" timestamp="2025-05-16T20:45:22" time="0.579" tests="3">
    <testcase classname="Avatar Component" name="Avatarコンポーネントをレンダリングする" time="0.004">
    </testcase>
    <testcase classname="Avatar Component" name="AvatarFallbackをレンダリングする" time="0.002">
    </testcase>
    <testcase classname="Avatar Component" name="カスタムクラス名を適用する" time="0.002">
    </testcase>
  </testsuite>
  <testsuite name="Avatar Component" errors="0" failures="0" skipped="0" timestamp="2025-05-16T20:45:23" time="0.605" tests="3">
    <testcase classname="Avatar Component" name="Avatarコンポーネントをレンダリングする" time="0.003">
    </testcase>
    <testcase classname="Avatar Component" name="AvatarFallbackをレンダリングする" time="0.022">
    </testcase>
    <testcase classname="Avatar Component" name="カスタムクラス名を適用する" time="0.001">
    </testcase>
  </testsuite>
  <testsuite name="Skeleton" errors="0" failures="0" skipped="0" timestamp="2025-05-16T20:45:23" time="0.662" tests="3">
    <testcase classname="Skeleton" name="デフォルトのスタイルでレンダリングされること" time="0.002">
    </testcase>
    <testcase classname="Skeleton" name="カスタムクラス名が適用されること" time="0.001">
    </testcase>
    <testcase classname="Skeleton" name="子要素を持つことができること" time="0.002">
    </testcase>
  </testsuite>
  <testsuite name="Skeleton" errors="0" failures="0" skipped="0" timestamp="2025-05-16T20:45:24" time="0.616" tests="3">
    <testcase classname="Skeleton" name="デフォルトのスタイルでレンダリングされること" time="0.003">
    </testcase>
    <testcase classname="Skeleton" name="カスタムクラス名が適用されること" time="0.002">
    </testcase>
    <testcase classname="Skeleton" name="子要素を持つことができること" time="0.022">
    </testcase>
  </testsuite>
  <testsuite name="Skeleton" errors="0" failures="0" skipped="0" timestamp="2025-05-16T20:45:25" time="1.037" tests="3">
    <testcase classname="Skeleton" name="デフォルトのスタイルでレンダリングされること" time="0.05">
    </testcase>
    <testcase classname="Skeleton" name="カスタムクラス名が適用されること" time="0.026">
    </testcase>
    <testcase classname="Skeleton" name="子要素を持つことができること" time="0.017">
    </testcase>
  </testsuite>
  <testsuite name="Skeleton" errors="0" failures="0" skipped="0" timestamp="2025-05-16T20:45:26" time="1.183" tests="3">
    <testcase classname="Skeleton" name="デフォルトのスタイルでレンダリングされること" time="0.008">
    </testcase>
    <testcase classname="Skeleton" name="カスタムクラス名が適用されること" time="0.001">
    </testcase>
    <testcase classname="Skeleton" name="子要素を持つことができること" time="0.001">
    </testcase>
  </testsuite>
  <testsuite name="Auth Session Tests" errors="0" failures="0" skipped="1" timestamp="2025-05-16T20:45:27" time="2.139" tests="1">
    <testcase classname="Auth Session Tests" name="この問題が解決されるまでテストをスキップ" time="0">
      <skipped/>
    </testcase>
  </testsuite>
  <testsuite name="Auth Session Tests" errors="0" failures="0" skipped="1" timestamp="2025-05-16T20:45:29" time="0.864" tests="1">
    <testcase classname="Auth Session Tests" name="この問題が解決されるまでテストをスキップ" time="0">
      <skipped/>
    </testcase>
  </testsuite>
  <testsuite name="Auth Session Tests" errors="0" failures="0" skipped="1" timestamp="2025-05-16T20:45:30" time="0.736" tests="1">
    <testcase classname="Auth Session Tests" name="この問題が解決されるまでテストをスキップ" time="0">
      <skipped/>
    </testcase>
  </testsuite>
  <testsuite name="Auth Session Tests" errors="0" failures="0" skipped="1" timestamp="2025-05-16T20:45:31" time="0.62" tests="1">
    <testcase classname="Auth Session Tests" name="この問題が解決されるまでテストをスキップ" time="0">
      <skipped/>
    </testcase>
  </testsuite>
  <testsuite name="useActivityLogs" errors="0" failures="0" skipped="1" timestamp="2025-05-16T20:45:31" time="0.616" tests="1">
    <testcase classname="useActivityLogs" name="型の問題が解決されるまでテストをスキップ" time="0">
      <skipped/>
    </testcase>
  </testsuite>
  <testsuite name="useActivityLogs" errors="0" failures="0" skipped="1" timestamp="2025-05-16T20:45:32" time="0.568" tests="1">
    <testcase classname="useActivityLogs" name="型の問題が解決されるまでテストをスキップ" time="0">
      <skipped/>
    </testcase>
  </testsuite>
  <testsuite name="useActivityLogs" errors="0" failures="0" skipped="1" timestamp="2025-05-16T20:45:33" time="0.61" tests="1">
    <testcase classname="useActivityLogs" name="型の問題が解決されるまでテストをスキップ" time="0">
      <skipped/>
    </testcase>
  </testsuite>
  <testsuite name="useActivityLogs" errors="0" failures="0" skipped="1" timestamp="2025-05-16T20:45:33" time="0.575" tests="1">
    <testcase classname="useActivityLogs" name="型の問題が解決されるまでテストをスキップ" time="0">
      <skipped/>
    </testcase>
  </testsuite>
</testsuites>