{
  "stats": {
    "suites": 1,
    "tests": 4,
    "passes": 4,
    "pending": 0,
    "failures": 0,
    "start": "2025-04-12T01:08:46.203Z",
    "end": "2025-04-12T01:09:33.229Z",
    "duration": 47026,
    "testsRegistered": 4,
    "passPercent": 100,
    "pendingPercent": 0,
    "other": 0,
    "hasOther": false,
    "skipped": 0,
    "hasSkipped": false
  },
  "results": [
    {
      "uuid": "5b1a3a67-79db-4278-bcd0-99e6f3c80b2d",
      "title": "",
      "fullFile": "cypress/e2e/translate-flow.cy.ts",
      "file": "cypress/e2e/translate-flow.cy.ts",
      "beforeHooks": [],
      "afterHooks": [],
      "tests": [],
      "suites": [
        {
          "uuid": "7b10160f-52ad-4b62-9fe8-1a0900425307",
          "title": "翻訳フロー",
          "fullFile": "",
          "file": "",
          "beforeHooks": [],
          "afterHooks": [],
          "tests": [
            {
              "title": "翻訳ページにアクセスできる",
              "fullTitle": "翻訳フロー 翻訳ページにアクセスできる",
              "timedOut": null,
              "duration": 11823,
              "state": "passed",
              "speed": "slow",
              "pass": true,
              "fail": false,
              "pending": false,
              "context": null,
              "code": "cy.visit('/translate', { failOnStatusCode: false });\n// ページの主要要素が表示されることを確認（10秒以内）\ncy.get('body', { timeout: 10000 }).then(function ($body) {\n    if ($body.find('[data-testid=\"upload-area\"]').length > 0) {\n        cy.get('[data-testid=\"upload-area\"]', { timeout: 10000 }).should('be.visible');\n    }\n    if ($body.find('[data-testid=\"upload-text\"]').length > 0) {\n        cy.get('[data-testid=\"upload-text\"]', { timeout: 10000 }).should('be.visible');\n    }\n    else if ($body.text().includes('ファイルをアップロード')) {\n        cy.contains('ファイルをアップロード', { timeout: 10000 }).should('be.visible');\n    }\n});",
              "err": {},
              "uuid": "6a064202-3378-408a-ad38-3a74467fdbb5",
              "parentUUID": "7b10160f-52ad-4b62-9fe8-1a0900425307",
              "isHook": false,
              "skipped": false
            },
            {
              "title": "PPTファイルをアップロードして翻訳できる",
              "fullTitle": "翻訳フロー PPTファイルをアップロードして翻訳できる",
              "timedOut": null,
              "duration": 11710,
              "state": "passed",
              "speed": "slow",
              "pass": true,
              "fail": false,
              "pending": false,
              "context": null,
              "code": "cy.visit('/translate', { failOnStatusCode: false });\n// ファイルをアップロード（10秒以内）\ncy.get('input[type=\"file\"]', { timeout: 10000 })\n    .should('exist')\n    .selectFile('cypress/fixtures/sample.pptx', { force: true });\n// アップロードリクエストを待機（10秒以内）\ncy.wait('@uploadRequest', { timeout: 10000 }).then(function () {\n    // スライドプレビューが表示されるまで待機（10秒以内）\n    cy.get('[data-testid=\"slide-preview\"]', { timeout: 10000 }).should('exist');\n    // 翻訳ボタンをクリック（10秒以内）\n    cy.get('body').then(function ($body) {\n        if ($body.find('button:contains(\"翻訳する\")').length > 0) {\n            cy.contains('button', '翻訳する', { timeout: 10000 }).click();\n        }\n        else {\n            cy.log('翻訳ボタンが見つかりませんでした');\n        }\n    });\n    // 翻訳リクエストを待機（10秒以内）\n    cy.wait('@translateRequest', { timeout: 10000 }).then(function () {\n        // 翻訳テキストが表示されるまで待機（10秒以内）\n        cy.get('[data-testid=\"translation-text\"]', { timeout: 10000 }).should('exist');\n    });\n});",
              "err": {},
              "uuid": "bd30762b-2435-40f0-96b3-127a7e4ef2a8",
              "parentUUID": "7b10160f-52ad-4b62-9fe8-1a0900425307",
              "isHook": false,
              "skipped": false
            },
            {
              "title": "翻訳テキストを編集できる",
              "fullTitle": "翻訳フロー 翻訳テキストを編集できる",
              "timedOut": null,
              "duration": 11696,
              "state": "passed",
              "speed": "slow",
              "pass": true,
              "fail": false,
              "pending": false,
              "context": null,
              "code": "cy.visit('/translate', { failOnStatusCode: false });\n// ファイルをアップロード（10秒以内）\ncy.get('input[type=\"file\"]', { timeout: 10000 })\n    .should('exist')\n    .selectFile('cypress/fixtures/sample.pptx', { force: true });\n// アップロードリクエストを待機（10秒以内）\ncy.wait('@uploadRequest', { timeout: 10000 }).then(function () {\n    // スライドプレビューが表示されるまで待機（10秒以内）\n    cy.get('[data-testid=\"slide-preview\"]', { timeout: 10000 }).should('exist');\n    // 翻訳ボタンをクリック（10秒以内）\n    cy.get('body').then(function ($body) {\n        if ($body.find('button:contains(\"翻訳する\")').length > 0) {\n            cy.contains('button', '翻訳する', { timeout: 10000 }).click();\n        }\n        else {\n            cy.log('翻訳ボタンが見つかりませんでした');\n        }\n    });\n    // 翻訳リクエストを待機（10秒以内）\n    cy.wait('@translateRequest', { timeout: 10000 }).then(function () {\n        // 翻訳テキストが表示されるまで待機（10秒以内）\n        cy.get('[data-testid=\"translation-text\"]', { timeout: 10000 }).should('exist');\n        // 編集ボタンをクリック（10秒以内）\n        cy.get('body').then(function ($body) {\n            if ($body.find('button:contains(\"編集\")').length > 0) {\n                cy.contains('button', '編集', { timeout: 10000 }).click();\n            }\n            else {\n                cy.log('編集ボタンが見つかりませんでした');\n            }\n        });\n        // テキストエリアが表示されるまで待機（10秒以内）\n        cy.get('textarea', { timeout: 10000 })\n            .should('exist')\n            .then(function ($textarea) {\n            // テキストを編集\n            cy.wrap($textarea).clear().type('Updated Sample Text');\n            // 保存ボタンをクリック（10秒以内）\n            cy.get('body').then(function ($body) {\n                if ($body.find('button:contains(\"保存\")').length > 0) {\n                    cy.contains('button', '保存', { timeout: 10000 }).click();\n                }\n                else {\n                    cy.log('保存ボタンが見つかりませんでした');\n                }\n            });\n            // 更新されたテキストが表示されることを確認（10秒以内）\n            cy.contains('Updated Sample Text', { timeout: 10000 }).should('exist');\n        });\n    });\n});",
              "err": {},
              "uuid": "835ff6d9-adcb-4211-b2b8-03e9f70b8308",
              "parentUUID": "7b10160f-52ad-4b62-9fe8-1a0900425307",
              "isHook": false,
              "skipped": false
            },
            {
              "title": "翻訳したPPTをダウンロードできる",
              "fullTitle": "翻訳フロー 翻訳したPPTをダウンロードできる",
              "timedOut": null,
              "duration": 11680,
              "state": "passed",
              "speed": "slow",
              "pass": true,
              "fail": false,
              "pending": false,
              "context": null,
              "code": "cy.visit('/translate', { failOnStatusCode: false });\n// ファイルをアップロード（10秒以内）\ncy.get('input[type=\"file\"]', { timeout: 10000 })\n    .should('exist')\n    .selectFile('cypress/fixtures/sample.pptx', { force: true });\n// アップロードリクエストを待機（10秒以内）\ncy.wait('@uploadRequest', { timeout: 10000 }).then(function () {\n    // スライドプレビューが表示されるまで待機（10秒以内）\n    cy.get('[data-testid=\"slide-preview\"]', { timeout: 10000 }).should('exist');\n    // 翻訳ボタンをクリック（10秒以内）\n    cy.get('body').then(function ($body) {\n        if ($body.find('button:contains(\"翻訳する\")').length > 0) {\n            cy.contains('button', '翻訳する', { timeout: 10000 }).click();\n        }\n        else {\n            cy.log('翻訳ボタンが見つかりませんでした');\n        }\n    });\n    // 翻訳リクエストを待機（10秒以内）\n    cy.wait('@translateRequest', { timeout: 10000 }).then(function () {\n        // 翻訳テキストが表示されるまで待機（10秒以内）\n        cy.get('[data-testid=\"translation-text\"]', { timeout: 10000 }).should('exist');\n        // ダウンロードボタンをクリック（10秒以内）\n        cy.get('body').then(function ($body) {\n            if ($body.find('button:contains(\"ダウンロード\")').length > 0) {\n                cy.contains('button', 'ダウンロード', { timeout: 10000 }).click();\n            }\n            else {\n                cy.log('ダウンロードボタンが見つかりませんでした');\n            }\n        });\n        // ダウンロードリクエストを待機（10秒以内）\n        cy.wait('@downloadRequest', { timeout: 10000 });\n    });\n});",
              "err": {},
              "uuid": "f811cfa4-1f84-4cac-a4b7-e12dcbd205b6",
              "parentUUID": "7b10160f-52ad-4b62-9fe8-1a0900425307",
              "isHook": false,
              "skipped": false
            }
          ],
          "suites": [],
          "passes": [
            "6a064202-3378-408a-ad38-3a74467fdbb5",
            "bd30762b-2435-40f0-96b3-127a7e4ef2a8",
            "835ff6d9-adcb-4211-b2b8-03e9f70b8308",
            "f811cfa4-1f84-4cac-a4b7-e12dcbd205b6"
          ],
          "failures": [],
          "pending": [],
          "skipped": [],
          "duration": 46909,
          "root": false,
          "rootEmpty": false,
          "_timeout": 2000
        }
      ],
      "passes": [],
      "failures": [],
      "pending": [],
      "skipped": [],
      "duration": 0,
      "root": true,
      "rootEmpty": true,
      "_timeout": 2000
    }
  ],
  "meta": {
    "mocha": {
      "version": "7.0.1"
    },
    "mochawesome": {
      "options": {
        "quiet": false,
        "reportFilename": "mochawesome",
        "saveHtml": false,
        "saveJson": true,
        "consoleReporter": "spec",
        "useInlineDiffs": false,
        "code": true
      },
      "version": "7.1.3"
    },
    "marge": {
      "options": {
        "reportDir": "cypress/results",
        "overwrite": false,
        "html": false,
        "json": true,
        "charts": true,
        "embeddedScreenshots": true,
        "inlineAssets": true,
        "saveAllAttempts": false
      },
      "version": "6.2.0"
    }
  }
}