{
  "stats": {
    "suites": 1,
    "tests": 4,
    "passes": 4,
    "pending": 0,
    "failures": 0,
    "start": "2025-03-22T12:25:03.510Z",
    "end": "2025-03-22T12:25:43.930Z",
    "duration": 40420,
    "testsRegistered": 4,
    "passPercent": 100,
    "pendingPercent": 0,
    "other": 0,
    "hasOther": false,
    "skipped": 0,
    "hasSkipped": false
  },
  "results": [
    {
      "uuid": "a58a7526-61af-488a-a08a-3d2a8a1bc3a9",
      "title": "",
      "fullFile": "cypress/e2e/translate-flow.cy.ts",
      "file": "cypress/e2e/translate-flow.cy.ts",
      "beforeHooks": [],
      "afterHooks": [],
      "tests": [],
      "suites": [
        {
          "uuid": "d0aa6bd9-581e-4041-8b3c-f6703e99cffc",
          "title": "翻訳フロー",
          "fullFile": "",
          "file": "",
          "beforeHooks": [],
          "afterHooks": [],
          "tests": [
            {
              "title": "翻訳ページにアクセスできる",
              "fullTitle": "翻訳フロー 翻訳ページにアクセスできる",
              "timedOut": null,
              "duration": 10116,
              "state": "passed",
              "speed": "slow",
              "pass": true,
              "fail": false,
              "pending": false,
              "context": null,
              "code": "cy.visit('/translate', { failOnStatusCode: false });\n// ページの主要要素が表示されることを確認（10秒以内）\ncy.get('body', { timeout: 10000 }).then(function ($body) {\n    if ($body.find('[data-testid=\"upload-area\"]').length > 0) {\n        cy.get('[data-testid=\"upload-area\"]', { timeout: 10000 }).should('be.visible');\n    }\n    if ($body.find('[data-testid=\"upload-text\"]').length > 0) {\n        cy.get('[data-testid=\"upload-text\"]', { timeout: 10000 }).should('be.visible');\n    }\n    else if ($body.text().includes('ファイルをアップロード')) {\n        cy.contains('ファイルをアップロード', { timeout: 10000 }).should('be.visible');\n    }\n});",
              "err": {},
              "uuid": "5bb768a4-304e-4cf0-b9a9-4f0dbb7bc2e6",
              "parentUUID": "d0aa6bd9-581e-4041-8b3c-f6703e99cffc",
              "isHook": false,
              "skipped": false
            },
            {
              "title": "PPTファイルをアップロードして翻訳できる",
              "fullTitle": "翻訳フロー PPTファイルをアップロードして翻訳できる",
              "timedOut": null,
              "duration": 10090,
              "state": "passed",
              "speed": "slow",
              "pass": true,
              "fail": false,
              "pending": false,
              "context": null,
              "code": "cy.visit('/translate', { failOnStatusCode: false });\n// ファイルをアップロード（10秒以内）\ncy.get('input[type=\"file\"]', { timeout: 10000 })\n    .should('exist')\n    .selectFile('cypress/fixtures/sample.pptx', { force: true });\n// アップロードリクエストを待機（10秒以内）\ncy.wait('@uploadRequest', { timeout: 10000 }).then(function () {\n    // スライドプレビューが表示されるまで待機（10秒以内）\n    cy.get('[data-testid=\"slide-preview\"]', { timeout: 10000 }).should('exist');\n    // 翻訳ボタンをクリック（10秒以内）\n    cy.get('body').then(function ($body) {\n        if ($body.find('button:contains(\"翻訳する\")').length > 0) {\n            cy.contains('button', '翻訳する', { timeout: 10000 }).click();\n        }\n        else {\n            cy.log('翻訳ボタンが見つかりませんでした');\n        }\n    });\n    // 翻訳リクエストを待機（10秒以内）\n    cy.wait('@translateRequest', { timeout: 10000 }).then(function () {\n        // 翻訳テキストが表示されるまで待機（10秒以内）\n        cy.get('[data-testid=\"translation-text\"]', { timeout: 10000 }).should('exist');\n    });\n});",
              "err": {},
              "uuid": "93852dbf-1917-4f21-8155-ec863d2825f7",
              "parentUUID": "d0aa6bd9-581e-4041-8b3c-f6703e99cffc",
              "isHook": false,
              "skipped": false
            },
            {
              "title": "翻訳テキストを編集できる",
              "fullTitle": "翻訳フロー 翻訳テキストを編集できる",
              "timedOut": null,
              "duration": 10064,
              "state": "passed",
              "speed": "slow",
              "pass": true,
              "fail": false,
              "pending": false,
              "context": null,
              "code": "cy.visit('/translate', { failOnStatusCode: false });\n// ファイルをアップロード（10秒以内）\ncy.get('input[type=\"file\"]', { timeout: 10000 })\n    .should('exist')\n    .selectFile('cypress/fixtures/sample.pptx', { force: true });\n// アップロードリクエストを待機（10秒以内）\ncy.wait('@uploadRequest', { timeout: 10000 }).then(function () {\n    // スライドプレビューが表示されるまで待機（10秒以内）\n    cy.get('[data-testid=\"slide-preview\"]', { timeout: 10000 }).should('exist');\n    // 翻訳ボタンをクリック（10秒以内）\n    cy.get('body').then(function ($body) {\n        if ($body.find('button:contains(\"翻訳する\")').length > 0) {\n            cy.contains('button', '翻訳する', { timeout: 10000 }).click();\n        }\n        else {\n            cy.log('翻訳ボタンが見つかりませんでした');\n        }\n    });\n    // 翻訳リクエストを待機（10秒以内）\n    cy.wait('@translateRequest', { timeout: 10000 }).then(function () {\n        // 翻訳テキストが表示されるまで待機（10秒以内）\n        cy.get('[data-testid=\"translation-text\"]', { timeout: 10000 }).should('exist');\n        // 編集ボタンをクリック（10秒以内）\n        cy.get('body').then(function ($body) {\n            if ($body.find('button:contains(\"編集\")').length > 0) {\n                cy.contains('button', '編集', { timeout: 10000 }).click();\n            }\n            else {\n                cy.log('編集ボタンが見つかりませんでした');\n            }\n        });\n        // テキストエリアが表示されるまで待機（10秒以内）\n        cy.get('textarea', { timeout: 10000 })\n            .should('exist')\n            .then(function ($textarea) {\n            // テキストを編集\n            cy.wrap($textarea).clear().type('Updated Sample Text');\n            // 保存ボタンをクリック（10秒以内）\n            cy.get('body').then(function ($body) {\n                if ($body.find('button:contains(\"保存\")').length > 0) {\n                    cy.contains('button', '保存', { timeout: 10000 }).click();\n                }\n                else {\n                    cy.log('保存ボタンが見つかりませんでした');\n                }\n            });\n            // 更新されたテキストが表示されることを確認（10秒以内）\n            cy.contains('Updated Sample Text', { timeout: 10000 }).should('exist');\n        });\n    });\n});",
              "err": {},
              "uuid": "1c5b3057-ee6e-4122-ab69-6e859dc7df98",
              "parentUUID": "d0aa6bd9-581e-4041-8b3c-f6703e99cffc",
              "isHook": false,
              "skipped": false
            },
            {
              "title": "翻訳したPPTをダウンロードできる",
              "fullTitle": "翻訳フロー 翻訳したPPTをダウンロードできる",
              "timedOut": null,
              "duration": 10092,
              "state": "passed",
              "speed": "slow",
              "pass": true,
              "fail": false,
              "pending": false,
              "context": null,
              "code": "cy.visit('/translate', { failOnStatusCode: false });\n// ファイルをアップロード（10秒以内）\ncy.get('input[type=\"file\"]', { timeout: 10000 })\n    .should('exist')\n    .selectFile('cypress/fixtures/sample.pptx', { force: true });\n// アップロードリクエストを待機（10秒以内）\ncy.wait('@uploadRequest', { timeout: 10000 }).then(function () {\n    // スライドプレビューが表示されるまで待機（10秒以内）\n    cy.get('[data-testid=\"slide-preview\"]', { timeout: 10000 }).should('exist');\n    // 翻訳ボタンをクリック（10秒以内）\n    cy.get('body').then(function ($body) {\n        if ($body.find('button:contains(\"翻訳する\")').length > 0) {\n            cy.contains('button', '翻訳する', { timeout: 10000 }).click();\n        }\n        else {\n            cy.log('翻訳ボタンが見つかりませんでした');\n        }\n    });\n    // 翻訳リクエストを待機（10秒以内）\n    cy.wait('@translateRequest', { timeout: 10000 }).then(function () {\n        // 翻訳テキストが表示されるまで待機（10秒以内）\n        cy.get('[data-testid=\"translation-text\"]', { timeout: 10000 }).should('exist');\n        // ダウンロードボタンをクリック（10秒以内）\n        cy.get('body').then(function ($body) {\n            if ($body.find('button:contains(\"ダウンロード\")').length > 0) {\n                cy.contains('button', 'ダウンロード', { timeout: 10000 }).click();\n            }\n            else {\n                cy.log('ダウンロードボタンが見つかりませんでした');\n            }\n        });\n        // ダウンロードリクエストを待機（10秒以内）\n        cy.wait('@downloadRequest', { timeout: 10000 });\n    });\n});",
              "err": {},
              "uuid": "343dd7db-3a0e-4ad5-ab5e-404468417048",
              "parentUUID": "d0aa6bd9-581e-4041-8b3c-f6703e99cffc",
              "isHook": false,
              "skipped": false
            }
          ],
          "suites": [],
          "passes": [
            "5bb768a4-304e-4cf0-b9a9-4f0dbb7bc2e6",
            "93852dbf-1917-4f21-8155-ec863d2825f7",
            "1c5b3057-ee6e-4122-ab69-6e859dc7df98",
            "343dd7db-3a0e-4ad5-ab5e-404468417048"
          ],
          "failures": [],
          "pending": [],
          "skipped": [],
          "duration": 40362,
          "root": false,
          "rootEmpty": false,
          "_timeout": 2000
        }
      ],
      "passes": [],
      "failures": [],
      "pending": [],
      "skipped": [],
      "duration": 0,
      "root": true,
      "rootEmpty": true,
      "_timeout": 2000
    }
  ],
  "meta": {
    "mocha": {
      "version": "7.0.1"
    },
    "mochawesome": {
      "options": {
        "quiet": false,
        "reportFilename": "mochawesome",
        "saveHtml": false,
        "saveJson": true,
        "consoleReporter": "spec",
        "useInlineDiffs": false,
        "code": true
      },
      "version": "7.1.3"
    },
    "marge": {
      "options": {
        "reportDir": "cypress/results",
        "overwrite": false,
        "html": false,
        "json": true,
        "charts": true,
        "embeddedScreenshots": true,
        "inlineAssets": true,
        "saveAllAttempts": false
      },
      "version": "6.2.0"
    }
  }
}