{
  "stats": {
    "suites": 1,
    "tests": 8,
    "passes": 8,
    "pending": 0,
    "failures": 0,
    "start": "2025-03-16T13:24:29.014Z",
    "end": "2025-03-16T13:24:29.570Z",
    "duration": 556,
    "testsRegistered": 8,
    "passPercent": 100,
    "pendingPercent": 0,
    "other": 0,
    "hasOther": false,
    "skipped": 0,
    "hasSkipped": false
  },
  "results": [
    {
      "uuid": "3a08186f-bd32-4f20-bb3f-f83ca9b858a2",
      "title": "",
      "fullFile": "cypress/e2e/auth.cy.ts",
      "file": "cypress/e2e/auth.cy.ts",
      "beforeHooks": [],
      "afterHooks": [],
      "tests": [],
      "suites": [
        {
          "uuid": "1935a8c8-c411-4388-990c-e6e5af590568",
          "title": "認証フロー",
          "fullFile": "",
          "file": "",
          "beforeHooks": [],
          "afterHooks": [],
          "tests": [
            {
              "title": "ログインページにアクセスできる",
              "fullTitle": "認証フロー ログインページにアクセスできる",
              "timedOut": null,
              "duration": 302,
              "state": "passed",
              "speed": "fast",
              "pass": true,
              "fail": false,
              "pending": false,
              "context": null,
              "code": "cy.visit('/signin', { failOnStatusCode: false });\ncy.contains('サインイン', { timeout: 10000 }).should('be.visible');",
              "err": {},
              "uuid": "0a7c3d27-0ad4-4053-aa4e-2ce4a6254888",
              "parentUUID": "1935a8c8-c411-4388-990c-e6e5af590568",
              "isHook": false,
              "skipped": false
            },
            {
              "title": "無効な認証情報でログインするとエラーが表示される",
              "fullTitle": "認証フロー 無効な認証情報でログインするとエラーが表示される",
              "timedOut": null,
              "duration": 26,
              "state": "passed",
              "speed": "fast",
              "pass": true,
              "fail": false,
              "pending": false,
              "context": null,
              "code": "cy.visit('/signin', { failOnStatusCode: false });\ncy.get('input[name=\"email\"]', { timeout: 10000 }).should('be.visible').type('invalid@example.com');\ncy.get('input[name=\"password\"]', { timeout: 10000 }).should('be.visible').type('wrongpassword');\ncy.get('button[type=\"submit\"]', { timeout: 10000 }).should('be.visible').click();\n// エラーメッセージが表示されることを確認\ncy.get('[data-testid=\"signin-error\"]', { timeout: 10000 })\n    .should('be.visible')\n    .and('contain.text', 'サインインに失敗');",
              "err": {},
              "uuid": "18d87511-fe23-47c7-9ae9-b6fabc0b9a64",
              "parentUUID": "1935a8c8-c411-4388-990c-e6e5af590568",
              "isHook": false,
              "skipped": false
            },
            {
              "title": "有効な認証情報でログインするとダッシュボードにリダイレクトされる",
              "fullTitle": "認証フロー 有効な認証情報でログインするとダッシュボードにリダイレクトされる",
              "timedOut": null,
              "duration": 20,
              "state": "passed",
              "speed": "fast",
              "pass": true,
              "fail": false,
              "pending": false,
              "context": null,
              "code": "cy.visit('/signin', { failOnStatusCode: false });\ncy.get('input[name=\"email\"]', { timeout: 10000 }).should('be.visible').type(testEmail);\ncy.get('input[name=\"password\"]', { timeout: 10000 }).should('be.visible').type(testPassword);\ncy.get('button[type=\"submit\"]', { timeout: 10000 }).should('be.visible').click();\n// ダッシュボードにリダイレクトされることを確認（いずれかの条件が満たされればOK）\ncy.get('body').then(function ($body) {\n    if ($body.find('[data-testid=\"upload-text\"]').length > 0) {\n        cy.get('[data-testid=\"upload-text\"]', { timeout: 10000 }).should('be.visible');\n    }\n    else if ($body.text().includes('ファイルをアップロード')) {\n        cy.contains('ファイルをアップロード', { timeout: 10000 }).should('be.visible');\n    }\n    else {\n        cy.url({ timeout: 10000 }).should('include', '/translate');\n    }\n});",
              "err": {},
              "uuid": "76fc273b-d219-4bdc-aabc-6b40c8834c35",
              "parentUUID": "1935a8c8-c411-4388-990c-e6e5af590568",
              "isHook": false,
              "skipped": false
            },
            {
              "title": "ログアウトするとサインインページにリダイレクトされる",
              "fullTitle": "認証フロー ログアウトするとサインインページにリダイレクトされる",
              "timedOut": null,
              "duration": 18,
              "state": "passed",
              "speed": "fast",
              "pass": true,
              "fail": false,
              "pending": false,
              "context": null,
              "code": "cy.visit('/signin', { failOnStatusCode: false });\ncy.get('input[name=\"email\"]', { timeout: 10000 }).should('be.visible').type(testEmail);\ncy.get('input[name=\"password\"]', { timeout: 10000 }).should('be.visible').type(testPassword);\ncy.get('button[type=\"submit\"]', { timeout: 10000 }).should('be.visible').click();\n// ダッシュボードに移動したことを確認\ncy.get('body').then(function ($body) {\n    if ($body.find('[data-testid=\"upload-text\"]').length > 0) {\n        cy.get('[data-testid=\"upload-text\"]', { timeout: 10000 }).should('be.visible');\n    }\n    else if ($body.text().includes('ファイルをアップロード')) {\n        cy.contains('ファイルをアップロード', { timeout: 10000 }).should('be.visible');\n    }\n    else {\n        cy.url({ timeout: 10000 }).should('include', '/translate');\n    }\n});\n// ユーザーメニューが表示されるまで待機\ncy.get('[data-testid=\"user-menu\"]', { timeout: 10000 }).should('be.visible').click();\n// ログアウトボタンをクリック\ncy.get('[data-testid=\"logout-button\"]', { timeout: 10000 }).click();\n// サインインページにリダイレクトされることを確認\ncy.contains('サインイン', { timeout: 10000 }).should('be.visible');",
              "err": {},
              "uuid": "32f83a99-e8b2-4f27-9436-91e0f997cfdd",
              "parentUUID": "1935a8c8-c411-4388-990c-e6e5af590568",
              "isHook": false,
              "skipped": false
            },
            {
              "title": "認証が必要なページに未認証でアクセスするとサインインページにリダイレクトされる",
              "fullTitle": "認証フロー 認証が必要なページに未認証でアクセスするとサインインページにリダイレクトされる",
              "timedOut": null,
              "duration": 38,
              "state": "passed",
              "speed": "fast",
              "pass": true,
              "fail": false,
              "pending": false,
              "context": null,
              "code": "cy.visit('/translate', { failOnStatusCode: false });\n// サインインページにリダイレクトされることを確認\ncy.contains('サインイン', { timeout: 10000 }).should('be.visible');",
              "err": {},
              "uuid": "0cacd934-bfb2-4254-b43e-fa813612ee2b",
              "parentUUID": "1935a8c8-c411-4388-990c-e6e5af590568",
              "isHook": false,
              "skipped": false
            },
            {
              "title": "セッションが有効な間はページ間を移動しても認証状態が維持される",
              "fullTitle": "認証フロー セッションが有効な間はページ間を移動しても認証状態が維持される",
              "timedOut": null,
              "duration": 17,
              "state": "passed",
              "speed": "fast",
              "pass": true,
              "fail": false,
              "pending": false,
              "context": null,
              "code": "cy.visit('/signin', { failOnStatusCode: false });\ncy.get('input[name=\"email\"]', { timeout: 10000 }).should('be.visible').type(testEmail);\ncy.get('input[name=\"password\"]', { timeout: 10000 }).should('be.visible').type(testPassword);\ncy.get('button[type=\"submit\"]', { timeout: 10000 }).should('be.visible').click();\n// ダッシュボードに移動したことを確認\ncy.get('body').then(function ($body) {\n    if ($body.find('[data-testid=\"upload-text\"]').length > 0) {\n        cy.get('[data-testid=\"upload-text\"]', { timeout: 10000 }).should('be.visible');\n    }\n    else if ($body.text().includes('ファイルをアップロード')) {\n        cy.contains('ファイルをアップロード', { timeout: 10000 }).should('be.visible');\n    }\n    else {\n        cy.url({ timeout: 10000 }).should('include', '/translate');\n    }\n});\n// プロフィールページに移動\ncy.visit('/profile', { failOnStatusCode: false });\n// 認証状態が維持されていることを確認（プロフィールページの内容で確認）\ncy.contains('プロフィール', { timeout: 10000 }).should('be.visible');",
              "err": {},
              "uuid": "6e7f7845-03b5-4acc-972b-8428e84c8c7e",
              "parentUUID": "1935a8c8-c411-4388-990c-e6e5af590568",
              "isHook": false,
              "skipped": false
            },
            {
              "title": "新規登録後に自動的にログインされる",
              "fullTitle": "認証フロー 新規登録後に自動的にログインされる",
              "timedOut": null,
              "duration": 58,
              "state": "passed",
              "speed": "fast",
              "pass": true,
              "fail": false,
              "pending": false,
              "context": null,
              "code": "// ユニークなメールアドレスを生成\nvar uniqueEmail = \"test-\".concat(Date.now(), \"@example.com\");\nvar password = 'Password123!';\nvar name = 'Test User';\n// 直接登録処理を実装\ncy.visit('/signup', { failOnStatusCode: false });\ncy.get('input[name=\"name\"]', { timeout: 10000 }).should('be.visible').type(name);\ncy.get('input[name=\"email\"]', { timeout: 10000 }).should('be.visible').type(uniqueEmail);\ncy.get('input[name=\"password\"]', { timeout: 10000 }).should('be.visible').type(password);\ncy.get('button[type=\"submit\"]', { timeout: 10000 }).should('be.visible').click();\n// ダッシュボードにリダイレクトされることを確認\ncy.get('body').then(function ($body) {\n    if ($body.find('[data-testid=\"upload-text\"]').length > 0) {\n        cy.get('[data-testid=\"upload-text\"]', { timeout: 10000 }).should('be.visible');\n    }\n    else if ($body.text().includes('ファイルをアップロード')) {\n        cy.contains('ファイルをアップロード', { timeout: 10000 }).should('be.visible');\n    }\n    else {\n        cy.url({ timeout: 10000 }).should('include', '/translate');\n    }\n});",
              "err": {},
              "uuid": "d8f70753-f752-4048-8d11-f6aa76ff7a58",
              "parentUUID": "1935a8c8-c411-4388-990c-e6e5af590568",
              "isHook": false,
              "skipped": false
            },
            {
              "title": "無効なデータで新規登録するとエラーが表示される",
              "fullTitle": "認証フロー 無効なデータで新規登録するとエラーが表示される",
              "timedOut": null,
              "duration": 16,
              "state": "passed",
              "speed": "fast",
              "pass": true,
              "fail": false,
              "pending": false,
              "context": null,
              "code": "// 短すぎるパスワードでテスト\nvar name = 'Test User';\nvar email = \"test-\".concat(Date.now(), \"@example.com\");\nvar shortPassword = '123'; // 8文字未満\ncy.visit('/signup', { failOnStatusCode: false });\ncy.get('input[name=\"name\"]', { timeout: 10000 }).should('be.visible').type(name);\ncy.get('input[name=\"email\"]', { timeout: 10000 }).should('be.visible').type(email);\ncy.get('input[name=\"password\"]', { timeout: 10000 }).should('be.visible').type(shortPassword);\ncy.get('button[type=\"submit\"]', { timeout: 10000 }).should('be.visible').click();\n// エラーメッセージが表示されることを確認\ncy.get('[data-testid=\"signup-error\"]', { timeout: 10000 })\n    .should('be.visible')\n    .and('contain.text', 'アカウントの作成に失敗');",
              "err": {},
              "uuid": "8e97fb60-b266-4041-a8d6-4a1d1aa2580c",
              "parentUUID": "1935a8c8-c411-4388-990c-e6e5af590568",
              "isHook": false,
              "skipped": false
            }
          ],
          "suites": [],
          "passes": [
            "0a7c3d27-0ad4-4053-aa4e-2ce4a6254888",
            "18d87511-fe23-47c7-9ae9-b6fabc0b9a64",
            "76fc273b-d219-4bdc-aabc-6b40c8834c35",
            "32f83a99-e8b2-4f27-9436-91e0f997cfdd",
            "0cacd934-bfb2-4254-b43e-fa813612ee2b",
            "6e7f7845-03b5-4acc-972b-8428e84c8c7e",
            "d8f70753-f752-4048-8d11-f6aa76ff7a58",
            "8e97fb60-b266-4041-a8d6-4a1d1aa2580c"
          ],
          "failures": [],
          "pending": [],
          "skipped": [],
          "duration": 495,
          "root": false,
          "rootEmpty": false,
          "_timeout": 2000
        }
      ],
      "passes": [],
      "failures": [],
      "pending": [],
      "skipped": [],
      "duration": 0,
      "root": true,
      "rootEmpty": true,
      "_timeout": 2000
    }
  ],
  "meta": {
    "mocha": {
      "version": "7.0.1"
    },
    "mochawesome": {
      "options": {
        "quiet": false,
        "reportFilename": "mochawesome",
        "saveHtml": false,
        "saveJson": true,
        "consoleReporter": "spec",
        "useInlineDiffs": false,
        "code": true
      },
      "version": "7.1.3"
    },
    "marge": {
      "options": {
        "reportDir": "cypress/results",
        "overwrite": false,
        "html": false,
        "json": true,
        "charts": true,
        "embeddedScreenshots": true,
        "inlineAssets": true,
        "saveAllAttempts": false
      },
      "version": "6.2.0"
    }
  }
}