{
  "stats": {
    "suites": 1,
    "tests": 8,
    "passes": 8,
    "pending": 0,
    "failures": 0,
    "start": "2025-03-16T05:12:42.118Z",
    "end": "2025-03-16T05:14:02.400Z",
    "duration": 80282,
    "testsRegistered": 8,
    "passPercent": 100,
    "pendingPercent": 0,
    "other": 0,
    "hasOther": false,
    "skipped": 0,
    "hasSkipped": false
  },
  "results": [
    {
      "uuid": "410fe66b-0d95-4ae2-abfe-0c0f096c5104",
      "title": "",
      "fullFile": "cypress/e2e/auth.cy.ts",
      "file": "cypress/e2e/auth.cy.ts",
      "beforeHooks": [],
      "afterHooks": [],
      "tests": [],
      "suites": [
        {
          "uuid": "47258e0d-b548-48f0-a421-12a969b33a0e",
          "title": "認証フロー",
          "fullFile": "",
          "file": "",
          "beforeHooks": [],
          "afterHooks": [],
          "tests": [
            {
              "title": "ログインページにアクセスできる",
              "fullTitle": "認証フロー ログインページにアクセスできる",
              "timedOut": null,
              "duration": 10033,
              "state": "passed",
              "speed": "slow",
              "pass": true,
              "fail": false,
              "pending": false,
              "context": null,
              "code": "cy.visit('/signin', { failOnStatusCode: false });\ncy.contains('サインイン', { timeout: 10000 }).should('be.visible');",
              "err": {},
              "uuid": "189bd48a-8060-4e5e-b9c2-4037eee2b003",
              "parentUUID": "47258e0d-b548-48f0-a421-12a969b33a0e",
              "isHook": false,
              "skipped": false
            },
            {
              "title": "無効な認証情報でログインするとエラーが表示される",
              "fullTitle": "認証フロー 無効な認証情報でログインするとエラーが表示される",
              "timedOut": null,
              "duration": 10016,
              "state": "passed",
              "speed": "slow",
              "pass": true,
              "fail": false,
              "pending": false,
              "context": null,
              "code": "cy.visit('/signin', { failOnStatusCode: false });\ncy.get('input[name=\"email\"]', { timeout: 10000 }).should('be.visible').type('invalid@example.com');\ncy.get('input[name=\"password\"]', { timeout: 10000 }).should('be.visible').type('wrongpassword');\ncy.get('button[type=\"submit\"]', { timeout: 10000 }).should('be.visible').click();\n// エラーメッセージが表示されることを確認\ncy.get('[data-testid=\"signin-error\"]', { timeout: 10000 })\n    .should('be.visible')\n    .and('contain.text', 'サインインに失敗');",
              "err": {},
              "uuid": "71fdb9f6-8229-4955-b87b-ef62e57d7d33",
              "parentUUID": "47258e0d-b548-48f0-a421-12a969b33a0e",
              "isHook": false,
              "skipped": false
            },
            {
              "title": "有効な認証情報でログインするとダッシュボードにリダイレクトされる",
              "fullTitle": "認証フロー 有効な認証情報でログインするとダッシュボードにリダイレクトされる",
              "timedOut": null,
              "duration": 10012,
              "state": "passed",
              "speed": "slow",
              "pass": true,
              "fail": false,
              "pending": false,
              "context": null,
              "code": "cy.visit('/signin', { failOnStatusCode: false });\ncy.get('input[name=\"email\"]', { timeout: 10000 }).should('be.visible').type(testEmail);\ncy.get('input[name=\"password\"]', { timeout: 10000 }).should('be.visible').type(testPassword);\ncy.get('button[type=\"submit\"]', { timeout: 10000 }).should('be.visible').click();\n// ダッシュボードにリダイレクトされることを確認（いずれかの条件が満たされればOK）\ncy.get('body').then(function ($body) {\n    if ($body.find('[data-testid=\"upload-text\"]').length > 0) {\n        cy.get('[data-testid=\"upload-text\"]', { timeout: 10000 }).should('be.visible');\n    }\n    else if ($body.text().includes('ファイルをアップロード')) {\n        cy.contains('ファイルをアップロード', { timeout: 10000 }).should('be.visible');\n    }\n    else {\n        cy.url({ timeout: 10000 }).should('include', '/translate');\n    }\n});",
              "err": {},
              "uuid": "3fc78ecf-0f04-4c0d-bc26-2145b997f77d",
              "parentUUID": "47258e0d-b548-48f0-a421-12a969b33a0e",
              "isHook": false,
              "skipped": false
            },
            {
              "title": "ログアウトするとサインインページにリダイレクトされる",
              "fullTitle": "認証フロー ログアウトするとサインインページにリダイレクトされる",
              "timedOut": null,
              "duration": 10013,
              "state": "passed",
              "speed": "slow",
              "pass": true,
              "fail": false,
              "pending": false,
              "context": null,
              "code": "cy.visit('/signin', { failOnStatusCode: false });\ncy.get('input[name=\"email\"]', { timeout: 10000 }).should('be.visible').type(testEmail);\ncy.get('input[name=\"password\"]', { timeout: 10000 }).should('be.visible').type(testPassword);\ncy.get('button[type=\"submit\"]', { timeout: 10000 }).should('be.visible').click();\n// ダッシュボードに移動したことを確認\ncy.get('body').then(function ($body) {\n    if ($body.find('[data-testid=\"upload-text\"]').length > 0) {\n        cy.get('[data-testid=\"upload-text\"]', { timeout: 10000 }).should('be.visible');\n    }\n    else if ($body.text().includes('ファイルをアップロード')) {\n        cy.contains('ファイルをアップロード', { timeout: 10000 }).should('be.visible');\n    }\n    else {\n        cy.url({ timeout: 10000 }).should('include', '/translate');\n    }\n});\n// ユーザーメニューが表示されるまで待機\ncy.get('[data-testid=\"user-menu\"]', { timeout: 10000 }).should('be.visible').click();\n// ログアウトボタンをクリック\ncy.get('[data-testid=\"logout-button\"]', { timeout: 10000 }).click();\n// サインインページにリダイレクトされることを確認\ncy.contains('サインイン', { timeout: 10000 }).should('be.visible');",
              "err": {},
              "uuid": "ffd4923d-6ef4-46ad-a247-3d36a019ca70",
              "parentUUID": "47258e0d-b548-48f0-a421-12a969b33a0e",
              "isHook": false,
              "skipped": false
            },
            {
              "title": "認証が必要なページに未認証でアクセスするとサインインページにリダイレクトされる",
              "fullTitle": "認証フロー 認証が必要なページに未認証でアクセスするとサインインページにリダイレクトされる",
              "timedOut": null,
              "duration": 10014,
              "state": "passed",
              "speed": "slow",
              "pass": true,
              "fail": false,
              "pending": false,
              "context": null,
              "code": "cy.visit('/translate', { failOnStatusCode: false });\n// サインインページにリダイレクトされることを確認\ncy.contains('サインイン', { timeout: 10000 }).should('be.visible');",
              "err": {},
              "uuid": "9d610778-3a31-4690-9199-1cd6cc54a6e4",
              "parentUUID": "47258e0d-b548-48f0-a421-12a969b33a0e",
              "isHook": false,
              "skipped": false
            },
            {
              "title": "セッションが有効な間はページ間を移動しても認証状態が維持される",
              "fullTitle": "認証フロー セッションが有効な間はページ間を移動しても認証状態が維持される",
              "timedOut": null,
              "duration": 10013,
              "state": "passed",
              "speed": "slow",
              "pass": true,
              "fail": false,
              "pending": false,
              "context": null,
              "code": "cy.visit('/signin', { failOnStatusCode: false });\ncy.get('input[name=\"email\"]', { timeout: 10000 }).should('be.visible').type(testEmail);\ncy.get('input[name=\"password\"]', { timeout: 10000 }).should('be.visible').type(testPassword);\ncy.get('button[type=\"submit\"]', { timeout: 10000 }).should('be.visible').click();\n// ダッシュボードに移動したことを確認\ncy.get('body').then(function ($body) {\n    if ($body.find('[data-testid=\"upload-text\"]').length > 0) {\n        cy.get('[data-testid=\"upload-text\"]', { timeout: 10000 }).should('be.visible');\n    }\n    else if ($body.text().includes('ファイルをアップロード')) {\n        cy.contains('ファイルをアップロード', { timeout: 10000 }).should('be.visible');\n    }\n    else {\n        cy.url({ timeout: 10000 }).should('include', '/translate');\n    }\n});\n// プロフィールページに移動\ncy.visit('/profile', { failOnStatusCode: false });\n// 認証状態が維持されていることを確認（プロフィールページの内容で確認）\ncy.contains('プロフィール', { timeout: 10000 }).should('be.visible');",
              "err": {},
              "uuid": "5689c0b2-edc7-4092-8006-be836a6d9dc2",
              "parentUUID": "47258e0d-b548-48f0-a421-12a969b33a0e",
              "isHook": false,
              "skipped": false
            },
            {
              "title": "新規登録後に自動的にログインされる",
              "fullTitle": "認証フロー 新規登録後に自動的にログインされる",
              "timedOut": null,
              "duration": 10032,
              "state": "passed",
              "speed": "slow",
              "pass": true,
              "fail": false,
              "pending": false,
              "context": null,
              "code": "// ユニークなメールアドレスを生成\nvar uniqueEmail = \"test-\".concat(Date.now(), \"@example.com\");\nvar password = 'Password123!';\nvar name = 'Test User';\n// 直接登録処理を実装\ncy.visit('/signup', { failOnStatusCode: false });\ncy.get('input[name=\"name\"]', { timeout: 10000 }).should('be.visible').type(name);\ncy.get('input[name=\"email\"]', { timeout: 10000 }).should('be.visible').type(uniqueEmail);\ncy.get('input[name=\"password\"]', { timeout: 10000 }).should('be.visible').type(password);\ncy.get('button[type=\"submit\"]', { timeout: 10000 }).should('be.visible').click();\n// ダッシュボードにリダイレクトされることを確認\ncy.get('body').then(function ($body) {\n    if ($body.find('[data-testid=\"upload-text\"]').length > 0) {\n        cy.get('[data-testid=\"upload-text\"]', { timeout: 10000 }).should('be.visible');\n    }\n    else if ($body.text().includes('ファイルをアップロード')) {\n        cy.contains('ファイルをアップロード', { timeout: 10000 }).should('be.visible');\n    }\n    else {\n        cy.url({ timeout: 10000 }).should('include', '/translate');\n    }\n});",
              "err": {},
              "uuid": "30e6a957-6778-4ef1-88fe-a97db5f45be5",
              "parentUUID": "47258e0d-b548-48f0-a421-12a969b33a0e",
              "isHook": false,
              "skipped": false
            },
            {
              "title": "無効なデータで新規登録するとエラーが表示される",
              "fullTitle": "認証フロー 無効なデータで新規登録するとエラーが表示される",
              "timedOut": null,
              "duration": 10031,
              "state": "passed",
              "speed": "slow",
              "pass": true,
              "fail": false,
              "pending": false,
              "context": null,
              "code": "// 短すぎるパスワードでテスト\nvar name = 'Test User';\nvar email = \"test-\".concat(Date.now(), \"@example.com\");\nvar shortPassword = '123'; // 8文字未満\ncy.visit('/signup', { failOnStatusCode: false });\ncy.get('input[name=\"name\"]', { timeout: 10000 }).should('be.visible').type(name);\ncy.get('input[name=\"email\"]', { timeout: 10000 }).should('be.visible').type(email);\ncy.get('input[name=\"password\"]', { timeout: 10000 }).should('be.visible').type(shortPassword);\ncy.get('button[type=\"submit\"]', { timeout: 10000 }).should('be.visible').click();\n// エラーメッセージが表示されることを確認\ncy.get('[data-testid=\"signup-error\"]', { timeout: 10000 })\n    .should('be.visible')\n    .and('contain.text', 'アカウントの作成に失敗');",
              "err": {},
              "uuid": "fd04d0c6-bd2a-4764-94ca-b735c6851f60",
              "parentUUID": "47258e0d-b548-48f0-a421-12a969b33a0e",
              "isHook": false,
              "skipped": false
            }
          ],
          "suites": [],
          "passes": [
            "189bd48a-8060-4e5e-b9c2-4037eee2b003",
            "71fdb9f6-8229-4955-b87b-ef62e57d7d33",
            "3fc78ecf-0f04-4c0d-bc26-2145b997f77d",
            "ffd4923d-6ef4-46ad-a247-3d36a019ca70",
            "9d610778-3a31-4690-9199-1cd6cc54a6e4",
            "5689c0b2-edc7-4092-8006-be836a6d9dc2",
            "30e6a957-6778-4ef1-88fe-a97db5f45be5",
            "fd04d0c6-bd2a-4764-94ca-b735c6851f60"
          ],
          "failures": [],
          "pending": [],
          "skipped": [],
          "duration": 80164,
          "root": false,
          "rootEmpty": false,
          "_timeout": 2000
        }
      ],
      "passes": [],
      "failures": [],
      "pending": [],
      "skipped": [],
      "duration": 0,
      "root": true,
      "rootEmpty": true,
      "_timeout": 2000
    }
  ],
  "meta": {
    "mocha": {
      "version": "7.0.1"
    },
    "mochawesome": {
      "options": {
        "quiet": false,
        "reportFilename": "mochawesome",
        "saveHtml": false,
        "saveJson": true,
        "consoleReporter": "spec",
        "useInlineDiffs": false,
        "code": true
      },
      "version": "7.1.3"
    },
    "marge": {
      "options": {
        "reportDir": "cypress/results",
        "overwrite": false,
        "html": false,
        "json": true,
        "charts": true,
        "embeddedScreenshots": true,
        "inlineAssets": true,
        "saveAllAttempts": false
      },
      "version": "6.2.0"
    }
  }
}