{
  "stats": {
    "suites": 1,
    "tests": 6,
    "passes": 6,
    "pending": 0,
    "failures": 0,
    "start": "2025-04-12T01:07:35.001Z",
    "end": "2025-04-12T01:08:45.508Z",
    "duration": 70507,
    "testsRegistered": 6,
    "passPercent": 100,
    "pendingPercent": 0,
    "other": 0,
    "hasOther": false,
    "skipped": 0,
    "hasSkipped": false
  },
  "results": [
    {
      "uuid": "c575536b-1190-4075-9459-96ab2dfbb5b2",
      "title": "",
      "fullFile": "cypress/e2e/history.cy.ts",
      "file": "cypress/e2e/history.cy.ts",
      "beforeHooks": [],
      "afterHooks": [],
      "tests": [],
      "suites": [
        {
          "uuid": "59609518-9f73-460c-be70-bdac5e4d6a72",
          "title": "翻訳履歴機能",
          "fullFile": "",
          "file": "",
          "beforeHooks": [],
          "afterHooks": [],
          "tests": [
            {
              "title": "履歴ページにアクセスできる",
              "fullTitle": "翻訳履歴機能 履歴ページにアクセスできる",
              "timedOut": null,
              "duration": 11832,
              "state": "passed",
              "speed": "slow",
              "pass": true,
              "fail": false,
              "pending": false,
              "context": null,
              "code": "// 履歴ページに移動\ncy.visit('/history', { failOnStatusCode: false });\n// 履歴ページのタイトルが表示されることを確認\ncy.contains('翻訳履歴', { timeout: 10000 }).should('be.visible');\n// 履歴リストが表示されることを確認（データがない場合もあるため、コンテナの存在を確認）\ncy.get('[data-testid=\"history-list\"]', { timeout: 10000 }).should('exist');",
              "err": {},
              "uuid": "9e065331-016d-439e-b887-f1c1cd6e7ec3",
              "parentUUID": "59609518-9f73-460c-be70-bdac5e4d6a72",
              "isHook": false,
              "skipped": false
            },
            {
              "title": "フィルタリング機能が正常に動作する",
              "fullTitle": "翻訳履歴機能 フィルタリング機能が正常に動作する",
              "timedOut": null,
              "duration": 11701,
              "state": "passed",
              "speed": "slow",
              "pass": true,
              "fail": false,
              "pending": false,
              "context": null,
              "code": "// 履歴ページに移動\ncy.visit('/history', { failOnStatusCode: false });\n// フィルターコンポーネントが表示されることを確認\ncy.get('[data-testid=\"history-filter\"]', { timeout: 10000 }).should('be.visible');\n// 日付フィルターを開く\ncy.get('[data-testid=\"date-filter\"]', { timeout: 10000 }).should('be.visible').click();\n// カレンダーが表示されることを確認\ncy.get('.rdp-month', { timeout: 10000 }).should('be.visible');\n// 日付を選択（今日の日付）\ncy.get('.rdp-day_today').click();\n// フィルターが適用されたことを確認（URLにクエリパラメータが追加される）\ncy.url().should('include', 'startDate=');",
              "err": {},
              "uuid": "23d9aa09-f058-4074-8f4b-5fe0df0b4ee8",
              "parentUUID": "59609518-9f73-460c-be70-bdac5e4d6a72",
              "isHook": false,
              "skipped": false
            },
            {
              "title": "ソート機能が正常に動作する",
              "fullTitle": "翻訳履歴機能 ソート機能が正常に動作する",
              "timedOut": null,
              "duration": 11712,
              "state": "passed",
              "speed": "slow",
              "pass": true,
              "fail": false,
              "pending": false,
              "context": null,
              "code": "// 履歴ページに移動\ncy.visit('/history', { timeout: 10000 });\n// ソートコンポーネントが表示されることを確認\ncy.get('[data-testid=\"history-sort\"]', { timeout: 10000 }).should('be.visible');\n// ソートオプションを選択（作成日の降順）\ncy.get('[data-testid=\"sort-select\"]').select('createdAt-desc');\n// ソートが適用されたことを確認（URLにクエリパラメータが追加される）\ncy.url().should('include', 'sortBy=createdAt');\ncy.url().should('include', 'sortOrder=desc');",
              "err": {},
              "uuid": "b484af35-4c6a-4cb3-8795-864459cf54dd",
              "parentUUID": "59609518-9f73-460c-be70-bdac5e4d6a72",
              "isHook": false,
              "skipped": false
            },
            {
              "title": "ページネーション機能が正常に動作する",
              "fullTitle": "翻訳履歴機能 ページネーション機能が正常に動作する",
              "timedOut": null,
              "duration": 11716,
              "state": "passed",
              "speed": "slow",
              "pass": true,
              "fail": false,
              "pending": false,
              "context": null,
              "code": "// 履歴ページに移動\ncy.visit('/history', { timeout: 10000 });\n// ページネーションコンポーネントが表示されることを確認\ncy.get('[data-testid=\"pagination\"]', { timeout: 10000 }).should('exist');\n// データが十分にある場合のみ次のページに移動するテストを実行\ncy.get('body').then(function ($body) {\n    if ($body.find('[data-testid=\"next-page\"]').length > 0) {\n        // 次のページボタンをクリック\n        cy.get('[data-testid=\"next-page\"]').click();\n        // URLのページパラメータが変更されたことを確認\n        cy.url().should('include', 'page=2');\n    }\n});",
              "err": {},
              "uuid": "ee0bb23f-0c9d-4534-ab0f-4ddafadfdb2b",
              "parentUUID": "59609518-9f73-460c-be70-bdac5e4d6a72",
              "isHook": false,
              "skipped": false
            },
            {
              "title": "履歴詳細ページにアクセスできる",
              "fullTitle": "翻訳履歴機能 履歴詳細ページにアクセスできる",
              "timedOut": null,
              "duration": 11672,
              "state": "passed",
              "speed": "slow",
              "pass": true,
              "fail": false,
              "pending": false,
              "context": null,
              "code": "// 履歴ページに移動\ncy.visit('/history', { timeout: 10000 });\n// 履歴アイテムが存在する場合のみ詳細ページへのアクセスをテスト\ncy.get('body').then(function ($body) {\n    if ($body.find('[data-testid=\"history-item\"]').length > 0) {\n        // 最初の履歴アイテムをクリック\n        cy.get('[data-testid=\"history-item\"]').first().click();\n        // 詳細ページに移動したことを確認\n        cy.url().should('include', '/history/');\n        // 詳細情報が表示されることを確認\n        cy.get('[data-testid=\"history-detail\"]', { timeout: 10000 }).should('be.visible');\n    }\n});",
              "err": {},
              "uuid": "1e703a4d-53aa-4e20-aed0-4f11455787db",
              "parentUUID": "59609518-9f73-460c-be70-bdac5e4d6a72",
              "isHook": false,
              "skipped": false
            },
            {
              "title": "履歴詳細ページでファイル情報が正しく表示される",
              "fullTitle": "翻訳履歴機能 履歴詳細ページでファイル情報が正しく表示される",
              "timedOut": null,
              "duration": 11673,
              "state": "passed",
              "speed": "slow",
              "pass": true,
              "fail": false,
              "pending": false,
              "context": null,
              "code": "// 履歴ページに移動\ncy.visit('/history', { timeout: 10000 });\n// 履歴アイテムが存在する場合のみ詳細ページへのアクセスをテスト\ncy.get('body').then(function ($body) {\n    if ($body.find('[data-testid=\"history-item\"]').length > 0) {\n        // 最初の履歴アイテムをクリック\n        cy.get('[data-testid=\"history-item\"]').first().click();\n        // 詳細ページに移動したことを確認\n        cy.url().should('include', '/history/');\n        // ファイル名が表示されることを確認\n        cy.get('[data-testid=\"file-name\"]', { timeout: 10000 }).should('exist');\n        // ファイルサイズが表示されることを確認\n        cy.get('[data-testid=\"file-size\"]', { timeout: 10000 }).should('exist');\n        // 翻訳言語情報が表示されることを確認\n        cy.get('[data-testid=\"translation-languages\"]', { timeout: 10000 }).should('exist');\n    }\n});",
              "err": {},
              "uuid": "e7af0c94-9f65-413d-949a-db35dddcd458",
              "parentUUID": "59609518-9f73-460c-be70-bdac5e4d6a72",
              "isHook": false,
              "skipped": false
            }
          ],
          "suites": [],
          "passes": [
            "9e065331-016d-439e-b887-f1c1cd6e7ec3",
            "23d9aa09-f058-4074-8f4b-5fe0df0b4ee8",
            "b484af35-4c6a-4cb3-8795-864459cf54dd",
            "ee0bb23f-0c9d-4534-ab0f-4ddafadfdb2b",
            "1e703a4d-53aa-4e20-aed0-4f11455787db",
            "e7af0c94-9f65-413d-949a-db35dddcd458"
          ],
          "failures": [],
          "pending": [],
          "skipped": [],
          "duration": 70306,
          "root": false,
          "rootEmpty": false,
          "_timeout": 2000
        }
      ],
      "passes": [],
      "failures": [],
      "pending": [],
      "skipped": [],
      "duration": 0,
      "root": true,
      "rootEmpty": true,
      "_timeout": 2000
    }
  ],
  "meta": {
    "mocha": {
      "version": "7.0.1"
    },
    "mochawesome": {
      "options": {
        "quiet": false,
        "reportFilename": "mochawesome",
        "saveHtml": false,
        "saveJson": true,
        "consoleReporter": "spec",
        "useInlineDiffs": false,
        "code": true
      },
      "version": "7.1.3"
    },
    "marge": {
      "options": {
        "reportDir": "cypress/results",
        "overwrite": false,
        "html": false,
        "json": true,
        "charts": true,
        "embeddedScreenshots": true,
        "inlineAssets": true,
        "saveAllAttempts": false
      },
      "version": "6.2.0"
    }
  }
}