{
  "stats": {
    "suites": 1,
    "tests": 6,
    "passes": 6,
    "pending": 0,
    "failures": 0,
    "start": "2025-04-12T01:04:43.887Z",
    "end": "2025-04-12T01:05:50.426Z",
    "duration": 66539,
    "testsRegistered": 6,
    "passPercent": 100,
    "pendingPercent": 0,
    "other": 0,
    "hasOther": false,
    "skipped": 0,
    "hasSkipped": false
  },
  "results": [
    {
      "uuid": "d0970291-70ed-47ce-b9a9-0315fe9858fe",
      "title": "",
      "fullFile": "cypress/e2e/history.cy.ts",
      "file": "cypress/e2e/history.cy.ts",
      "beforeHooks": [],
      "afterHooks": [],
      "tests": [],
      "suites": [
        {
          "uuid": "abcb7089-1c0e-4fdc-a921-6886c6d58b95",
          "title": "翻訳履歴機能",
          "fullFile": "",
          "file": "",
          "beforeHooks": [],
          "afterHooks": [],
          "tests": [
            {
              "title": "履歴ページにアクセスできる",
              "fullTitle": "翻訳履歴機能 履歴ページにアクセスできる",
              "timedOut": null,
              "duration": 7657,
              "state": "passed",
              "speed": "medium",
              "pass": true,
              "fail": false,
              "pending": false,
              "context": null,
              "code": "// 履歴ページに移動\ncy.visit('/history', { failOnStatusCode: false });\n// 履歴ページのタイトルが表示されることを確認\ncy.contains('翻訳履歴', { timeout: 10000 }).should('be.visible');\n// 履歴リストが表示されることを確認（データがない場合もあるため、コンテナの存在を確認）\ncy.get('[data-testid=\"history-list\"]', { timeout: 10000 }).should('exist');",
              "err": {},
              "uuid": "27531f4e-14aa-46b0-965f-8ff8dfeade6e",
              "parentUUID": "abcb7089-1c0e-4fdc-a921-6886c6d58b95",
              "isHook": false,
              "skipped": false
            },
            {
              "title": "フィルタリング機能が正常に動作する",
              "fullTitle": "翻訳履歴機能 フィルタリング機能が正常に動作する",
              "timedOut": null,
              "duration": 11901,
              "state": "passed",
              "speed": "slow",
              "pass": true,
              "fail": false,
              "pending": false,
              "context": null,
              "code": "// 履歴ページに移動\ncy.visit('/history', { failOnStatusCode: false });\n// フィルターコンポーネントが表示されることを確認\ncy.get('[data-testid=\"history-filter\"]', { timeout: 10000 }).should('be.visible');\n// 日付フィルターを開く\ncy.get('[data-testid=\"date-filter\"]', { timeout: 10000 }).should('be.visible').click();\n// カレンダーが表示されることを確認\ncy.get('.rdp-month', { timeout: 10000 }).should('be.visible');\n// 日付を選択（今日の日付）\ncy.get('.rdp-day_today').click();\n// フィルターが適用されたことを確認（URLにクエリパラメータが追加される）\ncy.url().should('include', 'startDate=');",
              "err": {},
              "uuid": "2fd74b50-7ab4-48ed-992e-d5f2a84215de",
              "parentUUID": "abcb7089-1c0e-4fdc-a921-6886c6d58b95",
              "isHook": false,
              "skipped": false
            },
            {
              "title": "ソート機能が正常に動作する",
              "fullTitle": "翻訳履歴機能 ソート機能が正常に動作する",
              "timedOut": null,
              "duration": 11720,
              "state": "passed",
              "speed": "slow",
              "pass": true,
              "fail": false,
              "pending": false,
              "context": null,
              "code": "// 履歴ページに移動\ncy.visit('/history', { timeout: 10000 });\n// ソートコンポーネントが表示されることを確認\ncy.get('[data-testid=\"history-sort\"]', { timeout: 10000 }).should('be.visible');\n// ソートオプションを選択（作成日の降順）\ncy.get('[data-testid=\"sort-select\"]').select('createdAt-desc');\n// ソートが適用されたことを確認（URLにクエリパラメータが追加される）\ncy.url().should('include', 'sortBy=createdAt');\ncy.url().should('include', 'sortOrder=desc');",
              "err": {},
              "uuid": "e301c66d-1429-4b8f-b933-0b9d2db2e310",
              "parentUUID": "abcb7089-1c0e-4fdc-a921-6886c6d58b95",
              "isHook": false,
              "skipped": false
            },
            {
              "title": "ページネーション機能が正常に動作する",
              "fullTitle": "翻訳履歴機能 ページネーション機能が正常に動作する",
              "timedOut": null,
              "duration": 11728,
              "state": "passed",
              "speed": "slow",
              "pass": true,
              "fail": false,
              "pending": false,
              "context": null,
              "code": "// 履歴ページに移動\ncy.visit('/history', { timeout: 10000 });\n// ページネーションコンポーネントが表示されることを確認\ncy.get('[data-testid=\"pagination\"]', { timeout: 10000 }).should('exist');\n// データが十分にある場合のみ次のページに移動するテストを実行\ncy.get('body').then(function ($body) {\n    if ($body.find('[data-testid=\"next-page\"]').length > 0) {\n        // 次のページボタンをクリック\n        cy.get('[data-testid=\"next-page\"]').click();\n        // URLのページパラメータが変更されたことを確認\n        cy.url().should('include', 'page=2');\n    }\n});",
              "err": {},
              "uuid": "1176d013-64c1-49b1-87d2-fdb5858a9f38",
              "parentUUID": "abcb7089-1c0e-4fdc-a921-6886c6d58b95",
              "isHook": false,
              "skipped": false
            },
            {
              "title": "履歴詳細ページにアクセスできる",
              "fullTitle": "翻訳履歴機能 履歴詳細ページにアクセスできる",
              "timedOut": null,
              "duration": 11685,
              "state": "passed",
              "speed": "slow",
              "pass": true,
              "fail": false,
              "pending": false,
              "context": null,
              "code": "// 履歴ページに移動\ncy.visit('/history', { timeout: 10000 });\n// 履歴アイテムが存在する場合のみ詳細ページへのアクセスをテスト\ncy.get('body').then(function ($body) {\n    if ($body.find('[data-testid=\"history-item\"]').length > 0) {\n        // 最初の履歴アイテムをクリック\n        cy.get('[data-testid=\"history-item\"]').first().click();\n        // 詳細ページに移動したことを確認\n        cy.url().should('include', '/history/');\n        // 詳細情報が表示されることを確認\n        cy.get('[data-testid=\"history-detail\"]', { timeout: 10000 }).should('be.visible');\n    }\n});",
              "err": {},
              "uuid": "7b2dee0f-350a-4a3e-ba3e-2b990baf9437",
              "parentUUID": "abcb7089-1c0e-4fdc-a921-6886c6d58b95",
              "isHook": false,
              "skipped": false
            },
            {
              "title": "履歴詳細ページでファイル情報が正しく表示される",
              "fullTitle": "翻訳履歴機能 履歴詳細ページでファイル情報が正しく表示される",
              "timedOut": null,
              "duration": 11676,
              "state": "passed",
              "speed": "slow",
              "pass": true,
              "fail": false,
              "pending": false,
              "context": null,
              "code": "// 履歴ページに移動\ncy.visit('/history', { timeout: 10000 });\n// 履歴アイテムが存在する場合のみ詳細ページへのアクセスをテスト\ncy.get('body').then(function ($body) {\n    if ($body.find('[data-testid=\"history-item\"]').length > 0) {\n        // 最初の履歴アイテムをクリック\n        cy.get('[data-testid=\"history-item\"]').first().click();\n        // 詳細ページに移動したことを確認\n        cy.url().should('include', '/history/');\n        // ファイル名が表示されることを確認\n        cy.get('[data-testid=\"file-name\"]', { timeout: 10000 }).should('exist');\n        // ファイルサイズが表示されることを確認\n        cy.get('[data-testid=\"file-size\"]', { timeout: 10000 }).should('exist');\n        // 翻訳言語情報が表示されることを確認\n        cy.get('[data-testid=\"translation-languages\"]', { timeout: 10000 }).should('exist');\n    }\n});",
              "err": {},
              "uuid": "c7f514d2-eb59-4de7-880d-cf32d7b4223b",
              "parentUUID": "abcb7089-1c0e-4fdc-a921-6886c6d58b95",
              "isHook": false,
              "skipped": false
            }
          ],
          "suites": [],
          "passes": [
            "27531f4e-14aa-46b0-965f-8ff8dfeade6e",
            "2fd74b50-7ab4-48ed-992e-d5f2a84215de",
            "e301c66d-1429-4b8f-b933-0b9d2db2e310",
            "1176d013-64c1-49b1-87d2-fdb5858a9f38",
            "7b2dee0f-350a-4a3e-ba3e-2b990baf9437",
            "c7f514d2-eb59-4de7-880d-cf32d7b4223b"
          ],
          "failures": [],
          "pending": [],
          "skipped": [],
          "duration": 66367,
          "root": false,
          "rootEmpty": false,
          "_timeout": 2000
        }
      ],
      "passes": [],
      "failures": [],
      "pending": [],
      "skipped": [],
      "duration": 0,
      "root": true,
      "rootEmpty": true,
      "_timeout": 2000
    }
  ],
  "meta": {
    "mocha": {
      "version": "7.0.1"
    },
    "mochawesome": {
      "options": {
        "quiet": false,
        "reportFilename": "mochawesome",
        "saveHtml": false,
        "saveJson": true,
        "consoleReporter": "spec",
        "useInlineDiffs": false,
        "code": true
      },
      "version": "7.1.3"
    },
    "marge": {
      "options": {
        "reportDir": "cypress/results",
        "overwrite": false,
        "html": false,
        "json": true,
        "charts": true,
        "embeddedScreenshots": true,
        "inlineAssets": true,
        "saveAllAttempts": false
      },
      "version": "6.2.0"
    }
  }
}