{
  "stats": {
    "suites": 1,
    "tests": 8,
    "passes": 8,
    "pending": 0,
    "failures": 0,
    "start": "2025-03-22T23:35:22.744Z",
    "end": "2025-03-22T23:36:43.420Z",
    "duration": 80676,
    "testsRegistered": 8,
    "passPercent": 100,
    "pendingPercent": 0,
    "other": 0,
    "hasOther": false,
    "skipped": 0,
    "hasSkipped": false
  },
  "results": [
    {
      "uuid": "8eb4affd-40bb-41f4-bc68-2abb2d675109",
      "title": "",
      "fullFile": "cypress/e2e/auth.cy.ts",
      "file": "cypress/e2e/auth.cy.ts",
      "beforeHooks": [],
      "afterHooks": [],
      "tests": [],
      "suites": [
        {
          "uuid": "6be3924c-0f6a-4653-8f57-6279185fce6e",
          "title": "認証フロー",
          "fullFile": "",
          "file": "",
          "beforeHooks": [],
          "afterHooks": [],
          "tests": [
            {
              "title": "ログインページにアクセスできる",
              "fullTitle": "認証フロー ログインページにアクセスできる",
              "timedOut": null,
              "duration": 10086,
              "state": "passed",
              "speed": "slow",
              "pass": true,
              "fail": false,
              "pending": false,
              "context": null,
              "code": "cy.visit('/signin', { failOnStatusCode: false });\ncy.contains('サインイン', { timeout: 10000 }).should('be.visible');",
              "err": {},
              "uuid": "0b68dfca-ce1d-4d45-9065-9ef29aa3e891",
              "parentUUID": "6be3924c-0f6a-4653-8f57-6279185fce6e",
              "isHook": false,
              "skipped": false
            },
            {
              "title": "無効な認証情報でログインするとエラーが表示される",
              "fullTitle": "認証フロー 無効な認証情報でログインするとエラーが表示される",
              "timedOut": null,
              "duration": 10058,
              "state": "passed",
              "speed": "slow",
              "pass": true,
              "fail": false,
              "pending": false,
              "context": null,
              "code": "cy.visit('/signin', { failOnStatusCode: false });\ncy.get('input[name=\"email\"]', { timeout: 10000 }).should('be.visible').type('invalid@example.com');\ncy.get('input[name=\"password\"]', { timeout: 10000 }).should('be.visible').type('wrongpassword');\ncy.get('button[type=\"submit\"]', { timeout: 10000 }).should('be.visible').click();\n// エラーメッセージが表示されることを確認\ncy.get('[data-testid=\"signin-error\"]', { timeout: 10000 })\n    .should('be.visible')\n    .and('contain.text', 'サインインに失敗');",
              "err": {},
              "uuid": "50038d6d-4f13-46a7-8076-52bd2d14a49b",
              "parentUUID": "6be3924c-0f6a-4653-8f57-6279185fce6e",
              "isHook": false,
              "skipped": false
            },
            {
              "title": "有効な認証情報でログインするとダッシュボードにリダイレクトされる",
              "fullTitle": "認証フロー 有効な認証情報でログインするとダッシュボードにリダイレクトされる",
              "timedOut": null,
              "duration": 10048,
              "state": "passed",
              "speed": "slow",
              "pass": true,
              "fail": false,
              "pending": false,
              "context": null,
              "code": "cy.visit('/signin', { failOnStatusCode: false });\ncy.get('input[name=\"email\"]', { timeout: 10000 }).should('be.visible').type(testEmail);\ncy.get('input[name=\"password\"]', { timeout: 10000 }).should('be.visible').type(testPassword);\ncy.get('button[type=\"submit\"]', { timeout: 10000 }).should('be.visible').click();\n// ダッシュボードにリダイレクトされることを確認（いずれかの条件が満たされればOK）\ncy.get('body').then(function ($body) {\n    if ($body.find('[data-testid=\"upload-text\"]').length > 0) {\n        cy.get('[data-testid=\"upload-text\"]', { timeout: 10000 }).should('be.visible');\n    }\n    else if ($body.text().includes('ファイルをアップロード')) {\n        cy.contains('ファイルをアップロード', { timeout: 10000 }).should('be.visible');\n    }\n    else {\n        cy.url({ timeout: 10000 }).should('include', '/translate');\n    }\n});",
              "err": {},
              "uuid": "c5ccc87c-736c-471e-bf82-6262d4226c44",
              "parentUUID": "6be3924c-0f6a-4653-8f57-6279185fce6e",
              "isHook": false,
              "skipped": false
            },
            {
              "title": "ログアウトするとサインインページにリダイレクトされる",
              "fullTitle": "認証フロー ログアウトするとサインインページにリダイレクトされる",
              "timedOut": null,
              "duration": 10055,
              "state": "passed",
              "speed": "slow",
              "pass": true,
              "fail": false,
              "pending": false,
              "context": null,
              "code": "cy.visit('/signin', { failOnStatusCode: false });\ncy.get('input[name=\"email\"]', { timeout: 10000 }).should('be.visible').type(testEmail);\ncy.get('input[name=\"password\"]', { timeout: 10000 }).should('be.visible').type(testPassword);\ncy.get('button[type=\"submit\"]', { timeout: 10000 }).should('be.visible').click();\n// ダッシュボードに移動したことを確認\ncy.get('body').then(function ($body) {\n    if ($body.find('[data-testid=\"upload-text\"]').length > 0) {\n        cy.get('[data-testid=\"upload-text\"]', { timeout: 10000 }).should('be.visible');\n    }\n    else if ($body.text().includes('ファイルをアップロード')) {\n        cy.contains('ファイルをアップロード', { timeout: 10000 }).should('be.visible');\n    }\n    else {\n        cy.url({ timeout: 10000 }).should('include', '/translate');\n    }\n});\n// ユーザーメニューが表示されるまで待機\ncy.get('[data-testid=\"user-menu\"]', { timeout: 10000 }).should('be.visible').click();\n// ログアウトボタンをクリック\ncy.get('[data-testid=\"logout-button\"]', { timeout: 10000 }).click();\n// サインインページにリダイレクトされることを確認\ncy.contains('サインイン', { timeout: 10000 }).should('be.visible');",
              "err": {},
              "uuid": "76660190-720c-40d1-af26-91aff7aa77e6",
              "parentUUID": "6be3924c-0f6a-4653-8f57-6279185fce6e",
              "isHook": false,
              "skipped": false
            },
            {
              "title": "認証が必要なページに未認証でアクセスするとサインインページにリダイレクトされる",
              "fullTitle": "認証フロー 認証が必要なページに未認証でアクセスするとサインインページにリダイレクトされる",
              "timedOut": null,
              "duration": 10051,
              "state": "passed",
              "speed": "slow",
              "pass": true,
              "fail": false,
              "pending": false,
              "context": null,
              "code": "cy.visit('/translate', { failOnStatusCode: false });\n// サインインページにリダイレクトされることを確認\ncy.contains('サインイン', { timeout: 10000 }).should('be.visible');",
              "err": {},
              "uuid": "6593a3d7-e893-4bc0-96ed-3742d244ddff",
              "parentUUID": "6be3924c-0f6a-4653-8f57-6279185fce6e",
              "isHook": false,
              "skipped": false
            },
            {
              "title": "セッションが有効な間はページ間を移動しても認証状態が維持される",
              "fullTitle": "認証フロー セッションが有効な間はページ間を移動しても認証状態が維持される",
              "timedOut": null,
              "duration": 10045,
              "state": "passed",
              "speed": "slow",
              "pass": true,
              "fail": false,
              "pending": false,
              "context": null,
              "code": "cy.visit('/signin', { failOnStatusCode: false });\ncy.get('input[name=\"email\"]', { timeout: 10000 }).should('be.visible').type(testEmail);\ncy.get('input[name=\"password\"]', { timeout: 10000 }).should('be.visible').type(testPassword);\ncy.get('button[type=\"submit\"]', { timeout: 10000 }).should('be.visible').click();\n// ダッシュボードに移動したことを確認\ncy.get('body').then(function ($body) {\n    if ($body.find('[data-testid=\"upload-text\"]').length > 0) {\n        cy.get('[data-testid=\"upload-text\"]', { timeout: 10000 }).should('be.visible');\n    }\n    else if ($body.text().includes('ファイルをアップロード')) {\n        cy.contains('ファイルをアップロード', { timeout: 10000 }).should('be.visible');\n    }\n    else {\n        cy.url({ timeout: 10000 }).should('include', '/translate');\n    }\n});\n// プロフィールページに移動\ncy.visit('/profile', { failOnStatusCode: false });\n// 認証状態が維持されていることを確認（プロフィールページの内容で確認）\ncy.contains('プロフィール', { timeout: 10000 }).should('be.visible');",
              "err": {},
              "uuid": "125f453d-f747-4aa3-aeec-e095937c03c0",
              "parentUUID": "6be3924c-0f6a-4653-8f57-6279185fce6e",
              "isHook": false,
              "skipped": false
            },
            {
              "title": "新規登録後に自動的にログインされる",
              "fullTitle": "認証フロー 新規登録後に自動的にログインされる",
              "timedOut": null,
              "duration": 10054,
              "state": "passed",
              "speed": "slow",
              "pass": true,
              "fail": false,
              "pending": false,
              "context": null,
              "code": "// ユニークなメールアドレスを生成\nvar uniqueEmail = \"test-\".concat(Date.now(), \"@example.com\");\nvar password = 'Password123!';\nvar name = 'Test User';\n// 直接登録処理を実装\ncy.visit('/signup', { failOnStatusCode: false });\ncy.get('input[name=\"name\"]', { timeout: 10000 }).should('be.visible').type(name);\ncy.get('input[name=\"email\"]', { timeout: 10000 }).should('be.visible').type(uniqueEmail);\ncy.get('input[name=\"password\"]', { timeout: 10000 }).should('be.visible').type(password);\ncy.get('button[type=\"submit\"]', { timeout: 10000 }).should('be.visible').click();\n// ダッシュボードにリダイレクトされることを確認\ncy.get('body').then(function ($body) {\n    if ($body.find('[data-testid=\"upload-text\"]').length > 0) {\n        cy.get('[data-testid=\"upload-text\"]', { timeout: 10000 }).should('be.visible');\n    }\n    else if ($body.text().includes('ファイルをアップロード')) {\n        cy.contains('ファイルをアップロード', { timeout: 10000 }).should('be.visible');\n    }\n    else {\n        cy.url({ timeout: 10000 }).should('include', '/translate');\n    }\n});",
              "err": {},
              "uuid": "c1a98ac0-fb94-4041-9a6c-d0afe23b0b34",
              "parentUUID": "6be3924c-0f6a-4653-8f57-6279185fce6e",
              "isHook": false,
              "skipped": false
            },
            {
              "title": "無効なデータで新規登録するとエラーが表示される",
              "fullTitle": "認証フロー 無効なデータで新規登録するとエラーが表示される",
              "timedOut": null,
              "duration": 10048,
              "state": "passed",
              "speed": "slow",
              "pass": true,
              "fail": false,
              "pending": false,
              "context": null,
              "code": "// 短すぎるパスワードでテスト\nvar name = 'Test User';\nvar email = \"test-\".concat(Date.now(), \"@example.com\");\nvar shortPassword = '123'; // 8文字未満\ncy.visit('/signup', { failOnStatusCode: false });\ncy.get('input[name=\"name\"]', { timeout: 10000 }).should('be.visible').type(name);\ncy.get('input[name=\"email\"]', { timeout: 10000 }).should('be.visible').type(email);\ncy.get('input[name=\"password\"]', { timeout: 10000 }).should('be.visible').type(shortPassword);\ncy.get('button[type=\"submit\"]', { timeout: 10000 }).should('be.visible').click();\n// エラーメッセージが表示されることを確認\ncy.get('[data-testid=\"signup-error\"]', { timeout: 10000 })\n    .should('be.visible')\n    .and('contain.text', 'アカウントの作成に失敗');",
              "err": {},
              "uuid": "63007c0a-0928-43bd-a0e7-674fe6bdbe96",
              "parentUUID": "6be3924c-0f6a-4653-8f57-6279185fce6e",
              "isHook": false,
              "skipped": false
            }
          ],
          "suites": [],
          "passes": [
            "0b68dfca-ce1d-4d45-9065-9ef29aa3e891",
            "50038d6d-4f13-46a7-8076-52bd2d14a49b",
            "c5ccc87c-736c-471e-bf82-6262d4226c44",
            "76660190-720c-40d1-af26-91aff7aa77e6",
            "6593a3d7-e893-4bc0-96ed-3742d244ddff",
            "125f453d-f747-4aa3-aeec-e095937c03c0",
            "c1a98ac0-fb94-4041-9a6c-d0afe23b0b34",
            "63007c0a-0928-43bd-a0e7-674fe6bdbe96"
          ],
          "failures": [],
          "pending": [],
          "skipped": [],
          "duration": 80445,
          "root": false,
          "rootEmpty": false,
          "_timeout": 2000
        }
      ],
      "passes": [],
      "failures": [],
      "pending": [],
      "skipped": [],
      "duration": 0,
      "root": true,
      "rootEmpty": true,
      "_timeout": 2000
    }
  ],
  "meta": {
    "mocha": {
      "version": "7.0.1"
    },
    "mochawesome": {
      "options": {
        "quiet": false,
        "reportFilename": "mochawesome",
        "saveHtml": false,
        "saveJson": true,
        "consoleReporter": "spec",
        "useInlineDiffs": false,
        "code": true
      },
      "version": "7.1.3"
    },
    "marge": {
      "options": {
        "reportDir": "cypress/results",
        "overwrite": false,
        "html": false,
        "json": true,
        "charts": true,
        "embeddedScreenshots": true,
        "inlineAssets": true,
        "saveAllAttempts": false
      },
      "version": "6.2.0"
    }
  }
}