{
  "stats": {
    "suites": 1,
    "tests": 8,
    "passes": 4,
    "pending": 0,
    "failures": 4,
    "start": "2025-03-16T02:31:50.047Z",
    "end": "2025-03-16T02:35:10.301Z",
    "duration": 200254,
    "testsRegistered": 8,
    "passPercent": 50,
    "pendingPercent": 0,
    "other": 0,
    "hasOther": false,
    "skipped": 0,
    "hasSkipped": false
  },
  "results": [
    {
      "uuid": "6925d232-aaf2-406a-a2c0-e5236f2bfa8f",
      "title": "",
      "fullFile": "cypress/e2e/auth.cy.ts",
      "file": "cypress/e2e/auth.cy.ts",
      "beforeHooks": [],
      "afterHooks": [],
      "tests": [],
      "suites": [
        {
          "uuid": "1823b2dd-63ec-422b-b270-7ad98c996387",
          "title": "認証フロー",
          "fullFile": "",
          "file": "",
          "beforeHooks": [],
          "afterHooks": [],
          "tests": [
            {
              "title": "ログインページにアクセスできる",
              "fullTitle": "認証フロー ログインページにアクセスできる",
              "timedOut": null,
              "duration": 427,
              "state": "passed",
              "speed": "fast",
              "pass": true,
              "fail": false,
              "pending": false,
              "context": null,
              "code": "cy.visit('/signin');\ncy.contains('サインイン', { timeout: 5000 }).should('be.visible');",
              "err": {},
              "uuid": "68cf2c71-66ad-4590-876f-54379fbe7adc",
              "parentUUID": "1823b2dd-63ec-422b-b270-7ad98c996387",
              "isHook": false,
              "skipped": false
            },
            {
              "title": "無効な認証情報でログインするとエラーが表示される",
              "fullTitle": "認証フロー 無効な認証情報でログインするとエラーが表示される",
              "timedOut": null,
              "duration": 1553,
              "state": "passed",
              "speed": "fast",
              "pass": true,
              "fail": false,
              "pending": false,
              "context": null,
              "code": "cy.visit('/signin');\ncy.get('input[name=\"email\"]').type('invalid@example.com');\ncy.get('input[name=\"password\"]').type('wrongpassword');\ncy.get('button[type=\"submit\"]').click();\n// エラーメッセージが表示されることを確認（タイムアウト値を調整）\n// 部分一致で「サインインに失敗」を含むかチェック\ncy.get('[data-testid=\"signin-error\"]', { timeout: 15000 })\n    .should('be.visible')\n    .and('contain.text', 'サインインに失敗');",
              "err": {},
              "uuid": "b82bfc29-0a07-47c0-b43e-838f6dc74799",
              "parentUUID": "1823b2dd-63ec-422b-b270-7ad98c996387",
              "isHook": false,
              "skipped": false
            },
            {
              "title": "有効な認証情報でログインするとダッシュボードにリダイレクトされる",
              "fullTitle": "認証フロー 有効な認証情報でログインするとダッシュボードにリダイレクトされる",
              "timedOut": null,
              "duration": 16209,
              "state": "failed",
              "speed": null,
              "pass": false,
              "fail": true,
              "pending": false,
              "context": null,
              "code": "// 直接ログイン処理を実装\ncy.visit('/signin');\ncy.get('input[name=\"email\"]').type(testEmail);\ncy.get('input[name=\"password\"]').type(testPassword);\ncy.get('button[type=\"submit\"]').click();\n// ダッシュボードにリダイレクトされることを確認\n// URLチェックの代わりにページ内容で確認\ncy.contains('ファイルをアップロード', { timeout: 15000 }).should('be.visible');",
              "err": {
                "message": "AssertionError: Timed out retrying after 15000ms: Expected to find content: 'ファイルをアップロード' but never did.",
                "estack": "AssertionError: Timed out retrying after 15000ms: Expected to find content: 'ファイルをアップロード' but never did.\n    at Context.eval (webpack://ppttranslatorapp/./cypress/e2e/auth.cy.ts:34:53)",
                "diff": null
              },
              "uuid": "16fbace1-ce5e-40b3-a1e0-ad2b34a39338",
              "parentUUID": "1823b2dd-63ec-422b-b270-7ad98c996387",
              "isHook": false,
              "skipped": false
            },
            {
              "title": "ログアウトするとサインインページにリダイレクトされる",
              "fullTitle": "認証フロー ログアウトするとサインインページにリダイレクトされる",
              "timedOut": null,
              "duration": 16241,
              "state": "failed",
              "speed": null,
              "pass": false,
              "fail": true,
              "pending": false,
              "context": null,
              "code": "// 直接ログイン処理を実装\ncy.visit('/signin');\ncy.get('input[name=\"email\"]').type(testEmail);\ncy.get('input[name=\"password\"]').type(testPassword);\ncy.get('button[type=\"submit\"]').click();\n// ダッシュボードに移動したことを確認\ncy.contains('ファイルをアップロード', { timeout: 15000 }).should('be.visible');\n// ユーザーメニューが表示されるまで待機\ncy.get('[data-testid=\"user-menu\"]', { timeout: 15000 }).should('be.visible').click();\n// ログアウトボタンをクリック\ncy.get('[data-testid=\"logout-button\"]').click();\n// サインインページにリダイレクトされることを確認\ncy.contains('サインイン', { timeout: 10000 }).should('be.visible');",
              "err": {
                "message": "AssertionError: Timed out retrying after 15000ms: Expected to find content: 'ファイルをアップロード' but never did.",
                "estack": "AssertionError: Timed out retrying after 15000ms: Expected to find content: 'ファイルをアップロード' but never did.\n    at Context.eval (webpack://ppttranslatorapp/./cypress/e2e/auth.cy.ts:43:53)",
                "diff": null
              },
              "uuid": "05d0a264-5505-41a4-9433-eaf3246de503",
              "parentUUID": "1823b2dd-63ec-422b-b270-7ad98c996387",
              "isHook": false,
              "skipped": false
            },
            {
              "title": "認証が必要なページに未認証でアクセスするとサインインページにリダイレクトされる",
              "fullTitle": "認証フロー 認証が必要なページに未認証でアクセスするとサインインページにリダイレクトされる",
              "timedOut": null,
              "duration": 413,
              "state": "passed",
              "speed": "fast",
              "pass": true,
              "fail": false,
              "pending": false,
              "context": null,
              "code": "cy.visit('/translate');\n// サインインページにリダイレクトされることを確認\ncy.contains('サインイン', { timeout: 10000 }).should('be.visible');",
              "err": {},
              "uuid": "c7daa37b-e52e-48e0-8a6f-12a89ff164cb",
              "parentUUID": "1823b2dd-63ec-422b-b270-7ad98c996387",
              "isHook": false,
              "skipped": false
            },
            {
              "title": "セッションが有効な間はページ間を移動しても認証状態が維持される",
              "fullTitle": "認証フロー セッションが有効な間はページ間を移動しても認証状態が維持される",
              "timedOut": null,
              "duration": 16261,
              "state": "failed",
              "speed": null,
              "pass": false,
              "fail": true,
              "pending": false,
              "context": null,
              "code": "// 直接ログイン処理を実装\ncy.visit('/signin');\ncy.get('input[name=\"email\"]').type(testEmail);\ncy.get('input[name=\"password\"]').type(testPassword);\ncy.get('button[type=\"submit\"]').click();\n// ダッシュボードに移動したことを確認\ncy.contains('ファイルをアップロード', { timeout: 15000 }).should('be.visible');\n// プロフィールページに移動\ncy.visit('/profile');\n// 認証状態が維持されていることを確認（プロフィールページの内容で確認）\ncy.contains('プロフィール', { timeout: 10000 }).should('be.visible');",
              "err": {
                "message": "AssertionError: Timed out retrying after 15000ms: Expected to find content: 'ファイルをアップロード' but never did.",
                "estack": "AssertionError: Timed out retrying after 15000ms: Expected to find content: 'ファイルをアップロード' but never did.\n    at Context.eval (webpack://ppttranslatorapp/./cypress/e2e/auth.cy.ts:63:53)",
                "diff": null
              },
              "uuid": "6cfbd63d-c47f-464d-9a37-3a7d7b25539e",
              "parentUUID": "1823b2dd-63ec-422b-b270-7ad98c996387",
              "isHook": false,
              "skipped": false
            },
            {
              "title": "新規登録後に自動的にログインされる",
              "fullTitle": "認証フロー 新規登録後に自動的にログインされる",
              "timedOut": null,
              "duration": 16583,
              "state": "failed",
              "speed": null,
              "pass": false,
              "fail": true,
              "pending": false,
              "context": null,
              "code": "// ユニークなメールアドレスを生成\nvar uniqueEmail = \"test-\".concat(Date.now(), \"@example.com\");\nvar password = 'Password123!';\nvar name = 'Test User';\n// 直接登録処理を実装\ncy.visit('/signup');\ncy.get('input[name=\"name\"]').type(name);\ncy.get('input[name=\"email\"]').type(uniqueEmail);\ncy.get('input[name=\"password\"]').type(password);\ncy.get('button[type=\"submit\"]').click();\n// ダッシュボードにリダイレクトされることを確認\ncy.contains('ファイルをアップロード', { timeout: 15000 }).should('be.visible');",
              "err": {
                "message": "AssertionError: Timed out retrying after 15000ms: Expected to find content: 'ファイルをアップロード' but never did.",
                "estack": "AssertionError: Timed out retrying after 15000ms: Expected to find content: 'ファイルをアップロード' but never did.\n    at Context.eval (webpack://ppttranslatorapp/./cypress/e2e/auth.cy.ts:81:53)",
                "diff": null
              },
              "uuid": "fa62c028-8668-4ece-bc4d-4814286c3a5e",
              "parentUUID": "1823b2dd-63ec-422b-b270-7ad98c996387",
              "isHook": false,
              "skipped": false
            },
            {
              "title": "無効なデータで新規登録するとエラーが表示される",
              "fullTitle": "認証フロー 無効なデータで新規登録するとエラーが表示される",
              "timedOut": null,
              "duration": 1346,
              "state": "passed",
              "speed": "fast",
              "pass": true,
              "fail": false,
              "pending": false,
              "context": null,
              "code": "// 短すぎるパスワードでテスト\nvar name = 'Test User';\nvar email = \"test-\".concat(Date.now(), \"@example.com\");\nvar shortPassword = '123'; // 8文字未満\ncy.visit('/signup');\ncy.get('input[name=\"name\"]').type(name);\ncy.get('input[name=\"email\"]').type(email);\ncy.get('input[name=\"password\"]').type(shortPassword);\ncy.get('button[type=\"submit\"]').click();\n// エラーメッセージが表示されることを確認\ncy.get('[data-testid=\"signup-error\"]', { timeout: 15000 })\n    .should('be.visible')\n    .and('contain.text', 'アカウントの作成に失敗');",
              "err": {},
              "uuid": "631bb411-7fa3-4d80-a53b-e78378be9d37",
              "parentUUID": "1823b2dd-63ec-422b-b270-7ad98c996387",
              "isHook": false,
              "skipped": false
            }
          ],
          "suites": [],
          "passes": [
            "68cf2c71-66ad-4590-876f-54379fbe7adc",
            "b82bfc29-0a07-47c0-b43e-838f6dc74799",
            "c7daa37b-e52e-48e0-8a6f-12a89ff164cb",
            "631bb411-7fa3-4d80-a53b-e78378be9d37"
          ],
          "failures": [
            "16fbace1-ce5e-40b3-a1e0-ad2b34a39338",
            "05d0a264-5505-41a4-9433-eaf3246de503",
            "6cfbd63d-c47f-464d-9a37-3a7d7b25539e",
            "fa62c028-8668-4ece-bc4d-4814286c3a5e"
          ],
          "pending": [],
          "skipped": [],
          "duration": 69033,
          "root": false,
          "rootEmpty": false,
          "_timeout": 2000
        }
      ],
      "passes": [],
      "failures": [],
      "pending": [],
      "skipped": [],
      "duration": 0,
      "root": true,
      "rootEmpty": true,
      "_timeout": 2000
    }
  ],
  "meta": {
    "mocha": {
      "version": "7.0.1"
    },
    "mochawesome": {
      "options": {
        "quiet": false,
        "reportFilename": "mochawesome",
        "saveHtml": false,
        "saveJson": true,
        "consoleReporter": "spec",
        "useInlineDiffs": false,
        "code": true
      },
      "version": "7.1.3"
    },
    "marge": {
      "options": {
        "reportDir": "cypress/results",
        "overwrite": false,
        "html": false,
        "json": true
      },
      "version": "6.2.0"
    }
  }
}