{
  "stats": {
    "suites": 1,
    "tests": 3,
    "passes": 1,
    "pending": 0,
    "failures": 2,
    "start": "2025-03-16T02:41:26.551Z",
    "end": "2025-03-16T02:43:24.627Z",
    "duration": 118076,
    "testsRegistered": 4,
    "passPercent": 25,
    "pendingPercent": 0,
    "other": 0,
    "hasOther": false,
    "skipped": 1,
    "hasSkipped": true
  },
  "results": [
    {
      "uuid": "19af2f9c-d3d0-401f-8aa4-5eb16c8451db",
      "title": "",
      "fullFile": "cypress/e2e/translate-flow.cy.ts",
      "file": "cypress/e2e/translate-flow.cy.ts",
      "beforeHooks": [],
      "afterHooks": [],
      "tests": [],
      "suites": [
        {
          "uuid": "74cb54a4-31ed-4e7a-9bbb-81657ceccde3",
          "title": "翻訳フロー",
          "fullFile": "",
          "file": "",
          "beforeHooks": [],
          "afterHooks": [],
          "tests": [
            {
              "title": "翻訳ページにアクセスできる",
              "fullTitle": "翻訳フロー 翻訳ページにアクセスできる",
              "timedOut": null,
              "duration": 3108,
              "state": "passed",
              "speed": "fast",
              "pass": true,
              "fail": false,
              "pending": false,
              "context": null,
              "code": "cy.visit('/translate');\ncy.get('[data-testid=\"upload-text\"]', { timeout: 20000 }).should('be.visible');\n// ページの主要要素が表示されることを確認\ncy.get('[data-testid=\"upload-area\"]', { timeout: 15000 }).should('be.visible');",
              "err": {},
              "uuid": "0efa3a02-083e-4575-a1a2-6a3f06fe187f",
              "parentUUID": "74cb54a4-31ed-4e7a-9bbb-81657ceccde3",
              "isHook": false,
              "skipped": false
            },
            {
              "title": "PPTファイルをアップロードして翻訳できる",
              "fullTitle": "翻訳フロー PPTファイルをアップロードして翻訳できる",
              "timedOut": null,
              "duration": 23162,
              "state": "failed",
              "speed": null,
              "pass": false,
              "fail": true,
              "pending": false,
              "context": null,
              "code": "cy.visit('/translate');\ncy.get('[data-testid=\"upload-area\"]', { timeout: 15000 }).should('be.visible');\n// APIリクエストをモック\ncy.intercept('POST', '/api/upload', {\n    statusCode: 200,\n    body: mockSlideData\n}).as('uploadRequest');\n// ファイルをアップロード（実際のファイルを使用）\ncy.get('input[type=\"file\"]').selectFile('cypress/fixtures/sample.pptx', { force: true });\n// アップロードリクエストが完了するまで待機\ncy.wait('@uploadRequest', { timeout: 30000 });\n// スライドが表示されることを確認\ncy.get('[data-testid=\"slide-preview\"]', { timeout: 20000 }).should('be.visible');\n// 翻訳ボタンをクリック\ncy.contains('button', '翻訳する', { timeout: 10000 })\n    .should('be.visible')\n    .click();\n// 翻訳処理の完了を待機\ncy.get('[data-testid=\"translating-indicator\"]', { timeout: 60000 })\n    .should('exist')\n    .then(function () {\n    cy.get('[data-testid=\"translating-indicator\"]', { timeout: 60000 })\n        .should('not.exist')\n        .then(function () {\n        cy.log('翻訳処理が完了しました');\n    });\n});\n// 翻訳結果が表示されることを確認\ncy.get('[data-testid=\"translation-text\"]', { timeout: 20000 }).should('be.visible');",
              "err": {
                "message": "AssertionError: Timed out retrying after 20000ms: Expected to find element: `[data-testid=\"slide-preview\"]`, but never found it.",
                "estack": "AssertionError: Timed out retrying after 20000ms: Expected to find element: `[data-testid=\"slide-preview\"]`, but never found it.\n    at Context.eval (webpack://ppttranslatorapp/./cypress/e2e/translate-flow.cy.ts:74:66)",
                "diff": null
              },
              "uuid": "c51d790a-12a1-4845-b7bf-cae6ec82bc7e",
              "parentUUID": "74cb54a4-31ed-4e7a-9bbb-81657ceccde3",
              "isHook": false,
              "skipped": false
            },
            {
              "title": "翻訳テキストを編集できる",
              "fullTitle": "翻訳フロー 翻訳テキストを編集できる",
              "timedOut": null,
              "duration": 21347,
              "state": "failed",
              "speed": null,
              "pass": false,
              "fail": true,
              "pending": false,
              "context": null,
              "code": "cy.visit('/translate');\ncy.get('[data-testid=\"upload-area\"]', { timeout: 15000 }).should('be.visible');\n// APIリクエストをモック（翻訳済みデータを返す）\ncy.intercept('POST', '/api/upload', {\n    statusCode: 200,\n    body: translatedMockData\n}).as('uploadRequest');\n// ファイルをアップロード（実際のファイルを使用）\ncy.get('input[type=\"file\"]').selectFile('cypress/fixtures/sample.pptx', { force: true });\n// アップロードリクエストが完了するまで待機\ncy.wait('@uploadRequest', { timeout: 30000 });\n// スライドが表示されるまで待機\ncy.get('[data-testid=\"slide-preview\"]', { timeout: 20000 }).should('be.visible');\n// 翻訳テキストが表示されるまで待機\ncy.get('[data-testid=\"translation-text\"]', { timeout: 20000 }).first().should('be.visible');\n// 翻訳テキストをクリックして編集モードに入る\ncy.get('[data-testid=\"translation-text\"]').first().click();\n// テキストを編集\nvar editedText = 'This is an edited translation text';\ncy.get('textarea', { timeout: 10000 })\n    .should('be.visible')\n    .clear()\n    .type(editedText);\n// 保存ボタンをクリック\ncy.get('[data-testid=\"save-translation-button\"]').click();\n// 編集したテキストが表示されることを確認\ncy.get('[data-testid=\"translation-text\"]').first()\n    .should('contain', editedText, { timeout: 10000 });",
              "err": {
                "message": "AssertionError: Timed out retrying after 20000ms: Expected to find element: `[data-testid=\"upload-text\"]`, but never found it.\n\nBecause this error occurred during a `before each` hook we are skipping the remaining tests in the current suite: `翻訳フロー`",
                "estack": "AssertionError: Timed out retrying after 20000ms: Expected to find element: `[data-testid=\"upload-text\"]`, but never found it.\n\nBecause this error occurred during a `before each` hook we are skipping the remaining tests in the current suite: `翻訳フロー`\n    at Context.eval (webpack://ppttranslatorapp/./cypress/e2e/translate-flow.cy.ts:53:64)",
                "diff": null
              },
              "uuid": "8774789d-4af7-492e-9a1b-bc004c256336",
              "parentUUID": "74cb54a4-31ed-4e7a-9bbb-81657ceccde3",
              "isHook": false,
              "skipped": false
            },
            {
              "title": "翻訳したPPTをダウンロードできる",
              "fullTitle": "翻訳フロー 翻訳したPPTをダウンロードできる",
              "timedOut": null,
              "duration": 0,
              "state": "skipped",
              "speed": null,
              "pass": false,
              "fail": false,
              "pending": false,
              "context": null,
              "code": "cy.visit('/translate');\ncy.get('[data-testid=\"upload-area\"]', { timeout: 15000 }).should('be.visible');\n// APIリクエストをモック（翻訳済みデータを返す）\ncy.intercept('POST', '/api/upload', {\n    statusCode: 200,\n    body: translatedMockData\n}).as('uploadRequest');\n// ファイルをアップロード（実際のファイルを使用）\ncy.get('input[type=\"file\"]').selectFile('cypress/fixtures/sample.pptx', { force: true });\n// アップロードリクエストが完了するまで待機\ncy.wait('@uploadRequest', { timeout: 30000 });\n// スライドが表示されるまで待機\ncy.get('[data-testid=\"slide-preview\"]', { timeout: 20000 }).should('be.visible');\n// ダウンロードボタンをクリック\ncy.get('[data-testid=\"download-button\"]', { timeout: 10000 })\n    .should('be.visible')\n    .click();\n// ダウンロード処理の完了を待機\ncy.get('[data-testid=\"downloading-indicator\"]', { timeout: 30000 })\n    .should('exist')\n    .then(function () {\n    cy.get('[data-testid=\"downloading-indicator\"]', { timeout: 30000 })\n        .should('not.exist')\n        .then(function () {\n        cy.log('ダウンロードが完了しました');\n    });\n});\n// ダウンロード成功のメッセージが表示されることを確認\ncy.contains('ダウンロード完了', { timeout: 15000 }).should('exist');",
              "err": {},
              "uuid": "4a16c9e4-caf4-42f9-ad24-4d09e1691413",
              "parentUUID": "74cb54a4-31ed-4e7a-9bbb-81657ceccde3",
              "isHook": false,
              "skipped": true
            }
          ],
          "suites": [],
          "passes": [
            "0efa3a02-083e-4575-a1a2-6a3f06fe187f"
          ],
          "failures": [
            "c51d790a-12a1-4845-b7bf-cae6ec82bc7e",
            "8774789d-4af7-492e-9a1b-bc004c256336"
          ],
          "pending": [],
          "skipped": [
            "4a16c9e4-caf4-42f9-ad24-4d09e1691413"
          ],
          "duration": 47617,
          "root": false,
          "rootEmpty": false,
          "_timeout": 2000
        }
      ],
      "passes": [],
      "failures": [],
      "pending": [],
      "skipped": [],
      "duration": 0,
      "root": true,
      "rootEmpty": true,
      "_timeout": 2000
    }
  ],
  "meta": {
    "mocha": {
      "version": "7.0.1"
    },
    "mochawesome": {
      "options": {
        "quiet": false,
        "reportFilename": "mochawesome",
        "saveHtml": false,
        "saveJson": true,
        "consoleReporter": "spec",
        "useInlineDiffs": false,
        "code": true
      },
      "version": "7.1.3"
    },
    "marge": {
      "options": {
        "reportDir": "cypress/results",
        "overwrite": false,
        "html": false,
        "json": true
      },
      "version": "6.2.0"
    }
  }
}