{
  "stats": {
    "suites": 1,
    "tests": 8,
    "passes": 8,
    "pending": 0,
    "failures": 0,
    "start": "2025-04-05T11:38:45.224Z",
    "end": "2025-04-05T11:39:45.223Z",
    "duration": 59999,
    "testsRegistered": 8,
    "passPercent": 100,
    "pendingPercent": 0,
    "other": 0,
    "hasOther": false,
    "skipped": 0,
    "hasSkipped": false
  },
  "results": [
    {
      "uuid": "4913a37e-ae1b-4e3d-93da-73450a994284",
      "title": "",
      "fullFile": "cypress/e2e/auth.cy.ts",
      "file": "cypress/e2e/auth.cy.ts",
      "beforeHooks": [],
      "afterHooks": [],
      "tests": [],
      "suites": [
        {
          "uuid": "d0200723-e9ff-4db6-b346-dbe82825c566",
          "title": "認証フロー",
          "fullFile": "",
          "file": "",
          "beforeHooks": [],
          "afterHooks": [],
          "tests": [
            {
              "title": "ログインページにアクセスできる",
              "fullTitle": "認証フロー ログインページにアクセスできる",
              "timedOut": null,
              "duration": 542,
              "state": "passed",
              "speed": "fast",
              "pass": true,
              "fail": false,
              "pending": false,
              "context": null,
              "code": "cy.visit('/signin', { failOnStatusCode: false });\ncy.contains('サインイン', { timeout: 10000 }).should('be.visible');",
              "err": {},
              "uuid": "274415ad-741d-4296-b6fe-6c0fd821838c",
              "parentUUID": "d0200723-e9ff-4db6-b346-dbe82825c566",
              "isHook": false,
              "skipped": false
            },
            {
              "title": "無効な認証情報でログインするとエラーが表示される",
              "fullTitle": "認証フロー 無効な認証情報でログインするとエラーが表示される",
              "timedOut": null,
              "duration": 3757,
              "state": "passed",
              "speed": "fast",
              "pass": true,
              "fail": false,
              "pending": false,
              "context": null,
              "code": "cy.visit('/signin', { failOnStatusCode: false });\ncy.get('input[name=\"email\"]', { timeout: 10000 }).should('be.visible').type('invalid@example.com');\ncy.get('input[name=\"password\"]', { timeout: 10000 }).should('be.visible').type('wrongpassword');\ncy.get('button[type=\"submit\"]', { timeout: 10000 }).should('be.visible').click();\n// エラーメッセージが表示されることを確認\ncy.get('[data-testid=\"signin-error\"]', { timeout: 10000 })\n    .should('be.visible')\n    .and('contain.text', 'サインインに失敗');",
              "err": {},
              "uuid": "adc58b15-9a5f-408f-9ad4-b53e17670331",
              "parentUUID": "d0200723-e9ff-4db6-b346-dbe82825c566",
              "isHook": false,
              "skipped": false
            },
            {
              "title": "有効な認証情報でログインするとダッシュボードにリダイレクトされる",
              "fullTitle": "認証フロー 有効な認証情報でログインするとダッシュボードにリダイレクトされる",
              "timedOut": null,
              "duration": 11185,
              "state": "passed",
              "speed": "slow",
              "pass": true,
              "fail": false,
              "pending": false,
              "context": null,
              "code": "cy.visit('/signin', { failOnStatusCode: false });\ncy.get('input[name=\"email\"]', { timeout: 10000 }).should('be.visible').type(testEmail);\ncy.get('input[name=\"password\"]', { timeout: 10000 }).should('be.visible').type(testPassword);\ncy.get('button[type=\"submit\"]', { timeout: 10000 }).should('be.visible').click();\n// ダッシュボードにリダイレクトされることを確認（いずれかの条件が満たされればOK）\ncy.get('body').then(function ($body) {\n    if ($body.find('[data-testid=\"upload-text\"]').length > 0) {\n        cy.get('[data-testid=\"upload-text\"]', { timeout: 10000 }).should('be.visible');\n    }\n    else if ($body.text().includes('ファイルをアップロード')) {\n        cy.contains('ファイルをアップロード', { timeout: 10000 }).should('be.visible');\n    }\n    else {\n        cy.url({ timeout: 10000 }).should('include', '/translate');\n    }\n});",
              "err": {},
              "uuid": "8cba8eed-d90c-4ef3-8e33-3b49e13ac6e4",
              "parentUUID": "d0200723-e9ff-4db6-b346-dbe82825c566",
              "isHook": false,
              "skipped": false
            },
            {
              "title": "ログアウトするとサインインページにリダイレクトされる",
              "fullTitle": "認証フロー ログアウトするとサインインページにリダイレクトされる",
              "timedOut": null,
              "duration": 11231,
              "state": "passed",
              "speed": "slow",
              "pass": true,
              "fail": false,
              "pending": false,
              "context": null,
              "code": "cy.visit('/signin', { failOnStatusCode: false });\ncy.get('input[name=\"email\"]', { timeout: 10000 }).should('be.visible').type(testEmail);\ncy.get('input[name=\"password\"]', { timeout: 10000 }).should('be.visible').type(testPassword);\ncy.get('button[type=\"submit\"]', { timeout: 10000 }).should('be.visible').click();\n// ダッシュボードに移動したことを確認\ncy.get('body').then(function ($body) {\n    if ($body.find('[data-testid=\"upload-text\"]').length > 0) {\n        cy.get('[data-testid=\"upload-text\"]', { timeout: 10000 }).should('be.visible');\n    }\n    else if ($body.text().includes('ファイルをアップロード')) {\n        cy.contains('ファイルをアップロード', { timeout: 10000 }).should('be.visible');\n    }\n    else {\n        cy.url({ timeout: 10000 }).should('include', '/translate');\n    }\n});\n// ユーザーメニューが表示されるまで待機\ncy.get('[data-testid=\"user-menu\"]', { timeout: 10000 }).should('be.visible').click();\n// ログアウトボタンをクリック\ncy.get('[data-testid=\"logout-button\"]', { timeout: 10000 }).click();\n// サインインページにリダイレクトされることを確認\ncy.contains('サインイン', { timeout: 10000 }).should('be.visible');",
              "err": {},
              "uuid": "5aa47fb4-1582-437f-b5bc-e73ee0fde3a5",
              "parentUUID": "d0200723-e9ff-4db6-b346-dbe82825c566",
              "isHook": false,
              "skipped": false
            },
            {
              "title": "認証が必要なページに未認証でアクセスするとサインインページにリダイレクトされる",
              "fullTitle": "認証フロー 認証が必要なページに未認証でアクセスするとサインインページにリダイレクトされる",
              "timedOut": null,
              "duration": 450,
              "state": "passed",
              "speed": "fast",
              "pass": true,
              "fail": false,
              "pending": false,
              "context": null,
              "code": "cy.visit('/translate', { failOnStatusCode: false });\n// サインインページにリダイレクトされることを確認\ncy.contains('サインイン', { timeout: 10000 }).should('be.visible');",
              "err": {},
              "uuid": "ff4be7f2-f0f3-4d53-b1fe-a463482a2258",
              "parentUUID": "d0200723-e9ff-4db6-b346-dbe82825c566",
              "isHook": false,
              "skipped": false
            },
            {
              "title": "セッションが有効な間はページ間を移動しても認証状態が維持される",
              "fullTitle": "認証フロー セッションが有効な間はページ間を移動しても認証状態が維持される",
              "timedOut": null,
              "duration": 11217,
              "state": "passed",
              "speed": "slow",
              "pass": true,
              "fail": false,
              "pending": false,
              "context": null,
              "code": "cy.visit('/signin', { failOnStatusCode: false });\ncy.get('input[name=\"email\"]', { timeout: 10000 }).should('be.visible').type(testEmail);\ncy.get('input[name=\"password\"]', { timeout: 10000 }).should('be.visible').type(testPassword);\ncy.get('button[type=\"submit\"]', { timeout: 10000 }).should('be.visible').click();\n// ダッシュボードに移動したことを確認\ncy.get('body').then(function ($body) {\n    if ($body.find('[data-testid=\"upload-text\"]').length > 0) {\n        cy.get('[data-testid=\"upload-text\"]', { timeout: 10000 }).should('be.visible');\n    }\n    else if ($body.text().includes('ファイルをアップロード')) {\n        cy.contains('ファイルをアップロード', { timeout: 10000 }).should('be.visible');\n    }\n    else {\n        cy.url({ timeout: 10000 }).should('include', '/translate');\n    }\n});\n// プロフィールページに移動\ncy.visit('/profile', { failOnStatusCode: false });\n// 認証状態が維持されていることを確認（プロフィールページの内容で確認）\ncy.contains('プロフィール', { timeout: 10000 }).should('be.visible');",
              "err": {},
              "uuid": "b8dfe9cc-1039-46a9-bbec-bff6a61bf3f1",
              "parentUUID": "d0200723-e9ff-4db6-b346-dbe82825c566",
              "isHook": false,
              "skipped": false
            },
            {
              "title": "新規登録後に自動的にログインされる",
              "fullTitle": "認証フロー 新規登録後に自動的にログインされる",
              "timedOut": null,
              "duration": 11834,
              "state": "passed",
              "speed": "slow",
              "pass": true,
              "fail": false,
              "pending": false,
              "context": null,
              "code": "// ユニークなメールアドレスを生成\nvar uniqueEmail = \"test-\".concat(Date.now(), \"@example.com\");\nvar password = 'Password123!';\nvar name = 'Test User';\n// 直接登録処理を実装\ncy.visit('/signup', { failOnStatusCode: false });\ncy.get('input[name=\"name\"]', { timeout: 10000 }).should('be.visible').type(name);\ncy.get('input[name=\"email\"]', { timeout: 10000 }).should('be.visible').type(uniqueEmail);\ncy.get('input[name=\"password\"]', { timeout: 10000 }).should('be.visible').type(password);\ncy.get('button[type=\"submit\"]', { timeout: 10000 }).should('be.visible').click();\n// ダッシュボードにリダイレクトされることを確認\ncy.get('body').then(function ($body) {\n    if ($body.find('[data-testid=\"upload-text\"]').length > 0) {\n        cy.get('[data-testid=\"upload-text\"]', { timeout: 10000 }).should('be.visible');\n    }\n    else if ($body.text().includes('ファイルをアップロード')) {\n        cy.contains('ファイルをアップロード', { timeout: 10000 }).should('be.visible');\n    }\n    else {\n        cy.url({ timeout: 10000 }).should('include', '/translate');\n    }\n});",
              "err": {},
              "uuid": "e732de3a-3b27-4197-8a8b-b6ccb04aa2e5",
              "parentUUID": "d0200723-e9ff-4db6-b346-dbe82825c566",
              "isHook": false,
              "skipped": false
            },
            {
              "title": "無効なデータで新規登録するとエラーが表示される",
              "fullTitle": "認証フロー 無効なデータで新規登録するとエラーが表示される",
              "timedOut": null,
              "duration": 1456,
              "state": "passed",
              "speed": "fast",
              "pass": true,
              "fail": false,
              "pending": false,
              "context": null,
              "code": "// 短すぎるパスワードでテスト\nvar name = 'Test User';\nvar email = \"test-\".concat(Date.now(), \"@example.com\");\nvar shortPassword = '123'; // 8文字未満\ncy.visit('/signup', { failOnStatusCode: false });\ncy.get('input[name=\"name\"]', { timeout: 10000 }).should('be.visible').type(name);\ncy.get('input[name=\"email\"]', { timeout: 10000 }).should('be.visible').type(email);\ncy.get('input[name=\"password\"]', { timeout: 10000 }).should('be.visible').type(shortPassword);\ncy.get('button[type=\"submit\"]', { timeout: 10000 }).should('be.visible').click();\n// エラーメッセージが表示されることを確認\ncy.get('[data-testid=\"signup-error\"]', { timeout: 10000 })\n    .should('be.visible')\n    .and('contain.text', 'アカウントの作成に失敗');",
              "err": {},
              "uuid": "9f8dd91d-6f19-435c-ac65-1d30b2f77dcc",
              "parentUUID": "d0200723-e9ff-4db6-b346-dbe82825c566",
              "isHook": false,
              "skipped": false
            }
          ],
          "suites": [],
          "passes": [
            "274415ad-741d-4296-b6fe-6c0fd821838c",
            "adc58b15-9a5f-408f-9ad4-b53e17670331",
            "8cba8eed-d90c-4ef3-8e33-3b49e13ac6e4",
            "5aa47fb4-1582-437f-b5bc-e73ee0fde3a5",
            "ff4be7f2-f0f3-4d53-b1fe-a463482a2258",
            "b8dfe9cc-1039-46a9-bbec-bff6a61bf3f1",
            "e732de3a-3b27-4197-8a8b-b6ccb04aa2e5",
            "9f8dd91d-6f19-435c-ac65-1d30b2f77dcc"
          ],
          "failures": [],
          "pending": [],
          "skipped": [],
          "duration": 51672,
          "root": false,
          "rootEmpty": false,
          "_timeout": 2000
        }
      ],
      "passes": [],
      "failures": [],
      "pending": [],
      "skipped": [],
      "duration": 0,
      "root": true,
      "rootEmpty": true,
      "_timeout": 2000
    }
  ],
  "meta": {
    "mocha": {
      "version": "7.0.1"
    },
    "mochawesome": {
      "options": {
        "quiet": false,
        "reportFilename": "mochawesome",
        "saveHtml": false,
        "saveJson": true,
        "consoleReporter": "spec",
        "useInlineDiffs": false,
        "code": true
      },
      "version": "7.1.3"
    },
    "marge": {
      "options": {
        "reportDir": "cypress/results",
        "overwrite": false,
        "html": false,
        "json": true,
        "charts": true,
        "embeddedScreenshots": true,
        "inlineAssets": true,
        "saveAllAttempts": false
      },
      "version": "6.2.0"
    }
  }
}