{
  "stats": {
    "suites": 1,
    "tests": 8,
    "passes": 8,
    "pending": 0,
    "failures": 0,
    "start": "2025-03-16T02:40:53.003Z",
    "end": "2025-03-16T02:41:16.482Z",
    "duration": 23479,
    "testsRegistered": 8,
    "passPercent": 100,
    "pendingPercent": 0,
    "other": 0,
    "hasOther": false,
    "skipped": 0,
    "hasSkipped": false
  },
  "results": [
    {
      "uuid": "e6c5a862-0aec-42b3-9b4a-0debbfb7e70e",
      "title": "",
      "fullFile": "cypress/e2e/auth.cy.ts",
      "file": "cypress/e2e/auth.cy.ts",
      "beforeHooks": [],
      "afterHooks": [],
      "tests": [],
      "suites": [
        {
          "uuid": "bf716961-ec61-4ec8-844f-b93204192bd9",
          "title": "認証フロー",
          "fullFile": "",
          "file": "",
          "beforeHooks": [],
          "afterHooks": [],
          "tests": [
            {
              "title": "ログインページにアクセスできる",
              "fullTitle": "認証フロー ログインページにアクセスできる",
              "timedOut": null,
              "duration": 452,
              "state": "passed",
              "speed": "fast",
              "pass": true,
              "fail": false,
              "pending": false,
              "context": null,
              "code": "cy.visit('/signin');\ncy.contains('サインイン', { timeout: 5000 }).should('be.visible');",
              "err": {},
              "uuid": "e57a82d3-df7b-4865-9ca3-83975a867836",
              "parentUUID": "bf716961-ec61-4ec8-844f-b93204192bd9",
              "isHook": false,
              "skipped": false
            },
            {
              "title": "無効な認証情報でログインするとエラーが表示される",
              "fullTitle": "認証フロー 無効な認証情報でログインするとエラーが表示される",
              "timedOut": null,
              "duration": 2809,
              "state": "passed",
              "speed": "fast",
              "pass": true,
              "fail": false,
              "pending": false,
              "context": null,
              "code": "cy.visit('/signin');\ncy.get('input[name=\"email\"]').type('invalid@example.com');\ncy.get('input[name=\"password\"]').type('wrongpassword');\ncy.get('button[type=\"submit\"]').click();\n// エラーメッセージが表示されることを確認（タイムアウト値を調整）\n// 部分一致で「サインインに失敗」を含むかチェック\ncy.get('[data-testid=\"signin-error\"]', { timeout: 15000 })\n    .should('be.visible')\n    .and('contain.text', 'サインインに失敗');",
              "err": {},
              "uuid": "6527d68d-52d0-4f46-b5ef-9a278ae5e249",
              "parentUUID": "bf716961-ec61-4ec8-844f-b93204192bd9",
              "isHook": false,
              "skipped": false
            },
            {
              "title": "有効な認証情報でログインするとダッシュボードにリダイレクトされる",
              "fullTitle": "認証フロー 有効な認証情報でログインするとダッシュボードにリダイレクトされる",
              "timedOut": null,
              "duration": 5529,
              "state": "passed",
              "speed": "medium",
              "pass": true,
              "fail": false,
              "pending": false,
              "context": null,
              "code": "// 直接ログイン処理を実装\ncy.visit('/signin');\ncy.get('input[name=\"email\"]').type(testEmail);\ncy.get('input[name=\"password\"]').type(testPassword);\ncy.get('button[type=\"submit\"]').click();\n// ダッシュボードにリダイレクトされることを確認\n// data-testid属性を使用して要素を検索\ncy.get('[data-testid=\"upload-text\"]', { timeout: 20000 }).should('be.visible');",
              "err": {},
              "uuid": "20ee3c7b-27d7-4c3c-b08a-7b064445c65e",
              "parentUUID": "bf716961-ec61-4ec8-844f-b93204192bd9",
              "isHook": false,
              "skipped": false
            },
            {
              "title": "ログアウトするとサインインページにリダイレクトされる",
              "fullTitle": "認証フロー ログアウトするとサインインページにリダイレクトされる",
              "timedOut": null,
              "duration": 2888,
              "state": "passed",
              "speed": "fast",
              "pass": true,
              "fail": false,
              "pending": false,
              "context": null,
              "code": "// 直接ログイン処理を実装\ncy.visit('/signin');\ncy.get('input[name=\"email\"]').type(testEmail);\ncy.get('input[name=\"password\"]').type(testPassword);\ncy.get('button[type=\"submit\"]').click();\n// ダッシュボードに移動したことを確認\ncy.get('[data-testid=\"upload-text\"]', { timeout: 20000 }).should('be.visible');\n// ユーザーメニューが表示されるまで待機\ncy.get('[data-testid=\"user-menu\"]', { timeout: 15000 }).should('be.visible').click();\n// ログアウトボタンをクリック\ncy.get('[data-testid=\"logout-button\"]').click();\n// サインインページにリダイレクトされることを確認\ncy.contains('サインイン', { timeout: 10000 }).should('be.visible');",
              "err": {},
              "uuid": "b4db4e7d-e60b-431c-b051-a08984aa95ad",
              "parentUUID": "bf716961-ec61-4ec8-844f-b93204192bd9",
              "isHook": false,
              "skipped": false
            },
            {
              "title": "認証が必要なページに未認証でアクセスするとサインインページにリダイレクトされる",
              "fullTitle": "認証フロー 認証が必要なページに未認証でアクセスするとサインインページにリダイレクトされる",
              "timedOut": null,
              "duration": 397,
              "state": "passed",
              "speed": "fast",
              "pass": true,
              "fail": false,
              "pending": false,
              "context": null,
              "code": "cy.visit('/translate');\n// サインインページにリダイレクトされることを確認\ncy.contains('サインイン', { timeout: 10000 }).should('be.visible');",
              "err": {},
              "uuid": "60751f3e-442c-441c-a005-b003b562d6d8",
              "parentUUID": "bf716961-ec61-4ec8-844f-b93204192bd9",
              "isHook": false,
              "skipped": false
            },
            {
              "title": "セッションが有効な間はページ間を移動しても認証状態が維持される",
              "fullTitle": "認証フロー セッションが有効な間はページ間を移動しても認証状態が維持される",
              "timedOut": null,
              "duration": 3110,
              "state": "passed",
              "speed": "fast",
              "pass": true,
              "fail": false,
              "pending": false,
              "context": null,
              "code": "// 直接ログイン処理を実装\ncy.visit('/signin');\ncy.get('input[name=\"email\"]').type(testEmail);\ncy.get('input[name=\"password\"]').type(testPassword);\ncy.get('button[type=\"submit\"]').click();\n// ダッシュボードに移動したことを確認\ncy.get('[data-testid=\"upload-text\"]', { timeout: 20000 }).should('be.visible');\n// プロフィールページに移動\ncy.visit('/profile');\n// 認証状態が維持されていることを確認（プロフィールページの内容で確認）\ncy.contains('プロフィール', { timeout: 10000 }).should('be.visible');",
              "err": {},
              "uuid": "2d25b825-0ccb-4b9f-ae52-20f18b91c283",
              "parentUUID": "bf716961-ec61-4ec8-844f-b93204192bd9",
              "isHook": false,
              "skipped": false
            },
            {
              "title": "新規登録後に自動的にログインされる",
              "fullTitle": "認証フロー 新規登録後に自動的にログインされる",
              "timedOut": null,
              "duration": 2520,
              "state": "passed",
              "speed": "fast",
              "pass": true,
              "fail": false,
              "pending": false,
              "context": null,
              "code": "// ユニークなメールアドレスを生成\nvar uniqueEmail = \"test-\".concat(Date.now(), \"@example.com\");\nvar password = 'Password123!';\nvar name = 'Test User';\n// 直接登録処理を実装\ncy.visit('/signup');\ncy.get('input[name=\"name\"]').type(name);\ncy.get('input[name=\"email\"]').type(uniqueEmail);\ncy.get('input[name=\"password\"]').type(password);\ncy.get('button[type=\"submit\"]').click();\n// ダッシュボードにリダイレクトされることを確認\ncy.get('[data-testid=\"upload-text\"]', { timeout: 20000 }).should('be.visible');",
              "err": {},
              "uuid": "6d4c849e-42de-49ed-b18a-c550f2102506",
              "parentUUID": "bf716961-ec61-4ec8-844f-b93204192bd9",
              "isHook": false,
              "skipped": false
            },
            {
              "title": "無効なデータで新規登録するとエラーが表示される",
              "fullTitle": "認証フロー 無効なデータで新規登録するとエラーが表示される",
              "timedOut": null,
              "duration": 1362,
              "state": "passed",
              "speed": "fast",
              "pass": true,
              "fail": false,
              "pending": false,
              "context": null,
              "code": "// 短すぎるパスワードでテスト\nvar name = 'Test User';\nvar email = \"test-\".concat(Date.now(), \"@example.com\");\nvar shortPassword = '123'; // 8文字未満\ncy.visit('/signup');\ncy.get('input[name=\"name\"]').type(name);\ncy.get('input[name=\"email\"]').type(email);\ncy.get('input[name=\"password\"]').type(shortPassword);\ncy.get('button[type=\"submit\"]').click();\n// エラーメッセージが表示されることを確認\ncy.get('[data-testid=\"signup-error\"]', { timeout: 15000 })\n    .should('be.visible')\n    .and('contain.text', 'アカウントの作成に失敗');",
              "err": {},
              "uuid": "47c1051a-d37b-4f42-a43d-c2b5367f15be",
              "parentUUID": "bf716961-ec61-4ec8-844f-b93204192bd9",
              "isHook": false,
              "skipped": false
            }
          ],
          "suites": [],
          "passes": [
            "e57a82d3-df7b-4865-9ca3-83975a867836",
            "6527d68d-52d0-4f46-b5ef-9a278ae5e249",
            "20ee3c7b-27d7-4c3c-b08a-7b064445c65e",
            "b4db4e7d-e60b-431c-b051-a08984aa95ad",
            "60751f3e-442c-441c-a005-b003b562d6d8",
            "2d25b825-0ccb-4b9f-ae52-20f18b91c283",
            "6d4c849e-42de-49ed-b18a-c550f2102506",
            "47c1051a-d37b-4f42-a43d-c2b5367f15be"
          ],
          "failures": [],
          "pending": [],
          "skipped": [],
          "duration": 19067,
          "root": false,
          "rootEmpty": false,
          "_timeout": 2000
        }
      ],
      "passes": [],
      "failures": [],
      "pending": [],
      "skipped": [],
      "duration": 0,
      "root": true,
      "rootEmpty": true,
      "_timeout": 2000
    }
  ],
  "meta": {
    "mocha": {
      "version": "7.0.1"
    },
    "mochawesome": {
      "options": {
        "quiet": false,
        "reportFilename": "mochawesome",
        "saveHtml": false,
        "saveJson": true,
        "consoleReporter": "spec",
        "useInlineDiffs": false,
        "code": true
      },
      "version": "7.1.3"
    },
    "marge": {
      "options": {
        "reportDir": "cypress/results",
        "overwrite": false,
        "html": false,
        "json": true
      },
      "version": "6.2.0"
    }
  }
}