{
  "stats": {
    "suites": 6,
    "tests": 36,
    "passes": 36,
    "pending": 0,
    "failures": 0,
    "testsRegistered": 36,
    "passPercent": 100,
    "pendingPercent": 0,
    "other": 0,
    "hasOther": false,
    "skipped": 0,
    "hasSkipped": false,
    "start": "2025-03-16T05:12:42.118Z",
    "end": "2025-03-16T13:24:30.451Z",
    "duration": 29508333
  },
  "results": [
    {
      "uuid": "410fe66b-0d95-4ae2-abfe-0c0f096c5104",
      "title": "",
      "fullFile": "cypress/e2e/auth.cy.ts",
      "file": "cypress/e2e/auth.cy.ts",
      "beforeHooks": [],
      "afterHooks": [],
      "tests": [],
      "suites": [
        {
          "uuid": "47258e0d-b548-48f0-a421-12a969b33a0e",
          "title": "認証フロー",
          "fullFile": "",
          "file": "",
          "beforeHooks": [],
          "afterHooks": [],
          "tests": [
            {
              "title": "ログインページにアクセスできる",
              "fullTitle": "認証フロー ログインページにアクセスできる",
              "timedOut": null,
              "duration": 10033,
              "state": "passed",
              "speed": "slow",
              "pass": true,
              "fail": false,
              "pending": false,
              "context": null,
              "code": "cy.visit('/signin', { failOnStatusCode: false });\ncy.contains('サインイン', { timeout: 10000 }).should('be.visible');",
              "err": {},
              "uuid": "189bd48a-8060-4e5e-b9c2-4037eee2b003",
              "parentUUID": "47258e0d-b548-48f0-a421-12a969b33a0e",
              "isHook": false,
              "skipped": false
            },
            {
              "title": "無効な認証情報でログインするとエラーが表示される",
              "fullTitle": "認証フロー 無効な認証情報でログインするとエラーが表示される",
              "timedOut": null,
              "duration": 10016,
              "state": "passed",
              "speed": "slow",
              "pass": true,
              "fail": false,
              "pending": false,
              "context": null,
              "code": "cy.visit('/signin', { failOnStatusCode: false });\ncy.get('input[name=\"email\"]', { timeout: 10000 }).should('be.visible').type('invalid@example.com');\ncy.get('input[name=\"password\"]', { timeout: 10000 }).should('be.visible').type('wrongpassword');\ncy.get('button[type=\"submit\"]', { timeout: 10000 }).should('be.visible').click();\n// エラーメッセージが表示されることを確認\ncy.get('[data-testid=\"signin-error\"]', { timeout: 10000 })\n    .should('be.visible')\n    .and('contain.text', 'サインインに失敗');",
              "err": {},
              "uuid": "71fdb9f6-8229-4955-b87b-ef62e57d7d33",
              "parentUUID": "47258e0d-b548-48f0-a421-12a969b33a0e",
              "isHook": false,
              "skipped": false
            },
            {
              "title": "有効な認証情報でログインするとダッシュボードにリダイレクトされる",
              "fullTitle": "認証フロー 有効な認証情報でログインするとダッシュボードにリダイレクトされる",
              "timedOut": null,
              "duration": 10012,
              "state": "passed",
              "speed": "slow",
              "pass": true,
              "fail": false,
              "pending": false,
              "context": null,
              "code": "cy.visit('/signin', { failOnStatusCode: false });\ncy.get('input[name=\"email\"]', { timeout: 10000 }).should('be.visible').type(testEmail);\ncy.get('input[name=\"password\"]', { timeout: 10000 }).should('be.visible').type(testPassword);\ncy.get('button[type=\"submit\"]', { timeout: 10000 }).should('be.visible').click();\n// ダッシュボードにリダイレクトされることを確認（いずれかの条件が満たされればOK）\ncy.get('body').then(function ($body) {\n    if ($body.find('[data-testid=\"upload-text\"]').length > 0) {\n        cy.get('[data-testid=\"upload-text\"]', { timeout: 10000 }).should('be.visible');\n    }\n    else if ($body.text().includes('ファイルをアップロード')) {\n        cy.contains('ファイルをアップロード', { timeout: 10000 }).should('be.visible');\n    }\n    else {\n        cy.url({ timeout: 10000 }).should('include', '/translate');\n    }\n});",
              "err": {},
              "uuid": "3fc78ecf-0f04-4c0d-bc26-2145b997f77d",
              "parentUUID": "47258e0d-b548-48f0-a421-12a969b33a0e",
              "isHook": false,
              "skipped": false
            },
            {
              "title": "ログアウトするとサインインページにリダイレクトされる",
              "fullTitle": "認証フロー ログアウトするとサインインページにリダイレクトされる",
              "timedOut": null,
              "duration": 10013,
              "state": "passed",
              "speed": "slow",
              "pass": true,
              "fail": false,
              "pending": false,
              "context": null,
              "code": "cy.visit('/signin', { failOnStatusCode: false });\ncy.get('input[name=\"email\"]', { timeout: 10000 }).should('be.visible').type(testEmail);\ncy.get('input[name=\"password\"]', { timeout: 10000 }).should('be.visible').type(testPassword);\ncy.get('button[type=\"submit\"]', { timeout: 10000 }).should('be.visible').click();\n// ダッシュボードに移動したことを確認\ncy.get('body').then(function ($body) {\n    if ($body.find('[data-testid=\"upload-text\"]').length > 0) {\n        cy.get('[data-testid=\"upload-text\"]', { timeout: 10000 }).should('be.visible');\n    }\n    else if ($body.text().includes('ファイルをアップロード')) {\n        cy.contains('ファイルをアップロード', { timeout: 10000 }).should('be.visible');\n    }\n    else {\n        cy.url({ timeout: 10000 }).should('include', '/translate');\n    }\n});\n// ユーザーメニューが表示されるまで待機\ncy.get('[data-testid=\"user-menu\"]', { timeout: 10000 }).should('be.visible').click();\n// ログアウトボタンをクリック\ncy.get('[data-testid=\"logout-button\"]', { timeout: 10000 }).click();\n// サインインページにリダイレクトされることを確認\ncy.contains('サインイン', { timeout: 10000 }).should('be.visible');",
              "err": {},
              "uuid": "ffd4923d-6ef4-46ad-a247-3d36a019ca70",
              "parentUUID": "47258e0d-b548-48f0-a421-12a969b33a0e",
              "isHook": false,
              "skipped": false
            },
            {
              "title": "認証が必要なページに未認証でアクセスするとサインインページにリダイレクトされる",
              "fullTitle": "認証フロー 認証が必要なページに未認証でアクセスするとサインインページにリダイレクトされる",
              "timedOut": null,
              "duration": 10014,
              "state": "passed",
              "speed": "slow",
              "pass": true,
              "fail": false,
              "pending": false,
              "context": null,
              "code": "cy.visit('/translate', { failOnStatusCode: false });\n// サインインページにリダイレクトされることを確認\ncy.contains('サインイン', { timeout: 10000 }).should('be.visible');",
              "err": {},
              "uuid": "9d610778-3a31-4690-9199-1cd6cc54a6e4",
              "parentUUID": "47258e0d-b548-48f0-a421-12a969b33a0e",
              "isHook": false,
              "skipped": false
            },
            {
              "title": "セッションが有効な間はページ間を移動しても認証状態が維持される",
              "fullTitle": "認証フロー セッションが有効な間はページ間を移動しても認証状態が維持される",
              "timedOut": null,
              "duration": 10013,
              "state": "passed",
              "speed": "slow",
              "pass": true,
              "fail": false,
              "pending": false,
              "context": null,
              "code": "cy.visit('/signin', { failOnStatusCode: false });\ncy.get('input[name=\"email\"]', { timeout: 10000 }).should('be.visible').type(testEmail);\ncy.get('input[name=\"password\"]', { timeout: 10000 }).should('be.visible').type(testPassword);\ncy.get('button[type=\"submit\"]', { timeout: 10000 }).should('be.visible').click();\n// ダッシュボードに移動したことを確認\ncy.get('body').then(function ($body) {\n    if ($body.find('[data-testid=\"upload-text\"]').length > 0) {\n        cy.get('[data-testid=\"upload-text\"]', { timeout: 10000 }).should('be.visible');\n    }\n    else if ($body.text().includes('ファイルをアップロード')) {\n        cy.contains('ファイルをアップロード', { timeout: 10000 }).should('be.visible');\n    }\n    else {\n        cy.url({ timeout: 10000 }).should('include', '/translate');\n    }\n});\n// プロフィールページに移動\ncy.visit('/profile', { failOnStatusCode: false });\n// 認証状態が維持されていることを確認（プロフィールページの内容で確認）\ncy.contains('プロフィール', { timeout: 10000 }).should('be.visible');",
              "err": {},
              "uuid": "5689c0b2-edc7-4092-8006-be836a6d9dc2",
              "parentUUID": "47258e0d-b548-48f0-a421-12a969b33a0e",
              "isHook": false,
              "skipped": false
            },
            {
              "title": "新規登録後に自動的にログインされる",
              "fullTitle": "認証フロー 新規登録後に自動的にログインされる",
              "timedOut": null,
              "duration": 10032,
              "state": "passed",
              "speed": "slow",
              "pass": true,
              "fail": false,
              "pending": false,
              "context": null,
              "code": "// ユニークなメールアドレスを生成\nvar uniqueEmail = \"test-\".concat(Date.now(), \"@example.com\");\nvar password = 'Password123!';\nvar name = 'Test User';\n// 直接登録処理を実装\ncy.visit('/signup', { failOnStatusCode: false });\ncy.get('input[name=\"name\"]', { timeout: 10000 }).should('be.visible').type(name);\ncy.get('input[name=\"email\"]', { timeout: 10000 }).should('be.visible').type(uniqueEmail);\ncy.get('input[name=\"password\"]', { timeout: 10000 }).should('be.visible').type(password);\ncy.get('button[type=\"submit\"]', { timeout: 10000 }).should('be.visible').click();\n// ダッシュボードにリダイレクトされることを確認\ncy.get('body').then(function ($body) {\n    if ($body.find('[data-testid=\"upload-text\"]').length > 0) {\n        cy.get('[data-testid=\"upload-text\"]', { timeout: 10000 }).should('be.visible');\n    }\n    else if ($body.text().includes('ファイルをアップロード')) {\n        cy.contains('ファイルをアップロード', { timeout: 10000 }).should('be.visible');\n    }\n    else {\n        cy.url({ timeout: 10000 }).should('include', '/translate');\n    }\n});",
              "err": {},
              "uuid": "30e6a957-6778-4ef1-88fe-a97db5f45be5",
              "parentUUID": "47258e0d-b548-48f0-a421-12a969b33a0e",
              "isHook": false,
              "skipped": false
            },
            {
              "title": "無効なデータで新規登録するとエラーが表示される",
              "fullTitle": "認証フロー 無効なデータで新規登録するとエラーが表示される",
              "timedOut": null,
              "duration": 10031,
              "state": "passed",
              "speed": "slow",
              "pass": true,
              "fail": false,
              "pending": false,
              "context": null,
              "code": "// 短すぎるパスワードでテスト\nvar name = 'Test User';\nvar email = \"test-\".concat(Date.now(), \"@example.com\");\nvar shortPassword = '123'; // 8文字未満\ncy.visit('/signup', { failOnStatusCode: false });\ncy.get('input[name=\"name\"]', { timeout: 10000 }).should('be.visible').type(name);\ncy.get('input[name=\"email\"]', { timeout: 10000 }).should('be.visible').type(email);\ncy.get('input[name=\"password\"]', { timeout: 10000 }).should('be.visible').type(shortPassword);\ncy.get('button[type=\"submit\"]', { timeout: 10000 }).should('be.visible').click();\n// エラーメッセージが表示されることを確認\ncy.get('[data-testid=\"signup-error\"]', { timeout: 10000 })\n    .should('be.visible')\n    .and('contain.text', 'アカウントの作成に失敗');",
              "err": {},
              "uuid": "fd04d0c6-bd2a-4764-94ca-b735c6851f60",
              "parentUUID": "47258e0d-b548-48f0-a421-12a969b33a0e",
              "isHook": false,
              "skipped": false
            }
          ],
          "suites": [],
          "passes": [
            "189bd48a-8060-4e5e-b9c2-4037eee2b003",
            "71fdb9f6-8229-4955-b87b-ef62e57d7d33",
            "3fc78ecf-0f04-4c0d-bc26-2145b997f77d",
            "ffd4923d-6ef4-46ad-a247-3d36a019ca70",
            "9d610778-3a31-4690-9199-1cd6cc54a6e4",
            "5689c0b2-edc7-4092-8006-be836a6d9dc2",
            "30e6a957-6778-4ef1-88fe-a97db5f45be5",
            "fd04d0c6-bd2a-4764-94ca-b735c6851f60"
          ],
          "failures": [],
          "pending": [],
          "skipped": [],
          "duration": 80164,
          "root": false,
          "rootEmpty": false,
          "_timeout": 2000
        }
      ],
      "passes": [],
      "failures": [],
      "pending": [],
      "skipped": [],
      "duration": 0,
      "root": true,
      "rootEmpty": true,
      "_timeout": 2000
    },
    {
      "uuid": "1c6ffc3f-6bcf-4f98-8b8b-88358870e830",
      "title": "",
      "fullFile": "cypress/e2e/translate-flow.cy.ts",
      "file": "cypress/e2e/translate-flow.cy.ts",
      "beforeHooks": [],
      "afterHooks": [],
      "tests": [],
      "suites": [
        {
          "uuid": "94c1fe3f-0749-42ad-b83a-dfab4c5a10fc",
          "title": "翻訳フロー",
          "fullFile": "",
          "file": "",
          "beforeHooks": [],
          "afterHooks": [],
          "tests": [
            {
              "title": "翻訳ページにアクセスできる",
              "fullTitle": "翻訳フロー 翻訳ページにアクセスできる",
              "timedOut": null,
              "duration": 20037,
              "state": "passed",
              "speed": "slow",
              "pass": true,
              "fail": false,
              "pending": false,
              "context": null,
              "code": "cy.visit('/translate', { failOnStatusCode: false });\n// ページの主要要素が表示されることを確認（10秒以内）\ncy.get('body', { timeout: 10000 }).then(function ($body) {\n    if ($body.find('[data-testid=\"upload-area\"]').length > 0) {\n        cy.get('[data-testid=\"upload-area\"]', { timeout: 10000 }).should('be.visible');\n    }\n    if ($body.find('[data-testid=\"upload-text\"]').length > 0) {\n        cy.get('[data-testid=\"upload-text\"]', { timeout: 10000 }).should('be.visible');\n    }\n    else if ($body.text().includes('ファイルをアップロード')) {\n        cy.contains('ファイルをアップロード', { timeout: 10000 }).should('be.visible');\n    }\n});",
              "err": {},
              "uuid": "f5192519-d2ff-4bf3-b781-4889db899144",
              "parentUUID": "94c1fe3f-0749-42ad-b83a-dfab4c5a10fc",
              "isHook": false,
              "skipped": false
            },
            {
              "title": "PPTファイルをアップロードして翻訳できる",
              "fullTitle": "翻訳フロー PPTファイルをアップロードして翻訳できる",
              "timedOut": null,
              "duration": 20024,
              "state": "passed",
              "speed": "slow",
              "pass": true,
              "fail": false,
              "pending": false,
              "context": null,
              "code": "cy.visit('/translate', { failOnStatusCode: false });\n// ファイルをアップロード（10秒以内）\ncy.get('input[type=\"file\"]', { timeout: 10000 }).should('exist').selectFile('cypress/fixtures/sample.pptx', { force: true });\n// アップロードリクエストを待機（10秒以内）\ncy.wait('@uploadRequest', { timeout: 10000 }).then(function () {\n    // スライドプレビューが表示されるまで待機（10秒以内）\n    cy.get('[data-testid=\"slide-preview\"]', { timeout: 10000 }).should('exist');\n    // 翻訳ボタンをクリック（10秒以内）\n    cy.get('body').then(function ($body) {\n        if ($body.find('button:contains(\"翻訳する\")').length > 0) {\n            cy.contains('button', '翻訳する', { timeout: 10000 }).click();\n        }\n        else {\n            cy.log('翻訳ボタンが見つかりませんでした');\n        }\n    });\n    // 翻訳リクエストを待機（10秒以内）\n    cy.wait('@translateRequest', { timeout: 10000 }).then(function () {\n        // 翻訳テキストが表示されるまで待機（10秒以内）\n        cy.get('[data-testid=\"translation-text\"]', { timeout: 10000 }).should('exist');\n    });\n});",
              "err": {},
              "uuid": "874fcbbb-c99b-418f-bc57-f3e0efd7d48e",
              "parentUUID": "94c1fe3f-0749-42ad-b83a-dfab4c5a10fc",
              "isHook": false,
              "skipped": false
            },
            {
              "title": "翻訳テキストを編集できる",
              "fullTitle": "翻訳フロー 翻訳テキストを編集できる",
              "timedOut": null,
              "duration": 20022,
              "state": "passed",
              "speed": "slow",
              "pass": true,
              "fail": false,
              "pending": false,
              "context": null,
              "code": "cy.visit('/translate', { failOnStatusCode: false });\n// ファイルをアップロード（10秒以内）\ncy.get('input[type=\"file\"]', { timeout: 10000 }).should('exist').selectFile('cypress/fixtures/sample.pptx', { force: true });\n// アップロードリクエストを待機（10秒以内）\ncy.wait('@uploadRequest', { timeout: 10000 }).then(function () {\n    // スライドプレビューが表示されるまで待機（10秒以内）\n    cy.get('[data-testid=\"slide-preview\"]', { timeout: 10000 }).should('exist');\n    // 翻訳ボタンをクリック（10秒以内）\n    cy.get('body').then(function ($body) {\n        if ($body.find('button:contains(\"翻訳する\")').length > 0) {\n            cy.contains('button', '翻訳する', { timeout: 10000 }).click();\n        }\n        else {\n            cy.log('翻訳ボタンが見つかりませんでした');\n        }\n    });\n    // 翻訳リクエストを待機（10秒以内）\n    cy.wait('@translateRequest', { timeout: 10000 }).then(function () {\n        // 翻訳テキストが表示されるまで待機（10秒以内）\n        cy.get('[data-testid=\"translation-text\"]', { timeout: 10000 }).should('exist');\n        // 編集ボタンをクリック（10秒以内）\n        cy.get('body').then(function ($body) {\n            if ($body.find('button:contains(\"編集\")').length > 0) {\n                cy.contains('button', '編集', { timeout: 10000 }).click();\n            }\n            else {\n                cy.log('編集ボタンが見つかりませんでした');\n            }\n        });\n        // テキストエリアが表示されるまで待機（10秒以内）\n        cy.get('textarea', { timeout: 10000 }).should('exist').then(function ($textarea) {\n            // テキストを編集\n            cy.wrap($textarea).clear().type('Updated Sample Text');\n            // 保存ボタンをクリック（10秒以内）\n            cy.get('body').then(function ($body) {\n                if ($body.find('button:contains(\"保存\")').length > 0) {\n                    cy.contains('button', '保存', { timeout: 10000 }).click();\n                }\n                else {\n                    cy.log('保存ボタンが見つかりませんでした');\n                }\n            });\n            // 更新されたテキストが表示されることを確認（10秒以内）\n            cy.contains('Updated Sample Text', { timeout: 10000 }).should('exist');\n        });\n    });\n});",
              "err": {},
              "uuid": "442808f4-c750-44ba-84b1-29fabdcab709",
              "parentUUID": "94c1fe3f-0749-42ad-b83a-dfab4c5a10fc",
              "isHook": false,
              "skipped": false
            },
            {
              "title": "翻訳したPPTをダウンロードできる",
              "fullTitle": "翻訳フロー 翻訳したPPTをダウンロードできる",
              "timedOut": null,
              "duration": 20048,
              "state": "passed",
              "speed": "slow",
              "pass": true,
              "fail": false,
              "pending": false,
              "context": null,
              "code": "cy.visit('/translate', { failOnStatusCode: false });\n// ファイルをアップロード（10秒以内）\ncy.get('input[type=\"file\"]', { timeout: 10000 }).should('exist').selectFile('cypress/fixtures/sample.pptx', { force: true });\n// アップロードリクエストを待機（10秒以内）\ncy.wait('@uploadRequest', { timeout: 10000 }).then(function () {\n    // スライドプレビューが表示されるまで待機（10秒以内）\n    cy.get('[data-testid=\"slide-preview\"]', { timeout: 10000 }).should('exist');\n    // 翻訳ボタンをクリック（10秒以内）\n    cy.get('body').then(function ($body) {\n        if ($body.find('button:contains(\"翻訳する\")').length > 0) {\n            cy.contains('button', '翻訳する', { timeout: 10000 }).click();\n        }\n        else {\n            cy.log('翻訳ボタンが見つかりませんでした');\n        }\n    });\n    // 翻訳リクエストを待機（10秒以内）\n    cy.wait('@translateRequest', { timeout: 10000 }).then(function () {\n        // 翻訳テキストが表示されるまで待機（10秒以内）\n        cy.get('[data-testid=\"translation-text\"]', { timeout: 10000 }).should('exist');\n        // ダウンロードボタンをクリック（10秒以内）\n        cy.get('body').then(function ($body) {\n            if ($body.find('button:contains(\"ダウンロード\")').length > 0) {\n                cy.contains('button', 'ダウンロード', { timeout: 10000 }).click();\n            }\n            else {\n                cy.log('ダウンロードボタンが見つかりませんでした');\n            }\n        });\n        // ダウンロードリクエストを待機（10秒以内）\n        cy.wait('@downloadRequest', { timeout: 10000 });\n    });\n});",
              "err": {},
              "uuid": "956b68e9-ffc1-4b01-a885-582d27b969ef",
              "parentUUID": "94c1fe3f-0749-42ad-b83a-dfab4c5a10fc",
              "isHook": false,
              "skipped": false
            }
          ],
          "suites": [],
          "passes": [
            "f5192519-d2ff-4bf3-b781-4889db899144",
            "874fcbbb-c99b-418f-bc57-f3e0efd7d48e",
            "442808f4-c750-44ba-84b1-29fabdcab709",
            "956b68e9-ffc1-4b01-a885-582d27b969ef"
          ],
          "failures": [],
          "pending": [],
          "skipped": [],
          "duration": 80131,
          "root": false,
          "rootEmpty": false,
          "_timeout": 2000
        }
      ],
      "passes": [],
      "failures": [],
      "pending": [],
      "skipped": [],
      "duration": 0,
      "root": true,
      "rootEmpty": true,
      "_timeout": 2000
    },
    {
      "uuid": "3a08186f-bd32-4f20-bb3f-f83ca9b858a2",
      "title": "",
      "fullFile": "cypress/e2e/auth.cy.ts",
      "file": "cypress/e2e/auth.cy.ts",
      "beforeHooks": [],
      "afterHooks": [],
      "tests": [],
      "suites": [
        {
          "uuid": "1935a8c8-c411-4388-990c-e6e5af590568",
          "title": "認証フロー",
          "fullFile": "",
          "file": "",
          "beforeHooks": [],
          "afterHooks": [],
          "tests": [
            {
              "title": "ログインページにアクセスできる",
              "fullTitle": "認証フロー ログインページにアクセスできる",
              "timedOut": null,
              "duration": 302,
              "state": "passed",
              "speed": "fast",
              "pass": true,
              "fail": false,
              "pending": false,
              "context": null,
              "code": "cy.visit('/signin', { failOnStatusCode: false });\ncy.contains('サインイン', { timeout: 10000 }).should('be.visible');",
              "err": {},
              "uuid": "0a7c3d27-0ad4-4053-aa4e-2ce4a6254888",
              "parentUUID": "1935a8c8-c411-4388-990c-e6e5af590568",
              "isHook": false,
              "skipped": false
            },
            {
              "title": "無効な認証情報でログインするとエラーが表示される",
              "fullTitle": "認証フロー 無効な認証情報でログインするとエラーが表示される",
              "timedOut": null,
              "duration": 26,
              "state": "passed",
              "speed": "fast",
              "pass": true,
              "fail": false,
              "pending": false,
              "context": null,
              "code": "cy.visit('/signin', { failOnStatusCode: false });\ncy.get('input[name=\"email\"]', { timeout: 10000 }).should('be.visible').type('invalid@example.com');\ncy.get('input[name=\"password\"]', { timeout: 10000 }).should('be.visible').type('wrongpassword');\ncy.get('button[type=\"submit\"]', { timeout: 10000 }).should('be.visible').click();\n// エラーメッセージが表示されることを確認\ncy.get('[data-testid=\"signin-error\"]', { timeout: 10000 })\n    .should('be.visible')\n    .and('contain.text', 'サインインに失敗');",
              "err": {},
              "uuid": "18d87511-fe23-47c7-9ae9-b6fabc0b9a64",
              "parentUUID": "1935a8c8-c411-4388-990c-e6e5af590568",
              "isHook": false,
              "skipped": false
            },
            {
              "title": "有効な認証情報でログインするとダッシュボードにリダイレクトされる",
              "fullTitle": "認証フロー 有効な認証情報でログインするとダッシュボードにリダイレクトされる",
              "timedOut": null,
              "duration": 20,
              "state": "passed",
              "speed": "fast",
              "pass": true,
              "fail": false,
              "pending": false,
              "context": null,
              "code": "cy.visit('/signin', { failOnStatusCode: false });\ncy.get('input[name=\"email\"]', { timeout: 10000 }).should('be.visible').type(testEmail);\ncy.get('input[name=\"password\"]', { timeout: 10000 }).should('be.visible').type(testPassword);\ncy.get('button[type=\"submit\"]', { timeout: 10000 }).should('be.visible').click();\n// ダッシュボードにリダイレクトされることを確認（いずれかの条件が満たされればOK）\ncy.get('body').then(function ($body) {\n    if ($body.find('[data-testid=\"upload-text\"]').length > 0) {\n        cy.get('[data-testid=\"upload-text\"]', { timeout: 10000 }).should('be.visible');\n    }\n    else if ($body.text().includes('ファイルをアップロード')) {\n        cy.contains('ファイルをアップロード', { timeout: 10000 }).should('be.visible');\n    }\n    else {\n        cy.url({ timeout: 10000 }).should('include', '/translate');\n    }\n});",
              "err": {},
              "uuid": "76fc273b-d219-4bdc-aabc-6b40c8834c35",
              "parentUUID": "1935a8c8-c411-4388-990c-e6e5af590568",
              "isHook": false,
              "skipped": false
            },
            {
              "title": "ログアウトするとサインインページにリダイレクトされる",
              "fullTitle": "認証フロー ログアウトするとサインインページにリダイレクトされる",
              "timedOut": null,
              "duration": 18,
              "state": "passed",
              "speed": "fast",
              "pass": true,
              "fail": false,
              "pending": false,
              "context": null,
              "code": "cy.visit('/signin', { failOnStatusCode: false });\ncy.get('input[name=\"email\"]', { timeout: 10000 }).should('be.visible').type(testEmail);\ncy.get('input[name=\"password\"]', { timeout: 10000 }).should('be.visible').type(testPassword);\ncy.get('button[type=\"submit\"]', { timeout: 10000 }).should('be.visible').click();\n// ダッシュボードに移動したことを確認\ncy.get('body').then(function ($body) {\n    if ($body.find('[data-testid=\"upload-text\"]').length > 0) {\n        cy.get('[data-testid=\"upload-text\"]', { timeout: 10000 }).should('be.visible');\n    }\n    else if ($body.text().includes('ファイルをアップロード')) {\n        cy.contains('ファイルをアップロード', { timeout: 10000 }).should('be.visible');\n    }\n    else {\n        cy.url({ timeout: 10000 }).should('include', '/translate');\n    }\n});\n// ユーザーメニューが表示されるまで待機\ncy.get('[data-testid=\"user-menu\"]', { timeout: 10000 }).should('be.visible').click();\n// ログアウトボタンをクリック\ncy.get('[data-testid=\"logout-button\"]', { timeout: 10000 }).click();\n// サインインページにリダイレクトされることを確認\ncy.contains('サインイン', { timeout: 10000 }).should('be.visible');",
              "err": {},
              "uuid": "32f83a99-e8b2-4f27-9436-91e0f997cfdd",
              "parentUUID": "1935a8c8-c411-4388-990c-e6e5af590568",
              "isHook": false,
              "skipped": false
            },
            {
              "title": "認証が必要なページに未認証でアクセスするとサインインページにリダイレクトされる",
              "fullTitle": "認証フロー 認証が必要なページに未認証でアクセスするとサインインページにリダイレクトされる",
              "timedOut": null,
              "duration": 38,
              "state": "passed",
              "speed": "fast",
              "pass": true,
              "fail": false,
              "pending": false,
              "context": null,
              "code": "cy.visit('/translate', { failOnStatusCode: false });\n// サインインページにリダイレクトされることを確認\ncy.contains('サインイン', { timeout: 10000 }).should('be.visible');",
              "err": {},
              "uuid": "0cacd934-bfb2-4254-b43e-fa813612ee2b",
              "parentUUID": "1935a8c8-c411-4388-990c-e6e5af590568",
              "isHook": false,
              "skipped": false
            },
            {
              "title": "セッションが有効な間はページ間を移動しても認証状態が維持される",
              "fullTitle": "認証フロー セッションが有効な間はページ間を移動しても認証状態が維持される",
              "timedOut": null,
              "duration": 17,
              "state": "passed",
              "speed": "fast",
              "pass": true,
              "fail": false,
              "pending": false,
              "context": null,
              "code": "cy.visit('/signin', { failOnStatusCode: false });\ncy.get('input[name=\"email\"]', { timeout: 10000 }).should('be.visible').type(testEmail);\ncy.get('input[name=\"password\"]', { timeout: 10000 }).should('be.visible').type(testPassword);\ncy.get('button[type=\"submit\"]', { timeout: 10000 }).should('be.visible').click();\n// ダッシュボードに移動したことを確認\ncy.get('body').then(function ($body) {\n    if ($body.find('[data-testid=\"upload-text\"]').length > 0) {\n        cy.get('[data-testid=\"upload-text\"]', { timeout: 10000 }).should('be.visible');\n    }\n    else if ($body.text().includes('ファイルをアップロード')) {\n        cy.contains('ファイルをアップロード', { timeout: 10000 }).should('be.visible');\n    }\n    else {\n        cy.url({ timeout: 10000 }).should('include', '/translate');\n    }\n});\n// プロフィールページに移動\ncy.visit('/profile', { failOnStatusCode: false });\n// 認証状態が維持されていることを確認（プロフィールページの内容で確認）\ncy.contains('プロフィール', { timeout: 10000 }).should('be.visible');",
              "err": {},
              "uuid": "6e7f7845-03b5-4acc-972b-8428e84c8c7e",
              "parentUUID": "1935a8c8-c411-4388-990c-e6e5af590568",
              "isHook": false,
              "skipped": false
            },
            {
              "title": "新規登録後に自動的にログインされる",
              "fullTitle": "認証フロー 新規登録後に自動的にログインされる",
              "timedOut": null,
              "duration": 58,
              "state": "passed",
              "speed": "fast",
              "pass": true,
              "fail": false,
              "pending": false,
              "context": null,
              "code": "// ユニークなメールアドレスを生成\nvar uniqueEmail = \"test-\".concat(Date.now(), \"@example.com\");\nvar password = 'Password123!';\nvar name = 'Test User';\n// 直接登録処理を実装\ncy.visit('/signup', { failOnStatusCode: false });\ncy.get('input[name=\"name\"]', { timeout: 10000 }).should('be.visible').type(name);\ncy.get('input[name=\"email\"]', { timeout: 10000 }).should('be.visible').type(uniqueEmail);\ncy.get('input[name=\"password\"]', { timeout: 10000 }).should('be.visible').type(password);\ncy.get('button[type=\"submit\"]', { timeout: 10000 }).should('be.visible').click();\n// ダッシュボードにリダイレクトされることを確認\ncy.get('body').then(function ($body) {\n    if ($body.find('[data-testid=\"upload-text\"]').length > 0) {\n        cy.get('[data-testid=\"upload-text\"]', { timeout: 10000 }).should('be.visible');\n    }\n    else if ($body.text().includes('ファイルをアップロード')) {\n        cy.contains('ファイルをアップロード', { timeout: 10000 }).should('be.visible');\n    }\n    else {\n        cy.url({ timeout: 10000 }).should('include', '/translate');\n    }\n});",
              "err": {},
              "uuid": "d8f70753-f752-4048-8d11-f6aa76ff7a58",
              "parentUUID": "1935a8c8-c411-4388-990c-e6e5af590568",
              "isHook": false,
              "skipped": false
            },
            {
              "title": "無効なデータで新規登録するとエラーが表示される",
              "fullTitle": "認証フロー 無効なデータで新規登録するとエラーが表示される",
              "timedOut": null,
              "duration": 16,
              "state": "passed",
              "speed": "fast",
              "pass": true,
              "fail": false,
              "pending": false,
              "context": null,
              "code": "// 短すぎるパスワードでテスト\nvar name = 'Test User';\nvar email = \"test-\".concat(Date.now(), \"@example.com\");\nvar shortPassword = '123'; // 8文字未満\ncy.visit('/signup', { failOnStatusCode: false });\ncy.get('input[name=\"name\"]', { timeout: 10000 }).should('be.visible').type(name);\ncy.get('input[name=\"email\"]', { timeout: 10000 }).should('be.visible').type(email);\ncy.get('input[name=\"password\"]', { timeout: 10000 }).should('be.visible').type(shortPassword);\ncy.get('button[type=\"submit\"]', { timeout: 10000 }).should('be.visible').click();\n// エラーメッセージが表示されることを確認\ncy.get('[data-testid=\"signup-error\"]', { timeout: 10000 })\n    .should('be.visible')\n    .and('contain.text', 'アカウントの作成に失敗');",
              "err": {},
              "uuid": "8e97fb60-b266-4041-a8d6-4a1d1aa2580c",
              "parentUUID": "1935a8c8-c411-4388-990c-e6e5af590568",
              "isHook": false,
              "skipped": false
            }
          ],
          "suites": [],
          "passes": [
            "0a7c3d27-0ad4-4053-aa4e-2ce4a6254888",
            "18d87511-fe23-47c7-9ae9-b6fabc0b9a64",
            "76fc273b-d219-4bdc-aabc-6b40c8834c35",
            "32f83a99-e8b2-4f27-9436-91e0f997cfdd",
            "0cacd934-bfb2-4254-b43e-fa813612ee2b",
            "6e7f7845-03b5-4acc-972b-8428e84c8c7e",
            "d8f70753-f752-4048-8d11-f6aa76ff7a58",
            "8e97fb60-b266-4041-a8d6-4a1d1aa2580c"
          ],
          "failures": [],
          "pending": [],
          "skipped": [],
          "duration": 495,
          "root": false,
          "rootEmpty": false,
          "_timeout": 2000
        }
      ],
      "passes": [],
      "failures": [],
      "pending": [],
      "skipped": [],
      "duration": 0,
      "root": true,
      "rootEmpty": true,
      "_timeout": 2000
    },
    {
      "uuid": "a7959a93-5fe2-4e64-8e46-e52a2afc51cf",
      "title": "",
      "fullFile": "cypress/e2e/translate-flow.cy.ts",
      "file": "cypress/e2e/translate-flow.cy.ts",
      "beforeHooks": [],
      "afterHooks": [],
      "tests": [],
      "suites": [
        {
          "uuid": "9a57e0f4-8897-4f21-a1a7-d306b7e905f4",
          "title": "翻訳フロー",
          "fullFile": "",
          "file": "",
          "beforeHooks": [],
          "afterHooks": [],
          "tests": [
            {
              "title": "翻訳ページにアクセスできる",
              "fullTitle": "翻訳フロー 翻訳ページにアクセスできる",
              "timedOut": null,
              "duration": 51,
              "state": "passed",
              "speed": "fast",
              "pass": true,
              "fail": false,
              "pending": false,
              "context": null,
              "code": "cy.visit('/translate', { failOnStatusCode: false });\n// ページの主要要素が表示されることを確認（10秒以内）\ncy.get('body', { timeout: 10000 }).then(function ($body) {\n    if ($body.find('[data-testid=\"upload-area\"]').length > 0) {\n        cy.get('[data-testid=\"upload-area\"]', { timeout: 10000 }).should('be.visible');\n    }\n    if ($body.find('[data-testid=\"upload-text\"]').length > 0) {\n        cy.get('[data-testid=\"upload-text\"]', { timeout: 10000 }).should('be.visible');\n    }\n    else if ($body.text().includes('ファイルをアップロード')) {\n        cy.contains('ファイルをアップロード', { timeout: 10000 }).should('be.visible');\n    }\n});",
              "err": {},
              "uuid": "9e0e4d62-db15-4885-8662-012d39ca5260",
              "parentUUID": "9a57e0f4-8897-4f21-a1a7-d306b7e905f4",
              "isHook": false,
              "skipped": false
            },
            {
              "title": "PPTファイルをアップロードして翻訳できる",
              "fullTitle": "翻訳フロー PPTファイルをアップロードして翻訳できる",
              "timedOut": null,
              "duration": 30,
              "state": "passed",
              "speed": "fast",
              "pass": true,
              "fail": false,
              "pending": false,
              "context": null,
              "code": "cy.visit('/translate', { failOnStatusCode: false });\n// ファイルをアップロード（10秒以内）\ncy.get('input[type=\"file\"]', { timeout: 10000 }).should('exist').selectFile('cypress/fixtures/sample.pptx', { force: true });\n// アップロードリクエストを待機（10秒以内）\ncy.wait('@uploadRequest', { timeout: 10000 }).then(function () {\n    // スライドプレビューが表示されるまで待機（10秒以内）\n    cy.get('[data-testid=\"slide-preview\"]', { timeout: 10000 }).should('exist');\n    // 翻訳ボタンをクリック（10秒以内）\n    cy.get('body').then(function ($body) {\n        if ($body.find('button:contains(\"翻訳する\")').length > 0) {\n            cy.contains('button', '翻訳する', { timeout: 10000 }).click();\n        }\n        else {\n            cy.log('翻訳ボタンが見つかりませんでした');\n        }\n    });\n    // 翻訳リクエストを待機（10秒以内）\n    cy.wait('@translateRequest', { timeout: 10000 }).then(function () {\n        // 翻訳テキストが表示されるまで待機（10秒以内）\n        cy.get('[data-testid=\"translation-text\"]', { timeout: 10000 }).should('exist');\n    });\n});",
              "err": {},
              "uuid": "7dd36982-d080-4c10-9b11-1f7e2ed2adf9",
              "parentUUID": "9a57e0f4-8897-4f21-a1a7-d306b7e905f4",
              "isHook": false,
              "skipped": false
            },
            {
              "title": "翻訳テキストを編集できる",
              "fullTitle": "翻訳フロー 翻訳テキストを編集できる",
              "timedOut": null,
              "duration": 25,
              "state": "passed",
              "speed": "fast",
              "pass": true,
              "fail": false,
              "pending": false,
              "context": null,
              "code": "cy.visit('/translate', { failOnStatusCode: false });\n// ファイルをアップロード（10秒以内）\ncy.get('input[type=\"file\"]', { timeout: 10000 }).should('exist').selectFile('cypress/fixtures/sample.pptx', { force: true });\n// アップロードリクエストを待機（10秒以内）\ncy.wait('@uploadRequest', { timeout: 10000 }).then(function () {\n    // スライドプレビューが表示されるまで待機（10秒以内）\n    cy.get('[data-testid=\"slide-preview\"]', { timeout: 10000 }).should('exist');\n    // 翻訳ボタンをクリック（10秒以内）\n    cy.get('body').then(function ($body) {\n        if ($body.find('button:contains(\"翻訳する\")').length > 0) {\n            cy.contains('button', '翻訳する', { timeout: 10000 }).click();\n        }\n        else {\n            cy.log('翻訳ボタンが見つかりませんでした');\n        }\n    });\n    // 翻訳リクエストを待機（10秒以内）\n    cy.wait('@translateRequest', { timeout: 10000 }).then(function () {\n        // 翻訳テキストが表示されるまで待機（10秒以内）\n        cy.get('[data-testid=\"translation-text\"]', { timeout: 10000 }).should('exist');\n        // 編集ボタンをクリック（10秒以内）\n        cy.get('body').then(function ($body) {\n            if ($body.find('button:contains(\"編集\")').length > 0) {\n                cy.contains('button', '編集', { timeout: 10000 }).click();\n            }\n            else {\n                cy.log('編集ボタンが見つかりませんでした');\n            }\n        });\n        // テキストエリアが表示されるまで待機（10秒以内）\n        cy.get('textarea', { timeout: 10000 }).should('exist').then(function ($textarea) {\n            // テキストを編集\n            cy.wrap($textarea).clear().type('Updated Sample Text');\n            // 保存ボタンをクリック（10秒以内）\n            cy.get('body').then(function ($body) {\n                if ($body.find('button:contains(\"保存\")').length > 0) {\n                    cy.contains('button', '保存', { timeout: 10000 }).click();\n                }\n                else {\n                    cy.log('保存ボタンが見つかりませんでした');\n                }\n            });\n            // 更新されたテキストが表示されることを確認（10秒以内）\n            cy.contains('Updated Sample Text', { timeout: 10000 }).should('exist');\n        });\n    });\n});",
              "err": {},
              "uuid": "22a3b83a-2f48-413d-96d6-3adc2ab43f39",
              "parentUUID": "9a57e0f4-8897-4f21-a1a7-d306b7e905f4",
              "isHook": false,
              "skipped": false
            },
            {
              "title": "翻訳したPPTをダウンロードできる",
              "fullTitle": "翻訳フロー 翻訳したPPTをダウンロードできる",
              "timedOut": null,
              "duration": 27,
              "state": "passed",
              "speed": "fast",
              "pass": true,
              "fail": false,
              "pending": false,
              "context": null,
              "code": "cy.visit('/translate', { failOnStatusCode: false });\n// ファイルをアップロード（10秒以内）\ncy.get('input[type=\"file\"]', { timeout: 10000 }).should('exist').selectFile('cypress/fixtures/sample.pptx', { force: true });\n// アップロードリクエストを待機（10秒以内）\ncy.wait('@uploadRequest', { timeout: 10000 }).then(function () {\n    // スライドプレビューが表示されるまで待機（10秒以内）\n    cy.get('[data-testid=\"slide-preview\"]', { timeout: 10000 }).should('exist');\n    // 翻訳ボタンをクリック（10秒以内）\n    cy.get('body').then(function ($body) {\n        if ($body.find('button:contains(\"翻訳する\")').length > 0) {\n            cy.contains('button', '翻訳する', { timeout: 10000 }).click();\n        }\n        else {\n            cy.log('翻訳ボタンが見つかりませんでした');\n        }\n    });\n    // 翻訳リクエストを待機（10秒以内）\n    cy.wait('@translateRequest', { timeout: 10000 }).then(function () {\n        // 翻訳テキストが表示されるまで待機（10秒以内）\n        cy.get('[data-testid=\"translation-text\"]', { timeout: 10000 }).should('exist');\n        // ダウンロードボタンをクリック（10秒以内）\n        cy.get('body').then(function ($body) {\n            if ($body.find('button:contains(\"ダウンロード\")').length > 0) {\n                cy.contains('button', 'ダウンロード', { timeout: 10000 }).click();\n            }\n            else {\n                cy.log('ダウンロードボタンが見つかりませんでした');\n            }\n        });\n        // ダウンロードリクエストを待機（10秒以内）\n        cy.wait('@downloadRequest', { timeout: 10000 });\n    });\n});",
              "err": {},
              "uuid": "8b170e3b-f443-4041-bae4-87486d61381c",
              "parentUUID": "9a57e0f4-8897-4f21-a1a7-d306b7e905f4",
              "isHook": false,
              "skipped": false
            }
          ],
          "suites": [],
          "passes": [
            "9e0e4d62-db15-4885-8662-012d39ca5260",
            "7dd36982-d080-4c10-9b11-1f7e2ed2adf9",
            "22a3b83a-2f48-413d-96d6-3adc2ab43f39",
            "8b170e3b-f443-4041-bae4-87486d61381c"
          ],
          "failures": [],
          "pending": [],
          "skipped": [],
          "duration": 133,
          "root": false,
          "rootEmpty": false,
          "_timeout": 2000
        }
      ],
      "passes": [],
      "failures": [],
      "pending": [],
      "skipped": [],
      "duration": 0,
      "root": true,
      "rootEmpty": true,
      "_timeout": 2000
    },
    {
      "uuid": "410fe66b-0d95-4ae2-abfe-0c0f096c5104",
      "title": "",
      "fullFile": "cypress/e2e/auth.cy.ts",
      "file": "cypress/e2e/auth.cy.ts",
      "beforeHooks": [],
      "afterHooks": [],
      "tests": [],
      "suites": [
        {
          "uuid": "47258e0d-b548-48f0-a421-12a969b33a0e",
          "title": "認証フロー",
          "fullFile": "",
          "file": "",
          "beforeHooks": [],
          "afterHooks": [],
          "tests": [
            {
              "title": "ログインページにアクセスできる",
              "fullTitle": "認証フロー ログインページにアクセスできる",
              "timedOut": null,
              "duration": 10033,
              "state": "passed",
              "speed": "slow",
              "pass": true,
              "fail": false,
              "pending": false,
              "context": null,
              "code": "cy.visit('/signin', { failOnStatusCode: false });\ncy.contains('サインイン', { timeout: 10000 }).should('be.visible');",
              "err": {},
              "uuid": "189bd48a-8060-4e5e-b9c2-4037eee2b003",
              "parentUUID": "47258e0d-b548-48f0-a421-12a969b33a0e",
              "isHook": false,
              "skipped": false
            },
            {
              "title": "無効な認証情報でログインするとエラーが表示される",
              "fullTitle": "認証フロー 無効な認証情報でログインするとエラーが表示される",
              "timedOut": null,
              "duration": 10016,
              "state": "passed",
              "speed": "slow",
              "pass": true,
              "fail": false,
              "pending": false,
              "context": null,
              "code": "cy.visit('/signin', { failOnStatusCode: false });\ncy.get('input[name=\"email\"]', { timeout: 10000 }).should('be.visible').type('invalid@example.com');\ncy.get('input[name=\"password\"]', { timeout: 10000 }).should('be.visible').type('wrongpassword');\ncy.get('button[type=\"submit\"]', { timeout: 10000 }).should('be.visible').click();\n// エラーメッセージが表示されることを確認\ncy.get('[data-testid=\"signin-error\"]', { timeout: 10000 })\n    .should('be.visible')\n    .and('contain.text', 'サインインに失敗');",
              "err": {},
              "uuid": "71fdb9f6-8229-4955-b87b-ef62e57d7d33",
              "parentUUID": "47258e0d-b548-48f0-a421-12a969b33a0e",
              "isHook": false,
              "skipped": false
            },
            {
              "title": "有効な認証情報でログインするとダッシュボードにリダイレクトされる",
              "fullTitle": "認証フロー 有効な認証情報でログインするとダッシュボードにリダイレクトされる",
              "timedOut": null,
              "duration": 10012,
              "state": "passed",
              "speed": "slow",
              "pass": true,
              "fail": false,
              "pending": false,
              "context": null,
              "code": "cy.visit('/signin', { failOnStatusCode: false });\ncy.get('input[name=\"email\"]', { timeout: 10000 }).should('be.visible').type(testEmail);\ncy.get('input[name=\"password\"]', { timeout: 10000 }).should('be.visible').type(testPassword);\ncy.get('button[type=\"submit\"]', { timeout: 10000 }).should('be.visible').click();\n// ダッシュボードにリダイレクトされることを確認（いずれかの条件が満たされればOK）\ncy.get('body').then(function ($body) {\n    if ($body.find('[data-testid=\"upload-text\"]').length > 0) {\n        cy.get('[data-testid=\"upload-text\"]', { timeout: 10000 }).should('be.visible');\n    }\n    else if ($body.text().includes('ファイルをアップロード')) {\n        cy.contains('ファイルをアップロード', { timeout: 10000 }).should('be.visible');\n    }\n    else {\n        cy.url({ timeout: 10000 }).should('include', '/translate');\n    }\n});",
              "err": {},
              "uuid": "3fc78ecf-0f04-4c0d-bc26-2145b997f77d",
              "parentUUID": "47258e0d-b548-48f0-a421-12a969b33a0e",
              "isHook": false,
              "skipped": false
            },
            {
              "title": "ログアウトするとサインインページにリダイレクトされる",
              "fullTitle": "認証フロー ログアウトするとサインインページにリダイレクトされる",
              "timedOut": null,
              "duration": 10013,
              "state": "passed",
              "speed": "slow",
              "pass": true,
              "fail": false,
              "pending": false,
              "context": null,
              "code": "cy.visit('/signin', { failOnStatusCode: false });\ncy.get('input[name=\"email\"]', { timeout: 10000 }).should('be.visible').type(testEmail);\ncy.get('input[name=\"password\"]', { timeout: 10000 }).should('be.visible').type(testPassword);\ncy.get('button[type=\"submit\"]', { timeout: 10000 }).should('be.visible').click();\n// ダッシュボードに移動したことを確認\ncy.get('body').then(function ($body) {\n    if ($body.find('[data-testid=\"upload-text\"]').length > 0) {\n        cy.get('[data-testid=\"upload-text\"]', { timeout: 10000 }).should('be.visible');\n    }\n    else if ($body.text().includes('ファイルをアップロード')) {\n        cy.contains('ファイルをアップロード', { timeout: 10000 }).should('be.visible');\n    }\n    else {\n        cy.url({ timeout: 10000 }).should('include', '/translate');\n    }\n});\n// ユーザーメニューが表示されるまで待機\ncy.get('[data-testid=\"user-menu\"]', { timeout: 10000 }).should('be.visible').click();\n// ログアウトボタンをクリック\ncy.get('[data-testid=\"logout-button\"]', { timeout: 10000 }).click();\n// サインインページにリダイレクトされることを確認\ncy.contains('サインイン', { timeout: 10000 }).should('be.visible');",
              "err": {},
              "uuid": "ffd4923d-6ef4-46ad-a247-3d36a019ca70",
              "parentUUID": "47258e0d-b548-48f0-a421-12a969b33a0e",
              "isHook": false,
              "skipped": false
            },
            {
              "title": "認証が必要なページに未認証でアクセスするとサインインページにリダイレクトされる",
              "fullTitle": "認証フロー 認証が必要なページに未認証でアクセスするとサインインページにリダイレクトされる",
              "timedOut": null,
              "duration": 10014,
              "state": "passed",
              "speed": "slow",
              "pass": true,
              "fail": false,
              "pending": false,
              "context": null,
              "code": "cy.visit('/translate', { failOnStatusCode: false });\n// サインインページにリダイレクトされることを確認\ncy.contains('サインイン', { timeout: 10000 }).should('be.visible');",
              "err": {},
              "uuid": "9d610778-3a31-4690-9199-1cd6cc54a6e4",
              "parentUUID": "47258e0d-b548-48f0-a421-12a969b33a0e",
              "isHook": false,
              "skipped": false
            },
            {
              "title": "セッションが有効な間はページ間を移動しても認証状態が維持される",
              "fullTitle": "認証フロー セッションが有効な間はページ間を移動しても認証状態が維持される",
              "timedOut": null,
              "duration": 10013,
              "state": "passed",
              "speed": "slow",
              "pass": true,
              "fail": false,
              "pending": false,
              "context": null,
              "code": "cy.visit('/signin', { failOnStatusCode: false });\ncy.get('input[name=\"email\"]', { timeout: 10000 }).should('be.visible').type(testEmail);\ncy.get('input[name=\"password\"]', { timeout: 10000 }).should('be.visible').type(testPassword);\ncy.get('button[type=\"submit\"]', { timeout: 10000 }).should('be.visible').click();\n// ダッシュボードに移動したことを確認\ncy.get('body').then(function ($body) {\n    if ($body.find('[data-testid=\"upload-text\"]').length > 0) {\n        cy.get('[data-testid=\"upload-text\"]', { timeout: 10000 }).should('be.visible');\n    }\n    else if ($body.text().includes('ファイルをアップロード')) {\n        cy.contains('ファイルをアップロード', { timeout: 10000 }).should('be.visible');\n    }\n    else {\n        cy.url({ timeout: 10000 }).should('include', '/translate');\n    }\n});\n// プロフィールページに移動\ncy.visit('/profile', { failOnStatusCode: false });\n// 認証状態が維持されていることを確認（プロフィールページの内容で確認）\ncy.contains('プロフィール', { timeout: 10000 }).should('be.visible');",
              "err": {},
              "uuid": "5689c0b2-edc7-4092-8006-be836a6d9dc2",
              "parentUUID": "47258e0d-b548-48f0-a421-12a969b33a0e",
              "isHook": false,
              "skipped": false
            },
            {
              "title": "新規登録後に自動的にログインされる",
              "fullTitle": "認証フロー 新規登録後に自動的にログインされる",
              "timedOut": null,
              "duration": 10032,
              "state": "passed",
              "speed": "slow",
              "pass": true,
              "fail": false,
              "pending": false,
              "context": null,
              "code": "// ユニークなメールアドレスを生成\nvar uniqueEmail = \"test-\".concat(Date.now(), \"@example.com\");\nvar password = 'Password123!';\nvar name = 'Test User';\n// 直接登録処理を実装\ncy.visit('/signup', { failOnStatusCode: false });\ncy.get('input[name=\"name\"]', { timeout: 10000 }).should('be.visible').type(name);\ncy.get('input[name=\"email\"]', { timeout: 10000 }).should('be.visible').type(uniqueEmail);\ncy.get('input[name=\"password\"]', { timeout: 10000 }).should('be.visible').type(password);\ncy.get('button[type=\"submit\"]', { timeout: 10000 }).should('be.visible').click();\n// ダッシュボードにリダイレクトされることを確認\ncy.get('body').then(function ($body) {\n    if ($body.find('[data-testid=\"upload-text\"]').length > 0) {\n        cy.get('[data-testid=\"upload-text\"]', { timeout: 10000 }).should('be.visible');\n    }\n    else if ($body.text().includes('ファイルをアップロード')) {\n        cy.contains('ファイルをアップロード', { timeout: 10000 }).should('be.visible');\n    }\n    else {\n        cy.url({ timeout: 10000 }).should('include', '/translate');\n    }\n});",
              "err": {},
              "uuid": "30e6a957-6778-4ef1-88fe-a97db5f45be5",
              "parentUUID": "47258e0d-b548-48f0-a421-12a969b33a0e",
              "isHook": false,
              "skipped": false
            },
            {
              "title": "無効なデータで新規登録するとエラーが表示される",
              "fullTitle": "認証フロー 無効なデータで新規登録するとエラーが表示される",
              "timedOut": null,
              "duration": 10031,
              "state": "passed",
              "speed": "slow",
              "pass": true,
              "fail": false,
              "pending": false,
              "context": null,
              "code": "// 短すぎるパスワードでテスト\nvar name = 'Test User';\nvar email = \"test-\".concat(Date.now(), \"@example.com\");\nvar shortPassword = '123'; // 8文字未満\ncy.visit('/signup', { failOnStatusCode: false });\ncy.get('input[name=\"name\"]', { timeout: 10000 }).should('be.visible').type(name);\ncy.get('input[name=\"email\"]', { timeout: 10000 }).should('be.visible').type(email);\ncy.get('input[name=\"password\"]', { timeout: 10000 }).should('be.visible').type(shortPassword);\ncy.get('button[type=\"submit\"]', { timeout: 10000 }).should('be.visible').click();\n// エラーメッセージが表示されることを確認\ncy.get('[data-testid=\"signup-error\"]', { timeout: 10000 })\n    .should('be.visible')\n    .and('contain.text', 'アカウントの作成に失敗');",
              "err": {},
              "uuid": "fd04d0c6-bd2a-4764-94ca-b735c6851f60",
              "parentUUID": "47258e0d-b548-48f0-a421-12a969b33a0e",
              "isHook": false,
              "skipped": false
            }
          ],
          "suites": [],
          "passes": [
            "189bd48a-8060-4e5e-b9c2-4037eee2b003",
            "71fdb9f6-8229-4955-b87b-ef62e57d7d33",
            "3fc78ecf-0f04-4c0d-bc26-2145b997f77d",
            "ffd4923d-6ef4-46ad-a247-3d36a019ca70",
            "9d610778-3a31-4690-9199-1cd6cc54a6e4",
            "5689c0b2-edc7-4092-8006-be836a6d9dc2",
            "30e6a957-6778-4ef1-88fe-a97db5f45be5",
            "fd04d0c6-bd2a-4764-94ca-b735c6851f60"
          ],
          "failures": [],
          "pending": [],
          "skipped": [],
          "duration": 80164,
          "root": false,
          "rootEmpty": false,
          "_timeout": 2000
        }
      ],
      "passes": [],
      "failures": [],
      "pending": [],
      "skipped": [],
      "duration": 0,
      "root": true,
      "rootEmpty": true,
      "_timeout": 2000
    },
    {
      "uuid": "1c6ffc3f-6bcf-4f98-8b8b-88358870e830",
      "title": "",
      "fullFile": "cypress/e2e/translate-flow.cy.ts",
      "file": "cypress/e2e/translate-flow.cy.ts",
      "beforeHooks": [],
      "afterHooks": [],
      "tests": [],
      "suites": [
        {
          "uuid": "94c1fe3f-0749-42ad-b83a-dfab4c5a10fc",
          "title": "翻訳フロー",
          "fullFile": "",
          "file": "",
          "beforeHooks": [],
          "afterHooks": [],
          "tests": [
            {
              "title": "翻訳ページにアクセスできる",
              "fullTitle": "翻訳フロー 翻訳ページにアクセスできる",
              "timedOut": null,
              "duration": 20037,
              "state": "passed",
              "speed": "slow",
              "pass": true,
              "fail": false,
              "pending": false,
              "context": null,
              "code": "cy.visit('/translate', { failOnStatusCode: false });\n// ページの主要要素が表示されることを確認（10秒以内）\ncy.get('body', { timeout: 10000 }).then(function ($body) {\n    if ($body.find('[data-testid=\"upload-area\"]').length > 0) {\n        cy.get('[data-testid=\"upload-area\"]', { timeout: 10000 }).should('be.visible');\n    }\n    if ($body.find('[data-testid=\"upload-text\"]').length > 0) {\n        cy.get('[data-testid=\"upload-text\"]', { timeout: 10000 }).should('be.visible');\n    }\n    else if ($body.text().includes('ファイルをアップロード')) {\n        cy.contains('ファイルをアップロード', { timeout: 10000 }).should('be.visible');\n    }\n});",
              "err": {},
              "uuid": "f5192519-d2ff-4bf3-b781-4889db899144",
              "parentUUID": "94c1fe3f-0749-42ad-b83a-dfab4c5a10fc",
              "isHook": false,
              "skipped": false
            },
            {
              "title": "PPTファイルをアップロードして翻訳できる",
              "fullTitle": "翻訳フロー PPTファイルをアップロードして翻訳できる",
              "timedOut": null,
              "duration": 20024,
              "state": "passed",
              "speed": "slow",
              "pass": true,
              "fail": false,
              "pending": false,
              "context": null,
              "code": "cy.visit('/translate', { failOnStatusCode: false });\n// ファイルをアップロード（10秒以内）\ncy.get('input[type=\"file\"]', { timeout: 10000 }).should('exist').selectFile('cypress/fixtures/sample.pptx', { force: true });\n// アップロードリクエストを待機（10秒以内）\ncy.wait('@uploadRequest', { timeout: 10000 }).then(function () {\n    // スライドプレビューが表示されるまで待機（10秒以内）\n    cy.get('[data-testid=\"slide-preview\"]', { timeout: 10000 }).should('exist');\n    // 翻訳ボタンをクリック（10秒以内）\n    cy.get('body').then(function ($body) {\n        if ($body.find('button:contains(\"翻訳する\")').length > 0) {\n            cy.contains('button', '翻訳する', { timeout: 10000 }).click();\n        }\n        else {\n            cy.log('翻訳ボタンが見つかりませんでした');\n        }\n    });\n    // 翻訳リクエストを待機（10秒以内）\n    cy.wait('@translateRequest', { timeout: 10000 }).then(function () {\n        // 翻訳テキストが表示されるまで待機（10秒以内）\n        cy.get('[data-testid=\"translation-text\"]', { timeout: 10000 }).should('exist');\n    });\n});",
              "err": {},
              "uuid": "874fcbbb-c99b-418f-bc57-f3e0efd7d48e",
              "parentUUID": "94c1fe3f-0749-42ad-b83a-dfab4c5a10fc",
              "isHook": false,
              "skipped": false
            },
            {
              "title": "翻訳テキストを編集できる",
              "fullTitle": "翻訳フロー 翻訳テキストを編集できる",
              "timedOut": null,
              "duration": 20022,
              "state": "passed",
              "speed": "slow",
              "pass": true,
              "fail": false,
              "pending": false,
              "context": null,
              "code": "cy.visit('/translate', { failOnStatusCode: false });\n// ファイルをアップロード（10秒以内）\ncy.get('input[type=\"file\"]', { timeout: 10000 }).should('exist').selectFile('cypress/fixtures/sample.pptx', { force: true });\n// アップロードリクエストを待機（10秒以内）\ncy.wait('@uploadRequest', { timeout: 10000 }).then(function () {\n    // スライドプレビューが表示されるまで待機（10秒以内）\n    cy.get('[data-testid=\"slide-preview\"]', { timeout: 10000 }).should('exist');\n    // 翻訳ボタンをクリック（10秒以内）\n    cy.get('body').then(function ($body) {\n        if ($body.find('button:contains(\"翻訳する\")').length > 0) {\n            cy.contains('button', '翻訳する', { timeout: 10000 }).click();\n        }\n        else {\n            cy.log('翻訳ボタンが見つかりませんでした');\n        }\n    });\n    // 翻訳リクエストを待機（10秒以内）\n    cy.wait('@translateRequest', { timeout: 10000 }).then(function () {\n        // 翻訳テキストが表示されるまで待機（10秒以内）\n        cy.get('[data-testid=\"translation-text\"]', { timeout: 10000 }).should('exist');\n        // 編集ボタンをクリック（10秒以内）\n        cy.get('body').then(function ($body) {\n            if ($body.find('button:contains(\"編集\")').length > 0) {\n                cy.contains('button', '編集', { timeout: 10000 }).click();\n            }\n            else {\n                cy.log('編集ボタンが見つかりませんでした');\n            }\n        });\n        // テキストエリアが表示されるまで待機（10秒以内）\n        cy.get('textarea', { timeout: 10000 }).should('exist').then(function ($textarea) {\n            // テキストを編集\n            cy.wrap($textarea).clear().type('Updated Sample Text');\n            // 保存ボタンをクリック（10秒以内）\n            cy.get('body').then(function ($body) {\n                if ($body.find('button:contains(\"保存\")').length > 0) {\n                    cy.contains('button', '保存', { timeout: 10000 }).click();\n                }\n                else {\n                    cy.log('保存ボタンが見つかりませんでした');\n                }\n            });\n            // 更新されたテキストが表示されることを確認（10秒以内）\n            cy.contains('Updated Sample Text', { timeout: 10000 }).should('exist');\n        });\n    });\n});",
              "err": {},
              "uuid": "442808f4-c750-44ba-84b1-29fabdcab709",
              "parentUUID": "94c1fe3f-0749-42ad-b83a-dfab4c5a10fc",
              "isHook": false,
              "skipped": false
            },
            {
              "title": "翻訳したPPTをダウンロードできる",
              "fullTitle": "翻訳フロー 翻訳したPPTをダウンロードできる",
              "timedOut": null,
              "duration": 20048,
              "state": "passed",
              "speed": "slow",
              "pass": true,
              "fail": false,
              "pending": false,
              "context": null,
              "code": "cy.visit('/translate', { failOnStatusCode: false });\n// ファイルをアップロード（10秒以内）\ncy.get('input[type=\"file\"]', { timeout: 10000 }).should('exist').selectFile('cypress/fixtures/sample.pptx', { force: true });\n// アップロードリクエストを待機（10秒以内）\ncy.wait('@uploadRequest', { timeout: 10000 }).then(function () {\n    // スライドプレビューが表示されるまで待機（10秒以内）\n    cy.get('[data-testid=\"slide-preview\"]', { timeout: 10000 }).should('exist');\n    // 翻訳ボタンをクリック（10秒以内）\n    cy.get('body').then(function ($body) {\n        if ($body.find('button:contains(\"翻訳する\")').length > 0) {\n            cy.contains('button', '翻訳する', { timeout: 10000 }).click();\n        }\n        else {\n            cy.log('翻訳ボタンが見つかりませんでした');\n        }\n    });\n    // 翻訳リクエストを待機（10秒以内）\n    cy.wait('@translateRequest', { timeout: 10000 }).then(function () {\n        // 翻訳テキストが表示されるまで待機（10秒以内）\n        cy.get('[data-testid=\"translation-text\"]', { timeout: 10000 }).should('exist');\n        // ダウンロードボタンをクリック（10秒以内）\n        cy.get('body').then(function ($body) {\n            if ($body.find('button:contains(\"ダウンロード\")').length > 0) {\n                cy.contains('button', 'ダウンロード', { timeout: 10000 }).click();\n            }\n            else {\n                cy.log('ダウンロードボタンが見つかりませんでした');\n            }\n        });\n        // ダウンロードリクエストを待機（10秒以内）\n        cy.wait('@downloadRequest', { timeout: 10000 });\n    });\n});",
              "err": {},
              "uuid": "956b68e9-ffc1-4b01-a885-582d27b969ef",
              "parentUUID": "94c1fe3f-0749-42ad-b83a-dfab4c5a10fc",
              "isHook": false,
              "skipped": false
            }
          ],
          "suites": [],
          "passes": [
            "f5192519-d2ff-4bf3-b781-4889db899144",
            "874fcbbb-c99b-418f-bc57-f3e0efd7d48e",
            "442808f4-c750-44ba-84b1-29fabdcab709",
            "956b68e9-ffc1-4b01-a885-582d27b969ef"
          ],
          "failures": [],
          "pending": [],
          "skipped": [],
          "duration": 80131,
          "root": false,
          "rootEmpty": false,
          "_timeout": 2000
        }
      ],
      "passes": [],
      "failures": [],
      "pending": [],
      "skipped": [],
      "duration": 0,
      "root": true,
      "rootEmpty": true,
      "_timeout": 2000
    }
  ],
  "meta": {
    "mocha": {
      "version": "7.0.1"
    },
    "mochawesome": {
      "options": {
        "quiet": false,
        "reportFilename": "mochawesome",
        "saveHtml": false,
        "saveJson": true,
        "consoleReporter": "spec",
        "useInlineDiffs": false,
        "code": true
      },
      "version": "7.1.3"
    },
    "marge": {
      "options": {
        "reportDir": "cypress/results",
        "overwrite": false,
        "html": false,
        "json": true,
        "charts": true,
        "embeddedScreenshots": true,
        "inlineAssets": true,
        "saveAllAttempts": false
      },
      "version": "6.2.0"
    }
  }
}